2020-08-10 22:53:03,792+0200 INFO  miktex-fc-cache - this process (15496) started by 'mkfntmap' with command line: miktex-fc-cache --verbose --miktex-disable-maintenance --miktex-disable-diagnose
2020-08-10 22:53:27,113+0200 INFO  miktex-fc-cache - this process (15496) finishes with exit code 0
2020-08-10 22:59:57,221+0200 INFO  miktex-fc-cache - this process (16048) started by 'mkfntmap' with command line: miktex-fc-cache --miktex-disable-maintenance --miktex-disable-diagnose
2020-08-10 22:59:59,422+0200 INFO  miktex-fc-cache - this process (16048) finishes with exit code 0
2020-08-10 23:07:47,050+0200 INFO  miktex-fc-cache - this process (13316) started by 'mkfntmap' with command line: miktex-fc-cache --miktex-disable-maintenance --miktex-disable-diagnose
2020-08-10 23:07:49,229+0200 INFO  miktex-fc-cache - this process (13316) finishes with exit code 0
2020-08-10 23:09:01,094+0200 INFO  miktex-fc-cache - this process (14728) started by 'mkfntmap' with command line: miktex-fc-cache --miktex-disable-maintenance --miktex-disable-diagnose
2020-08-10 23:09:03,286+0200 INFO  miktex-fc-cache - this process (14728) finishes with exit code 0
2020-08-10 23:10:27,904+0200 INFO  miktex-fc-cache - this process (12140) started by 'mkfntmap' with command line: miktex-fc-cache --miktex-disable-maintenance --miktex-disable-diagnose
2020-08-10 23:10:30,149+0200 INFO  miktex-fc-cache - this process (12140) finishes with exit code 0
2020-08-10 23:11:40,105+0200 INFO  miktex-fc-cache - this process (12292) started by 'mkfntmap' with command line: miktex-fc-cache --miktex-disable-maintenance --miktex-disable-diagnose
2020-08-10 23:11:42,318+0200 INFO  miktex-fc-cache - this process (12292) finishes with exit code 0
2020-08-10 23:13:09,893+0200 INFO  miktex-fc-cache - this process (10396) started by 'mkfntmap' with command line: miktex-fc-cache --miktex-disable-maintenance --miktex-disable-diagnose
2020-08-10 23:13:12,118+0200 INFO  miktex-fc-cache - this process (10396) finishes with exit code 0
2020-08-10 23:14:18,945+0200 INFO  miktex-fc-cache - this process (6036) started by 'mkfntmap' with command line: miktex-fc-cache --miktex-disable-maintenance --miktex-disable-diagnose
2020-08-10 23:14:21,173+0200 INFO  miktex-fc-cache - this process (6036) finishes with exit code 0
2020-08-10 23:15:28,085+0200 INFO  miktex-fc-cache - this process (14136) started by 'mkfntmap' with command line: miktex-fc-cache --miktex-disable-maintenance --miktex-disable-diagnose
2020-08-10 23:15:30,318+0200 INFO  miktex-fc-cache - this process (14136) finishes with exit code 0
2020-08-10 23:16:37,688+0200 INFO  miktex-fc-cache - this process (10340) started by 'mkfntmap' with command line: miktex-fc-cache --miktex-disable-maintenance --miktex-disable-diagnose
2020-08-10 23:16:39,923+0200 INFO  miktex-fc-cache - this process (10340) finishes with exit code 0
2020-08-10 23:17:47,211+0200 INFO  miktex-fc-cache - this process (13364) started by 'mkfntmap' with command line: miktex-fc-cache --miktex-disable-maintenance --miktex-disable-diagnose
2020-08-10 23:17:49,469+0200 INFO  miktex-fc-cache - this process (13364) finishes with exit code 0
2020-08-10 23:18:56,358+0200 INFO  miktex-fc-cache - this process (8824) started by 'mkfntmap' with command line: miktex-fc-cache --miktex-disable-maintenance --miktex-disable-diagnose
2020-08-10 23:18:58,576+0200 INFO  miktex-fc-cache - this process (8824) finishes with exit code 0
2020-08-10 23:20:05,537+0200 INFO  miktex-fc-cache - this process (15292) started by 'mkfntmap' with command line: miktex-fc-cache --miktex-disable-maintenance --miktex-disable-diagnose
2020-08-10 23:20:07,721+0200 INFO  miktex-fc-cache - this process (15292) finishes with exit code 0
2020-08-10 23:21:14,648+0200 INFO  miktex-fc-cache - this process (13400) started by 'mkfntmap' with command line: miktex-fc-cache --miktex-disable-maintenance --miktex-disable-diagnose
2020-08-10 23:21:16,879+0200 INFO  miktex-fc-cache - this process (13400) finishes with exit code 0
2020-08-10 23:22:23,894+0200 INFO  miktex-fc-cache - this process (5276) started by 'mkfntmap' with command line: miktex-fc-cache --miktex-disable-maintenance --miktex-disable-diagnose
2020-08-10 23:22:26,103+0200 INFO  miktex-fc-cache - this process (5276) finishes with exit code 0
2020-08-10 23:23:33,421+0200 INFO  miktex-fc-cache - this process (8488) started by 'mkfntmap' with command line: miktex-fc-cache --miktex-disable-maintenance --miktex-disable-diagnose
2020-08-10 23:23:35,629+0200 INFO  miktex-fc-cache - this process (8488) finishes with exit code 0
2020-08-10 23:24:42,848+0200 INFO  miktex-fc-cache - this process (9664) started by 'mkfntmap' with command line: miktex-fc-cache --miktex-disable-maintenance --miktex-disable-diagnose
2020-08-10 23:24:45,094+0200 INFO  miktex-fc-cache - this process (9664) finishes with exit code 0
2020-08-10 23:25:52,367+0200 INFO  miktex-fc-cache - this process (11140) started by 'mkfntmap' with command line: miktex-fc-cache --miktex-disable-maintenance --miktex-disable-diagnose
2020-08-10 23:25:54,585+0200 INFO  miktex-fc-cache - this process (11140) finishes with exit code 0
2020-08-10 23:27:01,956+0200 INFO  miktex-fc-cache - this process (9816) started by 'mkfntmap' with command line: miktex-fc-cache --miktex-disable-maintenance --miktex-disable-diagnose
2020-08-10 23:27:04,187+0200 INFO  miktex-fc-cache - this process (9816) finishes with exit code 0
2020-08-10 23:28:10,663+0200 INFO  miktex-fc-cache - this process (15852) started by 'mkfntmap' with command line: miktex-fc-cache --miktex-disable-maintenance --miktex-disable-diagnose
2020-08-10 23:28:12,849+0200 INFO  miktex-fc-cache - this process (15852) finishes with exit code 0
2020-08-10 23:29:19,796+0200 INFO  miktex-fc-cache - this process (2324) started by 'mkfntmap' with command line: miktex-fc-cache --miktex-disable-maintenance --miktex-disable-diagnose
2020-08-10 23:29:21,999+0200 INFO  miktex-fc-cache - this process (2324) finishes with exit code 0
2020-08-10 23:30:31,089+0200 INFO  miktex-fc-cache - this process (948) started by 'mkfntmap' with command line: miktex-fc-cache --miktex-disable-maintenance --miktex-disable-diagnose
2020-08-10 23:30:33,269+0200 INFO  miktex-fc-cache - this process (948) finishes with exit code 0
2020-08-10 23:31:42,877+0200 INFO  miktex-fc-cache - this process (9544) started by 'mkfntmap' with command line: miktex-fc-cache --miktex-disable-maintenance --miktex-disable-diagnose
2020-08-10 23:31:45,095+0200 INFO  miktex-fc-cache - this process (9544) finishes with exit code 0
2020-08-10 23:32:56,160+0200 INFO  miktex-fc-cache - this process (1468) started by 'mkfntmap' with command line: miktex-fc-cache --miktex-disable-maintenance --miktex-disable-diagnose
2020-08-10 23:32:58,373+0200 INFO  miktex-fc-cache - this process (1468) finishes with exit code 0
2020-08-10 23:34:09,084+0200 INFO  miktex-fc-cache - this process (13284) started by 'mkfntmap' with command line: miktex-fc-cache --miktex-disable-maintenance --miktex-disable-diagnose
2020-08-10 23:34:11,307+0200 INFO  miktex-fc-cache - this process (13284) finishes with exit code 0
2020-08-10 23:35:21,428+0200 INFO  miktex-fc-cache - this process (11184) started by 'mkfntmap' with command line: miktex-fc-cache --miktex-disable-maintenance --miktex-disable-diagnose
2020-08-10 23:35:23,671+0200 INFO  miktex-fc-cache - this process (11184) finishes with exit code 0
2020-08-10 23:36:34,192+0200 INFO  miktex-fc-cache - this process (15408) started by 'mkfntmap' with command line: miktex-fc-cache --miktex-disable-maintenance --miktex-disable-diagnose
2020-08-10 23:36:36,422+0200 INFO  miktex-fc-cache - this process (15408) finishes with exit code 0
2020-08-10 23:37:47,771+0200 INFO  miktex-fc-cache - this process (9076) started by 'mkfntmap' with command line: miktex-fc-cache --miktex-disable-maintenance --miktex-disable-diagnose
2020-08-10 23:37:49,972+0200 INFO  miktex-fc-cache - this process (9076) finishes with exit code 0
2020-08-10 23:38:59,961+0200 INFO  miktex-fc-cache - this process (16180) started by 'mkfntmap' with command line: miktex-fc-cache --miktex-disable-maintenance --miktex-disable-diagnose
2020-08-10 23:39:02,216+0200 INFO  miktex-fc-cache - this process (16180) finishes with exit code 0
2020-08-11 17:34:30,981+0200 INFO  miktex-fc-cache - this process (15780) started by 'mkfntmap' with command line: miktex-fc-cache --miktex-disable-maintenance --miktex-disable-diagnose
2020-08-11 17:34:34,718+0200 INFO  miktex-fc-cache - this process (15780) finishes with exit code 0
2020-08-11 17:36:15,851+0200 INFO  miktex-fc-cache - this process (12076) started by 'mkfntmap' with command line: miktex-fc-cache --verbose --miktex-disable-maintenance --miktex-disable-diagnose
2020-08-11 17:36:18,069+0200 INFO  miktex-fc-cache - this process (12076) finishes with exit code 0
2020-08-11 19:08:47,648+0200 INFO  miktex-fc-cache - this process (4812) started by 'mkfntmap' with command line: miktex-fc-cache --miktex-disable-maintenance --miktex-disable-diagnose
2020-08-11 19:08:50,144+0200 INFO  miktex-fc-cache - this process (4812) finishes with exit code 0
2021-12-12 20:43:13,635+0100 INFO  miktex-fc-cache - this process (11656) started by 'mkfntmap' with command line: miktex-fc-cache --miktex-disable-maintenance --miktex-disable-diagnose
2021-12-12 20:43:22,192+0100 INFO  miktex-fc-cache - this process (11656) finishes with exit code 0
2024-10-20 00:25:45,960+0200 INFO  miktex-fc-cache - this process (3964) started by miktex in directory C:\Users\Public\Dev\altair2\texlive2\texmfs\install\miktex\bin\x64 with command line: miktex-fc-cache --miktex-disable-maintenance --miktex-disable-diagnose
2024-10-20 00:25:45,960+0200 INFO  miktex-fc-cache - running on Windows 10.0.22635
2024-10-20 00:25:47,617+0200 INFO  miktex-fc-cache - this process (3964) finishes with exit code 0
2024-10-20 00:25:57,490+0200 INFO  miktex-fc-cache - this process (11972) started by miktex in directory C:\Users\Public\Dev\altair2\texlive2\texmfs\install\miktex\bin\x64 with command line: miktex-fc-cache --verbose --miktex-disable-maintenance --miktex-disable-diagnose
2024-10-20 00:25:57,490+0200 INFO  miktex-fc-cache - running on Windows 10.0.22635
2024-10-20 00:25:57,557+0200 INFO  miktex-fc-cache - this process (11972) finishes with exit code 0
