2020-08-10 23:06:15,260+0200 INFO  miktex-makefmt - this process (5644) started by 'initexmf' with command line: miktex-makefmt.exe --engine=pdftex --dest-name=pdflatex --no-dump pdflatex.ini --engine-option=-tcx=cp227.tcx --miktex-disable-maintenance --miktex-disable-diagnose
2020-08-10 23:06:15,339+0200 INFO  makefmt - found input file: C:\Users\Public\Dev\altair\texlive2\texmfs\install\tex\latex\00miktex\pdflatex.ini
2020-08-10 23:06:15,339+0200 INFO  makefmt - Creating the pdflatex format file...
2020-08-10 23:06:15,432+0200 INFO  makefmt - Running miktex-pdftex.exe...
2020-08-10 23:06:15,432+0200 INFO  makefmt - running: miktex-pdftex.exe --miktex-disable-maintenance --miktex-disable-diagnose --initialize --interaction=nonstopmode --halt-on-error --alias=pdflatex --job-name=pdflatex -tcx=cp227.tcx --enable-etex pdflatex.ini
2020-08-10 23:06:15,495+0200 INFO  miktex-makefmt.core - start process: miktex-pdftex.exe --miktex-disable-maintenance --miktex-disable-diagnose --initialize --interaction=nonstopmode --halt-on-error --alias=pdflatex --job-name=pdflatex -tcx=cp227.tcx --enable-etex pdflatex.ini
2020-08-10 23:06:26,038+0200 INFO  makefmt - Installing C:\Users\Public\Dev\altair\texlive2\texmfs/data\miktex/data/le/pdftex\pdflatex.fmt...
2020-08-10 23:06:26,163+0200 INFO  miktex-makefmt - this process (5644) finishes with exit code 0
2020-08-10 23:06:26,163+0200 WARN  miktex.core - still open: C:\Users\Public\Dev\altair\texlive2\texmfs\install\tex/generic/config\pdftexconfig.tex.in
2020-08-10 23:06:26,163+0200 WARN  miktex.core - still open: C:\Users\Public\Dev\altair\texlive2\texmfs/config\tex\generic\config\pdftexconfig.tex
2020-08-11 18:02:10,596+0200 INFO  miktex-makefmt - this process (9596) started by 'initexmf' with command line: miktex-makefmt.exe --engine=pdftex --dest-name=pdflatex --no-dump pdflatex.ini --engine-option=-tcx=cp227.tcx --enable-installer --miktex-disable-maintenance --miktex-disable-diagnose
2020-08-11 18:02:10,721+0200 INFO  makefmt - found input file: C:\Users\Public\Dev\altair\texlive2\texmfs\install\tex\latex\00miktex\pdflatex.ini
2020-08-11 18:02:10,721+0200 INFO  makefmt - Creating the pdflatex format file...
2020-08-11 18:02:10,815+0200 INFO  makefmt - Running miktex-pdftex.exe...
2020-08-11 18:02:10,815+0200 INFO  makefmt - running: miktex-pdftex.exe --miktex-enable-installer --miktex-disable-maintenance --miktex-disable-diagnose --initialize --interaction=nonstopmode --halt-on-error --alias=pdflatex --job-name=pdflatex -tcx=cp227.tcx --enable-etex pdflatex.ini
2020-08-11 18:02:10,846+0200 INFO  miktex-makefmt.core - start process: miktex-pdftex.exe --miktex-enable-installer --miktex-disable-maintenance --miktex-disable-diagnose --initialize --interaction=nonstopmode --halt-on-error --alias=pdflatex --job-name=pdflatex -tcx=cp227.tcx --enable-etex pdflatex.ini
2020-08-11 18:02:28,398+0200 INFO  makefmt - Installing C:\Users\Public\Dev\altair\texlive2\texmfs/data\miktex/data/le/pdftex\pdflatex.fmt...
2020-08-11 18:02:28,538+0200 INFO  miktex-makefmt - this process (9596) finishes with exit code 0
2020-08-11 18:02:28,538+0200 WARN  miktex.core - still open: C:\Users\Public\Dev\altair\texlive2\texmfs\install\tex/generic/config\pdftexconfig.tex.in
2020-08-11 18:02:28,538+0200 WARN  miktex.core - still open: C:\Users\Public\Dev\altair\texlive2\texmfs/config\tex\generic\config\pdftexconfig.tex
2020-08-14 06:19:03,417+0200 INFO  miktex-makefmt - this process (7876) started by 'initexmf' with command line: miktex-makefmt.exe --engine=pdftex --dest-name=pdflatex --no-dump pdflatex.ini --engine-option=-tcx=cp227.tcx --enable-installer --miktex-disable-maintenance --miktex-disable-diagnose
2020-08-14 06:19:03,446+0200 INFO  makefmt - found input file: C:\Users\Public\Dev\altair\texlive2\texmfs\install\tex\latex\00miktex\pdflatex.ini
2020-08-14 06:19:03,447+0200 INFO  makefmt - Creating the pdflatex format file...
2020-08-14 06:19:03,498+0200 INFO  makefmt - Running miktex-pdftex.exe...
2020-08-14 06:19:03,498+0200 INFO  makefmt - running: miktex-pdftex.exe --miktex-enable-installer --miktex-disable-maintenance --miktex-disable-diagnose --initialize --interaction=nonstopmode --halt-on-error --alias=pdflatex --job-name=pdflatex -tcx=cp227.tcx --enable-etex pdflatex.ini
2020-08-14 06:19:03,558+0200 INFO  miktex-makefmt.core - start process: miktex-pdftex.exe --miktex-enable-installer --miktex-disable-maintenance --miktex-disable-diagnose --initialize --interaction=nonstopmode --halt-on-error --alias=pdflatex --job-name=pdflatex -tcx=cp227.tcx --enable-etex pdflatex.ini
2020-08-14 06:19:06,443+0200 INFO  makefmt - Installing C:\Users\Public\Dev\altair\texlive2\texmfs/data\miktex/data/le/pdftex\pdflatex.fmt...
2020-08-14 06:19:06,536+0200 INFO  miktex-makefmt - this process (7876) finishes with exit code 0
2020-08-14 06:19:06,536+0200 WARN  miktex.core - still open: C:\Users\Public\Dev\altair\texlive2\texmfs\install\tex/generic/config\pdftexconfig.tex.in
2020-08-14 06:19:06,536+0200 WARN  miktex.core - still open: C:\Users\Public\Dev\altair\texlive2\texmfs/config\tex\generic\config\pdftexconfig.tex
