2024-10-20 00:25:45,351+0200 INFO  miktex - this is One MiKTeX Utility 1.10 (MiKTeX 24.4 Portable)
2024-10-20 00:25:45,351+0200 INFO  miktex - this process (21796) started by initexmf in directory C:\Users\Public\Dev\altair2\texlive2\texmfs\install\miktex\bin\x64 with command line: miktex --enable-installer fontmaps configure
2024-10-20 00:25:45,351+0200 INFO  miktex - Parsing configuration file C:\Users\Public\Dev\altair2\texlive2\texmfs\install\miktex/config\updmap.cfg...
2024-10-20 00:25:45,435+0200 INFO  miktex - Writing C:\Users\Public\Dev\altair2\texlive2\texmfs/data\fonts\map\dvipdfmx\kanjix.map...
2024-10-20 00:25:45,442+0200 INFO  miktex - Writing C:\Users\Public\Dev\altair2\texlive2\texmfs/data\fonts\map\dvips\builtin35.map...
2024-10-20 00:25:45,449+0200 INFO  miktex - Writing C:\Users\Public\Dev\altair2\texlive2\texmfs/data\fonts\map\dvips\download35.map...
2024-10-20 00:25:45,456+0200 INFO  miktex - Writing C:\Users\Public\Dev\altair2\texlive2\texmfs/data\fonts\map\dvips\ps2pk.map...
2024-10-20 00:25:45,465+0200 INFO  miktex - Writing C:\Users\Public\Dev\altair2\texlive2\texmfs/data\fonts\map\dvips\psfonts_pk.map...
2024-10-20 00:25:45,474+0200 INFO  miktex - Writing C:\Users\Public\Dev\altair2\texlive2\texmfs/data\fonts\map\dvips\psfonts_t1.map...
2024-10-20 00:25:45,484+0200 INFO  miktex - Writing C:\Users\Public\Dev\altair2\texlive2\texmfs/data\fonts\map\pdftex\pdftex_dl14.map...
2024-10-20 00:25:45,495+0200 INFO  miktex - Writing C:\Users\Public\Dev\altair2\texlive2\texmfs/data\fonts\map\pdftex\pdftex_ndl14.map...
2024-10-20 00:25:45,505+0200 INFO  miktex - Copying C:\Users\Public\Dev\altair2\texlive2\texmfs/data\fonts\map\dvips\psfonts_t1.map
2024-10-20 00:25:45,505+0200 INFO  miktex -      to C:\Users\Public\Dev\altair2\texlive2\texmfs/data\fonts\map\dvips\psfonts.map...
2024-10-20 00:25:45,510+0200 INFO  miktex - Copying C:\Users\Public\Dev\altair2\texlive2\texmfs/data\fonts\map\pdftex\pdftex_dl14.map
2024-10-20 00:25:45,510+0200 INFO  miktex -      to C:\Users\Public\Dev\altair2\texlive2\texmfs/data\fonts\map\pdftex\pdftex.map...
2024-10-20 00:25:45,517+0200 INFO  miktex - running: miktex-fc-cache --miktex-disable-maintenance --miktex-disable-diagnose
2024-10-20 00:25:45,517+0200 INFO  miktex.core - start process: miktex-fc-cache --miktex-disable-maintenance --miktex-disable-diagnose
2024-10-20 00:25:47,668+0200 WARN  miktex.core - still open: C:\Users\Public\Dev\altair2\texlive2\texmfs/config\fontconfig\config\fonts.conf
2024-10-20 00:25:47,668+0200 WARN  miktex.core - still open: C:\Users\Public\Dev\altair2\texlive2\texmfs\install\fontconfig/config\fonts.conf.in
2024-10-20 00:25:47,668+0200 INFO  miktex - this process (21796) finishes with exit code 0
2024-10-20 00:25:48,641+0200 INFO  miktex - this is One MiKTeX Utility 1.10 (MiKTeX 24.4 Portable)
2024-10-20 00:25:48,641+0200 INFO  miktex - this process (12032) started by initexmf in directory C:\Users\Public\Dev\altair2\texlive2\texmfs\install\miktex\bin\x64 with command line: miktex --verbose --disable-installer fndb refresh
2024-10-20 00:25:48,684+0200 INFO  miktex - Creating FNDB for common root directory (C:\Users\Public\Dev\altair2\texlive2\texmfs\config)...
2024-10-20 00:25:48,692+0200 INFO  miktex - Creating FNDB for common root directory (C:\Users\Public\Dev\altair2\texlive2\texmfs\data)...
2024-10-20 00:25:48,703+0200 INFO  miktex - Creating FNDB for common root directory (C:\Users\Public\Dev\altair2\texlive2\texmfs\install)...
2024-10-20 00:25:48,981+0200 ERROR miktex.core - Accès refusé.

2024-10-20 00:25:48,981+0200 ERROR miktex.core - Function: DeleteFileW
2024-10-20 00:25:48,981+0200 ERROR miktex.core - Result: 5
2024-10-20 00:25:48,981+0200 ERROR miktex.core - Data: path="C:\Users\Public\Dev\altair2\texlive2\texmfs\install\miktex\bin\x64\miktex-console.exe.(old)"
2024-10-20 00:25:48,981+0200 ERROR miktex.core - Source: Libraries\MiKTeX\Core\File\win\winFile.cpp:320
2024-10-20 00:25:48,981+0200 ERROR miktex.core - Accès refusé.

2024-10-20 00:25:48,981+0200 ERROR miktex.core - Function: DeleteFileW
2024-10-20 00:25:48,981+0200 ERROR miktex.core - Result: 5
2024-10-20 00:25:48,981+0200 ERROR miktex.core - Data: path="C:\Users\Public\Dev\altair2\texlive2\texmfs\install\miktex\bin\x64\MiKTeX200700-apr.dll.(old)"
2024-10-20 00:25:48,981+0200 ERROR miktex.core - Source: Libraries\MiKTeX\Core\File\win\winFile.cpp:320
2024-10-20 00:25:48,982+0200 ERROR miktex.core - Accès refusé.

2024-10-20 00:25:48,982+0200 ERROR miktex.core - Function: DeleteFileW
2024-10-20 00:25:48,982+0200 ERROR miktex.core - Result: 5
2024-10-20 00:25:48,982+0200 ERROR miktex.core - Data: path="C:\Users\Public\Dev\altair2\texlive2\texmfs\install\miktex\bin\x64\MiKTeX200700-aprutil.dll.(old)"
2024-10-20 00:25:48,982+0200 ERROR miktex.core - Source: Libraries\MiKTeX\Core\File\win\winFile.cpp:320
2024-10-20 00:25:48,982+0200 ERROR miktex.core - Accès refusé.

2024-10-20 00:25:48,982+0200 ERROR miktex.core - Function: DeleteFileW
2024-10-20 00:25:48,982+0200 ERROR miktex.core - Result: 5
2024-10-20 00:25:48,982+0200 ERROR miktex.core - Data: path="C:\Users\Public\Dev\altair2\texlive2\texmfs\install\miktex\bin\x64\MiKTeX200700-core.dll.(old)"
2024-10-20 00:25:48,982+0200 ERROR miktex.core - Source: Libraries\MiKTeX\Core\File\win\winFile.cpp:320
2024-10-20 00:25:48,982+0200 ERROR miktex.core - Accès refusé.

2024-10-20 00:25:48,982+0200 ERROR miktex.core - Function: DeleteFileW
2024-10-20 00:25:48,982+0200 ERROR miktex.core - Result: 5
2024-10-20 00:25:48,982+0200 ERROR miktex.core - Data: path="C:\Users\Public\Dev\altair2\texlive2\texmfs\install\miktex\bin\x64\MiKTeX200700-curl.dll.(old)"
2024-10-20 00:25:48,982+0200 ERROR miktex.core - Source: Libraries\MiKTeX\Core\File\win\winFile.cpp:320
2024-10-20 00:25:48,983+0200 ERROR miktex.core - Accès refusé.

2024-10-20 00:25:48,983+0200 ERROR miktex.core - Function: DeleteFileW
2024-10-20 00:25:48,983+0200 ERROR miktex.core - Result: 5
2024-10-20 00:25:48,983+0200 ERROR miktex.core - Data: path="C:\Users\Public\Dev\altair2\texlive2\texmfs\install\miktex\bin\x64\MiKTeX200700-expat.dll.(old)"
2024-10-20 00:25:48,983+0200 ERROR miktex.core - Source: Libraries\MiKTeX\Core\File\win\winFile.cpp:320
2024-10-20 00:25:48,983+0200 ERROR miktex.core - Accès refusé.

2024-10-20 00:25:48,983+0200 ERROR miktex.core - Function: DeleteFileW
2024-10-20 00:25:48,983+0200 ERROR miktex.core - Result: 5
2024-10-20 00:25:48,983+0200 ERROR miktex.core - Data: path="C:\Users\Public\Dev\altair2\texlive2\texmfs\install\miktex\bin\x64\MiKTeX200700-extractor.dll.(old)"
2024-10-20 00:25:48,983+0200 ERROR miktex.core - Source: Libraries\MiKTeX\Core\File\win\winFile.cpp:320
2024-10-20 00:25:48,983+0200 ERROR miktex.core - Accès refusé.

2024-10-20 00:25:48,983+0200 ERROR miktex.core - Function: DeleteFileW
2024-10-20 00:25:48,983+0200 ERROR miktex.core - Result: 5
2024-10-20 00:25:48,983+0200 ERROR miktex.core - Data: path="C:\Users\Public\Dev\altair2\texlive2\texmfs\install\miktex\bin\x64\MiKTeX200700-fmt.dll.(old)"
2024-10-20 00:25:48,983+0200 ERROR miktex.core - Source: Libraries\MiKTeX\Core\File\win\winFile.cpp:320
2024-10-20 00:25:48,984+0200 ERROR miktex.core - Accès refusé.

2024-10-20 00:25:48,984+0200 ERROR miktex.core - Function: DeleteFileW
2024-10-20 00:25:48,984+0200 ERROR miktex.core - Result: 5
2024-10-20 00:25:48,984+0200 ERROR miktex.core - Data: path="C:\Users\Public\Dev\altair2\texlive2\texmfs\install\miktex\bin\x64\MiKTeX200700-libressl-crypto.dll.(old)"
2024-10-20 00:25:48,984+0200 ERROR miktex.core - Source: Libraries\MiKTeX\Core\File\win\winFile.cpp:320
2024-10-20 00:25:48,984+0200 ERROR miktex.core - Accès refusé.

2024-10-20 00:25:48,984+0200 ERROR miktex.core - Function: DeleteFileW
2024-10-20 00:25:48,984+0200 ERROR miktex.core - Result: 5
2024-10-20 00:25:48,984+0200 ERROR miktex.core - Data: path="C:\Users\Public\Dev\altair2\texlive2\texmfs\install\miktex\bin\x64\MiKTeX200700-log4cxx.dll.(old)"
2024-10-20 00:25:48,984+0200 ERROR miktex.core - Source: Libraries\MiKTeX\Core\File\win\winFile.cpp:320
2024-10-20 00:25:48,984+0200 ERROR miktex.core - Accès refusé.

2024-10-20 00:25:48,984+0200 ERROR miktex.core - Function: DeleteFileW
2024-10-20 00:25:48,984+0200 ERROR miktex.core - Result: 5
2024-10-20 00:25:48,984+0200 ERROR miktex.core - Data: path="C:\Users\Public\Dev\altair2\texlive2\texmfs\install\miktex\bin\x64\MiKTeX200700-lzma2.dll.(old)"
2024-10-20 00:25:48,984+0200 ERROR miktex.core - Source: Libraries\MiKTeX\Core\File\win\winFile.cpp:320
2024-10-20 00:25:48,985+0200 ERROR miktex.core - Accès refusé.

2024-10-20 00:25:48,985+0200 ERROR miktex.core - Function: DeleteFileW
2024-10-20 00:25:48,985+0200 ERROR miktex.core - Result: 5
2024-10-20 00:25:48,985+0200 ERROR miktex.core - Data: path="C:\Users\Public\Dev\altair2\texlive2\texmfs\install\miktex\bin\x64\MiKTeX200700-md5.dll.(old)"
2024-10-20 00:25:48,985+0200 ERROR miktex.core - Source: Libraries\MiKTeX\Core\File\win\winFile.cpp:320
2024-10-20 00:25:48,985+0200 ERROR miktex.core - Accès refusé.

2024-10-20 00:25:48,985+0200 ERROR miktex.core - Function: DeleteFileW
2024-10-20 00:25:48,985+0200 ERROR miktex.core - Result: 5
2024-10-20 00:25:48,985+0200 ERROR miktex.core - Data: path="C:\Users\Public\Dev\altair2\texlive2\texmfs\install\miktex\bin\x64\MiKTeX200700-packagemanager.dll.(old)"
2024-10-20 00:25:48,985+0200 ERROR miktex.core - Source: Libraries\MiKTeX\Core\File\win\winFile.cpp:320
2024-10-20 00:25:48,985+0200 ERROR miktex.core - Accès refusé.

2024-10-20 00:25:48,985+0200 ERROR miktex.core - Function: DeleteFileW
2024-10-20 00:25:48,985+0200 ERROR miktex.core - Result: 5
2024-10-20 00:25:48,986+0200 ERROR miktex.core - Data: path="C:\Users\Public\Dev\altair2\texlive2\texmfs\install\miktex\bin\x64\MiKTeX200700-popt.dll.(old)"
2024-10-20 00:25:48,986+0200 ERROR miktex.core - Source: Libraries\MiKTeX\Core\File\win\winFile.cpp:320
2024-10-20 00:25:48,986+0200 ERROR miktex.core - Accès refusé.

2024-10-20 00:25:48,986+0200 ERROR miktex.core - Function: DeleteFileW
2024-10-20 00:25:48,986+0200 ERROR miktex.core - Result: 5
2024-10-20 00:25:48,986+0200 ERROR miktex.core - Data: path="C:\Users\Public\Dev\altair2\texlive2\texmfs\install\miktex\bin\x64\MiKTeX200700-setup.dll.(old)"
2024-10-20 00:25:48,986+0200 ERROR miktex.core - Source: Libraries\MiKTeX\Core\File\win\winFile.cpp:320
2024-10-20 00:25:48,986+0200 ERROR miktex.core - Accès refusé.

2024-10-20 00:25:48,986+0200 ERROR miktex.core - Function: DeleteFileW
2024-10-20 00:25:48,986+0200 ERROR miktex.core - Result: 5
2024-10-20 00:25:48,986+0200 ERROR miktex.core - Data: path="C:\Users\Public\Dev\altair2\texlive2\texmfs\install\miktex\bin\x64\MiKTeX200700-trace.dll.(old)"
2024-10-20 00:25:48,986+0200 ERROR miktex.core - Source: Libraries\MiKTeX\Core\File\win\winFile.cpp:320
2024-10-20 00:25:48,986+0200 ERROR miktex.core - Accès refusé.

2024-10-20 00:25:48,986+0200 ERROR miktex.core - Function: DeleteFileW
2024-10-20 00:25:48,987+0200 ERROR miktex.core - Result: 5
2024-10-20 00:25:48,987+0200 ERROR miktex.core - Data: path="C:\Users\Public\Dev\altair2\texlive2\texmfs\install\miktex\bin\x64\MiKTeX200700-ui-Qt.dll.(old)"
2024-10-20 00:25:48,987+0200 ERROR miktex.core - Source: Libraries\MiKTeX\Core\File\win\winFile.cpp:320
2024-10-20 00:25:48,987+0200 ERROR miktex.core - Accès refusé.

2024-10-20 00:25:48,987+0200 ERROR miktex.core - Function: DeleteFileW
2024-10-20 00:25:48,987+0200 ERROR miktex.core - Result: 5
2024-10-20 00:25:48,987+0200 ERROR miktex.core - Data: path="C:\Users\Public\Dev\altair2\texlive2\texmfs\install\miktex\bin\x64\MiKTeX200700-utf8wrap.dll.(old)"
2024-10-20 00:25:48,987+0200 ERROR miktex.core - Source: Libraries\MiKTeX\Core\File\win\winFile.cpp:320
2024-10-20 00:25:48,987+0200 ERROR miktex.core - Accès refusé.

2024-10-20 00:25:48,987+0200 ERROR miktex.core - Function: DeleteFileW
2024-10-20 00:25:48,987+0200 ERROR miktex.core - Result: 5
2024-10-20 00:25:48,987+0200 ERROR miktex.core - Data: path="C:\Users\Public\Dev\altair2\texlive2\texmfs\install\miktex\bin\x64\MiKTeX200700-util.dll.(old)"
2024-10-20 00:25:48,987+0200 ERROR miktex.core - Source: Libraries\MiKTeX\Core\File\win\winFile.cpp:320
2024-10-20 00:25:48,987+0200 ERROR miktex.core - Accès refusé.

2024-10-20 00:25:48,987+0200 ERROR miktex.core - Function: DeleteFileW
2024-10-20 00:25:48,988+0200 ERROR miktex.core - Result: 5
2024-10-20 00:25:48,988+0200 ERROR miktex.core - Data: path="C:\Users\Public\Dev\altair2\texlive2\texmfs\install\miktex\bin\x64\msvcp140.dll.(old)"
2024-10-20 00:25:48,988+0200 ERROR miktex.core - Source: Libraries\MiKTeX\Core\File\win\winFile.cpp:320
2024-10-20 00:25:48,988+0200 ERROR miktex.core - Accès refusé.

2024-10-20 00:25:48,988+0200 ERROR miktex.core - Function: DeleteFileW
2024-10-20 00:25:48,988+0200 ERROR miktex.core - Result: 5
2024-10-20 00:25:48,988+0200 ERROR miktex.core - Data: path="C:\Users\Public\Dev\altair2\texlive2\texmfs\install\miktex\bin\x64\msvcp140_1.dll.(old)"
2024-10-20 00:25:48,988+0200 ERROR miktex.core - Source: Libraries\MiKTeX\Core\File\win\winFile.cpp:320
2024-10-20 00:25:48,988+0200 ERROR miktex.core - Accès refusé.

2024-10-20 00:25:48,988+0200 ERROR miktex.core - Function: DeleteFileW
2024-10-20 00:25:48,988+0200 ERROR miktex.core - Result: 5
2024-10-20 00:25:48,988+0200 ERROR miktex.core - Data: path="C:\Users\Public\Dev\altair2\texlive2\texmfs\install\miktex\bin\x64\msvcp140_codecvt_ids.dll.(old)"
2024-10-20 00:25:48,988+0200 ERROR miktex.core - Source: Libraries\MiKTeX\Core\File\win\winFile.cpp:320
2024-10-20 00:25:48,988+0200 ERROR miktex.core - Accès refusé.

2024-10-20 00:25:48,989+0200 ERROR miktex.core - Function: DeleteFileW
2024-10-20 00:25:48,989+0200 ERROR miktex.core - Result: 5
2024-10-20 00:25:48,989+0200 ERROR miktex.core - Data: path="C:\Users\Public\Dev\altair2\texlive2\texmfs\install\miktex\bin\x64\Qt5Core.dll.(old)"
2024-10-20 00:25:48,989+0200 ERROR miktex.core - Source: Libraries\MiKTeX\Core\File\win\winFile.cpp:320
2024-10-20 00:25:48,989+0200 ERROR miktex.core - Accès refusé.

2024-10-20 00:25:48,989+0200 ERROR miktex.core - Function: DeleteFileW
2024-10-20 00:25:48,989+0200 ERROR miktex.core - Result: 5
2024-10-20 00:25:48,989+0200 ERROR miktex.core - Data: path="C:\Users\Public\Dev\altair2\texlive2\texmfs\install\miktex\bin\x64\Qt5Gui.dll.(old)"
2024-10-20 00:25:48,989+0200 ERROR miktex.core - Source: Libraries\MiKTeX\Core\File\win\winFile.cpp:320
2024-10-20 00:25:48,989+0200 ERROR miktex.core - Accès refusé.

2024-10-20 00:25:48,989+0200 ERROR miktex.core - Function: DeleteFileW
2024-10-20 00:25:48,989+0200 ERROR miktex.core - Result: 5
2024-10-20 00:25:48,989+0200 ERROR miktex.core - Data: path="C:\Users\Public\Dev\altair2\texlive2\texmfs\install\miktex\bin\x64\Qt5Widgets.dll.(old)"
2024-10-20 00:25:48,989+0200 ERROR miktex.core - Source: Libraries\MiKTeX\Core\File\win\winFile.cpp:320
2024-10-20 00:25:48,989+0200 ERROR miktex.core - Accès refusé.

2024-10-20 00:25:48,990+0200 ERROR miktex.core - Function: DeleteFileW
2024-10-20 00:25:48,990+0200 ERROR miktex.core - Result: 5
2024-10-20 00:25:48,990+0200 ERROR miktex.core - Data: path="C:\Users\Public\Dev\altair2\texlive2\texmfs\install\miktex\bin\x64\Qt5WinExtras.dll.(old)"
2024-10-20 00:25:48,990+0200 ERROR miktex.core - Source: Libraries\MiKTeX\Core\File\win\winFile.cpp:320
2024-10-20 00:25:48,990+0200 ERROR miktex.core - Accès refusé.

2024-10-20 00:25:48,990+0200 ERROR miktex.core - Function: DeleteFileW
2024-10-20 00:25:48,990+0200 ERROR miktex.core - Result: 5
2024-10-20 00:25:48,990+0200 ERROR miktex.core - Data: path="C:\Users\Public\Dev\altair2\texlive2\texmfs\install\miktex\bin\x64\vcruntime140.dll.(old)"
2024-10-20 00:25:48,990+0200 ERROR miktex.core - Source: Libraries\MiKTeX\Core\File\win\winFile.cpp:320
2024-10-20 00:25:48,990+0200 ERROR miktex.core - Accès refusé.

2024-10-20 00:25:48,990+0200 ERROR miktex.core - Function: DeleteFileW
2024-10-20 00:25:48,990+0200 ERROR miktex.core - Result: 5
2024-10-20 00:25:48,990+0200 ERROR miktex.core - Data: path="C:\Users\Public\Dev\altair2\texlive2\texmfs\install\miktex\bin\x64\vcruntime140_1.dll.(old)"
2024-10-20 00:25:48,990+0200 ERROR miktex.core - Source: Libraries\MiKTeX\Core\File\win\winFile.cpp:320
2024-10-20 00:25:48,991+0200 ERROR miktex.core - Accès refusé.

2024-10-20 00:25:48,991+0200 ERROR miktex.core - Function: DeleteFileW
2024-10-20 00:25:48,991+0200 ERROR miktex.core - Result: 5
2024-10-20 00:25:48,991+0200 ERROR miktex.core - Data: path="C:\Users\Public\Dev\altair2\texlive2\texmfs\install\miktex\bin\x64\platforms\qwindows.dll.(old)"
2024-10-20 00:25:48,991+0200 ERROR miktex.core - Source: Libraries\MiKTeX\Core\File\win\winFile.cpp:320
2024-10-20 00:25:48,992+0200 ERROR miktex.core - Accès refusé.

2024-10-20 00:25:48,992+0200 ERROR miktex.core - Function: DeleteFileW
2024-10-20 00:25:48,992+0200 ERROR miktex.core - Result: 5
2024-10-20 00:25:48,992+0200 ERROR miktex.core - Data: path="C:\Users\Public\Dev\altair2\texlive2\texmfs\install\miktex\bin\x64\styles\qwindowsvistastyle.dll.(old)"
2024-10-20 00:25:48,992+0200 ERROR miktex.core - Source: Libraries\MiKTeX\Core\File\win\winFile.cpp:320
2024-10-20 00:25:50,130+0200 WARN  miktex.packagemanager - dependency problem: showframe is required by _miktex-latex-packages
2024-10-20 00:25:50,130+0200 WARN  miktex.packagemanager - dependency problem: thailatex is required by _miktex-latex-packages
2024-10-20 00:25:50,131+0200 WARN  miktex.packagemanager - dependency problem: luxi is required by _miktex-fonts-type1
2024-10-20 00:25:50,175+0200 INFO  miktex - Refreshing FNDB for MPM...
2024-10-20 00:25:52,201+0200 INFO  miktex - this process (12032) finishes with exit code 0
2024-10-20 00:25:52,586+0200 INFO  miktex - this is One MiKTeX Utility 1.10 (MiKTeX 24.4 Portable)
2024-10-20 00:25:52,586+0200 INFO  miktex - this process (13920) started by initexmf in directory C:\Users\Public\Dev\altair2\texlive2\texmfs\install\miktex\bin\x64 with command line: miktex --verbose --disable-installer links install --force
2024-10-20 00:25:52,586+0200 INFO  miktex - Installing links in target directory C:\Users\Public\Dev\altair2\texlive2\texmfs\install\miktex\bin\x64...
2024-10-20 00:25:56,458+0200 INFO  miktex - this process (13920) finishes with exit code 0
2024-10-20 00:25:56,867+0200 INFO  miktex - this is One MiKTeX Utility 1.10 (MiKTeX 24.4 Portable)
2024-10-20 00:25:56,867+0200 INFO  miktex - this process (16768) started by initexmf in directory C:\Users\Public\Dev\altair2\texlive2\texmfs\install\miktex\bin\x64 with command line: miktex --verbose --disable-installer languages configure
2024-10-20 00:25:56,867+0200 INFO  miktex - Creating language.dat, language.dat.lua and language.def...
2024-10-20 00:25:56,948+0200 INFO  miktex - this process (16768) finishes with exit code 0
2024-10-20 00:25:57,138+0200 INFO  miktex - this is One MiKTeX Utility 1.10 (MiKTeX 24.4 Portable)
2024-10-20 00:25:57,138+0200 INFO  miktex - this process (20548) started by initexmf in directory C:\Users\Public\Dev\altair2\texlive2\texmfs\install\miktex\bin\x64 with command line: miktex --verbose --disable-installer fontmaps configure
2024-10-20 00:25:57,139+0200 INFO  miktex - Parsing configuration file C:\Users\Public\Dev\altair2\texlive2\texmfs\install\miktex/config\updmap.cfg...
2024-10-20 00:25:57,220+0200 INFO  miktex - Writing C:\Users\Public\Dev\altair2\texlive2\texmfs/data\fonts\map\dvipdfmx\kanjix.map...
2024-10-20 00:25:57,221+0200 INFO  miktex - Writing C:\Users\Public\Dev\altair2\texlive2\texmfs/data\fonts\map\dvips\builtin35.map...
2024-10-20 00:25:57,223+0200 INFO  miktex - Writing C:\Users\Public\Dev\altair2\texlive2\texmfs/data\fonts\map\dvips\download35.map...
2024-10-20 00:25:57,225+0200 INFO  miktex - Writing C:\Users\Public\Dev\altair2\texlive2\texmfs/data\fonts\map\dvips\ps2pk.map...
2024-10-20 00:25:57,231+0200 INFO  miktex - Writing C:\Users\Public\Dev\altair2\texlive2\texmfs/data\fonts\map\dvips\psfonts_pk.map...
2024-10-20 00:25:57,236+0200 INFO  miktex - Writing C:\Users\Public\Dev\altair2\texlive2\texmfs/data\fonts\map\dvips\psfonts_t1.map...
2024-10-20 00:25:57,242+0200 INFO  miktex - Writing C:\Users\Public\Dev\altair2\texlive2\texmfs/data\fonts\map\pdftex\pdftex_dl14.map...
2024-10-20 00:25:57,249+0200 INFO  miktex - Writing C:\Users\Public\Dev\altair2\texlive2\texmfs/data\fonts\map\pdftex\pdftex_ndl14.map...
2024-10-20 00:25:57,255+0200 INFO  miktex - Copying C:\Users\Public\Dev\altair2\texlive2\texmfs/data\fonts\map\dvips\psfonts_t1.map
2024-10-20 00:25:57,255+0200 INFO  miktex -      to C:\Users\Public\Dev\altair2\texlive2\texmfs/data\fonts\map\dvips\psfonts.map...
2024-10-20 00:25:57,257+0200 INFO  miktex - Copying C:\Users\Public\Dev\altair2\texlive2\texmfs/data\fonts\map\pdftex\pdftex_dl14.map
2024-10-20 00:25:57,257+0200 INFO  miktex -      to C:\Users\Public\Dev\altair2\texlive2\texmfs/data\fonts\map\pdftex\pdftex.map...
2024-10-20 00:25:57,261+0200 INFO  miktex - running: miktex-fc-cache --verbose --miktex-disable-maintenance --miktex-disable-diagnose
2024-10-20 00:25:57,261+0200 INFO  miktex.core - start process: miktex-fc-cache --verbose --miktex-disable-maintenance --miktex-disable-diagnose
2024-10-20 00:25:57,534+0200 INFO  miktex - C:/Users/fabrn/AppData/Local/Microsoft/Windows/Fonts: skipping, existing cache is valid: 4 fonts, 0 dirs
2024-10-20 00:25:57,534+0200 INFO  miktex - C:/WINDOWS/Fonts: skipping, existing cache is valid: 1171 fonts, 0 dirs
2024-10-20 00:25:57,535+0200 INFO  miktex - C:/Users/Public/Dev/altair2/texlive2/texmfs/install/fonts/opentype: skipping, existing cache is valid: 0 fonts, 1 dirs
2024-10-20 00:25:57,536+0200 INFO  miktex - C:/Users/Public/Dev/altair2/texlive2/texmfs/install/fonts/opentype/public: skipping, existing cache is valid: 0 fonts, 1 dirs
2024-10-20 00:25:57,537+0200 INFO  miktex - C:/Users/Public/Dev/altair2/texlive2/texmfs/install/fonts/opentype/public/lm: skipping, existing cache is valid: 72 fonts, 0 dirs
2024-10-20 00:25:57,537+0200 INFO  miktex - C:/Users/fabrn/.local/share/fonts: skipping, no such directory
2024-10-20 00:25:57,537+0200 INFO  miktex - C:/Users/fabrn/.fonts: skipping, no such directory
2024-10-20 00:25:57,537+0200 INFO  miktex - C:/Users/Public/Dev/altair2/texlive2/texmfs/install/fonts/opentype/public: skipping, looped directory detected
2024-10-20 00:25:57,606+0200 INFO  miktex - C:/Users/Public/Dev/altair2/texlive2/texmfs/install/fonts/opentype/public/lm: skipping, looped directory detected
2024-10-20 00:25:57,606+0200 INFO  miktex - C:/Users/Public/Dev/altair2/texlive2/texmfs/data/fontconfig/cache: cleaning cache directory
2024-10-20 00:25:57,606+0200 INFO  miktex - C:/Users/fabrn/.cache/fontconfig: cleaning cache directory
2024-10-20 00:25:57,606+0200 INFO  miktex - C:/Users/fabrn/.fontconfig: not cleaning non-existent cache directory
2024-10-20 00:25:57,606+0200 INFO  miktex - miktex-fc-cache: succeeded
2024-10-20 00:25:57,610+0200 WARN  miktex.core - still open: C:\Users\Public\Dev\altair2\texlive2\texmfs\install\fontconfig/config\fonts.conf.in
2024-10-20 00:25:57,610+0200 WARN  miktex.core - still open: C:\Users\Public\Dev\altair2\texlive2\texmfs/config\fontconfig\config\fonts.conf
2024-10-20 00:25:57,610+0200 INFO  miktex - this process (20548) finishes with exit code 0
