2020-08-10 22:59:50,732+0200 INFO  main - starting: MiKTeX Console 4.0 (MiKTeX 20.6.29 Portable)
2020-08-10 22:59:52,925+0200 WARN  miktex-console.packagemanager - dependancy problem: miktex-doc-2.9 is required by _miktex-packages-2.9
2020-08-10 22:59:53,298+0200 INFO  miktex-console.core - start process: initexmf --mkmaps
2020-08-11 17:30:33,900+0200 INFO  main - starting: MiKTeX Console 4.0 (MiKTeX 20.6.29 Portable)
2020-08-11 17:30:36,353+0200 WARN  miktex-console.packagemanager - dependancy problem: miktex-doc-2.9 is required by _miktex-packages-2.9
2020-08-11 17:30:44,615+0200 INFO  mainwindow - checking for updates...
2020-08-11 17:30:44,628+0200 INFO  miktex-console.packagemanager - searching for updateable packages
2020-08-11 17:30:44,666+0200 INFO  miktex-console.packagemanager - going to download https://api2.miktex.org/hello
2020-08-11 17:30:45,160+0200 INFO  miktex-console.packagemanager - going to download https://api2.miktex.org/repositories?&releaseState=Stable&orderBy=ranking&take=1
2020-08-11 17:30:45,360+0200 INFO  mainwindow - downloading https://ctan.tetaneutral.net/systems/win32/miktex/tm/packages/miktex-zzdb3-2.9.tar.lzma...
2020-08-11 17:30:45,360+0200 INFO  miktex-console.packagemanager - going to download https://ctan.tetaneutral.net/systems/win32/miktex/tm/packages/miktex-zzdb3-2.9.tar.lzma
2020-08-11 17:30:45,735+0200 INFO  mainwindow - 1.13 MB, 23.54 Mbit/s
2020-08-11 17:30:47,813+0200 INFO  mainwindow - updating package manifests (C:\Users\Public\Dev\altair\texlive2\texmfs\install\miktex/config\package-manifests.ini)...
2020-08-11 17:30:49,528+0200 INFO  mainwindow - installed 3779 package manifests
2020-08-11 17:30:49,543+0200 INFO  mainwindow - visiting repository https://ctan.tetaneutral.net/systems/win32/miktex/tm/packages/...
2020-08-11 17:30:49,543+0200 INFO  mainwindow - repository type: remote package repository
2020-08-11 17:30:49,543+0200 INFO  mainwindow - loading package repository manifest...
2020-08-11 17:30:49,543+0200 INFO  mainwindow - downloading https://ctan.tetaneutral.net/systems/win32/miktex/tm/packages/miktex-zzdb1-2.9.tar.lzma...
2020-08-11 17:30:49,543+0200 INFO  miktex-console.packagemanager - going to download https://ctan.tetaneutral.net/systems/win32/miktex/tm/packages/miktex-zzdb1-2.9.tar.lzma
2020-08-11 17:30:49,653+0200 INFO  mainwindow - 0.20 MB, 14.44 Mbit/s
2020-08-11 17:30:51,246+0200 WARN  miktex-console.packagemanager - dependancy problem: miktex-doc-2.9 is required by _miktex-packages-2.9
2020-08-11 17:30:53,434+0200 INFO  mainwindow - package repository digest: 4af9114013276066b130de5c35a2fbb9
2020-08-11 17:31:06,311+0200 INFO  mainwindow - found 95 updates
2020-08-11 17:31:31,270+0200 INFO  mainwindow - installing updates...
2020-08-11 17:31:31,270+0200 INFO  miktex-console.packagemanager - going to download https://api2.miktex.org/repositories?&releaseState=Stable&orderBy=ranking&take=1
2020-08-11 17:31:31,516+0200 INFO  mainwindow - starting package maintenance...
2020-08-11 17:31:31,516+0200 INFO  mainwindow - installation directory: C:\Users\Public\Dev\altair\texlive2\texmfs\install
2020-08-11 17:31:31,516+0200 INFO  mainwindow - package repository: http://mirror.ibcp.fr/pub/CTAN/systems/win32/miktex/tm/packages/
2020-08-11 17:31:31,778+0200 INFO  mainwindow - package repository digest: 4af9114013276066b130de5c35a2fbb9
2020-08-11 17:31:31,778+0200 INFO  mainwindow - going to download 48734738 bytes
2020-08-11 17:31:31,778+0200 INFO  mainwindow - going to install 2079 file(s) (95 package(s))
2020-08-11 17:31:32,518+0200 INFO  miktex-console.packagemanager - installing package babel
2020-08-11 17:31:32,518+0200 INFO  mainwindow - downloading http://mirror.ibcp.fr/pub/CTAN/systems/win32/miktex/tm/packages/babel.tar.lzma...
2020-08-11 17:31:32,518+0200 INFO  miktex-console.packagemanager - going to download http://mirror.ibcp.fr/pub/CTAN/systems/win32/miktex/tm/packages/babel.tar.lzma
2020-08-11 17:31:32,861+0200 INFO  mainwindow - 1.63 MB, 37.73 Mbit/s
2020-08-11 17:31:38,144+0200 INFO  mainwindow - extracting files from babel.tar.lzma...
2020-08-11 17:31:55,224+0200 INFO  miktex-console.packagemanager - installing package etoolbox
2020-08-11 17:31:55,224+0200 INFO  mainwindow - downloading http://mirror.ibcp.fr/pub/CTAN/systems/win32/miktex/tm/packages/etoolbox.tar.lzma...
2020-08-11 17:31:55,224+0200 INFO  miktex-console.packagemanager - going to download http://mirror.ibcp.fr/pub/CTAN/systems/win32/miktex/tm/packages/etoolbox.tar.lzma
2020-08-11 17:31:55,365+0200 INFO  mainwindow - 0.25 MB, 14.14 Mbit/s
2020-08-11 17:31:55,474+0200 INFO  mainwindow - extracting files from etoolbox.tar.lzma...
2020-08-11 17:31:55,756+0200 INFO  miktex-console.packagemanager - installing package l3backend
2020-08-11 17:31:55,756+0200 INFO  mainwindow - downloading http://mirror.ibcp.fr/pub/CTAN/systems/win32/miktex/tm/packages/l3backend.tar.lzma...
2020-08-11 17:31:55,756+0200 INFO  miktex-console.packagemanager - going to download http://mirror.ibcp.fr/pub/CTAN/systems/win32/miktex/tm/packages/l3backend.tar.lzma
2020-08-11 17:31:55,787+0200 INFO  mainwindow - 0.04 MB, 8.59 Mbit/s
2020-08-11 17:31:55,943+0200 INFO  mainwindow - extracting files from l3backend.tar.lzma...
2020-08-11 17:31:56,373+0200 INFO  miktex-console.packagemanager - installing package l3kernel
2020-08-11 17:31:56,373+0200 INFO  mainwindow - downloading http://mirror.ibcp.fr/pub/CTAN/systems/win32/miktex/tm/packages/l3kernel.tar.lzma...
2020-08-11 17:31:56,373+0200 INFO  miktex-console.packagemanager - going to download http://mirror.ibcp.fr/pub/CTAN/systems/win32/miktex/tm/packages/l3kernel.tar.lzma
2020-08-11 17:31:56,732+0200 INFO  mainwindow - 10.61 MB, 232.47 Mbit/s
2020-08-11 17:31:57,225+0200 INFO  mainwindow - extracting files from l3kernel.tar.lzma...
2020-08-11 17:32:00,835+0200 INFO  miktex-console.packagemanager - installing package miktex-arctrl-bin-x64-2.9
2020-08-11 17:32:00,835+0200 INFO  mainwindow - downloading http://mirror.ibcp.fr/pub/CTAN/systems/win32/miktex/tm/packages/miktex-arctrl-bin-x64-2.9.tar.lzma...
2020-08-11 17:32:00,835+0200 INFO  miktex-console.packagemanager - going to download http://mirror.ibcp.fr/pub/CTAN/systems/win32/miktex/tm/packages/miktex-arctrl-bin-x64-2.9.tar.lzma
2020-08-11 17:32:00,913+0200 INFO  mainwindow - 0.07 MB, 7.19 Mbit/s
2020-08-11 17:32:00,975+0200 INFO  mainwindow - extracting files from miktex-arctrl-bin-x64-2.9.tar.lzma...
2020-08-11 17:32:01,132+0200 INFO  miktex-console.packagemanager - installing package miktex-asymptote-bin-x64-2.9
2020-08-11 17:32:01,147+0200 INFO  mainwindow - downloading http://mirror.ibcp.fr/pub/CTAN/systems/win32/miktex/tm/packages/miktex-asymptote-bin-x64-2.9.tar.lzma...
2020-08-11 17:32:01,147+0200 INFO  miktex-console.packagemanager - going to download http://mirror.ibcp.fr/pub/CTAN/systems/win32/miktex/tm/packages/miktex-asymptote-bin-x64-2.9.tar.lzma
2020-08-11 17:32:01,257+0200 INFO  mainwindow - 1.06 MB, 70.63 Mbit/s
2020-08-11 17:32:01,335+0200 INFO  mainwindow - extracting files from miktex-asymptote-bin-x64-2.9.tar.lzma...
2020-08-11 17:32:01,616+0200 INFO  miktex-console.packagemanager - installing package miktex-autosp-bin-x64-2.9
2020-08-11 17:32:01,616+0200 INFO  mainwindow - downloading http://mirror.ibcp.fr/pub/CTAN/systems/win32/miktex/tm/packages/miktex-autosp-bin-x64-2.9.tar.lzma...
2020-08-11 17:32:01,616+0200 INFO  miktex-console.packagemanager - going to download http://mirror.ibcp.fr/pub/CTAN/systems/win32/miktex/tm/packages/miktex-autosp-bin-x64-2.9.tar.lzma
2020-08-11 17:32:01,663+0200 INFO  mainwindow - 0.03 MB, 6.50 Mbit/s
2020-08-11 17:32:01,757+0200 INFO  mainwindow - extracting files from miktex-autosp-bin-x64-2.9.tar.lzma...
2020-08-11 17:32:02,038+0200 INFO  miktex-console.packagemanager - installing package miktex-axohelp-bin-x64-2.9
2020-08-11 17:32:02,038+0200 INFO  mainwindow - downloading http://mirror.ibcp.fr/pub/CTAN/systems/win32/miktex/tm/packages/miktex-axohelp-bin-x64-2.9.tar.lzma...
2020-08-11 17:32:02,038+0200 INFO  miktex-console.packagemanager - going to download http://mirror.ibcp.fr/pub/CTAN/systems/win32/miktex/tm/packages/miktex-axohelp-bin-x64-2.9.tar.lzma
2020-08-11 17:32:02,069+0200 INFO  mainwindow - 0.03 MB, 8.96 Mbit/s
2020-08-11 17:32:02,147+0200 INFO  mainwindow - extracting files from miktex-axohelp-bin-x64-2.9.tar.lzma...
2020-08-11 17:32:02,322+0200 INFO  miktex-console.packagemanager - installing package miktex-bibarts-bin-x64-2.9
2020-08-11 17:32:02,322+0200 INFO  mainwindow - downloading http://mirror.ibcp.fr/pub/CTAN/systems/win32/miktex/tm/packages/miktex-bibarts-bin-x64-2.9.tar.lzma...
2020-08-11 17:32:02,322+0200 INFO  miktex-console.packagemanager - going to download http://mirror.ibcp.fr/pub/CTAN/systems/win32/miktex/tm/packages/miktex-bibarts-bin-x64-2.9.tar.lzma
2020-08-11 17:32:02,369+0200 INFO  mainwindow - 0.06 MB, 11.16 Mbit/s
2020-08-11 17:32:02,416+0200 INFO  mainwindow - extracting files from miktex-bibarts-bin-x64-2.9.tar.lzma...
2020-08-11 17:32:02,587+0200 INFO  miktex-console.packagemanager - installing package miktex-bibtex-bin-x64-2.9
2020-08-11 17:32:02,587+0200 INFO  mainwindow - downloading http://mirror.ibcp.fr/pub/CTAN/systems/win32/miktex/tm/packages/miktex-bibtex-bin-x64-2.9.tar.lzma...
2020-08-11 17:32:02,587+0200 INFO  miktex-console.packagemanager - going to download http://mirror.ibcp.fr/pub/CTAN/systems/win32/miktex/tm/packages/miktex-bibtex-bin-x64-2.9.tar.lzma
2020-08-11 17:32:02,634+0200 INFO  mainwindow - 0.07 MB, 11.99 Mbit/s
2020-08-11 17:32:02,712+0200 INFO  mainwindow - extracting files from miktex-bibtex-bin-x64-2.9.tar.lzma...
2020-08-11 17:32:02,822+0200 INFO  miktex-console.packagemanager - installing package miktex-bibtex8bit-bin-x64-2.9
2020-08-11 17:32:02,822+0200 INFO  mainwindow - downloading http://mirror.ibcp.fr/pub/CTAN/systems/win32/miktex/tm/packages/miktex-bibtex8bit-bin-x64-2.9.tar.lzma...
2020-08-11 17:32:02,822+0200 INFO  miktex-console.packagemanager - going to download http://mirror.ibcp.fr/pub/CTAN/systems/win32/miktex/tm/packages/miktex-bibtex8bit-bin-x64-2.9.tar.lzma
2020-08-11 17:32:02,869+0200 INFO  mainwindow - 0.09 MB, 15.94 Mbit/s
2020-08-11 17:32:02,947+0200 INFO  mainwindow - extracting files from miktex-bibtex8bit-bin-x64-2.9.tar.lzma...
2020-08-11 17:32:03,134+0200 INFO  miktex-console.packagemanager - installing package miktex-bzip2-bin-x64-2.9
2020-08-11 17:32:03,134+0200 INFO  mainwindow - downloading http://mirror.ibcp.fr/pub/CTAN/systems/win32/miktex/tm/packages/miktex-bzip2-bin-x64-2.9.tar.lzma...
2020-08-11 17:32:03,134+0200 INFO  miktex-console.packagemanager - going to download http://mirror.ibcp.fr/pub/CTAN/systems/win32/miktex/tm/packages/miktex-bzip2-bin-x64-2.9.tar.lzma
2020-08-11 17:32:03,165+0200 INFO  mainwindow - 0.03 MB, 8.81 Mbit/s
2020-08-11 17:32:03,212+0200 INFO  mainwindow - extracting files from miktex-bzip2-bin-x64-2.9.tar.lzma...
2020-08-11 17:32:03,516+0200 INFO  miktex-console.packagemanager - installing package miktex-cairo-bin-x64-2.9
2020-08-11 17:32:03,519+0200 INFO  mainwindow - downloading http://mirror.ibcp.fr/pub/CTAN/systems/win32/miktex/tm/packages/miktex-cairo-bin-x64-2.9.tar.lzma...
2020-08-11 17:32:03,519+0200 INFO  miktex-console.packagemanager - going to download http://mirror.ibcp.fr/pub/CTAN/systems/win32/miktex/tm/packages/miktex-cairo-bin-x64-2.9.tar.lzma
2020-08-11 17:32:03,638+0200 INFO  mainwindow - 0.39 MB, 26.83 Mbit/s
2020-08-11 17:32:03,689+0200 INFO  mainwindow - extracting files from miktex-cairo-bin-x64-2.9.tar.lzma...
2020-08-11 17:32:03,970+0200 INFO  miktex-console.packagemanager - installing package miktex-chktex-bin-x64-2.9
2020-08-11 17:32:03,970+0200 INFO  mainwindow - downloading http://mirror.ibcp.fr/pub/CTAN/systems/win32/miktex/tm/packages/miktex-chktex-bin-x64-2.9.tar.lzma...
2020-08-11 17:32:03,970+0200 INFO  miktex-console.packagemanager - going to download http://mirror.ibcp.fr/pub/CTAN/systems/win32/miktex/tm/packages/miktex-chktex-bin-x64-2.9.tar.lzma
2020-08-11 17:32:04,017+0200 INFO  mainwindow - 0.04 MB, 7.46 Mbit/s
2020-08-11 17:32:04,095+0200 INFO  mainwindow - extracting files from miktex-chktex-bin-x64-2.9.tar.lzma...
2020-08-11 17:32:04,267+0200 INFO  miktex-console.packagemanager - installing package miktex-cjkutils-bin-x64-2.9
2020-08-11 17:32:04,267+0200 INFO  mainwindow - downloading http://mirror.ibcp.fr/pub/CTAN/systems/win32/miktex/tm/packages/miktex-cjkutils-bin-x64-2.9.tar.lzma...
2020-08-11 17:32:04,267+0200 INFO  miktex-console.packagemanager - going to download http://mirror.ibcp.fr/pub/CTAN/systems/win32/miktex/tm/packages/miktex-cjkutils-bin-x64-2.9.tar.lzma
2020-08-11 17:32:04,298+0200 INFO  mainwindow - 0.08 MB, 19.86 Mbit/s
2020-08-11 17:32:04,455+0200 INFO  mainwindow - extracting files from miktex-cjkutils-bin-x64-2.9.tar.lzma...
2020-08-11 17:32:04,908+0200 INFO  miktex-console.packagemanager - installing package miktex-config-2.9
2020-08-11 17:32:04,908+0200 INFO  mainwindow - downloading http://mirror.ibcp.fr/pub/CTAN/systems/win32/miktex/tm/packages/miktex-config-2.9.tar.lzma...
2020-08-11 17:32:04,908+0200 INFO  miktex-console.packagemanager - going to download http://mirror.ibcp.fr/pub/CTAN/systems/win32/miktex/tm/packages/miktex-config-2.9.tar.lzma
2020-08-11 17:32:04,923+0200 INFO  mainwindow - 0.00 MB, 1.45 Mbit/s
2020-08-11 17:32:05,555+0200 INFO  mainwindow - extracting files from miktex-config-2.9.tar.lzma...
2020-08-11 17:32:06,949+0200 INFO  miktex-console.packagemanager - installing package miktex-console-bin-x64-2.9
2020-08-11 17:32:06,949+0200 INFO  mainwindow - downloading http://mirror.ibcp.fr/pub/CTAN/systems/win32/miktex/tm/packages/miktex-console-bin-x64-2.9.tar.lzma...
2020-08-11 17:32:06,949+0200 INFO  miktex-console.packagemanager - going to download http://mirror.ibcp.fr/pub/CTAN/systems/win32/miktex/tm/packages/miktex-console-bin-x64-2.9.tar.lzma
2020-08-11 17:32:07,074+0200 INFO  mainwindow - 0.22 MB, 13.58 Mbit/s
2020-08-11 17:32:07,105+0200 ERROR miktex-console.core - Accès refusé.

2020-08-11 17:32:07,105+0200 ERROR miktex-console.core - Function: DeleteFileW
2020-08-11 17:32:07,105+0200 ERROR miktex-console.core - Result: 5
2020-08-11 17:32:07,105+0200 ERROR miktex-console.core - Data: path="C:\Users\Public\Dev\altair\texlive2\texmfs\install\miktex\bin\x64\miktex-console.exe"
2020-08-11 17:32:07,105+0200 ERROR miktex-console.core - Source: Libraries\MiKTeX\Core\File\win\winFile.cpp:326
2020-08-11 17:32:07,183+0200 INFO  mainwindow - extracting files from miktex-console-bin-x64-2.9.tar.lzma...
2020-08-11 17:32:07,418+0200 INFO  miktex-console.packagemanager - installing package miktex-curl-bin-x64-2.9
2020-08-11 17:32:07,418+0200 INFO  mainwindow - downloading http://mirror.ibcp.fr/pub/CTAN/systems/win32/miktex/tm/packages/miktex-curl-bin-x64-2.9.tar.lzma...
2020-08-11 17:32:07,418+0200 INFO  miktex-console.packagemanager - going to download http://mirror.ibcp.fr/pub/CTAN/systems/win32/miktex/tm/packages/miktex-curl-bin-x64-2.9.tar.lzma
2020-08-11 17:32:07,465+0200 INFO  mainwindow - 0.18 MB, 31.41 Mbit/s
2020-08-11 17:32:07,480+0200 ERROR miktex-console.core - Accès refusé.

2020-08-11 17:32:07,480+0200 ERROR miktex-console.core - Function: DeleteFileW
2020-08-11 17:32:07,480+0200 ERROR miktex-console.core - Result: 5
2020-08-11 17:32:07,480+0200 ERROR miktex-console.core - Data: path="C:\Users\Public\Dev\altair\texlive2\texmfs\install\miktex\bin\x64\MiKTeX200629-curl.dll"
2020-08-11 17:32:07,480+0200 ERROR miktex-console.core - Source: Libraries\MiKTeX\Core\File\win\winFile.cpp:326
2020-08-11 17:32:07,527+0200 INFO  mainwindow - extracting files from miktex-curl-bin-x64-2.9.tar.lzma...
2020-08-11 17:32:07,730+0200 INFO  miktex-console.packagemanager - installing package miktex-cweb-bin-x64-2.9
2020-08-11 17:32:07,730+0200 INFO  mainwindow - downloading http://mirror.ibcp.fr/pub/CTAN/systems/win32/miktex/tm/packages/miktex-cweb-bin-x64-2.9.tar.lzma...
2020-08-11 17:32:07,730+0200 INFO  miktex-console.packagemanager - going to download http://mirror.ibcp.fr/pub/CTAN/systems/win32/miktex/tm/packages/miktex-cweb-bin-x64-2.9.tar.lzma
2020-08-11 17:32:07,761+0200 INFO  mainwindow - 0.06 MB, 16.18 Mbit/s
2020-08-11 17:32:07,824+0200 INFO  mainwindow - extracting files from miktex-cweb-bin-x64-2.9.tar.lzma...
2020-08-11 17:32:07,965+0200 INFO  miktex-console.packagemanager - installing package miktex-devnag-bin-x64-2.9
2020-08-11 17:32:07,965+0200 INFO  mainwindow - downloading http://mirror.ibcp.fr/pub/CTAN/systems/win32/miktex/tm/packages/miktex-devnag-bin-x64-2.9.tar.lzma...
2020-08-11 17:32:07,965+0200 INFO  miktex-console.packagemanager - going to download http://mirror.ibcp.fr/pub/CTAN/systems/win32/miktex/tm/packages/miktex-devnag-bin-x64-2.9.tar.lzma
2020-08-11 17:32:07,996+0200 INFO  mainwindow - 0.02 MB, 6.82 Mbit/s
2020-08-11 17:32:08,027+0200 INFO  mainwindow - extracting files from miktex-devnag-bin-x64-2.9.tar.lzma...
2020-08-11 17:32:08,121+0200 INFO  miktex-console.packagemanager - installing package miktex-dvicopy-bin-x64-2.9
2020-08-11 17:32:08,121+0200 INFO  mainwindow - downloading http://mirror.ibcp.fr/pub/CTAN/systems/win32/miktex/tm/packages/miktex-dvicopy-bin-x64-2.9.tar.lzma...
2020-08-11 17:32:08,121+0200 INFO  miktex-console.packagemanager - going to download http://mirror.ibcp.fr/pub/CTAN/systems/win32/miktex/tm/packages/miktex-dvicopy-bin-x64-2.9.tar.lzma
2020-08-11 17:32:08,152+0200 INFO  mainwindow - 0.05 MB, 15.14 Mbit/s
2020-08-11 17:32:08,199+0200 INFO  mainwindow - extracting files from miktex-dvicopy-bin-x64-2.9.tar.lzma...
2020-08-11 17:32:08,293+0200 INFO  miktex-console.packagemanager - installing package miktex-dvipdfmx-bin-x64-2.9
2020-08-11 17:32:08,293+0200 INFO  mainwindow - downloading http://mirror.ibcp.fr/pub/CTAN/systems/win32/miktex/tm/packages/miktex-dvipdfmx-bin-x64-2.9.tar.lzma...
2020-08-11 17:32:08,293+0200 INFO  miktex-console.packagemanager - going to download http://mirror.ibcp.fr/pub/CTAN/systems/win32/miktex/tm/packages/miktex-dvipdfmx-bin-x64-2.9.tar.lzma
2020-08-11 17:32:08,355+0200 INFO  mainwindow - 0.31 MB, 49.69 Mbit/s
2020-08-11 17:32:08,402+0200 INFO  mainwindow - extracting files from miktex-dvipdfmx-bin-x64-2.9.tar.lzma...
2020-08-11 17:32:08,558+0200 INFO  miktex-console.packagemanager - installing package miktex-dvipng-bin-x64-2.9
2020-08-11 17:32:08,558+0200 INFO  mainwindow - downloading http://mirror.ibcp.fr/pub/CTAN/systems/win32/miktex/tm/packages/miktex-dvipng-bin-x64-2.9.tar.lzma...
2020-08-11 17:32:08,558+0200 INFO  miktex-console.packagemanager - going to download http://mirror.ibcp.fr/pub/CTAN/systems/win32/miktex/tm/packages/miktex-dvipng-bin-x64-2.9.tar.lzma
2020-08-11 17:32:08,590+0200 INFO  mainwindow - 0.04 MB, 12.41 Mbit/s
2020-08-11 17:32:08,637+0200 INFO  mainwindow - extracting files from miktex-dvipng-bin-x64-2.9.tar.lzma...
2020-08-11 17:32:08,761+0200 INFO  miktex-console.packagemanager - installing package miktex-dvips-bin-x64-2.9
2020-08-11 17:32:08,777+0200 INFO  mainwindow - downloading http://mirror.ibcp.fr/pub/CTAN/systems/win32/miktex/tm/packages/miktex-dvips-bin-x64-2.9.tar.lzma...
2020-08-11 17:32:08,777+0200 INFO  miktex-console.packagemanager - going to download http://mirror.ibcp.fr/pub/CTAN/systems/win32/miktex/tm/packages/miktex-dvips-bin-x64-2.9.tar.lzma
2020-08-11 17:32:08,793+0200 INFO  mainwindow - 0.13 MB, 35.94 Mbit/s
2020-08-11 17:32:08,855+0200 INFO  mainwindow - extracting files from miktex-dvips-bin-x64-2.9.tar.lzma...
2020-08-11 17:32:08,996+0200 INFO  miktex-console.packagemanager - installing package miktex-dvisvgm-bin-x64-2.9
2020-08-11 17:32:08,996+0200 INFO  mainwindow - downloading http://mirror.ibcp.fr/pub/CTAN/systems/win32/miktex/tm/packages/miktex-dvisvgm-bin-x64-2.9.tar.lzma...
2020-08-11 17:32:08,996+0200 INFO  miktex-console.packagemanager - going to download http://mirror.ibcp.fr/pub/CTAN/systems/win32/miktex/tm/packages/miktex-dvisvgm-bin-x64-2.9.tar.lzma
2020-08-11 17:32:09,090+0200 INFO  mainwindow - 1.40 MB, 125.78 Mbit/s
2020-08-11 17:32:09,127+0200 INFO  mainwindow - extracting files from miktex-dvisvgm-bin-x64-2.9.tar.lzma...
2020-08-11 17:32:09,399+0200 INFO  miktex-console.packagemanager - installing package miktex-epstopdf-bin-x64-2.9
2020-08-11 17:32:09,399+0200 INFO  mainwindow - downloading http://mirror.ibcp.fr/pub/CTAN/systems/win32/miktex/tm/packages/miktex-epstopdf-bin-x64-2.9.tar.lzma...
2020-08-11 17:32:09,399+0200 INFO  miktex-console.packagemanager - going to download http://mirror.ibcp.fr/pub/CTAN/systems/win32/miktex/tm/packages/miktex-epstopdf-bin-x64-2.9.tar.lzma
2020-08-11 17:32:09,431+0200 INFO  mainwindow - 0.11 MB, 27.43 Mbit/s
2020-08-11 17:32:09,493+0200 INFO  mainwindow - extracting files from miktex-epstopdf-bin-x64-2.9.tar.lzma...
2020-08-11 17:32:09,596+0200 INFO  miktex-console.packagemanager - installing package miktex-expat-bin-x64-2.9
2020-08-11 17:32:09,596+0200 INFO  mainwindow - downloading http://mirror.ibcp.fr/pub/CTAN/systems/win32/miktex/tm/packages/miktex-expat-bin-x64-2.9.tar.lzma...
2020-08-11 17:32:09,596+0200 INFO  miktex-console.packagemanager - going to download http://mirror.ibcp.fr/pub/CTAN/systems/win32/miktex/tm/packages/miktex-expat-bin-x64-2.9.tar.lzma
2020-08-11 17:32:09,628+0200 INFO  mainwindow - 0.05 MB, 13.73 Mbit/s
2020-08-11 17:32:09,643+0200 ERROR miktex-console.core - Accès refusé.

2020-08-11 17:32:09,643+0200 ERROR miktex-console.core - Function: DeleteFileW
2020-08-11 17:32:09,643+0200 ERROR miktex-console.core - Result: 5
2020-08-11 17:32:09,643+0200 ERROR miktex-console.core - Data: path="C:\Users\Public\Dev\altair\texlive2\texmfs\install\miktex\bin\x64\MiKTeX200629-expat.dll"
2020-08-11 17:32:09,643+0200 ERROR miktex-console.core - Source: Libraries\MiKTeX\Core\File\win\winFile.cpp:326
2020-08-11 17:32:09,674+0200 INFO  mainwindow - extracting files from miktex-expat-bin-x64-2.9.tar.lzma...
2020-08-11 17:32:09,878+0200 INFO  miktex-console.packagemanager - installing package miktex-findtexmf-bin-x64-2.9
2020-08-11 17:32:09,878+0200 INFO  mainwindow - downloading http://mirror.ibcp.fr/pub/CTAN/systems/win32/miktex/tm/packages/miktex-findtexmf-bin-x64-2.9.tar.lzma...
2020-08-11 17:32:09,878+0200 INFO  miktex-console.packagemanager - going to download http://mirror.ibcp.fr/pub/CTAN/systems/win32/miktex/tm/packages/miktex-findtexmf-bin-x64-2.9.tar.lzma
2020-08-11 17:32:09,893+0200 INFO  mainwindow - 0.05 MB, 14.66 Mbit/s
2020-08-11 17:32:09,940+0200 INFO  mainwindow - extracting files from miktex-findtexmf-bin-x64-2.9.tar.lzma...
2020-08-11 17:32:10,034+0200 INFO  miktex-console.packagemanager - installing package miktex-fmt-bin-x64-2.9
2020-08-11 17:32:10,034+0200 INFO  mainwindow - downloading http://mirror.ibcp.fr/pub/CTAN/systems/win32/miktex/tm/packages/miktex-fmt-bin-x64-2.9.tar.lzma...
2020-08-11 17:32:10,034+0200 INFO  miktex-console.packagemanager - going to download http://mirror.ibcp.fr/pub/CTAN/systems/win32/miktex/tm/packages/miktex-fmt-bin-x64-2.9.tar.lzma
2020-08-11 17:32:10,065+0200 INFO  mainwindow - 0.06 MB, 17.38 Mbit/s
2020-08-11 17:32:10,081+0200 ERROR miktex-console.core - Accès refusé.

2020-08-11 17:32:10,081+0200 ERROR miktex-console.core - Function: DeleteFileW
2020-08-11 17:32:10,081+0200 ERROR miktex-console.core - Result: 5
2020-08-11 17:32:10,081+0200 ERROR miktex-console.core - Data: path="C:\Users\Public\Dev\altair\texlive2\texmfs\install\miktex\bin\x64\MiKTeX200629-fmt.dll"
2020-08-11 17:32:10,081+0200 ERROR miktex-console.core - Source: Libraries\MiKTeX\Core\File\win\winFile.cpp:326
2020-08-11 17:32:10,128+0200 INFO  mainwindow - extracting files from miktex-fmt-bin-x64-2.9.tar.lzma...
2020-08-11 17:32:10,315+0200 INFO  miktex-console.packagemanager - installing package miktex-fontconfig-bin-x64-2.9
2020-08-11 17:32:10,315+0200 INFO  mainwindow - downloading http://mirror.ibcp.fr/pub/CTAN/systems/win32/miktex/tm/packages/miktex-fontconfig-bin-x64-2.9.tar.lzma...
2020-08-11 17:32:10,315+0200 INFO  miktex-console.packagemanager - going to download http://mirror.ibcp.fr/pub/CTAN/systems/win32/miktex/tm/packages/miktex-fontconfig-bin-x64-2.9.tar.lzma
2020-08-11 17:32:10,362+0200 INFO  mainwindow - 0.15 MB, 25.31 Mbit/s
2020-08-11 17:32:10,503+0200 INFO  mainwindow - extracting files from miktex-fontconfig-bin-x64-2.9.tar.lzma...
2020-08-11 17:32:11,096+0200 INFO  miktex-console.packagemanager - installing package miktex-fonts-bin-x64-2.9
2020-08-11 17:32:11,096+0200 INFO  mainwindow - downloading http://mirror.ibcp.fr/pub/CTAN/systems/win32/miktex/tm/packages/miktex-fonts-bin-x64-2.9.tar.lzma...
2020-08-11 17:32:11,096+0200 INFO  miktex-console.packagemanager - going to download http://mirror.ibcp.fr/pub/CTAN/systems/win32/miktex/tm/packages/miktex-fonts-bin-x64-2.9.tar.lzma
2020-08-11 17:32:11,159+0200 INFO  mainwindow - 0.08 MB, 10.86 Mbit/s
2020-08-11 17:32:11,248+0200 INFO  mainwindow - extracting files from miktex-fonts-bin-x64-2.9.tar.lzma...
2020-08-11 17:32:11,420+0200 INFO  miktex-console.packagemanager - installing package miktex-freeglut-bin-x64-2.9
2020-08-11 17:32:11,420+0200 INFO  mainwindow - downloading http://mirror.ibcp.fr/pub/CTAN/systems/win32/miktex/tm/packages/miktex-freeglut-bin-x64-2.9.tar.lzma...
2020-08-11 17:32:11,420+0200 INFO  miktex-console.packagemanager - going to download http://mirror.ibcp.fr/pub/CTAN/systems/win32/miktex/tm/packages/miktex-freeglut-bin-x64-2.9.tar.lzma
2020-08-11 17:32:11,467+0200 INFO  mainwindow - 0.08 MB, 12.65 Mbit/s
2020-08-11 17:32:11,514+0200 INFO  mainwindow - extracting files from miktex-freeglut-bin-x64-2.9.tar.lzma...
2020-08-11 17:32:11,779+0200 INFO  miktex-console.packagemanager - installing package miktex-freetype2-bin-x64-2.9
2020-08-11 17:32:11,779+0200 INFO  mainwindow - downloading http://mirror.ibcp.fr/pub/CTAN/systems/win32/miktex/tm/packages/miktex-freetype2-bin-x64-2.9.tar.lzma...
2020-08-11 17:32:11,779+0200 INFO  miktex-console.packagemanager - going to download http://mirror.ibcp.fr/pub/CTAN/systems/win32/miktex/tm/packages/miktex-freetype2-bin-x64-2.9.tar.lzma
2020-08-11 17:32:11,857+0200 INFO  mainwindow - 0.28 MB, 29.26 Mbit/s
2020-08-11 17:32:11,920+0200 INFO  mainwindow - extracting files from miktex-freetype2-bin-x64-2.9.tar.lzma...
2020-08-11 17:32:12,154+0200 INFO  miktex-console.packagemanager - installing package miktex-fribidixetex-bin-x64-2.9
2020-08-11 17:32:12,154+0200 INFO  mainwindow - downloading http://mirror.ibcp.fr/pub/CTAN/systems/win32/miktex/tm/packages/miktex-fribidixetex-bin-x64-2.9.tar.lzma...
2020-08-11 17:32:12,154+0200 INFO  miktex-console.packagemanager - going to download http://mirror.ibcp.fr/pub/CTAN/systems/win32/miktex/tm/packages/miktex-fribidixetex-bin-x64-2.9.tar.lzma
2020-08-11 17:32:12,175+0200 INFO  mainwindow - 0.03 MB, 7.49 Mbit/s
2020-08-11 17:32:12,238+0200 INFO  mainwindow - extracting files from miktex-fribidixetex-bin-x64-2.9.tar.lzma...
2020-08-11 17:32:12,347+0200 INFO  miktex-console.packagemanager - installing package miktex-gd-bin-x64-2.9
2020-08-11 17:32:12,347+0200 INFO  mainwindow - downloading http://mirror.ibcp.fr/pub/CTAN/systems/win32/miktex/tm/packages/miktex-gd-bin-x64-2.9.tar.lzma...
2020-08-11 17:32:12,347+0200 INFO  miktex-console.packagemanager - going to download http://mirror.ibcp.fr/pub/CTAN/systems/win32/miktex/tm/packages/miktex-gd-bin-x64-2.9.tar.lzma
2020-08-11 17:32:12,379+0200 INFO  mainwindow - 0.12 MB, 27.51 Mbit/s
2020-08-11 17:32:12,425+0200 INFO  mainwindow - extracting files from miktex-gd-bin-x64-2.9.tar.lzma...
2020-08-11 17:32:12,644+0200 INFO  miktex-console.packagemanager - installing package miktex-graphite2-bin-x64-2.9
2020-08-11 17:32:12,644+0200 INFO  mainwindow - downloading http://mirror.ibcp.fr/pub/CTAN/systems/win32/miktex/tm/packages/miktex-graphite2-bin-x64-2.9.tar.lzma...
2020-08-11 17:32:12,644+0200 INFO  miktex-console.packagemanager - going to download http://mirror.ibcp.fr/pub/CTAN/systems/win32/miktex/tm/packages/miktex-graphite2-bin-x64-2.9.tar.lzma
2020-08-11 17:32:12,675+0200 INFO  mainwindow - 0.07 MB, 18.70 Mbit/s
2020-08-11 17:32:12,754+0200 INFO  mainwindow - extracting files from miktex-graphite2-bin-x64-2.9.tar.lzma...
2020-08-11 17:32:13,035+0200 INFO  miktex-console.packagemanager - installing package miktex-gregorio-bin-x64-2.9
2020-08-11 17:32:13,035+0200 INFO  mainwindow - downloading http://mirror.ibcp.fr/pub/CTAN/systems/win32/miktex/tm/packages/miktex-gregorio-bin-x64-2.9.tar.lzma...
2020-08-11 17:32:13,035+0200 INFO  miktex-console.packagemanager - going to download http://mirror.ibcp.fr/pub/CTAN/systems/win32/miktex/tm/packages/miktex-gregorio-bin-x64-2.9.tar.lzma
2020-08-11 17:32:13,082+0200 INFO  mainwindow - 0.11 MB, 19.34 Mbit/s
2020-08-11 17:32:13,129+0200 INFO  mainwindow - extracting files from miktex-gregorio-bin-x64-2.9.tar.lzma...
2020-08-11 17:32:13,269+0200 INFO  miktex-console.packagemanager - installing package miktex-gsf2pk-bin-x64-2.9
2020-08-11 17:32:13,269+0200 INFO  mainwindow - downloading http://mirror.ibcp.fr/pub/CTAN/systems/win32/miktex/tm/packages/miktex-gsf2pk-bin-x64-2.9.tar.lzma...
2020-08-11 17:32:13,269+0200 INFO  miktex-console.packagemanager - going to download http://mirror.ibcp.fr/pub/CTAN/systems/win32/miktex/tm/packages/miktex-gsf2pk-bin-x64-2.9.tar.lzma
2020-08-11 17:32:13,316+0200 INFO  mainwindow - 0.07 MB, 13.12 Mbit/s
2020-08-11 17:32:13,394+0200 INFO  mainwindow - extracting files from miktex-gsf2pk-bin-x64-2.9.tar.lzma...
2020-08-11 17:32:13,535+0200 INFO  miktex-console.packagemanager - installing package miktex-harfbuzz-bin-x64-2.9
2020-08-11 17:32:13,535+0200 INFO  mainwindow - downloading http://mirror.ibcp.fr/pub/CTAN/systems/win32/miktex/tm/packages/miktex-harfbuzz-bin-x64-2.9.tar.lzma...
2020-08-11 17:32:13,535+0200 INFO  miktex-console.packagemanager - going to download http://mirror.ibcp.fr/pub/CTAN/systems/win32/miktex/tm/packages/miktex-harfbuzz-bin-x64-2.9.tar.lzma
2020-08-11 17:32:13,597+0200 INFO  mainwindow - 0.55 MB, 63.00 Mbit/s
2020-08-11 17:32:13,660+0200 INFO  mainwindow - extracting files from miktex-harfbuzz-bin-x64-2.9.tar.lzma...
2020-08-11 17:32:14,050+0200 INFO  miktex-console.packagemanager - installing package miktex-hunspell-bin-x64-2.9
2020-08-11 17:32:14,050+0200 INFO  mainwindow - downloading http://mirror.ibcp.fr/pub/CTAN/systems/win32/miktex/tm/packages/miktex-hunspell-bin-x64-2.9.tar.lzma...
2020-08-11 17:32:14,050+0200 INFO  miktex-console.packagemanager - going to download http://mirror.ibcp.fr/pub/CTAN/systems/win32/miktex/tm/packages/miktex-hunspell-bin-x64-2.9.tar.lzma
2020-08-11 17:32:14,097+0200 INFO  mainwindow - 0.15 MB, 26.24 Mbit/s
2020-08-11 17:32:14,160+0200 INFO  mainwindow - extracting files from miktex-hunspell-bin-x64-2.9.tar.lzma...
2020-08-11 17:32:14,415+0200 INFO  miktex-console.packagemanager - installing package miktex-jpeg-bin-x64-2.9
2020-08-11 17:32:14,415+0200 INFO  mainwindow - downloading http://mirror.ibcp.fr/pub/CTAN/systems/win32/miktex/tm/packages/miktex-jpeg-bin-x64-2.9.tar.lzma...
2020-08-11 17:32:14,415+0200 INFO  miktex-console.packagemanager - going to download http://mirror.ibcp.fr/pub/CTAN/systems/win32/miktex/tm/packages/miktex-jpeg-bin-x64-2.9.tar.lzma
2020-08-11 17:32:14,446+0200 INFO  mainwindow - 0.11 MB, 27.24 Mbit/s
2020-08-11 17:32:14,525+0200 INFO  mainwindow - extracting files from miktex-jpeg-bin-x64-2.9.tar.lzma...
2020-08-11 17:32:14,738+0200 INFO  miktex-console.packagemanager - installing package miktex-kpathsea-bin-x64-2.9
2020-08-11 17:32:14,738+0200 INFO  mainwindow - downloading http://mirror.ibcp.fr/pub/CTAN/systems/win32/miktex/tm/packages/miktex-kpathsea-bin-x64-2.9.tar.lzma...
2020-08-11 17:32:14,738+0200 INFO  miktex-console.packagemanager - going to download http://mirror.ibcp.fr/pub/CTAN/systems/win32/miktex/tm/packages/miktex-kpathsea-bin-x64-2.9.tar.lzma
2020-08-11 17:32:14,754+0200 INFO  mainwindow - 0.02 MB, 5.04 Mbit/s
2020-08-11 17:32:14,832+0200 INFO  mainwindow - extracting files from miktex-kpathsea-bin-x64-2.9.tar.lzma...
2020-08-11 17:32:14,988+0200 INFO  miktex-console.packagemanager - installing package miktex-lacheck-bin-x64-2.9
2020-08-11 17:32:14,988+0200 INFO  mainwindow - downloading http://mirror.ibcp.fr/pub/CTAN/systems/win32/miktex/tm/packages/miktex-lacheck-bin-x64-2.9.tar.lzma...
2020-08-11 17:32:14,988+0200 INFO  miktex-console.packagemanager - going to download http://mirror.ibcp.fr/pub/CTAN/systems/win32/miktex/tm/packages/miktex-lacheck-bin-x64-2.9.tar.lzma
2020-08-11 17:32:15,019+0200 INFO  mainwindow - 0.03 MB, 6.77 Mbit/s
2020-08-11 17:32:15,097+0200 INFO  mainwindow - extracting files from miktex-lacheck-bin-x64-2.9.tar.lzma...
2020-08-11 17:32:15,207+0200 INFO  miktex-console.packagemanager - installing package miktex-lcdf-typetools-bin-x64-2.9
2020-08-11 17:32:15,207+0200 INFO  mainwindow - downloading http://mirror.ibcp.fr/pub/CTAN/systems/win32/miktex/tm/packages/miktex-lcdf-typetools-bin-x64-2.9.tar.lzma...
2020-08-11 17:32:15,207+0200 INFO  miktex-console.packagemanager - going to download http://mirror.ibcp.fr/pub/CTAN/systems/win32/miktex/tm/packages/miktex-lcdf-typetools-bin-x64-2.9.tar.lzma
2020-08-11 17:32:15,363+0200 INFO  mainwindow - 0.68 MB, 37.09 Mbit/s
2020-08-11 17:32:15,566+0200 INFO  mainwindow - extracting files from miktex-lcdf-typetools-bin-x64-2.9.tar.lzma...
2020-08-11 17:32:16,269+0200 INFO  miktex-console.packagemanager - installing package miktex-libressl-bin-x64-2.9
2020-08-11 17:32:16,269+0200 INFO  mainwindow - downloading http://mirror.ibcp.fr/pub/CTAN/systems/win32/miktex/tm/packages/miktex-libressl-bin-x64-2.9.tar.lzma...
2020-08-11 17:32:16,269+0200 INFO  miktex-console.packagemanager - going to download http://mirror.ibcp.fr/pub/CTAN/systems/win32/miktex/tm/packages/miktex-libressl-bin-x64-2.9.tar.lzma
2020-08-11 17:32:16,363+0200 INFO  mainwindow - 0.56 MB, 51.77 Mbit/s
2020-08-11 17:32:16,379+0200 ERROR miktex-console.core - Accès refusé.

2020-08-11 17:32:16,379+0200 ERROR miktex-console.core - Function: DeleteFileW
2020-08-11 17:32:16,379+0200 ERROR miktex-console.core - Result: 5
2020-08-11 17:32:16,379+0200 ERROR miktex-console.core - Data: path="C:\Users\Public\Dev\altair\texlive2\texmfs\install\miktex\bin\x64\MiKTeX200629-libressl-crypto.dll"
2020-08-11 17:32:16,379+0200 ERROR miktex-console.core - Source: Libraries\MiKTeX\Core\File\win\winFile.cpp:326
2020-08-11 17:32:16,425+0200 INFO  mainwindow - extracting files from miktex-libressl-bin-x64-2.9.tar.lzma...
2020-08-11 17:32:16,660+0200 INFO  miktex-console.packagemanager - installing package miktex-log4cxx-bin-x64-2.9
2020-08-11 17:32:16,660+0200 INFO  mainwindow - downloading http://mirror.ibcp.fr/pub/CTAN/systems/win32/miktex/tm/packages/miktex-log4cxx-bin-x64-2.9.tar.lzma...
2020-08-11 17:32:16,660+0200 INFO  miktex-console.packagemanager - going to download http://mirror.ibcp.fr/pub/CTAN/systems/win32/miktex/tm/packages/miktex-log4cxx-bin-x64-2.9.tar.lzma
2020-08-11 17:32:16,707+0200 INFO  mainwindow - 0.58 MB, 93.50 Mbit/s
2020-08-11 17:32:16,722+0200 ERROR miktex-console.core - Accès refusé.

2020-08-11 17:32:16,722+0200 ERROR miktex-console.core - Function: DeleteFileW
2020-08-11 17:32:16,722+0200 ERROR miktex-console.core - Result: 5
2020-08-11 17:32:16,722+0200 ERROR miktex-console.core - Data: path="C:\Users\Public\Dev\altair\texlive2\texmfs\install\miktex\bin\x64\MiKTeX200629-apr.dll"
2020-08-11 17:32:16,722+0200 ERROR miktex-console.core - Source: Libraries\MiKTeX\Core\File\win\winFile.cpp:326
2020-08-11 17:32:16,738+0200 ERROR miktex-console.core - Accès refusé.

2020-08-11 17:32:16,738+0200 ERROR miktex-console.core - Function: DeleteFileW
2020-08-11 17:32:16,738+0200 ERROR miktex-console.core - Result: 5
2020-08-11 17:32:16,738+0200 ERROR miktex-console.core - Data: path="C:\Users\Public\Dev\altair\texlive2\texmfs\install\miktex\bin\x64\MiKTeX200629-aprutil.dll"
2020-08-11 17:32:16,738+0200 ERROR miktex-console.core - Source: Libraries\MiKTeX\Core\File\win\winFile.cpp:326
2020-08-11 17:32:16,769+0200 ERROR miktex-console.core - Accès refusé.

2020-08-11 17:32:16,769+0200 ERROR miktex-console.core - Function: DeleteFileW
2020-08-11 17:32:16,769+0200 ERROR miktex-console.core - Result: 5
2020-08-11 17:32:16,769+0200 ERROR miktex-console.core - Data: path="C:\Users\Public\Dev\altair\texlive2\texmfs\install\miktex\bin\x64\MiKTeX200629-log4cxx.dll"
2020-08-11 17:32:16,769+0200 ERROR miktex-console.core - Source: Libraries\MiKTeX\Core\File\win\winFile.cpp:326
2020-08-11 17:32:16,800+0200 INFO  mainwindow - extracting files from miktex-log4cxx-bin-x64-2.9.tar.lzma...
2020-08-11 17:32:17,160+0200 INFO  miktex-console.packagemanager - installing package miktex-lua53-bin-x64-2.9
2020-08-11 17:32:17,160+0200 INFO  mainwindow - downloading http://mirror.ibcp.fr/pub/CTAN/systems/win32/miktex/tm/packages/miktex-lua53-bin-x64-2.9.tar.lzma...
2020-08-11 17:32:17,160+0200 INFO  miktex-console.packagemanager - going to download http://mirror.ibcp.fr/pub/CTAN/systems/win32/miktex/tm/packages/miktex-lua53-bin-x64-2.9.tar.lzma
2020-08-11 17:32:17,191+0200 INFO  mainwindow - 0.10 MB, 26.47 Mbit/s
2020-08-11 17:32:17,254+0200 INFO  mainwindow - extracting files from miktex-lua53-bin-x64-2.9.tar.lzma...
2020-08-11 17:32:17,519+0200 INFO  miktex-console.packagemanager - installing package miktex-luatex-bin-x64-2.9
2020-08-11 17:32:17,519+0200 INFO  mainwindow - downloading http://mirror.ibcp.fr/pub/CTAN/systems/win32/miktex/tm/packages/miktex-luatex-bin-x64-2.9.tar.lzma...
2020-08-11 17:32:17,519+0200 INFO  miktex-console.packagemanager - going to download http://mirror.ibcp.fr/pub/CTAN/systems/win32/miktex/tm/packages/miktex-luatex-bin-x64-2.9.tar.lzma
2020-08-11 17:32:17,629+0200 INFO  mainwindow - 2.03 MB, 150.53 Mbit/s
2020-08-11 17:32:17,707+0200 INFO  mainwindow - extracting files from miktex-luatex-bin-x64-2.9.tar.lzma...
2020-08-11 17:32:18,035+0200 INFO  miktex-console.packagemanager - installing package miktex-lzma-bin-x64-2.9
2020-08-11 17:32:18,035+0200 INFO  mainwindow - downloading http://mirror.ibcp.fr/pub/CTAN/systems/win32/miktex/tm/packages/miktex-lzma-bin-x64-2.9.tar.lzma...
2020-08-11 17:32:18,035+0200 INFO  miktex-console.packagemanager - going to download http://mirror.ibcp.fr/pub/CTAN/systems/win32/miktex/tm/packages/miktex-lzma-bin-x64-2.9.tar.lzma
2020-08-11 17:32:18,066+0200 INFO  mainwindow - 0.07 MB, 21.06 Mbit/s
2020-08-11 17:32:18,082+0200 ERROR miktex-console.core - Accès refusé.

2020-08-11 17:32:18,082+0200 ERROR miktex-console.core - Function: DeleteFileW
2020-08-11 17:32:18,082+0200 ERROR miktex-console.core - Result: 5
2020-08-11 17:32:18,082+0200 ERROR miktex-console.core - Data: path="C:\Users\Public\Dev\altair\texlive2\texmfs\install\miktex\bin\x64\MiKTeX200629-lzma2.dll"
2020-08-11 17:32:18,082+0200 ERROR miktex-console.core - Source: Libraries\MiKTeX\Core\File\win\winFile.cpp:326
2020-08-11 17:32:18,129+0200 INFO  mainwindow - extracting files from miktex-lzma-bin-x64-2.9.tar.lzma...
2020-08-11 17:32:18,410+0200 INFO  miktex-console.packagemanager - installing package miktex-m-tx-bin-x64-2.9
2020-08-11 17:32:18,410+0200 INFO  mainwindow - downloading http://mirror.ibcp.fr/pub/CTAN/systems/win32/miktex/tm/packages/miktex-m-tx-bin-x64-2.9.tar.lzma...
2020-08-11 17:32:18,410+0200 INFO  miktex-console.packagemanager - going to download http://mirror.ibcp.fr/pub/CTAN/systems/win32/miktex/tm/packages/miktex-m-tx-bin-x64-2.9.tar.lzma
2020-08-11 17:32:18,441+0200 INFO  mainwindow - 0.05 MB, 15.48 Mbit/s
2020-08-11 17:32:18,488+0200 INFO  mainwindow - extracting files from miktex-m-tx-bin-x64-2.9.tar.lzma...
2020-08-11 17:32:18,582+0200 INFO  miktex-console.packagemanager - installing package miktex-makeindex-bin-x64-2.9
2020-08-11 17:32:18,582+0200 INFO  mainwindow - downloading http://mirror.ibcp.fr/pub/CTAN/systems/win32/miktex/tm/packages/miktex-makeindex-bin-x64-2.9.tar.lzma...
2020-08-11 17:32:18,582+0200 INFO  miktex-console.packagemanager - going to download http://mirror.ibcp.fr/pub/CTAN/systems/win32/miktex/tm/packages/miktex-makeindex-bin-x64-2.9.tar.lzma
2020-08-11 17:32:18,613+0200 INFO  mainwindow - 0.03 MB, 8.90 Mbit/s
2020-08-11 17:32:18,660+0200 INFO  mainwindow - extracting files from miktex-makeindex-bin-x64-2.9.tar.lzma...
2020-08-11 17:32:18,762+0200 INFO  miktex-console.packagemanager - installing package miktex-md5-bin-x64-2.9
2020-08-11 17:32:18,762+0200 INFO  mainwindow - downloading http://mirror.ibcp.fr/pub/CTAN/systems/win32/miktex/tm/packages/miktex-md5-bin-x64-2.9.tar.lzma...
2020-08-11 17:32:18,762+0200 INFO  miktex-console.packagemanager - going to download http://mirror.ibcp.fr/pub/CTAN/systems/win32/miktex/tm/packages/miktex-md5-bin-x64-2.9.tar.lzma
2020-08-11 17:32:18,778+0200 INFO  mainwindow - 0.01 MB, 2.54 Mbit/s
2020-08-11 17:32:18,793+0200 ERROR miktex-console.core - Accès refusé.

2020-08-11 17:32:18,793+0200 ERROR miktex-console.core - Function: DeleteFileW
2020-08-11 17:32:18,793+0200 ERROR miktex-console.core - Result: 5
2020-08-11 17:32:18,793+0200 ERROR miktex-console.core - Data: path="C:\Users\Public\Dev\altair\texlive2\texmfs\install\miktex\bin\x64\MiKTeX200629-md5.dll"
2020-08-11 17:32:18,793+0200 ERROR miktex-console.core - Source: Libraries\MiKTeX\Core\File\win\winFile.cpp:326
2020-08-11 17:32:18,872+0200 INFO  mainwindow - extracting files from miktex-md5-bin-x64-2.9.tar.lzma...
2020-08-11 17:32:19,114+0200 INFO  miktex-console.packagemanager - installing package miktex-metafont-bin-x64-2.9
2020-08-11 17:32:19,114+0200 INFO  mainwindow - downloading http://mirror.ibcp.fr/pub/CTAN/systems/win32/miktex/tm/packages/miktex-metafont-bin-x64-2.9.tar.lzma...
2020-08-11 17:32:19,114+0200 INFO  miktex-console.packagemanager - going to download http://mirror.ibcp.fr/pub/CTAN/systems/win32/miktex/tm/packages/miktex-metafont-bin-x64-2.9.tar.lzma
2020-08-11 17:32:19,161+0200 INFO  mainwindow - 0.21 MB, 36.03 Mbit/s
2020-08-11 17:32:19,208+0200 INFO  mainwindow - extracting files from miktex-metafont-bin-x64-2.9.tar.lzma...
2020-08-11 17:32:19,318+0200 INFO  miktex-console.packagemanager - installing package miktex-metapost-bin-x64-2.9
2020-08-11 17:32:19,318+0200 INFO  mainwindow - downloading http://mirror.ibcp.fr/pub/CTAN/systems/win32/miktex/tm/packages/miktex-metapost-bin-x64-2.9.tar.lzma...
2020-08-11 17:32:19,318+0200 INFO  miktex-console.packagemanager - going to download http://mirror.ibcp.fr/pub/CTAN/systems/win32/miktex/tm/packages/miktex-metapost-bin-x64-2.9.tar.lzma
2020-08-11 17:32:19,364+0200 INFO  mainwindow - 0.31 MB, 67.80 Mbit/s
2020-08-11 17:32:19,411+0200 INFO  mainwindow - extracting files from miktex-metapost-bin-x64-2.9.tar.lzma...
2020-08-11 17:32:19,676+0200 INFO  miktex-console.packagemanager - installing package miktex-mfware-bin-x64-2.9
2020-08-11 17:32:19,676+0200 INFO  mainwindow - downloading http://mirror.ibcp.fr/pub/CTAN/systems/win32/miktex/tm/packages/miktex-mfware-bin-x64-2.9.tar.lzma...
2020-08-11 17:32:19,676+0200 INFO  miktex-console.packagemanager - going to download http://mirror.ibcp.fr/pub/CTAN/systems/win32/miktex/tm/packages/miktex-mfware-bin-x64-2.9.tar.lzma
2020-08-11 17:32:19,707+0200 INFO  mainwindow - 0.10 MB, 26.23 Mbit/s
2020-08-11 17:32:19,769+0200 INFO  mainwindow - extracting files from miktex-mfware-bin-x64-2.9.tar.lzma...
2020-08-11 17:32:20,004+0200 INFO  miktex-console.packagemanager - installing package miktex-misc
2020-08-11 17:32:20,004+0200 INFO  mainwindow - downloading http://mirror.ibcp.fr/pub/CTAN/systems/win32/miktex/tm/packages/miktex-misc.tar.lzma...
2020-08-11 17:32:20,004+0200 INFO  miktex-console.packagemanager - going to download http://mirror.ibcp.fr/pub/CTAN/systems/win32/miktex/tm/packages/miktex-misc.tar.lzma
2020-08-11 17:32:20,035+0200 INFO  mainwindow - 0.02 MB, 6.45 Mbit/s
2020-08-11 17:32:20,332+0200 INFO  mainwindow - extracting files from miktex-misc.tar.lzma...
2020-08-11 17:32:21,019+0200 INFO  miktex-console.packagemanager - installing package miktex-mkfntmap-bin-x64-2.9
2020-08-11 17:32:21,019+0200 INFO  mainwindow - downloading http://mirror.ibcp.fr/pub/CTAN/systems/win32/miktex/tm/packages/miktex-mkfntmap-bin-x64-2.9.tar.lzma...
2020-08-11 17:32:21,019+0200 INFO  miktex-console.packagemanager - going to download http://mirror.ibcp.fr/pub/CTAN/systems/win32/miktex/tm/packages/miktex-mkfntmap-bin-x64-2.9.tar.lzma
2020-08-11 17:32:21,082+0200 INFO  mainwindow - 0.09 MB, 10.59 Mbit/s
2020-08-11 17:32:21,129+0200 INFO  mainwindow - extracting files from miktex-mkfntmap-bin-x64-2.9.tar.lzma...
2020-08-11 17:32:21,225+0200 INFO  miktex-console.packagemanager - installing package miktex-mktex-bin-x64-2.9
2020-08-11 17:32:21,225+0200 INFO  mainwindow - downloading http://mirror.ibcp.fr/pub/CTAN/systems/win32/miktex/tm/packages/miktex-mktex-bin-x64-2.9.tar.lzma...
2020-08-11 17:32:21,225+0200 INFO  miktex-console.packagemanager - going to download http://mirror.ibcp.fr/pub/CTAN/systems/win32/miktex/tm/packages/miktex-mktex-bin-x64-2.9.tar.lzma
2020-08-11 17:32:21,272+0200 INFO  mainwindow - 0.19 MB, 32.93 Mbit/s
2020-08-11 17:32:21,365+0200 INFO  mainwindow - extracting files from miktex-mktex-bin-x64-2.9.tar.lzma...
2020-08-11 17:32:21,647+0200 INFO  miktex-console.packagemanager - installing package miktex-mo-bin-x64-2.9
2020-08-11 17:32:21,647+0200 INFO  mainwindow - downloading http://mirror.ibcp.fr/pub/CTAN/systems/win32/miktex/tm/packages/miktex-mo-bin-x64-2.9.tar.lzma...
2020-08-11 17:32:21,647+0200 INFO  miktex-console.packagemanager - going to download http://mirror.ibcp.fr/pub/CTAN/systems/win32/miktex/tm/packages/miktex-mo-bin-x64-2.9.tar.lzma
2020-08-11 17:32:21,772+0200 INFO  mainwindow - 0.18 MB, 10.88 Mbit/s
2020-08-11 17:32:21,850+0200 INFO  mainwindow - extracting files from miktex-mo-bin-x64-2.9.tar.lzma...
2020-08-11 17:32:22,069+0200 INFO  miktex-console.packagemanager - installing package miktex-mpfr-bin-x64-2.9
2020-08-11 17:32:22,069+0200 INFO  mainwindow - downloading http://mirror.ibcp.fr/pub/CTAN/systems/win32/miktex/tm/packages/miktex-mpfr-bin-x64-2.9.tar.lzma...
2020-08-11 17:32:22,069+0200 INFO  miktex-console.packagemanager - going to download http://mirror.ibcp.fr/pub/CTAN/systems/win32/miktex/tm/packages/miktex-mpfr-bin-x64-2.9.tar.lzma
2020-08-11 17:32:22,115+0200 INFO  mainwindow - 0.18 MB, 30.20 Mbit/s
2020-08-11 17:32:22,178+0200 INFO  mainwindow - extracting files from miktex-mpfr-bin-x64-2.9.tar.lzma...
2020-08-11 17:32:22,459+0200 INFO  miktex-console.packagemanager - installing package miktex-mpmcli-bin-x64-2.9
2020-08-11 17:32:22,459+0200 INFO  mainwindow - downloading http://mirror.ibcp.fr/pub/CTAN/systems/win32/miktex/tm/packages/miktex-mpmcli-bin-x64-2.9.tar.lzma...
2020-08-11 17:32:22,459+0200 INFO  miktex-console.packagemanager - going to download http://mirror.ibcp.fr/pub/CTAN/systems/win32/miktex/tm/packages/miktex-mpmcli-bin-x64-2.9.tar.lzma
2020-08-11 17:32:22,490+0200 INFO  mainwindow - 0.10 MB, 25.83 Mbit/s
2020-08-11 17:32:22,537+0200 INFO  mainwindow - extracting files from miktex-mpmcli-bin-x64-2.9.tar.lzma...
2020-08-11 17:32:22,647+0200 INFO  miktex-console.packagemanager - installing package miktex-mspack-bin-x64-2.9
2020-08-11 17:32:22,647+0200 INFO  mainwindow - downloading http://mirror.ibcp.fr/pub/CTAN/systems/win32/miktex/tm/packages/miktex-mspack-bin-x64-2.9.tar.lzma...
2020-08-11 17:32:22,647+0200 INFO  miktex-console.packagemanager - going to download http://mirror.ibcp.fr/pub/CTAN/systems/win32/miktex/tm/packages/miktex-mspack-bin-x64-2.9.tar.lzma
2020-08-11 17:32:22,678+0200 INFO  mainwindow - 0.04 MB, 10.01 Mbit/s
2020-08-11 17:32:22,725+0200 INFO  mainwindow - extracting files from miktex-mspack-bin-x64-2.9.tar.lzma...
2020-08-11 17:32:22,912+0200 INFO  miktex-console.packagemanager - installing package miktex-mthelp-bin-x64-2.9
2020-08-11 17:32:22,912+0200 INFO  mainwindow - downloading http://mirror.ibcp.fr/pub/CTAN/systems/win32/miktex/tm/packages/miktex-mthelp-bin-x64-2.9.tar.lzma...
2020-08-11 17:32:22,912+0200 INFO  miktex-console.packagemanager - going to download http://mirror.ibcp.fr/pub/CTAN/systems/win32/miktex/tm/packages/miktex-mthelp-bin-x64-2.9.tar.lzma
2020-08-11 17:32:22,944+0200 INFO  mainwindow - 0.06 MB, 17.71 Mbit/s
2020-08-11 17:32:22,990+0200 INFO  mainwindow - extracting files from miktex-mthelp-bin-x64-2.9.tar.lzma...
2020-08-11 17:32:23,084+0200 INFO  miktex-console.packagemanager - installing package miktex-mtprint-bin-x64-2.9
2020-08-11 17:32:23,084+0200 INFO  mainwindow - downloading http://mirror.ibcp.fr/pub/CTAN/systems/win32/miktex/tm/packages/miktex-mtprint-bin-x64-2.9.tar.lzma...
2020-08-11 17:32:23,084+0200 INFO  miktex-console.packagemanager - going to download http://mirror.ibcp.fr/pub/CTAN/systems/win32/miktex/tm/packages/miktex-mtprint-bin-x64-2.9.tar.lzma
2020-08-11 17:32:23,115+0200 INFO  mainwindow - 0.07 MB, 19.92 Mbit/s
2020-08-11 17:32:23,162+0200 INFO  mainwindow - extracting files from miktex-mtprint-bin-x64-2.9.tar.lzma...
2020-08-11 17:32:23,272+0200 INFO  miktex-console.packagemanager - installing package miktex-omegaware-bin-x64-2.9
2020-08-11 17:32:23,272+0200 INFO  mainwindow - downloading http://mirror.ibcp.fr/pub/CTAN/systems/win32/miktex/tm/packages/miktex-omegaware-bin-x64-2.9.tar.lzma...
2020-08-11 17:32:23,272+0200 INFO  miktex-console.packagemanager - going to download http://mirror.ibcp.fr/pub/CTAN/systems/win32/miktex/tm/packages/miktex-omegaware-bin-x64-2.9.tar.lzma
2020-08-11 17:32:23,319+0200 INFO  mainwindow - 0.21 MB, 35.83 Mbit/s
2020-08-11 17:32:23,428+0200 INFO  mainwindow - extracting files from miktex-omegaware-bin-x64-2.9.tar.lzma...
2020-08-11 17:32:23,850+0200 INFO  miktex-console.packagemanager - installing package miktex-patgen-bin-x64
2020-08-11 17:32:23,850+0200 INFO  mainwindow - downloading http://mirror.ibcp.fr/pub/CTAN/systems/win32/miktex/tm/packages/miktex-patgen-bin-x64.tar.lzma...
2020-08-11 17:32:23,850+0200 INFO  miktex-console.packagemanager - going to download http://mirror.ibcp.fr/pub/CTAN/systems/win32/miktex/tm/packages/miktex-patgen-bin-x64.tar.lzma
2020-08-11 17:32:23,881+0200 INFO  mainwindow - 0.04 MB, 11.65 Mbit/s
2020-08-11 17:32:23,928+0200 INFO  mainwindow - extracting files from miktex-patgen-bin-x64.tar.lzma...
2020-08-11 17:32:24,053+0200 INFO  miktex-console.packagemanager - installing package miktex-pdftex-bin-x64-2.9
2020-08-11 17:32:24,053+0200 INFO  mainwindow - downloading http://mirror.ibcp.fr/pub/CTAN/systems/win32/miktex/tm/packages/miktex-pdftex-bin-x64-2.9.tar.lzma...
2020-08-11 17:32:24,053+0200 INFO  miktex-console.packagemanager - going to download http://mirror.ibcp.fr/pub/CTAN/systems/win32/miktex/tm/packages/miktex-pdftex-bin-x64-2.9.tar.lzma
2020-08-11 17:32:24,131+0200 INFO  mainwindow - 0.36 MB, 38.00 Mbit/s
2020-08-11 17:32:24,225+0200 INFO  mainwindow - extracting files from miktex-pdftex-bin-x64-2.9.tar.lzma...
2020-08-11 17:32:24,522+0200 INFO  miktex-console.packagemanager - installing package miktex-pixman-bin-x64-2.9
2020-08-11 17:32:24,522+0200 INFO  mainwindow - downloading http://mirror.ibcp.fr/pub/CTAN/systems/win32/miktex/tm/packages/miktex-pixman-bin-x64-2.9.tar.lzma...
2020-08-11 17:32:24,522+0200 INFO  miktex-console.packagemanager - going to download http://mirror.ibcp.fr/pub/CTAN/systems/win32/miktex/tm/packages/miktex-pixman-bin-x64-2.9.tar.lzma
2020-08-11 17:32:24,569+0200 INFO  mainwindow - 0.19 MB, 30.44 Mbit/s
2020-08-11 17:32:24,614+0200 INFO  mainwindow - extracting files from miktex-pixman-bin-x64-2.9.tar.lzma...
2020-08-11 17:32:24,833+0200 INFO  miktex-console.packagemanager - installing package miktex-pmx-bin-x64-2.9
2020-08-11 17:32:24,833+0200 INFO  mainwindow - downloading http://mirror.ibcp.fr/pub/CTAN/systems/win32/miktex/tm/packages/miktex-pmx-bin-x64-2.9.tar.lzma...
2020-08-11 17:32:24,833+0200 INFO  miktex-console.packagemanager - going to download http://mirror.ibcp.fr/pub/CTAN/systems/win32/miktex/tm/packages/miktex-pmx-bin-x64-2.9.tar.lzma
2020-08-11 17:32:24,880+0200 INFO  mainwindow - 0.24 MB, 40.51 Mbit/s
2020-08-11 17:32:24,942+0200 INFO  mainwindow - extracting files from miktex-pmx-bin-x64-2.9.tar.lzma...
2020-08-11 17:32:25,098+0200 INFO  miktex-console.packagemanager - installing package miktex-png-bin-x64-2.9
2020-08-11 17:32:25,098+0200 INFO  mainwindow - downloading http://mirror.ibcp.fr/pub/CTAN/systems/win32/miktex/tm/packages/miktex-png-bin-x64-2.9.tar.lzma...
2020-08-11 17:32:25,098+0200 INFO  miktex-console.packagemanager - going to download http://mirror.ibcp.fr/pub/CTAN/systems/win32/miktex/tm/packages/miktex-png-bin-x64-2.9.tar.lzma
2020-08-11 17:32:25,130+0200 INFO  mainwindow - 0.09 MB, 24.93 Mbit/s
2020-08-11 17:32:25,177+0200 INFO  mainwindow - extracting files from miktex-png-bin-x64-2.9.tar.lzma...
2020-08-11 17:32:25,364+0200 INFO  miktex-console.packagemanager - installing package miktex-poppler-bin-x64-2.9
2020-08-11 17:32:25,364+0200 INFO  mainwindow - downloading http://mirror.ibcp.fr/pub/CTAN/systems/win32/miktex/tm/packages/miktex-poppler-bin-x64-2.9.tar.lzma...
2020-08-11 17:32:25,364+0200 INFO  miktex-console.packagemanager - going to download http://mirror.ibcp.fr/pub/CTAN/systems/win32/miktex/tm/packages/miktex-poppler-bin-x64-2.9.tar.lzma
2020-08-11 17:32:25,473+0200 INFO  mainwindow - 1.02 MB, 73.64 Mbit/s
2020-08-11 17:32:25,645+0200 INFO  mainwindow - extracting files from miktex-poppler-bin-x64-2.9.tar.lzma...
2020-08-11 17:32:26,460+0200 INFO  miktex-console.packagemanager - installing package miktex-popt-bin-x64-2.9
2020-08-11 17:32:26,460+0200 INFO  mainwindow - downloading http://mirror.ibcp.fr/pub/CTAN/systems/win32/miktex/tm/packages/miktex-popt-bin-x64-2.9.tar.lzma...
2020-08-11 17:32:26,460+0200 INFO  miktex-console.packagemanager - going to download http://mirror.ibcp.fr/pub/CTAN/systems/win32/miktex/tm/packages/miktex-popt-bin-x64-2.9.tar.lzma
2020-08-11 17:32:26,492+0200 INFO  mainwindow - 0.02 MB, 6.99 Mbit/s
2020-08-11 17:32:26,492+0200 ERROR miktex-console.core - Accès refusé.

2020-08-11 17:32:26,492+0200 ERROR miktex-console.core - Function: DeleteFileW
2020-08-11 17:32:26,492+0200 ERROR miktex-console.core - Result: 5
2020-08-11 17:32:26,492+0200 ERROR miktex-console.core - Data: path="C:\Users\Public\Dev\altair\texlive2\texmfs\install\miktex\bin\x64\MiKTeX200629-popt.dll"
2020-08-11 17:32:26,492+0200 ERROR miktex-console.core - Source: Libraries\MiKTeX\Core\File\win\winFile.cpp:326
2020-08-11 17:32:26,538+0200 INFO  mainwindow - extracting files from miktex-popt-bin-x64-2.9.tar.lzma...
2020-08-11 17:32:26,804+0200 INFO  miktex-console.packagemanager - installing package miktex-posix-bin-x64-2.9
2020-08-11 17:32:26,804+0200 INFO  mainwindow - downloading http://mirror.ibcp.fr/pub/CTAN/systems/win32/miktex/tm/packages/miktex-posix-bin-x64-2.9.tar.lzma...
2020-08-11 17:32:26,804+0200 INFO  miktex-console.packagemanager - going to download http://mirror.ibcp.fr/pub/CTAN/systems/win32/miktex/tm/packages/miktex-posix-bin-x64-2.9.tar.lzma
2020-08-11 17:32:26,867+0200 INFO  mainwindow - 0.04 MB, 4.84 Mbit/s
2020-08-11 17:32:26,945+0200 INFO  mainwindow - extracting files from miktex-posix-bin-x64-2.9.tar.lzma...
2020-08-11 17:32:27,226+0200 INFO  miktex-console.packagemanager - installing package miktex-ps2pk-bin-x64-2.9
2020-08-11 17:32:27,226+0200 INFO  mainwindow - downloading http://mirror.ibcp.fr/pub/CTAN/systems/win32/miktex/tm/packages/miktex-ps2pk-bin-x64-2.9.tar.lzma...
2020-08-11 17:32:27,226+0200 INFO  miktex-console.packagemanager - going to download http://mirror.ibcp.fr/pub/CTAN/systems/win32/miktex/tm/packages/miktex-ps2pk-bin-x64-2.9.tar.lzma
2020-08-11 17:32:27,288+0200 INFO  mainwindow - 0.07 MB, 9.54 Mbit/s
2020-08-11 17:32:27,382+0200 INFO  mainwindow - extracting files from miktex-ps2pk-bin-x64-2.9.tar.lzma...
2020-08-11 17:32:27,554+0200 INFO  miktex-console.packagemanager - installing package miktex-psutils-bin-x64-2.9
2020-08-11 17:32:27,554+0200 INFO  mainwindow - downloading http://mirror.ibcp.fr/pub/CTAN/systems/win32/miktex/tm/packages/miktex-psutils-bin-x64-2.9.tar.lzma...
2020-08-11 17:32:27,554+0200 INFO  miktex-console.packagemanager - going to download http://mirror.ibcp.fr/pub/CTAN/systems/win32/miktex/tm/packages/miktex-psutils-bin-x64-2.9.tar.lzma
2020-08-11 17:32:27,601+0200 INFO  mainwindow - 0.05 MB, 8.68 Mbit/s
2020-08-11 17:32:27,742+0200 INFO  mainwindow - extracting files from miktex-psutils-bin-x64-2.9.tar.lzma...
2020-08-11 17:32:28,179+0200 INFO  miktex-console.packagemanager - installing package miktex-runtime-bin-x64-2.9
2020-08-11 17:32:28,179+0200 INFO  mainwindow - downloading http://mirror.ibcp.fr/pub/CTAN/systems/win32/miktex/tm/packages/miktex-runtime-bin-x64-2.9.tar.lzma...
2020-08-11 17:32:28,179+0200 INFO  miktex-console.packagemanager - going to download http://mirror.ibcp.fr/pub/CTAN/systems/win32/miktex/tm/packages/miktex-runtime-bin-x64-2.9.tar.lzma
2020-08-11 17:32:28,320+0200 INFO  mainwindow - 1.33 MB, 76.84 Mbit/s
2020-08-11 17:32:28,445+0200 ERROR miktex-console.core - Accès refusé.

2020-08-11 17:32:28,445+0200 ERROR miktex-console.core - Function: DeleteFileW
2020-08-11 17:32:28,445+0200 ERROR miktex-console.core - Result: 5
2020-08-11 17:32:28,445+0200 ERROR miktex-console.core - Data: path="C:\Users\Public\Dev\altair\texlive2\texmfs\install\miktex\bin\x64\MiKTeX200629-core.dll"
2020-08-11 17:32:28,445+0200 ERROR miktex-console.core - Source: Libraries\MiKTeX\Core\File\win\winFile.cpp:326
2020-08-11 17:32:28,507+0200 ERROR miktex-console.core - Accès refusé.

2020-08-11 17:32:28,507+0200 ERROR miktex-console.core - Function: DeleteFileW
2020-08-11 17:32:28,507+0200 ERROR miktex-console.core - Result: 5
2020-08-11 17:32:28,507+0200 ERROR miktex-console.core - Data: path="C:\Users\Public\Dev\altair\texlive2\texmfs\install\miktex\bin\x64\MiKTeX200629-extractor.dll"
2020-08-11 17:32:28,507+0200 ERROR miktex-console.core - Source: Libraries\MiKTeX\Core\File\win\winFile.cpp:326
2020-08-11 17:32:28,554+0200 ERROR miktex-console.core - Accès refusé.

2020-08-11 17:32:28,554+0200 ERROR miktex-console.core - Function: DeleteFileW
2020-08-11 17:32:28,554+0200 ERROR miktex-console.core - Result: 5
2020-08-11 17:32:28,554+0200 ERROR miktex-console.core - Data: path="C:\Users\Public\Dev\altair\texlive2\texmfs\install\miktex\bin\x64\MiKTeX200629-packagemanager.dll"
2020-08-11 17:32:28,554+0200 ERROR miktex-console.core - Source: Libraries\MiKTeX\Core\File\win\winFile.cpp:326
2020-08-11 17:32:28,570+0200 ERROR miktex-console.core - Accès refusé.

2020-08-11 17:32:28,570+0200 ERROR miktex-console.core - Function: DeleteFileW
2020-08-11 17:32:28,570+0200 ERROR miktex-console.core - Result: 5
2020-08-11 17:32:28,570+0200 ERROR miktex-console.core - Data: path="C:\Users\Public\Dev\altair\texlive2\texmfs\install\miktex\bin\x64\MiKTeX200629-setup.dll"
2020-08-11 17:32:28,570+0200 ERROR miktex-console.core - Source: Libraries\MiKTeX\Core\File\win\winFile.cpp:326
2020-08-11 17:32:28,601+0200 ERROR miktex-console.core - Accès refusé.

2020-08-11 17:32:28,601+0200 ERROR miktex-console.core - Function: DeleteFileW
2020-08-11 17:32:28,601+0200 ERROR miktex-console.core - Result: 5
2020-08-11 17:32:28,601+0200 ERROR miktex-console.core - Data: path="C:\Users\Public\Dev\altair\texlive2\texmfs\install\miktex\bin\x64\MiKTeX200629-trace.dll"
2020-08-11 17:32:28,601+0200 ERROR miktex-console.core - Source: Libraries\MiKTeX\Core\File\win\winFile.cpp:326
2020-08-11 17:32:28,617+0200 ERROR miktex-console.core - Accès refusé.

2020-08-11 17:32:28,617+0200 ERROR miktex-console.core - Function: DeleteFileW
2020-08-11 17:32:28,617+0200 ERROR miktex-console.core - Result: 5
2020-08-11 17:32:28,617+0200 ERROR miktex-console.core - Data: path="C:\Users\Public\Dev\altair\texlive2\texmfs\install\miktex\bin\x64\MiKTeX200629-ui-Qt.dll"
2020-08-11 17:32:28,617+0200 ERROR miktex-console.core - Source: Libraries\MiKTeX\Core\File\win\winFile.cpp:326
2020-08-11 17:32:28,648+0200 ERROR miktex-console.core - Accès refusé.

2020-08-11 17:32:28,648+0200 ERROR miktex-console.core - Function: DeleteFileW
2020-08-11 17:32:28,648+0200 ERROR miktex-console.core - Result: 5
2020-08-11 17:32:28,648+0200 ERROR miktex-console.core - Data: path="C:\Users\Public\Dev\altair\texlive2\texmfs\install\miktex\bin\x64\MiKTeX200629-utf8wrap.dll"
2020-08-11 17:32:28,648+0200 ERROR miktex-console.core - Source: Libraries\MiKTeX\Core\File\win\winFile.cpp:326
2020-08-11 17:32:28,663+0200 ERROR miktex-console.core - Accès refusé.

2020-08-11 17:32:28,663+0200 ERROR miktex-console.core - Function: DeleteFileW
2020-08-11 17:32:28,663+0200 ERROR miktex-console.core - Result: 5
2020-08-11 17:32:28,663+0200 ERROR miktex-console.core - Data: path="C:\Users\Public\Dev\altair\texlive2\texmfs\install\miktex\bin\x64\MiKTeX200629-util.dll"
2020-08-11 17:32:28,663+0200 ERROR miktex-console.core - Source: Libraries\MiKTeX\Core\File\win\winFile.cpp:326
2020-08-11 17:32:28,710+0200 INFO  mainwindow - extracting files from miktex-runtime-bin-x64-2.9.tar.lzma...
2020-08-11 17:32:30,337+0200 INFO  miktex-console.packagemanager - installing package miktex-synctex-bin-x64-2.9
2020-08-11 17:32:30,337+0200 INFO  mainwindow - downloading http://mirror.ibcp.fr/pub/CTAN/systems/win32/miktex/tm/packages/miktex-synctex-bin-x64-2.9.tar.lzma...
2020-08-11 17:32:30,337+0200 INFO  miktex-console.packagemanager - going to download http://mirror.ibcp.fr/pub/CTAN/systems/win32/miktex/tm/packages/miktex-synctex-bin-x64-2.9.tar.lzma
2020-08-11 17:32:30,415+0200 INFO  mainwindow - 0.05 MB, 5.49 Mbit/s
2020-08-11 17:32:30,477+0200 INFO  mainwindow - extracting files from miktex-synctex-bin-x64-2.9.tar.lzma...
2020-08-11 17:32:30,634+0200 INFO  miktex-console.packagemanager - installing package miktex-tdsutil-bin-x64
2020-08-11 17:32:30,634+0200 INFO  mainwindow - downloading http://mirror.ibcp.fr/pub/CTAN/systems/win32/miktex/tm/packages/miktex-tdsutil-bin-x64.tar.lzma...
2020-08-11 17:32:30,634+0200 INFO  miktex-console.packagemanager - going to download http://mirror.ibcp.fr/pub/CTAN/systems/win32/miktex/tm/packages/miktex-tdsutil-bin-x64.tar.lzma
2020-08-11 17:32:30,681+0200 INFO  mainwindow - 0.08 MB, 13.79 Mbit/s
2020-08-11 17:32:30,727+0200 INFO  mainwindow - extracting files from miktex-tdsutil-bin-x64.tar.lzma...
2020-08-11 17:32:30,837+0200 INFO  miktex-console.packagemanager - installing package miktex-teckit-bin-x64-2.9
2020-08-11 17:32:30,837+0200 INFO  mainwindow - downloading http://mirror.ibcp.fr/pub/CTAN/systems/win32/miktex/tm/packages/miktex-teckit-bin-x64-2.9.tar.lzma...
2020-08-11 17:32:30,837+0200 INFO  miktex-console.packagemanager - going to download http://mirror.ibcp.fr/pub/CTAN/systems/win32/miktex/tm/packages/miktex-teckit-bin-x64-2.9.tar.lzma
2020-08-11 17:32:30,868+0200 INFO  mainwindow - 0.03 MB, 8.02 Mbit/s
2020-08-11 17:32:30,915+0200 INFO  mainwindow - extracting files from miktex-teckit-bin-x64-2.9.tar.lzma...
2020-08-11 17:32:31,165+0200 INFO  miktex-console.packagemanager - installing package miktex-tex-bin-x64-2.9
2020-08-11 17:32:31,165+0200 INFO  mainwindow - downloading http://mirror.ibcp.fr/pub/CTAN/systems/win32/miktex/tm/packages/miktex-tex-bin-x64-2.9.tar.lzma...
2020-08-11 17:32:31,165+0200 INFO  miktex-console.packagemanager - going to download http://mirror.ibcp.fr/pub/CTAN/systems/win32/miktex/tm/packages/miktex-tex-bin-x64-2.9.tar.lzma
2020-08-11 17:32:31,243+0200 INFO  mainwindow - 0.17 MB, 19.21 Mbit/s
2020-08-11 17:32:31,290+0200 INFO  mainwindow - extracting files from miktex-tex-bin-x64-2.9.tar.lzma...
2020-08-11 17:32:31,462+0200 INFO  miktex-console.packagemanager - installing package miktex-tex2xindy-bin-x64-2.9
2020-08-11 17:32:31,462+0200 INFO  mainwindow - downloading http://mirror.ibcp.fr/pub/CTAN/systems/win32/miktex/tm/packages/miktex-tex2xindy-bin-x64-2.9.tar.lzma...
2020-08-11 17:32:31,462+0200 INFO  miktex-console.packagemanager - going to download http://mirror.ibcp.fr/pub/CTAN/systems/win32/miktex/tm/packages/miktex-tex2xindy-bin-x64-2.9.tar.lzma
2020-08-11 17:32:31,493+0200 INFO  mainwindow - 0.02 MB, 4.43 Mbit/s
2020-08-11 17:32:31,556+0200 INFO  mainwindow - extracting files from miktex-tex2xindy-bin-x64-2.9.tar.lzma...
2020-08-11 17:32:31,665+0200 INFO  miktex-console.packagemanager - installing package miktex-tex4ht-bin-x64-2.9
2020-08-11 17:32:31,665+0200 INFO  mainwindow - downloading http://mirror.ibcp.fr/pub/CTAN/systems/win32/miktex/tm/packages/miktex-tex4ht-bin-x64-2.9.tar.lzma...
2020-08-11 17:32:31,665+0200 INFO  miktex-console.packagemanager - going to download http://mirror.ibcp.fr/pub/CTAN/systems/win32/miktex/tm/packages/miktex-tex4ht-bin-x64-2.9.tar.lzma
2020-08-11 17:32:31,696+0200 INFO  mainwindow - 0.07 MB, 17.85 Mbit/s
2020-08-11 17:32:31,759+0200 INFO  mainwindow - extracting files from miktex-tex4ht-bin-x64-2.9.tar.lzma...
2020-08-11 17:32:31,946+0200 INFO  miktex-console.packagemanager - installing package miktex-texify-bin-x64-2.9
2020-08-11 17:32:31,946+0200 INFO  mainwindow - downloading http://mirror.ibcp.fr/pub/CTAN/systems/win32/miktex/tm/packages/miktex-texify-bin-x64-2.9.tar.lzma...
2020-08-11 17:32:31,946+0200 INFO  miktex-console.packagemanager - going to download http://mirror.ibcp.fr/pub/CTAN/systems/win32/miktex/tm/packages/miktex-texify-bin-x64-2.9.tar.lzma
2020-08-11 17:32:32,009+0200 INFO  mainwindow - 0.09 MB, 11.54 Mbit/s
2020-08-11 17:32:32,056+0200 INFO  mainwindow - extracting files from miktex-texify-bin-x64-2.9.tar.lzma...
2020-08-11 17:32:32,165+0200 INFO  miktex-console.packagemanager - installing package miktex-texware-bin-x64-2.9
2020-08-11 17:32:32,165+0200 INFO  mainwindow - downloading http://mirror.ibcp.fr/pub/CTAN/systems/win32/miktex/tm/packages/miktex-texware-bin-x64-2.9.tar.lzma...
2020-08-11 17:32:32,165+0200 INFO  miktex-console.packagemanager - going to download http://mirror.ibcp.fr/pub/CTAN/systems/win32/miktex/tm/packages/miktex-texware-bin-x64-2.9.tar.lzma
2020-08-11 17:32:32,196+0200 INFO  mainwindow - 0.10 MB, 27.86 Mbit/s
2020-08-11 17:32:32,290+0200 INFO  mainwindow - extracting files from miktex-texware-bin-x64-2.9.tar.lzma...
2020-08-11 17:32:32,587+0200 INFO  miktex-console.packagemanager - installing package miktex-texworks-bin-x64-2.9
2020-08-11 17:32:32,587+0200 INFO  mainwindow - downloading http://mirror.ibcp.fr/pub/CTAN/systems/win32/miktex/tm/packages/miktex-texworks-bin-x64-2.9.tar.lzma...
2020-08-11 17:32:32,587+0200 INFO  miktex-console.packagemanager - going to download http://mirror.ibcp.fr/pub/CTAN/systems/win32/miktex/tm/packages/miktex-texworks-bin-x64-2.9.tar.lzma
2020-08-11 17:32:32,712+0200 INFO  mainwindow - 2.66 MB, 175.65 Mbit/s
2020-08-11 17:32:32,759+0200 INFO  mainwindow - extracting files from miktex-texworks-bin-x64-2.9.tar.lzma...
2020-08-11 17:32:33,118+0200 INFO  miktex-console.packagemanager - installing package miktex-ttf2pk2-bin-x64-2.9
2020-08-11 17:32:33,118+0200 INFO  mainwindow - downloading http://mirror.ibcp.fr/pub/CTAN/systems/win32/miktex/tm/packages/miktex-ttf2pk2-bin-x64-2.9.tar.lzma...
2020-08-11 17:32:33,118+0200 INFO  miktex-console.packagemanager - going to download http://mirror.ibcp.fr/pub/CTAN/systems/win32/miktex/tm/packages/miktex-ttf2pk2-bin-x64-2.9.tar.lzma
2020-08-11 17:32:33,149+0200 INFO  mainwindow - 0.06 MB, 12.35 Mbit/s
2020-08-11 17:32:33,227+0200 INFO  mainwindow - extracting files from miktex-ttf2pk2-bin-x64-2.9.tar.lzma...
2020-08-11 17:32:33,368+0200 INFO  miktex-console.packagemanager - installing package miktex-upmendex-bin-x64
2020-08-11 17:32:33,368+0200 INFO  mainwindow - downloading http://mirror.ibcp.fr/pub/CTAN/systems/win32/miktex/tm/packages/miktex-upmendex-bin-x64.tar.lzma...
2020-08-11 17:32:33,368+0200 INFO  miktex-console.packagemanager - going to download http://mirror.ibcp.fr/pub/CTAN/systems/win32/miktex/tm/packages/miktex-upmendex-bin-x64.tar.lzma
2020-08-11 17:32:33,399+0200 INFO  mainwindow - 0.04 MB, 10.19 Mbit/s
2020-08-11 17:32:33,446+0200 INFO  mainwindow - extracting files from miktex-upmendex-bin-x64.tar.lzma...
2020-08-11 17:32:33,602+0200 INFO  miktex-console.packagemanager - installing package miktex-uriparser-bin-x64-2.9
2020-08-11 17:32:33,602+0200 INFO  mainwindow - downloading http://mirror.ibcp.fr/pub/CTAN/systems/win32/miktex/tm/packages/miktex-uriparser-bin-x64-2.9.tar.lzma...
2020-08-11 17:32:33,602+0200 INFO  miktex-console.packagemanager - going to download http://mirror.ibcp.fr/pub/CTAN/systems/win32/miktex/tm/packages/miktex-uriparser-bin-x64-2.9.tar.lzma
2020-08-11 17:32:33,649+0200 INFO  mainwindow - 0.03 MB, 6.82 Mbit/s
2020-08-11 17:32:33,712+0200 INFO  mainwindow - extracting files from miktex-uriparser-bin-x64-2.9.tar.lzma...
2020-08-11 17:32:33,993+0200 INFO  miktex-console.packagemanager - installing package miktex-web-bin-x64-2.9
2020-08-11 17:32:33,993+0200 INFO  mainwindow - downloading http://mirror.ibcp.fr/pub/CTAN/systems/win32/miktex/tm/packages/miktex-web-bin-x64-2.9.tar.lzma...
2020-08-11 17:32:33,993+0200 INFO  miktex-console.packagemanager - going to download http://mirror.ibcp.fr/pub/CTAN/systems/win32/miktex/tm/packages/miktex-web-bin-x64-2.9.tar.lzma
2020-08-11 17:32:34,040+0200 INFO  mainwindow - 0.07 MB, 15.58 Mbit/s
2020-08-11 17:32:34,118+0200 INFO  mainwindow - extracting files from miktex-web-bin-x64-2.9.tar.lzma...
2020-08-11 17:32:34,337+0200 INFO  miktex-console.packagemanager - installing package miktex-xetex-bin-x64-2.9
2020-08-11 17:32:34,337+0200 INFO  mainwindow - downloading http://mirror.ibcp.fr/pub/CTAN/systems/win32/miktex/tm/packages/miktex-xetex-bin-x64-2.9.tar.lzma...
2020-08-11 17:32:34,337+0200 INFO  miktex-console.packagemanager - going to download http://mirror.ibcp.fr/pub/CTAN/systems/win32/miktex/tm/packages/miktex-xetex-bin-x64-2.9.tar.lzma
2020-08-11 17:32:34,399+0200 INFO  mainwindow - 0.28 MB, 33.40 Mbit/s
2020-08-11 17:32:34,446+0200 INFO  mainwindow - extracting files from miktex-xetex-bin-x64-2.9.tar.lzma...
2020-08-11 17:32:34,579+0200 INFO  miktex-console.packagemanager - installing package miktex-yap-bin-x64-2.9
2020-08-11 17:32:34,580+0200 INFO  mainwindow - downloading http://mirror.ibcp.fr/pub/CTAN/systems/win32/miktex/tm/packages/miktex-yap-bin-x64-2.9.tar.lzma...
2020-08-11 17:32:34,580+0200 INFO  miktex-console.packagemanager - going to download http://mirror.ibcp.fr/pub/CTAN/systems/win32/miktex/tm/packages/miktex-yap-bin-x64-2.9.tar.lzma
2020-08-11 17:32:34,638+0200 INFO  mainwindow - 0.64 MB, 89.59 Mbit/s
2020-08-11 17:32:34,701+0200 INFO  mainwindow - extracting files from miktex-yap-bin-x64-2.9.tar.lzma...
2020-08-11 17:32:35,108+0200 INFO  miktex-console.packagemanager - installing package miktex-zlib-bin-x64-2.9
2020-08-11 17:32:35,110+0200 INFO  mainwindow - downloading http://mirror.ibcp.fr/pub/CTAN/systems/win32/miktex/tm/packages/miktex-zlib-bin-x64-2.9.tar.lzma...
2020-08-11 17:32:35,110+0200 INFO  miktex-console.packagemanager - going to download http://mirror.ibcp.fr/pub/CTAN/systems/win32/miktex/tm/packages/miktex-zlib-bin-x64-2.9.tar.lzma
2020-08-11 17:32:35,142+0200 INFO  mainwindow - 0.04 MB, 10.76 Mbit/s
2020-08-11 17:32:35,182+0200 INFO  mainwindow - extracting files from miktex-zlib-bin-x64-2.9.tar.lzma...
2020-08-11 17:32:35,369+0200 INFO  miktex-console.packagemanager - installing package miktex-zzip-bin-x64-2.9
2020-08-11 17:32:35,385+0200 INFO  mainwindow - downloading http://mirror.ibcp.fr/pub/CTAN/systems/win32/miktex/tm/packages/miktex-zzip-bin-x64-2.9.tar.lzma...
2020-08-11 17:32:35,385+0200 INFO  miktex-console.packagemanager - going to download http://mirror.ibcp.fr/pub/CTAN/systems/win32/miktex/tm/packages/miktex-zzip-bin-x64-2.9.tar.lzma
2020-08-11 17:32:35,401+0200 INFO  mainwindow - 0.01 MB, 4.18 Mbit/s
2020-08-11 17:32:35,448+0200 INFO  mainwindow - extracting files from miktex-zzip-bin-x64-2.9.tar.lzma...
2020-08-11 17:32:35,635+0200 INFO  miktex-console.packagemanager - installing package pgf
2020-08-11 17:32:35,635+0200 INFO  mainwindow - downloading http://mirror.ibcp.fr/pub/CTAN/systems/win32/miktex/tm/packages/pgf.tar.lzma...
2020-08-11 17:32:35,635+0200 INFO  miktex-console.packagemanager - going to download http://mirror.ibcp.fr/pub/CTAN/systems/win32/miktex/tm/packages/pgf.tar.lzma
2020-08-11 17:32:35,932+0200 INFO  mainwindow - 11.20 MB, 302.72 Mbit/s
2020-08-11 17:32:41,714+0200 INFO  mainwindow - extracting files from pgf.tar.lzma...
2020-08-11 17:33:02,951+0200 INFO  miktex-console.packagemanager - installing package tcolorbox
2020-08-11 17:33:02,951+0200 INFO  mainwindow - downloading http://mirror.ibcp.fr/pub/CTAN/systems/win32/miktex/tm/packages/tcolorbox.tar.lzma...
2020-08-11 17:33:02,951+0200 INFO  miktex-console.packagemanager - going to download http://mirror.ibcp.fr/pub/CTAN/systems/win32/miktex/tm/packages/tcolorbox.tar.lzma
2020-08-11 17:33:03,358+0200 INFO  mainwindow - 4.73 MB, 94.21 Mbit/s
2020-08-11 17:33:03,701+0200 INFO  mainwindow - extracting files from tcolorbox.tar.lzma...
2020-08-11 17:33:07,030+0200 INFO  miktex-console.core - start process: initexmf --mkmaps
2020-08-11 17:34:34,859+0200 INFO  miktex-console.core - start process: mpm --register-components --verbose
2020-08-11 17:34:35,953+0200 INFO  miktex-console.core - start process: initexmf --update-fndb --disable-installer --verbose
2020-08-11 17:34:41,658+0200 INFO  miktex-console.core - start process: initexmf --force --mklinks --disable-installer --verbose
2020-08-11 17:35:30,522+0200 INFO  miktex-console.core - start process: initexmf --mkmaps --mklangs --disable-installer --verbose
2020-08-11 17:36:19,976+0200 INFO  mainwindow - MiKTeX Console needs to be closed
2020-08-11 17:36:38,003+0200 INFO  miktex-console.core - starting finish script
2020-08-11 17:36:38,022+0200 INFO  main - finishing with exit code 0
2021-12-12 20:43:07,945+0100 INFO  main - starting: MiKTeX Console 4.0.1 (MiKTeX 20.7 Portable)
2021-12-12 20:43:09,842+0100 WARN  miktex-console.packagemanager - dependancy problem: miktex-doc-2.9 is required by _miktex-packages-2.9
2021-12-12 20:43:10,175+0100 INFO  miktex-console.core - start process: initexmf --mkmaps
