c:\users\fab\appdata\local\temp\irmagent.log
c:\dev\altair\lhx\msvs2015\msvs2015\x64\release\lhx_2015.tlog\icl-intelremotemonserver-intelremotemonagent-intelremotemonagent2.delete.1.tlog
c:\users\fab\appdata\local\microsoft\clr_v2.0\usagelogs\intelremotemonagent2.exe.log
c:\users\fab\appdata\roaming\microsoft\clr security config\v2.0.50727.312\64bit\security.config.cch
c:\dev\altair\lhx\msvs2015\msvs2015\x64\release\copyfile.obj
c:\dev\altair\lhx\msvs2015\msvs2015\x64\release\fonctions_auxiliaires.obj
c:\dev\altair\lhx\msvs2015\msvs2015\x64\release\main.obj
c:\dev\altair\lhx\msvs2015\msvs2015\x64\release\table.obj
c:\dev\altair\lhx\msvs2015\msvs2015\x64\release\validator.obj
c:\dev\altair\lhx\msvs2015\x64\release\lhx_2015.exe
c:\dev\altair\lhx\msvs2015\x64\release\lhx_2015.pdb
c:\dev\altair\lhx\msvs2015\x64\release\lhx_2015.exe.manifest
c:\dev\altair\lhx\msvs2015\msvs2015\x64\release\lhx_2015.tlog\icl-intelremotemonserver-intelremotemonagent-intelremotemonagent2.read.1.tlog
c:\dev\altair\lhx\msvs2015\msvs2015\x64\release\lhx_2015.tlog\icl-intelremotemonserver-intelremotemonagent-intelremotemonagent2.write.1.tlog
c:\dev\altair\lhx\msvs2015\msvs2015\x64\release\lhx_2015.tlog\icl-intelremotemonserver-intelremotemonagent.read.1.tlog
c:\dev\altair\lhx\msvs2015\msvs2015\x64\release\lhx_2015.tlog\icl-intelremotemonserver-intelremotemonagent.read.2.tlog
c:\dev\altair\lhx\msvs2015\msvs2015\x64\release\lhx_2015.tlog\icl-intelremotemonserver-intelremotemonagent.write.2.tlog
c:\dev\altair\lhx\msvs2015\msvs2015\x64\release\lhx_2015.tlog\icl-intelremotemonserver.read.1.tlog
c:\dev\altair\lhx\msvs2015\msvs2015\x64\release\lhx_2015.tlog\icl-intelremotemonserver.read.2.tlog
c:\dev\altair\lhx\msvs2015\msvs2015\x64\release\lhx_2015.tlog\icl-intelremotemonserver.read.5.tlog
c:\dev\altair\lhx\msvs2015\msvs2015\x64\release\lhx_2015.tlog\icl-intelremotemonserver.write.2.tlog
c:\dev\altair\lhx\msvs2015\msvs2015\x64\release\lhx_2015.tlog\icl-intelremotemonserver.write.5.tlog
c:\dev\altair\lhx\msvs2015\msvs2015\x64\release\lhx_2015.tlog\icl-mcpcom.read.1.tlog
c:\dev\altair\lhx\msvs2015\msvs2015\x64\release\lhx_2015.tlog\icl-mcpcom.write.1.tlog
c:\dev\altair\lhx\msvs2015\msvs2015\x64\release\lhx_2015.tlog\icl.command.1.tlog
c:\dev\altair\lhx\msvs2015\msvs2015\x64\release\lhx_2015.tlog\icl.read.1.tlog
c:\dev\altair\lhx\msvs2015\msvs2015\x64\release\lhx_2015.tlog\icl.read.5.tlog
c:\dev\altair\lhx\msvs2015\msvs2015\x64\release\lhx_2015.tlog\icl.write.1.tlog
c:\dev\altair\lhx\msvs2015\msvs2015\x64\release\lhx_2015.tlog\xilink-link.read.1.tlog
c:\dev\altair\lhx\msvs2015\msvs2015\x64\release\lhx_2015.tlog\xilink-link.write.1.tlog
c:\dev\altair\lhx\msvs2015\msvs2015\x64\release\lhx_2015.tlog\xilink-mcpcom.read.1.tlog
c:\dev\altair\lhx\msvs2015\msvs2015\x64\release\lhx_2015.tlog\xilink-mcpcom.write.1.tlog
c:\dev\altair\lhx\msvs2015\msvs2015\x64\release\lhx_2015.tlog\xilink.command.1.tlog
c:\dev\altair\lhx\msvs2015\msvs2015\x64\release\lhx_2015.tlog\xilink.read.1.tlog
c:\dev\altair\lhx\msvs2015\msvs2015\x64\release\lhx_2015.tlog\xilink.write.1.tlog
