[files]
C:\Users\Public\Altair\MiKTeX 2.9\miktex/bin/x64\amstex.exe
C:\Users\Public\Altair\MiKTeX 2.9\miktex/bin/x64\pdfcsplain.exe
C:\Users\Public\Altair\MiKTeX 2.9\miktex/bin/x64\bagpipex.exe
C:\Users\Public\Altair\MiKTeX 2.9\miktex/bin/x64\bagpipe.exe
C:\Users\Public\Altair\MiKTeX 2.9\miktex/bin/x64\csplain.exe
C:\Users\Public\Altair\MiKTeX 2.9\miktex/bin/x64\pdfcslatex.exe
C:\Users\Public\Altair\MiKTeX 2.9\miktex/bin/x64\bplain.exe
C:\Users\Public\Altair\MiKTeX 2.9\miktex/bin/x64\pdfplatex.exe
C:\Users\Public\Altair\MiKTeX 2.9\miktex/bin/x64\pdfmex.exe
C:\Users\Public\Altair\MiKTeX 2.9\miktex/bin/x64\cslatex.exe
C:\Users\Public\Altair\MiKTeX 2.9\miktex/bin/x64\dvilualatex.exe
C:\Users\Public\Altair\MiKTeX 2.9\miktex/bin/x64\etex.exe
C:\Users\Public\Altair\MiKTeX 2.9\miktex/bin/x64\dviluatex.exe
C:\Users\Public\Altair\MiKTeX 2.9\miktex/bin/x64\jadetex.exe
C:\Users\Public\Altair\MiKTeX 2.9\miktex/bin/x64\lambda.exe
C:\Users\Public\Altair\MiKTeX 2.9\miktex/bin/x64\latex.exe
C:\Users\Public\Altair\MiKTeX 2.9\miktex/bin/x64\lualatex.exe
C:\Users\Public\Altair\MiKTeX 2.9\miktex/bin/x64\dvilollipop.exe
C:\Users\Public\Altair\MiKTeX 2.9\miktex/bin/x64\xmltex.exe
C:\Users\Public\Altair\MiKTeX 2.9\miktex/bin/x64\mex.exe
C:\Users\Public\Altair\MiKTeX 2.9\miktex/bin/x64\mllatex.exe
C:\Users\Public\Altair\MiKTeX 2.9\miktex/bin/x64\platex.exe
C:\Users\Public\Altair\MiKTeX 2.9\miktex/bin/x64\mltex.exe
C:\Users\Public\Altair\MiKTeX 2.9\miktex/bin/x64\dvilualollipop.exe
C:\Users\Public\Altair\MiKTeX 2.9\miktex/bin/x64\pdflatex.exe
C:\Users\Public\Altair\MiKTeX 2.9\miktex/bin/x64\pdfetex.exe
C:\Users\Public\Altair\MiKTeX 2.9\miktex/bin/x64\pdfjadetex.exe
C:\Users\Public\Altair\MiKTeX 2.9\miktex/bin/x64\pdfxmltex.exe
C:\Users\Public\Altair\MiKTeX 2.9\miktex/bin/x64\xelatex.exe
C:\Users\Public\Altair\MiKTeX 2.9\miktex/bin/x64\lollipop.exe
C:\Users\Public\Altair\MiKTeX 2.9\miktex/bin/x64\lualollipop.exe
C:\Users\Public\Altair\MiKTeX 2.9\miktex/bin/x64\utf8mex.exe
C:\Users\Public\Altair\MiKTeX 2.9\miktex/bin/x64\biokey2html.exe
C:\Users\Public\Altair\MiKTeX 2.9\miktex/bin/x64\eps2eps.exe
C:\Users\Public\Altair\MiKTeX 2.9\miktex/bin/x64\htxetex.exe
C:\Users\Public\Altair\MiKTeX 2.9\miktex/bin/x64\htlatex.exe
C:\Users\Public\Altair\MiKTeX 2.9\miktex/bin/x64\gsbj.exe
C:\Users\Public\Altair\MiKTeX 2.9\miktex/bin/x64\dumphint.exe
C:\Users\Public\Altair\MiKTeX 2.9\miktex/bin/x64\gsndt.exe
C:\Users\Public\Altair\MiKTeX 2.9\miktex/bin/x64\pf2afm.exe
C:\Users\Public\Altair\MiKTeX 2.9\miktex/bin/x64\gsdj.exe
C:\Users\Public\Altair\MiKTeX 2.9\miktex/bin/x64\font2c.exe
C:\Users\Public\Altair\MiKTeX 2.9\miktex/bin/x64\wmakebat.exe
C:\Users\Public\Altair\MiKTeX 2.9\miktex/bin/x64\gslj.exe
C:\Users\Public\Altair\MiKTeX 2.9\miktex/bin/x64\gsdj500.exe
C:\Users\Public\Altair\MiKTeX 2.9\miktex/bin/x64\gslp.exe
C:\Users\Public\Altair\MiKTeX 2.9\miktex/bin/x64\gsnd.exe
C:\Users\Public\Altair\MiKTeX 2.9\miktex/bin/x64\gssetgs.exe
C:\Users\Public\Altair\MiKTeX 2.9\miktex/bin/x64\gst.exe
C:\Users\Public\Altair\MiKTeX 2.9\miktex/bin/x64\lpgs.exe
C:\Users\Public\Altair\MiKTeX 2.9\miktex/bin/x64\gstt.exe
C:\Users\Public\Altair\MiKTeX 2.9\miktex/bin/x64\ps2ps2.exe
C:\Users\Public\Altair\MiKTeX 2.9\miktex/bin/x64\httexi.exe
C:\Users\Public\Altair\MiKTeX 2.9\miktex/bin/x64\lp386.exe
C:\Users\Public\Altair\MiKTeX 2.9\miktex/bin/x64\lp386r2.exe
C:\Users\Public\Altair\MiKTeX 2.9\miktex/bin/x64\lpr2.exe
C:\Users\Public\Altair\MiKTeX 2.9\miktex/bin/x64\pdf2dsc.exe
C:\Users\Public\Altair\MiKTeX 2.9\miktex/bin/x64\ps2epsi.exe
C:\Users\Public\Altair\MiKTeX 2.9\miktex/bin/x64\pdf2ps.exe
C:\Users\Public\Altair\MiKTeX 2.9\miktex/bin/x64\ps2pdf.exe
C:\Users\Public\Altair\MiKTeX 2.9\miktex/bin/x64\pdfopt.exe
C:\Users\Public\Altair\MiKTeX 2.9\miktex/bin/x64\pfbtopfa.exe
C:\Users\Public\Altair\MiKTeX 2.9\miktex/bin/x64\pftogsf.exe
C:\Users\Public\Altair\MiKTeX 2.9\miktex/bin/x64\ps2ascii.exe
C:\Users\Public\Altair\MiKTeX 2.9\miktex/bin/x64\ps2pdf12.exe
C:\Users\Public\Altair\MiKTeX 2.9\miktex/bin/x64\ps2pdf13.exe
C:\Users\Public\Altair\MiKTeX 2.9\miktex/bin/x64\ps2pdf14.exe
C:\Users\Public\Altair\MiKTeX 2.9\miktex/bin/x64\ps2pdfxx.exe
C:\Users\Public\Altair\MiKTeX 2.9\miktex/bin/x64\ps2ps.exe
C:\Users\Public\Altair\MiKTeX 2.9\miktex/bin/x64\ps4pdf.exe
C:\Users\Public\Altair\MiKTeX 2.9\miktex/bin/x64\ht.exe
C:\Users\Public\Altair\MiKTeX 2.9\miktex/bin/x64\htcontext.exe
C:\Users\Public\Altair\MiKTeX 2.9\miktex/bin/x64\htmex.exe
C:\Users\Public\Altair\MiKTeX 2.9\miktex/bin/x64\httex.exe
C:\Users\Public\Altair\MiKTeX 2.9\miktex/bin/x64\htxelatex.exe
C:\Users\Public\Altair\MiKTeX 2.9\miktex/bin/x64\xelatexdef.exe
C:\Users\Public\Altair\MiKTeX 2.9\miktex/bin/x64\mptopdf.exe
C:\Users\Public\Altair\MiKTeX 2.9\miktex/bin/x64\makedtx.exe
C:\Users\Public\Altair\MiKTeX 2.9\miktex/bin/x64\creatdtx.exe
C:\Users\Public\Altair\MiKTeX 2.9\miktex/bin/x64\pkfix.exe
C:\Users\Public\Altair\MiKTeX 2.9\miktex/bin/x64\ltx2crossrefxml.exe
C:\Users\Public\Altair\MiKTeX 2.9\miktex/bin/x64\latexdiff-fast.exe
C:\Users\Public\Altair\MiKTeX 2.9\miktex/bin/x64\latexmk.exe
C:\Users\Public\Altair\MiKTeX 2.9\miktex/bin/x64\bibhtml.exe
C:\Users\Public\Altair\MiKTeX 2.9\miktex/bin/x64\findhyph.exe
C:\Users\Public\Altair\MiKTeX 2.9\miktex/bin/x64\bibzbladd.exe
C:\Users\Public\Altair\MiKTeX 2.9\miktex/bin/x64\bibdoiadd.exe
C:\Users\Public\Altair\MiKTeX 2.9\miktex/bin/x64\biokey2html3.exe
C:\Users\Public\Altair\MiKTeX 2.9\miktex/bin/x64\csvtools.exe
C:\Users\Public\Altair\MiKTeX 2.9\miktex/bin/x64\dad-to-utf8.exe
C:\Users\Public\Altair\MiKTeX 2.9\miktex/bin/x64\utf8-to-dad.exe
C:\Users\Public\Altair\MiKTeX 2.9\miktex/bin/x64\arlatex.exe
C:\Users\Public\Altair\MiKTeX 2.9\miktex/bin/x64\ltximg.exe
C:\Users\Public\Altair\MiKTeX 2.9\miktex/bin/x64\latexindent.exe
C:\Users\Public\Altair\MiKTeX 2.9\miktex/bin/x64\bundledoc.exe
C:\Users\Public\Altair\MiKTeX 2.9\miktex/bin/x64\texdirflatten.exe
C:\Users\Public\Altair\MiKTeX 2.9\miktex/bin/x64\mf2pt1.exe
C:\Users\Public\Altair\MiKTeX 2.9\miktex/bin/x64\latex-git-log.exe
C:\Users\Public\Altair\MiKTeX 2.9\miktex/bin/x64\latexdiff-so.exe
C:\Users\Public\Altair\MiKTeX 2.9\miktex/bin/x64\pdfcrop.exe
C:\Users\Public\Altair\MiKTeX 2.9\miktex/bin/x64\ctanify.exe
C:\Users\Public\Altair\MiKTeX 2.9\miktex/bin/x64\ctanupload.exe
C:\Users\Public\Altair\MiKTeX 2.9\miktex/bin/x64\htcopy.exe
C:\Users\Public\Altair\MiKTeX 2.9\miktex/bin/x64\htmove.exe
C:\Users\Public\Altair\MiKTeX 2.9\miktex/bin/x64\biokey2html2.exe
C:\Users\Public\Altair\MiKTeX 2.9\miktex/bin/x64\mk4ht.exe
C:\Users\Public\Altair\MiKTeX 2.9\miktex/bin/x64\pedigree.exe
C:\Users\Public\Altair\MiKTeX 2.9\miktex/bin/x64\OOopict.exe
C:\Users\Public\Altair\MiKTeX 2.9\miktex/bin/x64\mathspic.exe
C:\Users\Public\Altair\MiKTeX 2.9\miktex/bin/x64\luatexdef.exe
C:\Users\Public\Altair\MiKTeX 2.9\miktex/bin/x64\makejmlrbook.exe
C:\Users\Public\Altair\MiKTeX 2.9\miktex/bin/x64\makeglossaries.exe
C:\Users\Public\Altair\MiKTeX 2.9\miktex/bin/x64\pn2pdf.exe
C:\Users\Public\Altair\MiKTeX 2.9\miktex/bin/x64\mathspic113.exe
C:\Users\Public\Altair\MiKTeX 2.9\miktex/bin/x64\pdfatfi.exe
C:\Users\Public\Altair\MiKTeX 2.9\miktex/bin/x64\sty2dtx.exe
C:\Users\Public\Altair\MiKTeX 2.9\miktex/bin/x64\pkfix-helper.exe
C:\Users\Public\Altair\MiKTeX 2.9\miktex/bin/x64\orderrefs.exe
C:\Users\Public\Altair\MiKTeX 2.9\miktex/bin/x64\pfm2kpx.exe
C:\Users\Public\Altair\MiKTeX 2.9\miktex/bin/x64\mkt1font.exe
C:\Users\Public\Altair\MiKTeX 2.9\miktex/bin/x64\exceltex.exe
C:\Users\Public\Altair\MiKTeX 2.9\miktex/bin/x64\texdiff.exe
C:\Users\Public\Altair\MiKTeX 2.9\miktex/bin/x64\vpl2vpl.exe
C:\Users\Public\Altair\MiKTeX 2.9\miktex/bin/x64\pdftexdef.exe
C:\Users\Public\Altair\MiKTeX 2.9\miktex/bin/x64\vpl2ovp.exe
C:\Users\Public\Altair\MiKTeX 2.9\miktex/bin/x64\latexdiff-vc.exe
C:\Users\Public\Altair\MiKTeX 2.9\miktex/bin/x64\latexpand.exe
C:\Users\Public\Altair\MiKTeX 2.9\miktex/bin/x64\etexdef.exe
C:\Users\Public\Altair\MiKTeX 2.9\miktex/bin/x64\authorindex.exe
C:\Users\Public\Altair\MiKTeX 2.9\miktex/bin/x64\mkjobtexmf.exe
C:\Users\Public\Altair\MiKTeX 2.9\miktex/bin/x64\pdflatexdef.exe
C:\Users\Public\Altair\MiKTeX 2.9\miktex/bin/x64\autoinst.exe
C:\Users\Public\Altair\MiKTeX 2.9\miktex/bin/x64\bib2xhtml.exe
C:\Users\Public\Altair\MiKTeX 2.9\miktex/bin/x64\splitindex.exe
C:\Users\Public\Altair\MiKTeX 2.9\miktex/bin/x64\birm.exe
C:\Users\Public\Altair\MiKTeX 2.9\miktex/bin/x64\feynmf.exe
C:\Users\Public\Altair\MiKTeX 2.9\miktex/bin/x64\fig4latex.exe
C:\Users\Public\Altair\MiKTeX 2.9\miktex/bin/x64\perltex.exe
C:\Users\Public\Altair\MiKTeX 2.9\miktex/bin/x64\urlbst.exe
C:\Users\Public\Altair\MiKTeX 2.9\miktex/bin/x64\rcsinfo.exe
C:\Users\Public\Altair\MiKTeX 2.9\miktex/bin/x64\ot2kpx.exe
C:\Users\Public\Altair\MiKTeX 2.9\miktex/bin/x64\texdef.exe
C:\Users\Public\Altair\MiKTeX 2.9\miktex/bin/x64\ibyhyph.exe
C:\Users\Public\Altair\MiKTeX 2.9\miktex/bin/x64\latexdiff.exe
C:\Users\Public\Altair\MiKTeX 2.9\miktex/bin/x64\latexrevise.exe
C:\Users\Public\Altair\MiKTeX 2.9\miktex/bin/x64\xdv2pdf_mergemarks.exe
C:\Users\Public\Altair\MiKTeX 2.9\miktex/bin/x64\pst2pdf.exe
C:\Users\Public\Altair\MiKTeX 2.9\miktex/bin/x64\biokey2html1.exe
C:\Users\Public\Altair\MiKTeX 2.9\miktex/bin/x64\svn-multi.exe
C:\Users\Public\Altair\MiKTeX 2.9\miktex/bin/x64\texcount.exe
C:\Users\Public\Altair\MiKTeX 2.9\miktex/bin/x64\thumbpdf.exe
C:\Users\Public\Altair\MiKTeX 2.9\miktex/bin/x64\fullref.exe
C:\Users\Public\Altair\MiKTeX 2.9\miktex/bin/x64\xetexdef.exe
C:\Users\Public\Altair\MiKTeX 2.9\miktex/bin/x64\latexdef.exe
C:\Users\Public\Altair\MiKTeX 2.9\miktex/bin/x64\lualatexdef.exe
C:\Users\Public\Altair\MiKTeX 2.9\miktex/bin/x64\afm2afm.exe
C:\Users\Public\Altair\MiKTeX 2.9\miktex/bin/x64\cmap2enc.exe
C:\Users\Public\Altair\MiKTeX 2.9\miktex/bin/x64\font2afm.exe
C:\Users\Public\Altair\MiKTeX 2.9\miktex/bin/x64\showglyphs.exe
C:\Users\Public\Altair\MiKTeX 2.9\miktex/bin/x64\dosepsbin.exe
C:\Users\Public\Altair\MiKTeX 2.9\miktex/bin/x64\vpe.exe
C:\Users\Public\Altair\MiKTeX 2.9\miktex/bin/x64\texfot.exe
C:\Users\Public\Altair\MiKTeX 2.9\miktex/bin/x64\getmapdl.exe
C:\Users\Public\Altair\MiKTeX 2.9\miktex/bin/x64\luaotfload-tool.exe
C:\Users\Public\Altair\MiKTeX 2.9\miktex/bin/x64\mkluatexfontdb.exe
C:\Users\Public\Altair\MiKTeX 2.9\miktex/bin/x64\mkcharacters.exe
C:\Users\Public\Altair\MiKTeX 2.9\miktex/bin/x64\mkglyphlist.exe
C:\Users\Public\Altair\MiKTeX 2.9\miktex/bin/x64\musixflx.exe
C:\Users\Public\Altair\MiKTeX 2.9\miktex/bin/x64\musixtex.exe
C:\Users\Public\Altair\MiKTeX 2.9\miktex/bin/x64\pmx2pdf.exe
C:\Users\Public\Altair\MiKTeX 2.9\miktex/bin/x64\pfarrei.exe
C:\Users\Public\Altair\MiKTeX 2.9\miktex/bin/x64\checkcites.exe
C:\Users\Public\Altair\MiKTeX 2.9\miktex/bin/x64\m-tx.exe
C:\Users\Public\Altair\MiKTeX 2.9\miktex/bin/x64\a5toa4.exe
C:\Users\Public\Altair\MiKTeX 2.9\miktex/bin/x64\miktex-taskbar-icon.exe
C:\Users\Public\Altair\MiKTeX 2.9\miktex/bin/x64\miktex-update.exe
C:\Users\Public\Altair\MiKTeX 2.9\miktex/bin/x64\miktex-update_admin.exe
[files]
C:\ProgramData\Microsoft\Windows\Start Menu\Programs\MiKTeX 2.9\TeXworks.lnk
C:\ProgramData\Microsoft\Windows\Start Menu\Programs\MiKTeX 2.9\Previewer.lnk
C:\ProgramData\Microsoft\Windows\Start Menu\Programs\MiKTeX 2.9\Maintenance\Settings.lnk
C:\ProgramData\Microsoft\Windows\Start Menu\Programs\MiKTeX 2.9\Maintenance\Update.lnk
C:\ProgramData\Microsoft\Windows\Start Menu\Programs\MiKTeX 2.9\Maintenance\Package Manager.lnk
C:\ProgramData\Microsoft\Windows\Start Menu\Programs\MiKTeX 2.9\Maintenance (Admin)\Settings (Admin).lnk
C:\ProgramData\Microsoft\Windows\Start Menu\Programs\MiKTeX 2.9\Maintenance (Admin)\Update (Admin).lnk
C:\ProgramData\Microsoft\Windows\Start Menu\Programs\MiKTeX 2.9\Maintenance (Admin)\Package Manager (Admin).lnk
C:\ProgramData\Microsoft\Windows\Start Menu\Programs\MiKTeX 2.9\Help\Manual.lnk
C:\ProgramData\Microsoft\Windows\Start Menu\Programs\MiKTeX 2.9\Help\FAQ.lnk
C:\ProgramData\Microsoft\Windows\Start Menu\Programs\MiKTeX 2.9\MiKTeX on the Web\MiKTeX Project Page.url
C:\ProgramData\Microsoft\Windows\Start Menu\Programs\MiKTeX 2.9\MiKTeX on the Web\Support.url
C:\ProgramData\Microsoft\Windows\Start Menu\Programs\MiKTeX 2.9\MiKTeX on the Web\Give back.url
C:\ProgramData\Microsoft\Windows\Start Menu\Programs\MiKTeX 2.9\MiKTeX on the Web\Known Issues.url
C:\Users\Public\Altair\MiKTeX 2.9\miktex\config\uninst.log
[hklm]
Software\Microsoft\Windows\CurrentVersion\Uninstall\MiKTeX 2.9;Comment
Software\Microsoft\Windows\CurrentVersion\Uninstall\MiKTeX 2.9;DisplayIcon
Software\Microsoft\Windows\CurrentVersion\Uninstall\MiKTeX 2.9;DisplayName
Software\Microsoft\Windows\CurrentVersion\Uninstall\MiKTeX 2.9;DisplayVersion
Software\Microsoft\Windows\CurrentVersion\Uninstall\MiKTeX 2.9;HelpLink
Software\Microsoft\Windows\CurrentVersion\Uninstall\MiKTeX 2.9;InstallLocation
Software\Microsoft\Windows\CurrentVersion\Uninstall\MiKTeX 2.9;NoModify
Software\Microsoft\Windows\CurrentVersion\Uninstall\MiKTeX 2.9;NoRepair
Software\Microsoft\Windows\CurrentVersion\Uninstall\MiKTeX 2.9;Publisher
Software\Microsoft\Windows\CurrentVersion\Uninstall\MiKTeX 2.9;Readme
Software\Microsoft\Windows\CurrentVersion\Uninstall\MiKTeX 2.9;UninstallString
Software\Microsoft\Windows\CurrentVersion\Uninstall\MiKTeX 2.9;UrlInfoAbout
Software\Microsoft\Windows\CurrentVersion\Uninstall\MiKTeX 2.9;UrlUpdateInfo
