14 Nov 2015 19:27:30 [rsession-Fab] ERROR Unexpected git bash argument format: --login -i; LOGGED FROM: HRESULT rstudio::session::modules::git::{anonymous}::detectGitBinDirFromShortcut(rstudio::core::FilePath*) C:\Users\Administrator\rstudio\src\cpp\session\modules\SessionGit.cpp:2378
14 Nov 2015 19:27:54 [rsession-Fab] ERROR Unexpected git bash argument format: --login -i; LOGGED FROM: HRESULT rstudio::session::modules::git::{anonymous}::detectGitBinDirFromShortcut(rstudio::core::FilePath*) C:\Users\Administrator\rstudio\src\cpp\session\modules\SessionGit.cpp:2378
14 Nov 2015 19:28:14 [rsession-Fab] ERROR Unexpected git bash argument format: --login -i; LOGGED FROM: HRESULT rstudio::session::modules::git::{anonymous}::detectGitBinDirFromShortcut(rstudio::core::FilePath*) C:\Users\Administrator\rstudio\src\cpp\session\modules\SessionGit.cpp:2378
14 Nov 2015 19:28:58 [rsession-Fab] ERROR Unexpected git bash argument format: --login -i; LOGGED FROM: HRESULT rstudio::session::modules::git::{anonymous}::detectGitBinDirFromShortcut(rstudio::core::FilePath*) C:\Users\Administrator\rstudio\src\cpp\session\modules\SessionGit.cpp:2378
14 Nov 2015 19:29:02 [rsession-Fab] ERROR Unexpected git bash argument format: --login -i; LOGGED FROM: HRESULT rstudio::session::modules::git::{anonymous}::detectGitBinDirFromShortcut(rstudio::core::FilePath*) C:\Users\Administrator\rstudio\src\cpp\session\modules\SessionGit.cpp:2378
14 Nov 2015 19:53:36 [rsession-Fab] ERROR Unexpected git bash argument format: --login -i; LOGGED FROM: HRESULT rstudio::session::modules::git::{anonymous}::detectGitBinDirFromShortcut(rstudio::core::FilePath*) C:\Users\Administrator\rstudio\src\cpp\session\modules\SessionGit.cpp:2378
14 Nov 2015 19:53:41 [rsession-Fab] ERROR Unexpected git bash argument format: --login -i; LOGGED FROM: HRESULT rstudio::session::modules::git::{anonymous}::detectGitBinDirFromShortcut(rstudio::core::FilePath*) C:\Users\Administrator\rstudio\src\cpp\session\modules\SessionGit.cpp:2378
14 Nov 2015 19:57:37 [rsession-Fab] ERROR Unexpected git bash argument format: --login -i; LOGGED FROM: HRESULT rstudio::session::modules::git::{anonymous}::detectGitBinDirFromShortcut(rstudio::core::FilePath*) C:\Users\Administrator\rstudio\src\cpp\session\modules\SessionGit.cpp:2378
14 Nov 2015 19:57:42 [rsession-Fab] ERROR Unexpected git bash argument format: --login -i; LOGGED FROM: HRESULT rstudio::session::modules::git::{anonymous}::detectGitBinDirFromShortcut(rstudio::core::FilePath*) C:\Users\Administrator\rstudio\src\cpp\session\modules\SessionGit.cpp:2378
14 Nov 2015 20:04:39 [rsession-Fab] ERROR Unexpected git bash argument format: --login -i; LOGGED FROM: HRESULT rstudio::session::modules::git::{anonymous}::detectGitBinDirFromShortcut(rstudio::core::FilePath*) C:\Users\Administrator\rstudio\src\cpp\session\modules\SessionGit.cpp:2378
14 Nov 2015 21:24:58 [rsession-Fab] ERROR Unexpected git bash argument format: --login -i; LOGGED FROM: HRESULT rstudio::session::modules::git::{anonymous}::detectGitBinDirFromShortcut(rstudio::core::FilePath*) C:\Users\Administrator\rstudio\src\cpp\session\modules\SessionGit.cpp:2378
14 Nov 2015 21:32:52 [rsession-Fab] ERROR Unexpected git bash argument format: --login -i; LOGGED FROM: HRESULT rstudio::session::modules::git::{anonymous}::detectGitBinDirFromShortcut(rstudio::core::FilePath*) C:\Users\Administrator\rstudio\src\cpp\session\modules\SessionGit.cpp:2378
14 Nov 2015 21:37:17 [rsession-Fab] ERROR Unexpected git bash argument format: --login -i; LOGGED FROM: HRESULT rstudio::session::modules::git::{anonymous}::detectGitBinDirFromShortcut(rstudio::core::FilePath*) C:\Users\Administrator\rstudio\src\cpp\session\modules\SessionGit.cpp:2378
14 Nov 2015 21:37:22 [rsession-Fab] ERROR Unexpected git bash argument format: --login -i; LOGGED FROM: HRESULT rstudio::session::modules::git::{anonymous}::detectGitBinDirFromShortcut(rstudio::core::FilePath*) C:\Users\Administrator\rstudio\src\cpp\session\modules\SessionGit.cpp:2378
14 Nov 2015 21:37:22 [rsession-Fab] ERROR Unexpected git bash argument format: --login -i; LOGGED FROM: HRESULT rstudio::session::modules::git::{anonymous}::detectGitBinDirFromShortcut(rstudio::core::FilePath*) C:\Users\Administrator\rstudio\src\cpp\session\modules\SessionGit.cpp:2378
14 Nov 2015 21:37:23 [rsession-Fab] ERROR Unexpected git bash argument format: --login -i; LOGGED FROM: HRESULT rstudio::session::modules::git::{anonymous}::detectGitBinDirFromShortcut(rstudio::core::FilePath*) C:\Users\Administrator\rstudio\src\cpp\session\modules\SessionGit.cpp:2378
14 Nov 2015 21:37:23 [rsession-Fab] ERROR Unexpected git bash argument format: --login -i; LOGGED FROM: HRESULT rstudio::session::modules::git::{anonymous}::detectGitBinDirFromShortcut(rstudio::core::FilePath*) C:\Users\Administrator\rstudio\src\cpp\session\modules\SessionGit.cpp:2378
15 Nov 2015 00:16:17 [rsession-Fab] ERROR system error 2 (Le fichier spécifié est introuvable) [path=C:/Users/Public/Dev/altair/lhx/lhx.pro.user.Fe4228]; OCCURRED AT: uintmax_t rstudio::core::FilePath::size() const C:\Users\Administrator\rstudio\src\cpp\core\FilePath.cpp:342; LOGGED FROM: uintmax_t rstudio::core::FilePath::size() const C:\Users\Administrator\rstudio\src\cpp\core\FilePath.cpp:342
15 Nov 2015 00:18:04 [rsession-Fab] ERROR system error 2 (Le fichier spécifié est introuvable) [path=C:/Users/Public/Dev/altair/lhx/cl.Pm4228]; OCCURRED AT: time_t rstudio::core::FilePath::lastWriteTime() const C:\Users\Administrator\rstudio\src\cpp\core\FilePath.cpp:548; LOGGED FROM: time_t rstudio::core::FilePath::lastWriteTime() const C:\Users\Administrator\rstudio\src\cpp\core\FilePath.cpp:548
15 Nov 2015 00:57:06 [rsession-Fab] ERROR system error 2 (Le fichier spécifié est introuvable) [path=C:/Users/Public/Dev/altair/lhx/main.cpp.xK4228]; OCCURRED AT: time_t rstudio::core::FilePath::lastWriteTime() const C:\Users\Administrator\rstudio\src\cpp\core\FilePath.cpp:548; LOGGED FROM: time_t rstudio::core::FilePath::lastWriteTime() const C:\Users\Administrator\rstudio\src\cpp\core\FilePath.cpp:548
15 Nov 2015 02:27:50 [rsession-Fab] ERROR Unexpected git bash argument format: --login -i; LOGGED FROM: HRESULT rstudio::session::modules::git::{anonymous}::detectGitBinDirFromShortcut(rstudio::core::FilePath*) C:\Users\Administrator\rstudio\src\cpp\session\modules\SessionGit.cpp:2378
15 Nov 2015 02:35:31 [rsession-Fab] ERROR Unexpected git bash argument format: --login -i; LOGGED FROM: HRESULT rstudio::session::modules::git::{anonymous}::detectGitBinDirFromShortcut(rstudio::core::FilePath*) C:\Users\Administrator\rstudio\src\cpp\session\modules\SessionGit.cpp:2378
15 Nov 2015 03:02:52 [rsession-Fab] ERROR Unexpected git bash argument format: --login -i; LOGGED FROM: HRESULT rstudio::session::modules::git::{anonymous}::detectGitBinDirFromShortcut(rstudio::core::FilePath*) C:\Users\Administrator\rstudio\src\cpp\session\modules\SessionGit.cpp:2378
15 Nov 2015 03:02:57 [rsession-Fab] ERROR Unexpected git bash argument format: --login -i; LOGGED FROM: HRESULT rstudio::session::modules::git::{anonymous}::detectGitBinDirFromShortcut(rstudio::core::FilePath*) C:\Users\Administrator\rstudio\src\cpp\session\modules\SessionGit.cpp:2378
15 Nov 2015 03:18:33 [rsession-Fab] ERROR Unexpected git bash argument format: --login -i; LOGGED FROM: HRESULT rstudio::session::modules::git::{anonymous}::detectGitBinDirFromShortcut(rstudio::core::FilePath*) C:\Users\Administrator\rstudio\src\cpp\session\modules\SessionGit.cpp:2378
15 Nov 2015 03:21:46 [rsession-Fab] ERROR Unexpected git bash argument format: --login -i; LOGGED FROM: HRESULT rstudio::session::modules::git::{anonymous}::detectGitBinDirFromShortcut(rstudio::core::FilePath*) C:\Users\Administrator\rstudio\src\cpp\session\modules\SessionGit.cpp:2378
15 Nov 2015 03:23:15 [rsession-Fab] ERROR Unexpected git bash argument format: --login -i; LOGGED FROM: HRESULT rstudio::session::modules::git::{anonymous}::detectGitBinDirFromShortcut(rstudio::core::FilePath*) C:\Users\Administrator\rstudio\src\cpp\session\modules\SessionGit.cpp:2378
15 Nov 2015 03:24:35 [rsession-Fab] ERROR Unexpected git bash argument format: --login -i; LOGGED FROM: HRESULT rstudio::session::modules::git::{anonymous}::detectGitBinDirFromShortcut(rstudio::core::FilePath*) C:\Users\Administrator\rstudio\src\cpp\session\modules\SessionGit.cpp:2378
15 Nov 2015 03:38:38 [rsession-Fab] ERROR Unexpected git bash argument format: --login -i; LOGGED FROM: HRESULT rstudio::session::modules::git::{anonymous}::detectGitBinDirFromShortcut(rstudio::core::FilePath*) C:\Users\Administrator\rstudio\src\cpp\session\modules\SessionGit.cpp:2378
15 Nov 2015 04:10:47 [rsession-Fab] ERROR system error 5 (Accès refusé); OCCURRED AT: virtual rstudio::core::Error rstudio::core::system::ChildProcess::terminate() C:\Users\Administrator\rstudio\src\cpp\core\system\Win32ChildProcess.cpp:266; LOGGED FROM: void rstudio::core::system::AsyncChildProcess::poll() C:\Users\Administrator\rstudio\src\cpp\core\system\Win32ChildProcess.cpp:573
15 Nov 2015 04:10:47 [rsession-Fab] ERROR system error 5 (Accès refusé); OCCURRED AT: virtual rstudio::core::Error rstudio::core::system::ChildProcess::terminate() C:\Users\Administrator\rstudio\src\cpp\core\system\Win32ChildProcess.cpp:266; LOGGED FROM: void rstudio::core::system::AsyncChildProcess::poll() C:\Users\Administrator\rstudio\src\cpp\core\system\Win32ChildProcess.cpp:573
15 Nov 2015 04:59:12 [rsession-Fab] ERROR Unexpected git bash argument format: --login -i; LOGGED FROM: HRESULT rstudio::session::modules::git::{anonymous}::detectGitBinDirFromShortcut(rstudio::core::FilePath*) C:\Users\Administrator\rstudio\src\cpp\session\modules\SessionGit.cpp:2378
15 Nov 2015 05:08:49 [rsession-Fab] ERROR Unexpected git bash argument format: --login -i; LOGGED FROM: HRESULT rstudio::session::modules::git::{anonymous}::detectGitBinDirFromShortcut(rstudio::core::FilePath*) C:\Users\Administrator\rstudio\src\cpp\session\modules\SessionGit.cpp:2378
15 Nov 2015 05:08:56 [rsession-Fab] ERROR Unexpected git bash argument format: --login -i; LOGGED FROM: HRESULT rstudio::session::modules::git::{anonymous}::detectGitBinDirFromShortcut(rstudio::core::FilePath*) C:\Users\Administrator\rstudio\src\cpp\session\modules\SessionGit.cpp:2378
15 Nov 2015 05:09:28 [rsession-Fab] ERROR Unexpected git bash argument format: --login -i; LOGGED FROM: HRESULT rstudio::session::modules::git::{anonymous}::detectGitBinDirFromShortcut(rstudio::core::FilePath*) C:\Users\Administrator\rstudio\src\cpp\session\modules\SessionGit.cpp:2378
15 Nov 2015 05:09:28 [rsession-Fab] ERROR Unexpected git bash argument format: --login -i; LOGGED FROM: HRESULT rstudio::session::modules::git::{anonymous}::detectGitBinDirFromShortcut(rstudio::core::FilePath*) C:\Users\Administrator\rstudio\src\cpp\session\modules\SessionGit.cpp:2378
15 Nov 2015 05:09:29 [rsession-Fab] ERROR Unexpected git bash argument format: --login -i; LOGGED FROM: HRESULT rstudio::session::modules::git::{anonymous}::detectGitBinDirFromShortcut(rstudio::core::FilePath*) C:\Users\Administrator\rstudio\src\cpp\session\modules\SessionGit.cpp:2378
15 Nov 2015 05:09:52 [rsession-Fab] ERROR system error 5 (Accès refusé); OCCURRED AT: virtual rstudio::core::Error rstudio::core::system::ChildProcess::terminate() C:\Users\Administrator\rstudio\src\cpp\core\system\Win32ChildProcess.cpp:266; LOGGED FROM: void rstudio::core::system::AsyncChildProcess::poll() C:\Users\Administrator\rstudio\src\cpp\core\system\Win32ChildProcess.cpp:573
16 Nov 2015 00:44:06 [rsession-Fab] ERROR Unexpected git bash argument format: --login -i; LOGGED FROM: HRESULT rstudio::session::modules::git::{anonymous}::detectGitBinDirFromShortcut(rstudio::core::FilePath*) C:\Users\Administrator\rstudio\src\cpp\session\modules\SessionGit.cpp:2378
16 Nov 2015 00:55:57 [rsession-Fab] ERROR Unexpected git bash argument format: --login -i; LOGGED FROM: HRESULT rstudio::session::modules::git::{anonymous}::detectGitBinDirFromShortcut(rstudio::core::FilePath*) C:\Users\Administrator\rstudio\src\cpp\session\modules\SessionGit.cpp:2378
16 Nov 2015 00:57:18 [rsession-Fab] ERROR Unexpected git bash argument format: --login -i; LOGGED FROM: HRESULT rstudio::session::modules::git::{anonymous}::detectGitBinDirFromShortcut(rstudio::core::FilePath*) C:\Users\Administrator\rstudio\src\cpp\session\modules\SessionGit.cpp:2378
16 Nov 2015 01:15:06 [rsession-Fab] ERROR Unexpected git bash argument format: --login -i; LOGGED FROM: HRESULT rstudio::session::modules::git::{anonymous}::detectGitBinDirFromShortcut(rstudio::core::FilePath*) C:\Users\Administrator\rstudio\src\cpp\session\modules\SessionGit.cpp:2378
16 Nov 2015 02:10:10 [rsession-Fab] ERROR system error 5 (Accès refusé); OCCURRED AT: virtual rstudio::core::Error rstudio::core::system::ChildProcess::terminate() C:\Users\Administrator\rstudio\src\cpp\core\system\Win32ChildProcess.cpp:266; LOGGED FROM: void rstudio::core::system::AsyncChildProcess::poll() C:\Users\Administrator\rstudio\src\cpp\core\system\Win32ChildProcess.cpp:573
16 Nov 2015 02:10:32 [rsession-Fab] ERROR system error 5 (Accès refusé); OCCURRED AT: virtual rstudio::core::Error rstudio::core::system::ChildProcess::terminate() C:\Users\Administrator\rstudio\src\cpp\core\system\Win32ChildProcess.cpp:266; LOGGED FROM: void rstudio::core::system::AsyncChildProcess::poll() C:\Users\Administrator\rstudio\src\cpp\core\system\Win32ChildProcess.cpp:573
16 Nov 2015 02:40:33 [rsession-Fab] ERROR system error 5 (Accès refusé); OCCURRED AT: virtual rstudio::core::Error rstudio::core::system::ChildProcess::terminate() C:\Users\Administrator\rstudio\src\cpp\core\system\Win32ChildProcess.cpp:266; LOGGED FROM: void rstudio::core::system::AsyncChildProcess::poll() C:\Users\Administrator\rstudio\src\cpp\core\system\Win32ChildProcess.cpp:573
16 Nov 2015 02:40:49 [rsession-Fab] ERROR system error 5 (Accès refusé); OCCURRED AT: virtual rstudio::core::Error rstudio::core::system::ChildProcess::terminate() C:\Users\Administrator\rstudio\src\cpp\core\system\Win32ChildProcess.cpp:266; LOGGED FROM: void rstudio::core::system::AsyncChildProcess::poll() C:\Users\Administrator\rstudio\src\cpp\core\system\Win32ChildProcess.cpp:573
16 Nov 2015 02:40:50 [rsession-Fab] ERROR system error 5 (Accès refusé); OCCURRED AT: virtual rstudio::core::Error rstudio::core::system::ChildProcess::terminate() C:\Users\Administrator\rstudio\src\cpp\core\system\Win32ChildProcess.cpp:266; LOGGED FROM: void rstudio::core::system::AsyncChildProcess::poll() C:\Users\Administrator\rstudio\src\cpp\core\system\Win32ChildProcess.cpp:573
16 Nov 2015 04:53:11 [rsession-Fab] ERROR Unexpected git bash argument format: --login -i; LOGGED FROM: HRESULT rstudio::session::modules::git::{anonymous}::detectGitBinDirFromShortcut(rstudio::core::FilePath*) C:\Users\Administrator\rstudio\src\cpp\session\modules\SessionGit.cpp:2378
16 Nov 2015 05:02:52 [rsession-Fab] ERROR Unexpected git bash argument format: --login -i; LOGGED FROM: HRESULT rstudio::session::modules::git::{anonymous}::detectGitBinDirFromShortcut(rstudio::core::FilePath*) C:\Users\Administrator\rstudio\src\cpp\session\modules\SessionGit.cpp:2378
16 Nov 2015 05:02:59 [rsession-Fab] ERROR Unexpected git bash argument format: --login -i; LOGGED FROM: HRESULT rstudio::session::modules::git::{anonymous}::detectGitBinDirFromShortcut(rstudio::core::FilePath*) C:\Users\Administrator\rstudio\src\cpp\session\modules\SessionGit.cpp:2378
16 Nov 2015 05:04:10 [rsession-Fab] ERROR Unexpected git bash argument format: --login -i; LOGGED FROM: HRESULT rstudio::session::modules::git::{anonymous}::detectGitBinDirFromShortcut(rstudio::core::FilePath*) C:\Users\Administrator\rstudio\src\cpp\session\modules\SessionGit.cpp:2378
16 Nov 2015 05:04:15 [rsession-Fab] ERROR Unexpected git bash argument format: --login -i; LOGGED FROM: HRESULT rstudio::session::modules::git::{anonymous}::detectGitBinDirFromShortcut(rstudio::core::FilePath*) C:\Users\Administrator\rstudio\src\cpp\session\modules\SessionGit.cpp:2378
16 Nov 2015 05:04:21 [rsession-Fab] ERROR Unexpected git bash argument format: --login -i; LOGGED FROM: HRESULT rstudio::session::modules::git::{anonymous}::detectGitBinDirFromShortcut(rstudio::core::FilePath*) C:\Users\Administrator\rstudio\src\cpp\session\modules\SessionGit.cpp:2378
16 Nov 2015 05:04:35 [rsession-Fab] ERROR Unexpected git bash argument format: --login -i; LOGGED FROM: HRESULT rstudio::session::modules::git::{anonymous}::detectGitBinDirFromShortcut(rstudio::core::FilePath*) C:\Users\Administrator\rstudio\src\cpp\session\modules\SessionGit.cpp:2378
16 Nov 2015 05:04:36 [rsession-Fab] ERROR Unexpected git bash argument format: --login -i; LOGGED FROM: HRESULT rstudio::session::modules::git::{anonymous}::detectGitBinDirFromShortcut(rstudio::core::FilePath*) C:\Users\Administrator\rstudio\src\cpp\session\modules\SessionGit.cpp:2378
16 Nov 2015 05:04:39 [rsession-Fab] ERROR Unexpected git bash argument format: --login -i; LOGGED FROM: HRESULT rstudio::session::modules::git::{anonymous}::detectGitBinDirFromShortcut(rstudio::core::FilePath*) C:\Users\Administrator\rstudio\src\cpp\session\modules\SessionGit.cpp:2378
16 Nov 2015 05:06:27 [rsession-Fab] ERROR Unexpected git bash argument format: --login -i; LOGGED FROM: HRESULT rstudio::session::modules::git::{anonymous}::detectGitBinDirFromShortcut(rstudio::core::FilePath*) C:\Users\Administrator\rstudio\src\cpp\session\modules\SessionGit.cpp:2378
16 Nov 2015 05:06:33 [rsession-Fab] ERROR Unexpected git bash argument format: --login -i; LOGGED FROM: HRESULT rstudio::session::modules::git::{anonymous}::detectGitBinDirFromShortcut(rstudio::core::FilePath*) C:\Users\Administrator\rstudio\src\cpp\session\modules\SessionGit.cpp:2378
16 Nov 2015 05:08:05 [rsession-Fab] ERROR Unexpected git bash argument format: --login -i; LOGGED FROM: HRESULT rstudio::session::modules::git::{anonymous}::detectGitBinDirFromShortcut(rstudio::core::FilePath*) C:\Users\Administrator\rstudio\src\cpp\session\modules\SessionGit.cpp:2378
16 Nov 2015 05:08:10 [rsession-Fab] ERROR Unexpected git bash argument format: --login -i; LOGGED FROM: HRESULT rstudio::session::modules::git::{anonymous}::detectGitBinDirFromShortcut(rstudio::core::FilePath*) C:\Users\Administrator\rstudio\src\cpp\session\modules\SessionGit.cpp:2378
16 Nov 2015 05:13:10 [rsession-Fab] ERROR Unexpected git bash argument format: --login -i; LOGGED FROM: HRESULT rstudio::session::modules::git::{anonymous}::detectGitBinDirFromShortcut(rstudio::core::FilePath*) C:\Users\Administrator\rstudio\src\cpp\session\modules\SessionGit.cpp:2378
16 Nov 2015 05:13:17 [rsession-Fab] ERROR Unexpected git bash argument format: --login -i; LOGGED FROM: HRESULT rstudio::session::modules::git::{anonymous}::detectGitBinDirFromShortcut(rstudio::core::FilePath*) C:\Users\Administrator\rstudio\src\cpp\session\modules\SessionGit.cpp:2378
16 Nov 2015 05:17:11 [rsession-Fab] ERROR Unexpected git bash argument format: --login -i; LOGGED FROM: HRESULT rstudio::session::modules::git::{anonymous}::detectGitBinDirFromShortcut(rstudio::core::FilePath*) C:\Users\Administrator\rstudio\src\cpp\session\modules\SessionGit.cpp:2378
16 Nov 2015 05:17:16 [rsession-Fab] ERROR Unexpected git bash argument format: --login -i; LOGGED FROM: HRESULT rstudio::session::modules::git::{anonymous}::detectGitBinDirFromShortcut(rstudio::core::FilePath*) C:\Users\Administrator\rstudio\src\cpp\session\modules\SessionGit.cpp:2378
16 Nov 2015 05:20:17 [rsession-Fab] ERROR Unexpected git bash argument format: --login -i; LOGGED FROM: HRESULT rstudio::session::modules::git::{anonymous}::detectGitBinDirFromShortcut(rstudio::core::FilePath*) C:\Users\Administrator\rstudio\src\cpp\session\modules\SessionGit.cpp:2378
16 Nov 2015 05:20:22 [rsession-Fab] ERROR Unexpected git bash argument format: --login -i; LOGGED FROM: HRESULT rstudio::session::modules::git::{anonymous}::detectGitBinDirFromShortcut(rstudio::core::FilePath*) C:\Users\Administrator\rstudio\src\cpp\session\modules\SessionGit.cpp:2378
16 Nov 2015 05:41:33 [rsession-Fab] ERROR Unexpected git bash argument format: --login -i; LOGGED FROM: HRESULT rstudio::session::modules::git::{anonymous}::detectGitBinDirFromShortcut(rstudio::core::FilePath*) C:\Users\Administrator\rstudio\src\cpp\session\modules\SessionGit.cpp:2378
16 Nov 2015 05:42:02 [rsession-Fab] ERROR Unexpected git bash argument format: --login -i; LOGGED FROM: HRESULT rstudio::session::modules::git::{anonymous}::detectGitBinDirFromShortcut(rstudio::core::FilePath*) C:\Users\Administrator\rstudio\src\cpp\session\modules\SessionGit.cpp:2378
16 Nov 2015 05:42:06 [rsession-Fab] ERROR Unexpected git bash argument format: --login -i; LOGGED FROM: HRESULT rstudio::session::modules::git::{anonymous}::detectGitBinDirFromShortcut(rstudio::core::FilePath*) C:\Users\Administrator\rstudio\src\cpp\session\modules\SessionGit.cpp:2378
16 Nov 2015 05:43:49 [rsession-Fab] ERROR Unexpected git bash argument format: --login -i; LOGGED FROM: HRESULT rstudio::session::modules::git::{anonymous}::detectGitBinDirFromShortcut(rstudio::core::FilePath*) C:\Users\Administrator\rstudio\src\cpp\session\modules\SessionGit.cpp:2378
16 Nov 2015 05:43:55 [rsession-Fab] WARNING Process supervisor did not terminate within 1 second; LOGGED FROM: void {anonymous}::rCleanup(bool) C:\Users\Administrator\rstudio\src\cpp\session\SessionMain.cpp:2422
16 Nov 2015 05:46:01 [rsession-Fab] ERROR Unexpected git bash argument format: --login -i; LOGGED FROM: HRESULT rstudio::session::modules::git::{anonymous}::detectGitBinDirFromShortcut(rstudio::core::FilePath*) C:\Users\Administrator\rstudio\src\cpp\session\modules\SessionGit.cpp:2378
16 Nov 2015 05:46:03 [rsession-Fab] ERROR Unexpected git bash argument format: --login -i; LOGGED FROM: HRESULT rstudio::session::modules::git::{anonymous}::detectGitBinDirFromShortcut(rstudio::core::FilePath*) C:\Users\Administrator\rstudio\src\cpp\session\modules\SessionGit.cpp:2378
16 Nov 2015 05:46:35 [rsession-Fab] ERROR Unexpected git bash argument format: --login -i; LOGGED FROM: HRESULT rstudio::session::modules::git::{anonymous}::detectGitBinDirFromShortcut(rstudio::core::FilePath*) C:\Users\Administrator\rstudio\src\cpp\session\modules\SessionGit.cpp:2378
16 Nov 2015 05:46:36 [rsession-Fab] ERROR Unexpected git bash argument format: --login -i; LOGGED FROM: HRESULT rstudio::session::modules::git::{anonymous}::detectGitBinDirFromShortcut(rstudio::core::FilePath*) C:\Users\Administrator\rstudio\src\cpp\session\modules\SessionGit.cpp:2378
16 Nov 2015 05:48:38 [rsession-Fab] ERROR Unexpected git bash argument format: --login -i; LOGGED FROM: HRESULT rstudio::session::modules::git::{anonymous}::detectGitBinDirFromShortcut(rstudio::core::FilePath*) C:\Users\Administrator\rstudio\src\cpp\session\modules\SessionGit.cpp:2378
16 Nov 2015 05:48:39 [rsession-Fab] ERROR Unexpected git bash argument format: --login -i; LOGGED FROM: HRESULT rstudio::session::modules::git::{anonymous}::detectGitBinDirFromShortcut(rstudio::core::FilePath*) C:\Users\Administrator\rstudio\src\cpp\session\modules\SessionGit.cpp:2378
16 Nov 2015 05:51:13 [rsession-Fab] ERROR Unexpected git bash argument format: --login -i; LOGGED FROM: HRESULT rstudio::session::modules::git::{anonymous}::detectGitBinDirFromShortcut(rstudio::core::FilePath*) C:\Users\Administrator\rstudio\src\cpp\session\modules\SessionGit.cpp:2378
16 Nov 2015 05:51:20 [rsession-Fab] ERROR Unexpected git bash argument format: --login -i; LOGGED FROM: HRESULT rstudio::session::modules::git::{anonymous}::detectGitBinDirFromShortcut(rstudio::core::FilePath*) C:\Users\Administrator\rstudio\src\cpp\session\modules\SessionGit.cpp:2378
16 Nov 2015 05:51:21 [rsession-Fab] ERROR Unexpected git bash argument format: --login -i; LOGGED FROM: HRESULT rstudio::session::modules::git::{anonymous}::detectGitBinDirFromShortcut(rstudio::core::FilePath*) C:\Users\Administrator\rstudio\src\cpp\session\modules\SessionGit.cpp:2378
16 Nov 2015 05:51:36 [rsession-Fab] ERROR Failed to parse JSON: '{"package":"Matrix","exports":[".__T__qr.Q:base",".__C__indM...'; LOGGED FROM: virtual void rstudio::session::modules::r_packages::AsyncPackageInformationProcess::onCompleted(int) C:\Users\Administrator\rstudio\src\cpp\session\modules\SessionAsyncPackageInformation.cpp:199
16 Nov 2015 05:51:37 [rsession-Fab] WARNING Process supervisor did not terminate within 1 second; LOGGED FROM: void {anonymous}::rCleanup(bool) C:\Users\Administrator\rstudio\src\cpp\session\SessionMain.cpp:2422
