2015-11-21 23:02:28,605+0100 INFO  initexmf - starting: MiKTeX Configuration Utility 2.9.5700 (MiKTeX 2.9)
2015-11-21 23:02:28,608+0100 INFO  initexmf - running: mkfntmap 
2015-11-21 23:02:28,844+0100 INFO  initexmf - starting: MiKTeX Configuration Utility 2.9.5700 (MiKTeX 2.9)
2015-11-21 23:02:28,849+0100 INFO  initexmf - Creating language.dat, language.dat.lua and language.def...
2015-11-21 23:03:41,371+0100 INFO  initexmf - starting: MiKTeX Configuration Utility 2.9.5700 (MiKTeX 2.9)
2015-11-21 23:03:41,385+0100 INFO  initexmf - Creating fndb for common root directory (C:\Users\Public\Dev\altair\texlive)...
2015-11-21 23:03:42,605+0100 INFO  initexmf - starting: MiKTeX Configuration Utility 2.9.5700 (MiKTeX 2.9)
2015-11-21 23:03:42,608+0100 INFO  initexmf - Making format links...
2015-11-21 23:03:42,624+0100 INFO  initexmf - Making script links...
2015-11-21 23:03:42,690+0100 INFO  initexmf -   C:\Users\Public\Dev\altair\texlive\miktex/bin\miktex-taskbar-icon.exe
2015-11-21 23:03:42,693+0100 INFO  initexmf -   C:\Users\Public\Dev\altair\texlive\miktex/bin\miktex-update.exe
2015-11-21 23:03:42,764+0100 INFO  initexmf - starting: MiKTeX Configuration Utility 2.9.5700 (MiKTeX 2.9)
2015-11-21 23:03:42,766+0100 INFO  initexmf - Creating language.dat, language.dat.lua and language.def...
2015-11-21 23:03:42,777+0100 INFO  initexmf - running: mkfntmap --verbose
2015-11-21 23:08:49,910+0100 INFO  initexmf - starting: MiKTeX Configuration Utility 2.9.5700 (MiKTeX 2.9)
2015-11-21 23:08:49,915+0100 INFO  initexmf - running '--engine=pdftex --dest-name=pdflatex --no-dump pdflatex.ini --engine-option=-tcx=cp227.tcx'
2015-11-21 23:09:32,344+0100 INFO  initexmf - starting: MiKTeX Configuration Utility 2.9.5700 (MiKTeX 2.9)
2015-11-21 23:09:32,348+0100 INFO  initexmf - Making format links...
2015-11-21 23:09:32,351+0100 INFO  initexmf - Making script links...
2015-11-21 23:09:32,356+0100 INFO  initexmf -   C:\Users\Public\Dev\altair\texlive\miktex/bin\miktex-taskbar-icon.exe
2015-11-21 23:09:32,356+0100 INFO  initexmf -   C:\Users\Public\Dev\altair\texlive\miktex/bin\miktex-update.exe
2015-11-21 23:09:32,357+0100 INFO  initexmf - running: mkfntmap 
2015-11-21 23:09:39,351+0100 INFO  initexmf - starting: MiKTeX Configuration Utility 2.9.5700 (MiKTeX 2.9)
2015-11-21 23:09:39,356+0100 INFO  initexmf - Making format links...
2015-11-21 23:09:39,359+0100 INFO  initexmf - Making script links...
2015-11-21 23:09:39,365+0100 INFO  initexmf -   C:\Users\Public\Dev\altair\texlive\miktex/bin\miktex-taskbar-icon.exe
2015-11-21 23:09:39,365+0100 INFO  initexmf -   C:\Users\Public\Dev\altair\texlive\miktex/bin\miktex-update.exe
2015-11-21 23:09:39,365+0100 INFO  initexmf - running: mkfntmap 
2015-11-21 23:09:42,951+0100 INFO  initexmf - starting: MiKTeX Configuration Utility 2.9.5700 (MiKTeX 2.9)
2015-11-21 23:09:42,956+0100 INFO  initexmf - Making format links...
2015-11-21 23:09:42,959+0100 INFO  initexmf - Making script links...
2015-11-21 23:09:42,964+0100 INFO  initexmf -   C:\Users\Public\Dev\altair\texlive\miktex/bin\miktex-taskbar-icon.exe
2015-11-21 23:09:42,964+0100 INFO  initexmf -   C:\Users\Public\Dev\altair\texlive\miktex/bin\miktex-update.exe
2015-11-21 23:09:42,965+0100 INFO  initexmf - running: mkfntmap 
2015-11-21 23:09:45,210+0100 INFO  initexmf - starting: MiKTeX Configuration Utility 2.9.5700 (MiKTeX 2.9)
2015-11-21 23:09:45,214+0100 INFO  initexmf - Making format links...
2015-11-21 23:09:45,217+0100 INFO  initexmf - Making script links...
2015-11-21 23:09:45,222+0100 INFO  initexmf -   C:\Users\Public\Dev\altair\texlive\miktex/bin\miktex-taskbar-icon.exe
2015-11-21 23:09:45,223+0100 INFO  initexmf -   C:\Users\Public\Dev\altair\texlive\miktex/bin\miktex-update.exe
2015-11-21 23:09:45,223+0100 INFO  initexmf - running: mkfntmap 
2015-11-21 23:09:46,780+0100 INFO  initexmf - starting: MiKTeX Configuration Utility 2.9.5700 (MiKTeX 2.9)
2015-11-21 23:09:46,784+0100 INFO  initexmf - Making format links...
2015-11-21 23:09:46,787+0100 INFO  initexmf - Making script links...
2015-11-21 23:09:46,793+0100 INFO  initexmf -   C:\Users\Public\Dev\altair\texlive\miktex/bin\miktex-taskbar-icon.exe
2015-11-21 23:09:46,793+0100 INFO  initexmf -   C:\Users\Public\Dev\altair\texlive\miktex/bin\miktex-update.exe
2015-11-21 23:09:46,793+0100 INFO  initexmf - running: mkfntmap 
2015-11-21 23:09:48,123+0100 INFO  initexmf - starting: MiKTeX Configuration Utility 2.9.5700 (MiKTeX 2.9)
2015-11-21 23:09:48,127+0100 INFO  initexmf - Making format links...
2015-11-21 23:09:48,130+0100 INFO  initexmf - Making script links...
2015-11-21 23:09:48,135+0100 INFO  initexmf -   C:\Users\Public\Dev\altair\texlive\miktex/bin\miktex-taskbar-icon.exe
2015-11-21 23:09:48,135+0100 INFO  initexmf -   C:\Users\Public\Dev\altair\texlive\miktex/bin\miktex-update.exe
2015-11-21 23:09:48,136+0100 INFO  initexmf - running: mkfntmap 
