2015-11-21 23:02:28,662+0100 INFO  mkfntmap - starting: MiKTeX Fontmap Maintenance Utility 2.9.5700 (MiKTeX 2.9)
2015-11-21 23:02:28,663+0100 INFO  mkfntmap - Parsing config file C:\Users\Public\Dev\altair\texlive\miktex\config\updmap.cfg...
2015-11-21 23:02:28,664+0100 INFO  mkfntmap - Parsing C:\Users\Public\Dev\altair\texlive\fonts\map\dvips\tetex\dvips35.map...
2015-11-21 23:02:28,665+0100 INFO  mkfntmap - Parsing C:\Users\Public\Dev\altair\texlive\fonts\map\dvips\tetex\pdftex35.map...
2015-11-21 23:02:28,666+0100 INFO  mkfntmap - Parsing C:\Users\Public\Dev\altair\texlive\fonts\map\dvips\tetex\dvipdfm35.map...
2015-11-21 23:02:28,667+0100 INFO  mkfntmap - Parsing C:\Users\Public\Dev\altair\texlive\fonts\map\dvips\tetex\ps2pk35.map...
2015-11-21 23:02:28,669+0100 INFO  mkfntmap - Parsing C:\Users\Public\Dev\altair\texlive\fonts\map\dvips\amsfonts\cm.map...
2015-11-21 23:02:28,669+0100 INFO  mkfntmap - Parsing C:\Users\Public\Dev\altair\texlive\fonts\map\dvips\amsfonts\cmextra.map...
2015-11-21 23:02:28,670+0100 INFO  mkfntmap - Parsing C:\Users\Public\Dev\altair\texlive\fonts\map\dvips\amsfonts\cyrillic.map...
2015-11-21 23:02:28,670+0100 INFO  mkfntmap - Parsing C:\Users\Public\Dev\altair\texlive\fonts\map\dvips\amsfonts\euler.map...
2015-11-21 23:02:28,671+0100 INFO  mkfntmap - Parsing C:\Users\Public\Dev\altair\texlive\dvips\eurosym\eurosym.map...
2015-11-21 23:02:28,671+0100 INFO  mkfntmap - Parsing C:\Users\Public\Dev\altair\texlive\fonts\map\dvips\amsfonts\latxfont.map...
2015-11-21 23:02:28,672+0100 INFO  mkfntmap - Parsing C:\Users\Public\Dev\altair\texlive\fonts\map\dvips\rsfs\rsfs.map...
2015-11-21 23:02:28,672+0100 INFO  mkfntmap - Parsing C:\Users\Public\Dev\altair\texlive\fonts\map\dvips\amsfonts\symbols.map...
2015-11-21 23:02:28,673+0100 INFO  mkfntmap - Parsing C:\Users\Public\Dev\altair\texlive\fonts\map\dvips\xypic\xypic.map...
2015-11-21 23:02:28,677+0100 INFO  mkfntmap - Parsing C:\Users\Public\Dev\altair\texlive\fonts\map\dvips\psnfss\charter.map...
2015-11-21 23:02:28,678+0100 INFO  mkfntmap - Parsing C:\Users\Public\Dev\altair\texlive\fonts\map\dvips\psnfss\fpls.map...
2015-11-21 23:02:28,680+0100 INFO  mkfntmap - Parsing C:\Users\Public\Dev\altair\texlive\fonts\map\dvips\lm\lm.map...
2015-11-21 23:02:28,683+0100 INFO  mkfntmap - Parsing C:\Users\Public\Dev\altair\texlive\fonts\map\dvips\obsolete\mathpi.map...
2015-11-21 23:02:28,684+0100 INFO  mkfntmap - Parsing C:\Users\Public\Dev\altair\texlive\fonts\map\dvips\obsolete\mathpple-ext.map...
2015-11-21 23:02:28,685+0100 INFO  mkfntmap - Parsing C:\Users\Public\Dev\altair\texlive\fonts\map\dvips\psnfss\pazo.map...
2015-11-21 23:02:28,685+0100 INFO  mkfntmap - Parsing C:\Users\Public\Dev\altair\texlive\dvips\pslatex\pcrr8rn.map...
2015-11-21 23:02:28,686+0100 INFO  mkfntmap - Parsing C:\Users\Public\Dev\altair\texlive\fonts\map\dvips\psnfss\psnfss.map...
2015-11-21 23:02:28,687+0100 INFO  mkfntmap - Parsing C:\Users\Public\Dev\altair\texlive\fonts\map\dvips\avantgar\uag.map...
2015-11-21 23:02:28,688+0100 INFO  mkfntmap - Parsing C:\Users\Public\Dev\altair\texlive\fonts\map\dvips\bookman\ubk.map...
2015-11-21 23:02:28,688+0100 INFO  mkfntmap - Parsing C:\Users\Public\Dev\altair\texlive\fonts\map\dvips\courier\ucr.map...
2015-11-21 23:02:28,688+0100 INFO  mkfntmap - Parsing C:\Users\Public\Dev\altair\texlive\fonts\map\dvips\helvetic\uhv.map...
2015-11-21 23:02:28,688+0100 INFO  mkfntmap - Parsing C:\Users\Public\Dev\altair\texlive\fonts\map\dvips\ncntrsbk\unc.map...
2015-11-21 23:02:28,689+0100 INFO  mkfntmap - Parsing C:\Users\Public\Dev\altair\texlive\fonts\map\dvips\palatino\upl.map...
2015-11-21 23:02:28,689+0100 INFO  mkfntmap - Parsing C:\Users\Public\Dev\altair\texlive\fonts\map\dvips\times\utm.map...
2015-11-21 23:02:28,689+0100 INFO  mkfntmap - Parsing C:\Users\Public\Dev\altair\texlive\fonts\map\dvips\psnfss\utopia.map...
2015-11-21 23:02:28,689+0100 INFO  mkfntmap - Parsing C:\Users\Public\Dev\altair\texlive\fonts\map\dvips\zapfchan\uzc.map...
2015-11-21 23:02:28,690+0100 INFO  mkfntmap - Parsing C:\Users\Public\Dev\altair\texlive\fonts\map\dvips\zapfding\uzd.map...
2015-11-21 23:02:28,690+0100 INFO  mkfntmap - Writing C:\Users\Public\Dev\altair\texlive\dvips\config\ps2pk.map...
2015-11-21 23:02:28,696+0100 INFO  mkfntmap - Writing C:\Users\Public\Dev\altair\texlive\dvips\config\download35.map...
2015-11-21 23:02:28,698+0100 INFO  mkfntmap - Writing C:\Users\Public\Dev\altair\texlive\dvips\config\builtin35.map...
2015-11-21 23:02:28,700+0100 INFO  mkfntmap - Writing C:\Users\Public\Dev\altair\texlive\dvips\config\psfonts_t1.map...
2015-11-21 23:02:28,705+0100 INFO  mkfntmap - Writing C:\Users\Public\Dev\altair\texlive\dvips\config\psfonts_pk.map...
2015-11-21 23:02:28,711+0100 INFO  mkfntmap - Writing C:\Users\Public\Dev\altair\texlive\pdftex\config\pdftex_ndl14.map...
2015-11-21 23:02:28,715+0100 INFO  mkfntmap - Writing C:\Users\Public\Dev\altair\texlive\pdftex\config\pdftex_dl14.map...
2015-11-21 23:02:28,720+0100 INFO  mkfntmap - Writing C:\Users\Public\Dev\altair\texlive\dvipdfm\config\dvipdfm_dl14.map...
2015-11-21 23:02:28,724+0100 INFO  mkfntmap - Writing C:\Users\Public\Dev\altair\texlive\dvipdfm\config\dvipdfm_ndl14.map...
2015-11-21 23:02:28,728+0100 INFO  mkfntmap - Copying C:\Users\Public\Dev\altair\texlive\dvips\config\psfonts_t1.map
2015-11-21 23:02:28,728+0100 INFO  mkfntmap -      to C:\Users\Public\Dev\altair\texlive\dvips\config\psfonts.map...
2015-11-21 23:02:28,730+0100 INFO  mkfntmap - Copying C:\Users\Public\Dev\altair\texlive\dvipdfm\config\dvipdfm_dl14.map
2015-11-21 23:02:28,730+0100 INFO  mkfntmap -      to C:\Users\Public\Dev\altair\texlive\dvipdfm\config\dvipdfm.map...
2015-11-21 23:02:28,730+0100 INFO  mkfntmap - Copying C:\Users\Public\Dev\altair\texlive\pdftex\config\pdftex_dl14.map
2015-11-21 23:02:28,730+0100 INFO  mkfntmap -      to C:\Users\Public\Dev\altair\texlive\pdftex\config\pdftex.map...
2015-11-21 23:02:28,736+0100 INFO  mkfntmap - running: fc-cache 
2015-11-21 23:03:06,702+0100 INFO  mkfntmap - Unable to update the static FcBlanks: 0x0600
2015-11-21 23:03:06,702+0100 INFO  mkfntmap - Unable to update the static FcBlanks: 0x0601
2015-11-21 23:03:06,702+0100 INFO  mkfntmap - Unable to update the static FcBlanks: 0x0602
2015-11-21 23:03:06,702+0100 INFO  mkfntmap - Unable to update the static FcBlanks: 0x0603
2015-11-21 23:03:06,702+0100 INFO  mkfntmap - Unable to update the static FcBlanks: 0x06dd
2015-11-21 23:03:06,702+0100 INFO  mkfntmap - Unable to update the static FcBlanks: 0x070f
2015-11-21 23:03:06,702+0100 INFO  mkfntmap - Unable to update the static FcBlanks: 0x2028
2015-11-21 23:03:06,702+0100 INFO  mkfntmap - Unable to update the static FcBlanks: 0x2029
2015-11-21 23:03:06,703+0100 INFO  mkfntmap - Unable to update the static FcBlanks: 0xfff9
2015-11-21 23:03:06,703+0100 INFO  mkfntmap - Unable to update the static FcBlanks: 0xfffa
2015-11-21 23:03:06,703+0100 INFO  mkfntmap - Unable to update the static FcBlanks: 0xfffb
2015-11-21 23:03:42,831+0100 INFO  mkfntmap - starting: MiKTeX Fontmap Maintenance Utility 2.9.5700 (MiKTeX 2.9)
2015-11-21 23:03:42,831+0100 INFO  mkfntmap - Parsing config file C:\Users\Public\Dev\altair\texlive\miktex\config\updmap.cfg...
2015-11-21 23:03:42,833+0100 INFO  mkfntmap - Parsing C:\Users\Public\Dev\altair\texlive\fonts\map\dvips\tetex\dvips35.map...
2015-11-21 23:03:42,834+0100 INFO  mkfntmap - Parsing C:\Users\Public\Dev\altair\texlive\fonts\map\dvips\tetex\pdftex35.map...
2015-11-21 23:03:42,835+0100 INFO  mkfntmap - Parsing C:\Users\Public\Dev\altair\texlive\fonts\map\dvips\tetex\dvipdfm35.map...
2015-11-21 23:03:42,835+0100 INFO  mkfntmap - Parsing C:\Users\Public\Dev\altair\texlive\fonts\map\dvips\tetex\ps2pk35.map...
2015-11-21 23:03:42,838+0100 INFO  mkfntmap - Parsing C:\Users\Public\Dev\altair\texlive\fonts\map\dvips\amsfonts\cm.map...
2015-11-21 23:03:42,838+0100 INFO  mkfntmap - Parsing C:\Users\Public\Dev\altair\texlive\fonts\map\dvips\amsfonts\cmextra.map...
2015-11-21 23:03:42,839+0100 INFO  mkfntmap - Parsing C:\Users\Public\Dev\altair\texlive\fonts\map\dvips\amsfonts\cyrillic.map...
2015-11-21 23:03:42,839+0100 INFO  mkfntmap - Parsing C:\Users\Public\Dev\altair\texlive\fonts\map\dvips\amsfonts\euler.map...
2015-11-21 23:03:42,840+0100 INFO  mkfntmap - Parsing C:\Users\Public\Dev\altair\texlive\dvips\eurosym\eurosym.map...
2015-11-21 23:03:42,840+0100 INFO  mkfntmap - Parsing C:\Users\Public\Dev\altair\texlive\fonts\map\dvips\amsfonts\latxfont.map...
2015-11-21 23:03:42,841+0100 INFO  mkfntmap - Parsing C:\Users\Public\Dev\altair\texlive\fonts\map\dvips\rsfs\rsfs.map...
2015-11-21 23:03:42,841+0100 INFO  mkfntmap - Parsing C:\Users\Public\Dev\altair\texlive\fonts\map\dvips\amsfonts\symbols.map...
2015-11-21 23:03:42,842+0100 INFO  mkfntmap - Parsing C:\Users\Public\Dev\altair\texlive\fonts\map\dvips\xypic\xypic.map...
2015-11-21 23:03:42,846+0100 INFO  mkfntmap - Parsing C:\Users\Public\Dev\altair\texlive\fonts\map\dvips\psnfss\charter.map...
2015-11-21 23:03:42,847+0100 INFO  mkfntmap - Parsing C:\Users\Public\Dev\altair\texlive\fonts\map\dvips\psnfss\fpls.map...
2015-11-21 23:03:42,849+0100 INFO  mkfntmap - Parsing C:\Users\Public\Dev\altair\texlive\fonts\map\dvips\lm\lm.map...
2015-11-21 23:03:42,852+0100 INFO  mkfntmap - Parsing C:\Users\Public\Dev\altair\texlive\fonts\map\dvips\obsolete\mathpi.map...
2015-11-21 23:03:42,852+0100 INFO  mkfntmap - Parsing C:\Users\Public\Dev\altair\texlive\fonts\map\dvips\obsolete\mathpple-ext.map...
2015-11-21 23:03:42,854+0100 INFO  mkfntmap - Parsing C:\Users\Public\Dev\altair\texlive\fonts\map\dvips\psnfss\pazo.map...
2015-11-21 23:03:42,854+0100 INFO  mkfntmap - Parsing C:\Users\Public\Dev\altair\texlive\dvips\pslatex\pcrr8rn.map...
2015-11-21 23:03:42,855+0100 INFO  mkfntmap - Parsing C:\Users\Public\Dev\altair\texlive\fonts\map\dvips\psnfss\psnfss.map...
2015-11-21 23:03:42,856+0100 INFO  mkfntmap - Parsing C:\Users\Public\Dev\altair\texlive\fonts\map\dvips\avantgar\uag.map...
2015-11-21 23:03:42,856+0100 INFO  mkfntmap - Parsing C:\Users\Public\Dev\altair\texlive\fonts\map\dvips\bookman\ubk.map...
2015-11-21 23:03:42,857+0100 INFO  mkfntmap - Parsing C:\Users\Public\Dev\altair\texlive\fonts\map\dvips\courier\ucr.map...
2015-11-21 23:03:42,857+0100 INFO  mkfntmap - Parsing C:\Users\Public\Dev\altair\texlive\fonts\map\dvips\helvetic\uhv.map...
2015-11-21 23:03:42,857+0100 INFO  mkfntmap - Parsing C:\Users\Public\Dev\altair\texlive\fonts\map\dvips\ncntrsbk\unc.map...
2015-11-21 23:03:42,857+0100 INFO  mkfntmap - Parsing C:\Users\Public\Dev\altair\texlive\fonts\map\dvips\palatino\upl.map...
2015-11-21 23:03:42,858+0100 INFO  mkfntmap - Parsing C:\Users\Public\Dev\altair\texlive\fonts\map\dvips\times\utm.map...
2015-11-21 23:03:42,858+0100 INFO  mkfntmap - Parsing C:\Users\Public\Dev\altair\texlive\fonts\map\dvips\psnfss\utopia.map...
2015-11-21 23:03:42,858+0100 INFO  mkfntmap - Parsing C:\Users\Public\Dev\altair\texlive\fonts\map\dvips\zapfchan\uzc.map...
2015-11-21 23:03:42,858+0100 INFO  mkfntmap - Parsing C:\Users\Public\Dev\altair\texlive\fonts\map\dvips\zapfding\uzd.map...
2015-11-21 23:03:42,859+0100 INFO  mkfntmap - Writing C:\Users\Public\Dev\altair\texlive\dvips\config\ps2pk.map...
2015-11-21 23:03:42,865+0100 INFO  mkfntmap - Writing C:\Users\Public\Dev\altair\texlive\dvips\config\download35.map...
2015-11-21 23:03:42,867+0100 INFO  mkfntmap - Writing C:\Users\Public\Dev\altair\texlive\dvips\config\builtin35.map...
2015-11-21 23:03:42,870+0100 INFO  mkfntmap - Writing C:\Users\Public\Dev\altair\texlive\dvips\config\psfonts_t1.map...
2015-11-21 23:03:42,875+0100 INFO  mkfntmap - Writing C:\Users\Public\Dev\altair\texlive\dvips\config\psfonts_pk.map...
2015-11-21 23:03:42,881+0100 INFO  mkfntmap - Writing C:\Users\Public\Dev\altair\texlive\pdftex\config\pdftex_ndl14.map...
2015-11-21 23:03:42,886+0100 INFO  mkfntmap - Writing C:\Users\Public\Dev\altair\texlive\pdftex\config\pdftex_dl14.map...
2015-11-21 23:03:42,891+0100 INFO  mkfntmap - Writing C:\Users\Public\Dev\altair\texlive\dvipdfm\config\dvipdfm_dl14.map...
2015-11-21 23:03:42,896+0100 INFO  mkfntmap - Writing C:\Users\Public\Dev\altair\texlive\dvipdfm\config\dvipdfm_ndl14.map...
2015-11-21 23:03:42,901+0100 INFO  mkfntmap - Copying C:\Users\Public\Dev\altair\texlive\dvips\config\psfonts_t1.map
2015-11-21 23:03:42,901+0100 INFO  mkfntmap -      to C:\Users\Public\Dev\altair\texlive\dvips\config\psfonts.map...
2015-11-21 23:03:42,902+0100 INFO  mkfntmap - Copying C:\Users\Public\Dev\altair\texlive\dvipdfm\config\dvipdfm_dl14.map
2015-11-21 23:03:42,902+0100 INFO  mkfntmap -      to C:\Users\Public\Dev\altair\texlive\dvipdfm\config\dvipdfm.map...
2015-11-21 23:03:42,903+0100 INFO  mkfntmap - Copying C:\Users\Public\Dev\altair\texlive\pdftex\config\pdftex_dl14.map
2015-11-21 23:03:42,903+0100 INFO  mkfntmap -      to C:\Users\Public\Dev\altair\texlive\pdftex\config\pdftex.map...
2015-11-21 23:03:42,907+0100 INFO  mkfntmap - running: fc-cache --verbose
2015-11-21 23:03:43,119+0100 INFO  mkfntmap - C:/WINDOWS/Fonts: skipping, existing cache is valid: 923 fonts, 0 dirs
2015-11-21 23:03:43,120+0100 INFO  mkfntmap - C:/Program Files (x86)/Adobe/Acrobat Reader DC/Resource/Font: skipping, existing cache is valid: 16 fonts, 1 dirs
2015-11-21 23:03:43,120+0100 INFO  mkfntmap - C:/Program Files (x86)/Adobe/Acrobat Reader DC/Resource/Font/PFM: skipping, existing cache is valid: 0 fonts, 0 dirs
2015-11-21 23:03:43,121+0100 INFO  mkfntmap - C:/Users/Public/Dev/altair/texlive/fonts/type1: skipping, existing cache is valid: 0 fonts, 4 dirs
2015-11-21 23:03:43,121+0100 INFO  mkfntmap - C:/Users/Public/Dev/altair/texlive/fonts/type1/adobe: skipping, existing cache is valid: 0 fonts, 2 dirs
2015-11-21 23:03:43,121+0100 INFO  mkfntmap - C:/Users/Public/Dev/altair/texlive/fonts/type1/adobe/courier: skipping, existing cache is valid: 6 fonts, 0 dirs
2015-11-21 23:03:43,121+0100 INFO  mkfntmap - C:/Users/Public/Dev/altair/texlive/fonts/type1/adobe/utopia: skipping, existing cache is valid: 4 fonts, 0 dirs
2015-11-21 23:03:43,122+0100 INFO  mkfntmap - C:/Users/Public/Dev/altair/texlive/fonts/type1/groff: skipping, existing cache is valid: 1 fonts, 0 dirs
2015-11-21 23:03:43,122+0100 INFO  mkfntmap - C:/Users/Public/Dev/altair/texlive/fonts/type1/public: skipping, existing cache is valid: 0 fonts, 6 dirs
2015-11-21 23:03:43,123+0100 INFO  mkfntmap - C:/Users/Public/Dev/altair/texlive/fonts/type1/public/amsfonts: skipping, existing cache is valid: 0 fonts, 6 dirs
2015-11-21 23:03:43,127+0100 INFO  mkfntmap - C:/Users/Public/Dev/altair/texlive/fonts/type1/public/amsfonts/cm: skipping, existing cache is valid: 75 fonts, 0 dirs
2015-11-21 23:03:43,128+0100 INFO  mkfntmap - C:/Users/Public/Dev/altair/texlive/fonts/type1/public/amsfonts/cmextra: skipping, existing cache is valid: 15 fonts, 0 dirs
2015-11-21 23:03:43,128+0100 INFO  mkfntmap - C:/Users/Public/Dev/altair/texlive/fonts/type1/public/amsfonts/cyrillic: skipping, existing cache is valid: 5 fonts, 0 dirs
2015-11-21 23:03:43,129+0100 INFO  mkfntmap - C:/Users/Public/Dev/altair/texlive/fonts/type1/public/amsfonts/euler: skipping, existing cache is valid: 22 fonts, 0 dirs
2015-11-21 23:03:43,130+0100 INFO  mkfntmap - C:/Users/Public/Dev/altair/texlive/fonts/type1/public/amsfonts/latxfont: skipping, existing cache is valid: 14 fonts, 0 dirs
2015-11-21 23:03:43,131+0100 INFO  mkfntmap - C:/Users/Public/Dev/altair/texlive/fonts/type1/public/amsfonts/symbols: skipping, existing cache is valid: 12 fonts, 0 dirs
2015-11-21 23:03:43,131+0100 INFO  mkfntmap - C:/Users/Public/Dev/altair/texlive/fonts/type1/public/cbcoptic: skipping, existing cache is valid: 2 fonts, 0 dirs
2015-11-21 23:03:43,132+0100 INFO  mkfntmap - C:/Users/Public/Dev/altair/texlive/fonts/type1/public/eurosym: skipping, existing cache is valid: 12 fonts, 0 dirs
2015-11-21 23:03:43,137+0100 INFO  mkfntmap - C:/Users/Public/Dev/altair/texlive/fonts/type1/public/lm: skipping, existing cache is valid: 92 fonts, 0 dirs
2015-11-21 23:03:43,138+0100 INFO  mkfntmap - C:/Users/Public/Dev/altair/texlive/fonts/type1/public/rsfs: skipping, existing cache is valid: 3 fonts, 0 dirs
2015-11-21 23:03:43,138+0100 INFO  mkfntmap - C:/Users/Public/Dev/altair/texlive/fonts/type1/public/xypic: skipping, existing cache is valid: 23 fonts, 0 dirs
2015-11-21 23:03:43,139+0100 INFO  mkfntmap - C:/Users/Public/Dev/altair/texlive/fonts/type1/urw: skipping, existing cache is valid: 0 fonts, 9 dirs
2015-11-21 23:03:43,139+0100 INFO  mkfntmap - C:/Users/Public/Dev/altair/texlive/fonts/type1/urw/avantgar: skipping, existing cache is valid: 4 fonts, 0 dirs
2015-11-21 23:03:43,140+0100 INFO  mkfntmap - C:/Users/Public/Dev/altair/texlive/fonts/type1/urw/bookman: skipping, existing cache is valid: 4 fonts, 0 dirs
2015-11-21 23:03:43,140+0100 INFO  mkfntmap - C:/Users/Public/Dev/altair/texlive/fonts/type1/urw/courier: skipping, existing cache is valid: 4 fonts, 0 dirs
2015-11-21 23:03:43,141+0100 INFO  mkfntmap - C:/Users/Public/Dev/altair/texlive/fonts/type1/urw/helvetic: skipping, existing cache is valid: 14 fonts, 0 dirs
2015-11-21 23:03:43,141+0100 INFO  mkfntmap - C:/Users/Public/Dev/altair/texlive/fonts/type1/urw/ncntrsbk: skipping, existing cache is valid: 4 fonts, 0 dirs
2015-11-21 23:03:43,141+0100 INFO  mkfntmap - C:/Users/Public/Dev/altair/texlive/fonts/type1/urw/palatino: skipping, existing cache is valid: 4 fonts, 0 dirs
2015-11-21 23:03:43,142+0100 INFO  mkfntmap - C:/Users/Public/Dev/altair/texlive/fonts/type1/urw/times: skipping, existing cache is valid: 4 fonts, 0 dirs
2015-11-21 23:03:43,142+0100 INFO  mkfntmap - C:/Users/Public/Dev/altair/texlive/fonts/type1/urw/zapfchan: skipping, existing cache is valid: 1 fonts, 0 dirs
2015-11-21 23:03:43,142+0100 INFO  mkfntmap - C:/Users/Public/Dev/altair/texlive/fonts/type1/urw/zapfding: skipping, existing cache is valid: 1 fonts, 0 dirs
2015-11-21 23:03:43,142+0100 INFO  mkfntmap - C:/Users/Public/Dev/altair/texlive/fonts/opentype: skipping, existing cache is valid: 0 fonts, 1 dirs
2015-11-21 23:03:43,143+0100 INFO  mkfntmap - C:/Users/Public/Dev/altair/texlive/fonts/opentype/public: skipping, existing cache is valid: 0 fonts, 1 dirs
2015-11-21 23:03:43,145+0100 INFO  mkfntmap - C:/Users/Public/Dev/altair/texlive/fonts/opentype/public/lm: skipping, existing cache is valid: 72 fonts, 0 dirs
2015-11-21 23:03:43,150+0100 INFO  mkfntmap - Re-scanning C:/Program Files (x86)/Adobe/Acrobat Reader DC/Resource/Font: caching, new cache contents: 16 fonts, 1 dirs
2015-11-21 23:03:43,151+0100 INFO  mkfntmap - Re-scanning C:/Users/Public/Dev/altair/texlive/fonts/type1: caching, new cache contents: 0 fonts, 4 dirs
2015-11-21 23:03:43,153+0100 INFO  mkfntmap - Re-scanning C:/Users/Public/Dev/altair/texlive/fonts/type1/adobe: caching, new cache contents: 0 fonts, 2 dirs
2015-11-21 23:03:43,155+0100 INFO  mkfntmap - Re-scanning C:/Users/Public/Dev/altair/texlive/fonts/type1/public: caching, new cache contents: 0 fonts, 6 dirs
2015-11-21 23:03:43,157+0100 INFO  mkfntmap - Re-scanning C:/Users/Public/Dev/altair/texlive/fonts/type1/public/amsfonts: caching, new cache contents: 0 fonts, 6 dirs
2015-11-21 23:03:43,159+0100 INFO  mkfntmap - Re-scanning C:/Users/Public/Dev/altair/texlive/fonts/type1/urw: caching, new cache contents: 0 fonts, 9 dirs
2015-11-21 23:03:43,160+0100 INFO  mkfntmap - Re-scanning C:/Users/Public/Dev/altair/texlive/fonts/opentype: caching, new cache contents: 0 fonts, 1 dirs
2015-11-21 23:03:43,213+0100 INFO  mkfntmap - Re-scanning C:/Users/Public/Dev/altair/texlive/fonts/opentype/public: caching, new cache contents: 0 fonts, 1 dirs
2015-11-21 23:03:43,213+0100 INFO  mkfntmap - C:/Users/Public/Dev/altair/texlive/fontconfig/cache: cleaning cache directory
2015-11-21 23:03:43,214+0100 INFO  mkfntmap - C:\Users\Public\Dev\altair\texlive\miktex\bin\fc-cache.EXE: succeeded
2015-11-21 23:03:43,214+0100 INFO  mkfntmap - Unable to update the static FcBlanks: 0x0600
2015-11-21 23:03:43,214+0100 INFO  mkfntmap - Unable to update the static FcBlanks: 0x0601
2015-11-21 23:03:43,214+0100 INFO  mkfntmap - Unable to update the static FcBlanks: 0x0602
2015-11-21 23:03:43,214+0100 INFO  mkfntmap - Unable to update the static FcBlanks: 0x0603
2015-11-21 23:03:43,214+0100 INFO  mkfntmap - Unable to update the static FcBlanks: 0x06dd
2015-11-21 23:03:43,214+0100 INFO  mkfntmap - Unable to update the static FcBlanks: 0x070f
2015-11-21 23:03:43,214+0100 INFO  mkfntmap - Unable to update the static FcBlanks: 0x2028
2015-11-21 23:03:43,214+0100 INFO  mkfntmap - Unable to update the static FcBlanks: 0x2029
2015-11-21 23:03:43,214+0100 INFO  mkfntmap - Unable to update the static FcBlanks: 0xfff9
2015-11-21 23:03:43,214+0100 INFO  mkfntmap - Unable to update the static FcBlanks: 0xfffa
2015-11-21 23:03:43,214+0100 INFO  mkfntmap - Unable to update the static FcBlanks: 0xfffb
2015-11-21 23:09:32,406+0100 INFO  mkfntmap - starting: MiKTeX Fontmap Maintenance Utility 2.9.5700 (MiKTeX 2.9)
2015-11-21 23:09:32,406+0100 INFO  mkfntmap - Parsing config file C:\Users\Public\Dev\altair\texlive\miktex\config\updmap.cfg...
2015-11-21 23:09:32,407+0100 INFO  mkfntmap - Parsing C:\Users\Public\Dev\altair\texlive\fonts\map\dvips\tetex\dvips35.map...
2015-11-21 23:09:32,408+0100 INFO  mkfntmap - Parsing C:\Users\Public\Dev\altair\texlive\fonts\map\dvips\tetex\pdftex35.map...
2015-11-21 23:09:32,409+0100 INFO  mkfntmap - Parsing C:\Users\Public\Dev\altair\texlive\fonts\map\dvips\tetex\dvipdfm35.map...
2015-11-21 23:09:32,410+0100 INFO  mkfntmap - Parsing C:\Users\Public\Dev\altair\texlive\fonts\map\dvips\tetex\ps2pk35.map...
2015-11-21 23:09:32,412+0100 INFO  mkfntmap - Parsing C:\Users\Public\Dev\altair\texlive\fonts\map\dvips\amsfonts\cm.map...
2015-11-21 23:09:32,413+0100 INFO  mkfntmap - Parsing C:\Users\Public\Dev\altair\texlive\fonts\map\dvips\amsfonts\cmextra.map...
2015-11-21 23:09:32,413+0100 INFO  mkfntmap - Parsing C:\Users\Public\Dev\altair\texlive\fonts\map\dvips\amsfonts\cyrillic.map...
2015-11-21 23:09:32,414+0100 INFO  mkfntmap - Parsing C:\Users\Public\Dev\altair\texlive\fonts\map\dvips\amsfonts\euler.map...
2015-11-21 23:09:32,414+0100 INFO  mkfntmap - Parsing C:\Users\Public\Dev\altair\texlive\dvips\eurosym\eurosym.map...
2015-11-21 23:09:32,415+0100 INFO  mkfntmap - Parsing C:\Users\Public\Dev\altair\texlive\fonts\map\dvips\amsfonts\latxfont.map...
2015-11-21 23:09:32,416+0100 INFO  mkfntmap - Parsing C:\Users\Public\Dev\altair\texlive\fonts\map\dvips\rsfs\rsfs.map...
2015-11-21 23:09:32,416+0100 INFO  mkfntmap - Parsing C:\Users\Public\Dev\altair\texlive\fonts\map\dvips\amsfonts\symbols.map...
2015-11-21 23:09:32,417+0100 INFO  mkfntmap - Parsing C:\Users\Public\Dev\altair\texlive\fonts\map\dvips\xypic\xypic.map...
2015-11-21 23:09:32,421+0100 INFO  mkfntmap - Parsing C:\Users\Public\Dev\altair\texlive\fonts\map\dvips\psnfss\charter.map...
2015-11-21 23:09:32,423+0100 INFO  mkfntmap - Parsing C:\Users\Public\Dev\altair\texlive\fonts\map\dvips\psnfss\fpls.map...
2015-11-21 23:09:32,425+0100 INFO  mkfntmap - Parsing C:\Users\Public\Dev\altair\texlive\fonts\map\dvips\lm\lm.map...
2015-11-21 23:09:32,429+0100 INFO  mkfntmap - Parsing C:\Users\Public\Dev\altair\texlive\fonts\map\dvips\obsolete\mathpi.map...
2015-11-21 23:09:32,429+0100 INFO  mkfntmap - Parsing C:\Users\Public\Dev\altair\texlive\fonts\map\dvips\obsolete\mathpple-ext.map...
2015-11-21 23:09:32,431+0100 INFO  mkfntmap - Parsing C:\Users\Public\Dev\altair\texlive\fonts\map\dvips\psnfss\pazo.map...
2015-11-21 23:09:32,431+0100 INFO  mkfntmap - Parsing C:\Users\Public\Dev\altair\texlive\dvips\pslatex\pcrr8rn.map...
2015-11-21 23:09:32,431+0100 INFO  mkfntmap - Parsing C:\Users\Public\Dev\altair\texlive\fonts\map\dvips\psnfss\psnfss.map...
2015-11-21 23:09:32,433+0100 INFO  mkfntmap - Parsing C:\Users\Public\Dev\altair\texlive\fonts\map\dvips\avantgar\uag.map...
2015-11-21 23:09:32,433+0100 INFO  mkfntmap - Parsing C:\Users\Public\Dev\altair\texlive\fonts\map\dvips\bookman\ubk.map...
2015-11-21 23:09:32,434+0100 INFO  mkfntmap - Parsing C:\Users\Public\Dev\altair\texlive\fonts\map\dvips\courier\ucr.map...
2015-11-21 23:09:32,434+0100 INFO  mkfntmap - Parsing C:\Users\Public\Dev\altair\texlive\fonts\map\dvips\helvetic\uhv.map...
2015-11-21 23:09:32,434+0100 INFO  mkfntmap - Parsing C:\Users\Public\Dev\altair\texlive\fonts\map\dvips\ncntrsbk\unc.map...
2015-11-21 23:09:32,435+0100 INFO  mkfntmap - Parsing C:\Users\Public\Dev\altair\texlive\fonts\map\dvips\palatino\upl.map...
2015-11-21 23:09:32,435+0100 INFO  mkfntmap - Parsing C:\Users\Public\Dev\altair\texlive\fonts\map\dvips\times\utm.map...
2015-11-21 23:09:32,435+0100 INFO  mkfntmap - Parsing C:\Users\Public\Dev\altair\texlive\fonts\map\dvips\psnfss\utopia.map...
2015-11-21 23:09:32,435+0100 INFO  mkfntmap - Parsing C:\Users\Public\Dev\altair\texlive\fonts\map\dvips\zapfchan\uzc.map...
2015-11-21 23:09:32,436+0100 INFO  mkfntmap - Parsing C:\Users\Public\Dev\altair\texlive\fonts\map\dvips\zapfding\uzd.map...
2015-11-21 23:09:32,437+0100 INFO  mkfntmap - Writing C:\Users\Public\Dev\altair\texlive\dvips\config\ps2pk.map...
2015-11-21 23:09:32,442+0100 INFO  mkfntmap - Writing C:\Users\Public\Dev\altair\texlive\dvips\config\download35.map...
2015-11-21 23:09:32,444+0100 INFO  mkfntmap - Writing C:\Users\Public\Dev\altair\texlive\dvips\config\builtin35.map...
2015-11-21 23:09:32,446+0100 INFO  mkfntmap - Writing C:\Users\Public\Dev\altair\texlive\dvips\config\psfonts_t1.map...
2015-11-21 23:09:32,451+0100 INFO  mkfntmap - Writing C:\Users\Public\Dev\altair\texlive\dvips\config\psfonts_pk.map...
2015-11-21 23:09:32,457+0100 INFO  mkfntmap - Writing C:\Users\Public\Dev\altair\texlive\pdftex\config\pdftex_ndl14.map...
2015-11-21 23:09:32,462+0100 INFO  mkfntmap - Writing C:\Users\Public\Dev\altair\texlive\pdftex\config\pdftex_dl14.map...
2015-11-21 23:09:32,466+0100 INFO  mkfntmap - Writing C:\Users\Public\Dev\altair\texlive\dvipdfm\config\dvipdfm_dl14.map...
2015-11-21 23:09:32,471+0100 INFO  mkfntmap - Writing C:\Users\Public\Dev\altair\texlive\dvipdfm\config\dvipdfm_ndl14.map...
2015-11-21 23:09:32,475+0100 INFO  mkfntmap - Copying C:\Users\Public\Dev\altair\texlive\dvips\config\psfonts_t1.map
2015-11-21 23:09:32,475+0100 INFO  mkfntmap -      to C:\Users\Public\Dev\altair\texlive\dvips\config\psfonts.map...
2015-11-21 23:09:32,476+0100 INFO  mkfntmap - Copying C:\Users\Public\Dev\altair\texlive\dvipdfm\config\dvipdfm_dl14.map
2015-11-21 23:09:32,476+0100 INFO  mkfntmap -      to C:\Users\Public\Dev\altair\texlive\dvipdfm\config\dvipdfm.map...
2015-11-21 23:09:32,477+0100 INFO  mkfntmap - Copying C:\Users\Public\Dev\altair\texlive\pdftex\config\pdftex_dl14.map
2015-11-21 23:09:32,477+0100 INFO  mkfntmap -      to C:\Users\Public\Dev\altair\texlive\pdftex\config\pdftex.map...
2015-11-21 23:09:32,481+0100 INFO  mkfntmap - running: fc-cache 
2015-11-21 23:09:32,694+0100 INFO  mkfntmap - Unable to update the static FcBlanks: 0x0600
2015-11-21 23:09:32,694+0100 INFO  mkfntmap - Unable to update the static FcBlanks: 0x0601
2015-11-21 23:09:32,695+0100 INFO  mkfntmap - Unable to update the static FcBlanks: 0x0602
2015-11-21 23:09:32,695+0100 INFO  mkfntmap - Unable to update the static FcBlanks: 0x0603
2015-11-21 23:09:32,695+0100 INFO  mkfntmap - Unable to update the static FcBlanks: 0x06dd
2015-11-21 23:09:32,695+0100 INFO  mkfntmap - Unable to update the static FcBlanks: 0x070f
2015-11-21 23:09:32,695+0100 INFO  mkfntmap - Unable to update the static FcBlanks: 0x2028
2015-11-21 23:09:32,695+0100 INFO  mkfntmap - Unable to update the static FcBlanks: 0x2029
2015-11-21 23:09:32,695+0100 INFO  mkfntmap - Unable to update the static FcBlanks: 0xfff9
2015-11-21 23:09:32,695+0100 INFO  mkfntmap - Unable to update the static FcBlanks: 0xfffa
2015-11-21 23:09:32,695+0100 INFO  mkfntmap - Unable to update the static FcBlanks: 0xfffb
2015-11-21 23:09:39,418+0100 INFO  mkfntmap - starting: MiKTeX Fontmap Maintenance Utility 2.9.5700 (MiKTeX 2.9)
2015-11-21 23:09:39,419+0100 INFO  mkfntmap - Parsing config file C:\Users\Public\Dev\altair\texlive\miktex\config\updmap.cfg...
2015-11-21 23:09:39,420+0100 INFO  mkfntmap - Parsing C:\Users\Public\Dev\altair\texlive\fonts\map\dvips\tetex\dvips35.map...
2015-11-21 23:09:39,421+0100 INFO  mkfntmap - Parsing C:\Users\Public\Dev\altair\texlive\fonts\map\dvips\tetex\pdftex35.map...
2015-11-21 23:09:39,422+0100 INFO  mkfntmap - Parsing C:\Users\Public\Dev\altair\texlive\fonts\map\dvips\tetex\dvipdfm35.map...
2015-11-21 23:09:39,423+0100 INFO  mkfntmap - Parsing C:\Users\Public\Dev\altair\texlive\fonts\map\dvips\tetex\ps2pk35.map...
2015-11-21 23:09:39,425+0100 INFO  mkfntmap - Parsing C:\Users\Public\Dev\altair\texlive\fonts\map\dvips\amsfonts\cm.map...
2015-11-21 23:09:39,426+0100 INFO  mkfntmap - Parsing C:\Users\Public\Dev\altair\texlive\fonts\map\dvips\amsfonts\cmextra.map...
2015-11-21 23:09:39,426+0100 INFO  mkfntmap - Parsing C:\Users\Public\Dev\altair\texlive\fonts\map\dvips\amsfonts\cyrillic.map...
2015-11-21 23:09:39,427+0100 INFO  mkfntmap - Parsing C:\Users\Public\Dev\altair\texlive\fonts\map\dvips\amsfonts\euler.map...
2015-11-21 23:09:39,427+0100 INFO  mkfntmap - Parsing C:\Users\Public\Dev\altair\texlive\dvips\eurosym\eurosym.map...
2015-11-21 23:09:39,428+0100 INFO  mkfntmap - Parsing C:\Users\Public\Dev\altair\texlive\fonts\map\dvips\amsfonts\latxfont.map...
2015-11-21 23:09:39,429+0100 INFO  mkfntmap - Parsing C:\Users\Public\Dev\altair\texlive\fonts\map\dvips\rsfs\rsfs.map...
2015-11-21 23:09:39,429+0100 INFO  mkfntmap - Parsing C:\Users\Public\Dev\altair\texlive\fonts\map\dvips\amsfonts\symbols.map...
2015-11-21 23:09:39,430+0100 INFO  mkfntmap - Parsing C:\Users\Public\Dev\altair\texlive\fonts\map\dvips\xypic\xypic.map...
2015-11-21 23:09:39,435+0100 INFO  mkfntmap - Parsing C:\Users\Public\Dev\altair\texlive\fonts\map\dvips\psnfss\charter.map...
2015-11-21 23:09:39,437+0100 INFO  mkfntmap - Parsing C:\Users\Public\Dev\altair\texlive\fonts\map\dvips\psnfss\fpls.map...
2015-11-21 23:09:39,438+0100 INFO  mkfntmap - Parsing C:\Users\Public\Dev\altair\texlive\fonts\map\dvips\lm\lm.map...
2015-11-21 23:09:39,442+0100 INFO  mkfntmap - Parsing C:\Users\Public\Dev\altair\texlive\fonts\map\dvips\obsolete\mathpi.map...
2015-11-21 23:09:39,442+0100 INFO  mkfntmap - Parsing C:\Users\Public\Dev\altair\texlive\fonts\map\dvips\obsolete\mathpple-ext.map...
2015-11-21 23:09:39,444+0100 INFO  mkfntmap - Parsing C:\Users\Public\Dev\altair\texlive\fonts\map\dvips\psnfss\pazo.map...
2015-11-21 23:09:39,444+0100 INFO  mkfntmap - Parsing C:\Users\Public\Dev\altair\texlive\dvips\pslatex\pcrr8rn.map...
2015-11-21 23:09:39,445+0100 INFO  mkfntmap - Parsing C:\Users\Public\Dev\altair\texlive\fonts\map\dvips\psnfss\psnfss.map...
2015-11-21 23:09:39,447+0100 INFO  mkfntmap - Parsing C:\Users\Public\Dev\altair\texlive\fonts\map\dvips\avantgar\uag.map...
2015-11-21 23:09:39,447+0100 INFO  mkfntmap - Parsing C:\Users\Public\Dev\altair\texlive\fonts\map\dvips\bookman\ubk.map...
2015-11-21 23:09:39,447+0100 INFO  mkfntmap - Parsing C:\Users\Public\Dev\altair\texlive\fonts\map\dvips\courier\ucr.map...
2015-11-21 23:09:39,448+0100 INFO  mkfntmap - Parsing C:\Users\Public\Dev\altair\texlive\fonts\map\dvips\helvetic\uhv.map...
2015-11-21 23:09:39,448+0100 INFO  mkfntmap - Parsing C:\Users\Public\Dev\altair\texlive\fonts\map\dvips\ncntrsbk\unc.map...
2015-11-21 23:09:39,448+0100 INFO  mkfntmap - Parsing C:\Users\Public\Dev\altair\texlive\fonts\map\dvips\palatino\upl.map...
2015-11-21 23:09:39,448+0100 INFO  mkfntmap - Parsing C:\Users\Public\Dev\altair\texlive\fonts\map\dvips\times\utm.map...
2015-11-21 23:09:39,449+0100 INFO  mkfntmap - Parsing C:\Users\Public\Dev\altair\texlive\fonts\map\dvips\psnfss\utopia.map...
2015-11-21 23:09:39,449+0100 INFO  mkfntmap - Parsing C:\Users\Public\Dev\altair\texlive\fonts\map\dvips\zapfchan\uzc.map...
2015-11-21 23:09:39,449+0100 INFO  mkfntmap - Parsing C:\Users\Public\Dev\altair\texlive\fonts\map\dvips\zapfding\uzd.map...
2015-11-21 23:09:39,450+0100 INFO  mkfntmap - Writing C:\Users\Public\Dev\altair\texlive\dvips\config\ps2pk.map...
2015-11-21 23:09:39,456+0100 INFO  mkfntmap - Writing C:\Users\Public\Dev\altair\texlive\dvips\config\download35.map...
2015-11-21 23:09:39,458+0100 INFO  mkfntmap - Writing C:\Users\Public\Dev\altair\texlive\dvips\config\builtin35.map...
2015-11-21 23:09:39,460+0100 INFO  mkfntmap - Writing C:\Users\Public\Dev\altair\texlive\dvips\config\psfonts_t1.map...
2015-11-21 23:09:39,465+0100 INFO  mkfntmap - Writing C:\Users\Public\Dev\altair\texlive\dvips\config\psfonts_pk.map...
2015-11-21 23:09:39,471+0100 INFO  mkfntmap - Writing C:\Users\Public\Dev\altair\texlive\pdftex\config\pdftex_ndl14.map...
2015-11-21 23:09:39,476+0100 INFO  mkfntmap - Writing C:\Users\Public\Dev\altair\texlive\pdftex\config\pdftex_dl14.map...
2015-11-21 23:09:39,481+0100 INFO  mkfntmap - Writing C:\Users\Public\Dev\altair\texlive\dvipdfm\config\dvipdfm_dl14.map...
2015-11-21 23:09:39,485+0100 INFO  mkfntmap - Writing C:\Users\Public\Dev\altair\texlive\dvipdfm\config\dvipdfm_ndl14.map...
2015-11-21 23:09:39,489+0100 INFO  mkfntmap - Copying C:\Users\Public\Dev\altair\texlive\dvips\config\psfonts_t1.map
2015-11-21 23:09:39,490+0100 INFO  mkfntmap -      to C:\Users\Public\Dev\altair\texlive\dvips\config\psfonts.map...
2015-11-21 23:09:39,491+0100 INFO  mkfntmap - Copying C:\Users\Public\Dev\altair\texlive\dvipdfm\config\dvipdfm_dl14.map
2015-11-21 23:09:39,491+0100 INFO  mkfntmap -      to C:\Users\Public\Dev\altair\texlive\dvipdfm\config\dvipdfm.map...
2015-11-21 23:09:39,491+0100 INFO  mkfntmap - Copying C:\Users\Public\Dev\altair\texlive\pdftex\config\pdftex_dl14.map
2015-11-21 23:09:39,491+0100 INFO  mkfntmap -      to C:\Users\Public\Dev\altair\texlive\pdftex\config\pdftex.map...
2015-11-21 23:09:39,494+0100 INFO  mkfntmap - running: fc-cache 
2015-11-21 23:09:39,700+0100 INFO  mkfntmap - Unable to update the static FcBlanks: 0x0600
2015-11-21 23:09:39,700+0100 INFO  mkfntmap - Unable to update the static FcBlanks: 0x0601
2015-11-21 23:09:39,700+0100 INFO  mkfntmap - Unable to update the static FcBlanks: 0x0602
2015-11-21 23:09:39,700+0100 INFO  mkfntmap - Unable to update the static FcBlanks: 0x0603
2015-11-21 23:09:39,700+0100 INFO  mkfntmap - Unable to update the static FcBlanks: 0x06dd
2015-11-21 23:09:39,700+0100 INFO  mkfntmap - Unable to update the static FcBlanks: 0x070f
2015-11-21 23:09:39,701+0100 INFO  mkfntmap - Unable to update the static FcBlanks: 0x2028
2015-11-21 23:09:39,701+0100 INFO  mkfntmap - Unable to update the static FcBlanks: 0x2029
2015-11-21 23:09:39,701+0100 INFO  mkfntmap - Unable to update the static FcBlanks: 0xfff9
2015-11-21 23:09:39,701+0100 INFO  mkfntmap - Unable to update the static FcBlanks: 0xfffa
2015-11-21 23:09:39,701+0100 INFO  mkfntmap - Unable to update the static FcBlanks: 0xfffb
2015-11-21 23:09:43,015+0100 INFO  mkfntmap - starting: MiKTeX Fontmap Maintenance Utility 2.9.5700 (MiKTeX 2.9)
2015-11-21 23:09:43,015+0100 INFO  mkfntmap - Parsing config file C:\Users\Public\Dev\altair\texlive\miktex\config\updmap.cfg...
2015-11-21 23:09:43,016+0100 INFO  mkfntmap - Parsing C:\Users\Public\Dev\altair\texlive\fonts\map\dvips\tetex\dvips35.map...
2015-11-21 23:09:43,017+0100 INFO  mkfntmap - Parsing C:\Users\Public\Dev\altair\texlive\fonts\map\dvips\tetex\pdftex35.map...
2015-11-21 23:09:43,018+0100 INFO  mkfntmap - Parsing C:\Users\Public\Dev\altair\texlive\fonts\map\dvips\tetex\dvipdfm35.map...
2015-11-21 23:09:43,019+0100 INFO  mkfntmap - Parsing C:\Users\Public\Dev\altair\texlive\fonts\map\dvips\tetex\ps2pk35.map...
2015-11-21 23:09:43,021+0100 INFO  mkfntmap - Parsing C:\Users\Public\Dev\altair\texlive\fonts\map\dvips\amsfonts\cm.map...
2015-11-21 23:09:43,022+0100 INFO  mkfntmap - Parsing C:\Users\Public\Dev\altair\texlive\fonts\map\dvips\amsfonts\cmextra.map...
2015-11-21 23:09:43,022+0100 INFO  mkfntmap - Parsing C:\Users\Public\Dev\altair\texlive\fonts\map\dvips\amsfonts\cyrillic.map...
2015-11-21 23:09:43,023+0100 INFO  mkfntmap - Parsing C:\Users\Public\Dev\altair\texlive\fonts\map\dvips\amsfonts\euler.map...
2015-11-21 23:09:43,023+0100 INFO  mkfntmap - Parsing C:\Users\Public\Dev\altair\texlive\dvips\eurosym\eurosym.map...
2015-11-21 23:09:43,024+0100 INFO  mkfntmap - Parsing C:\Users\Public\Dev\altair\texlive\fonts\map\dvips\amsfonts\latxfont.map...
2015-11-21 23:09:43,025+0100 INFO  mkfntmap - Parsing C:\Users\Public\Dev\altair\texlive\fonts\map\dvips\rsfs\rsfs.map...
2015-11-21 23:09:43,025+0100 INFO  mkfntmap - Parsing C:\Users\Public\Dev\altair\texlive\fonts\map\dvips\amsfonts\symbols.map...
2015-11-21 23:09:43,026+0100 INFO  mkfntmap - Parsing C:\Users\Public\Dev\altair\texlive\fonts\map\dvips\xypic\xypic.map...
2015-11-21 23:09:43,030+0100 INFO  mkfntmap - Parsing C:\Users\Public\Dev\altair\texlive\fonts\map\dvips\psnfss\charter.map...
2015-11-21 23:09:43,032+0100 INFO  mkfntmap - Parsing C:\Users\Public\Dev\altair\texlive\fonts\map\dvips\psnfss\fpls.map...
2015-11-21 23:09:43,034+0100 INFO  mkfntmap - Parsing C:\Users\Public\Dev\altair\texlive\fonts\map\dvips\lm\lm.map...
2015-11-21 23:09:43,038+0100 INFO  mkfntmap - Parsing C:\Users\Public\Dev\altair\texlive\fonts\map\dvips\obsolete\mathpi.map...
2015-11-21 23:09:43,038+0100 INFO  mkfntmap - Parsing C:\Users\Public\Dev\altair\texlive\fonts\map\dvips\obsolete\mathpple-ext.map...
2015-11-21 23:09:43,040+0100 INFO  mkfntmap - Parsing C:\Users\Public\Dev\altair\texlive\fonts\map\dvips\psnfss\pazo.map...
2015-11-21 23:09:43,040+0100 INFO  mkfntmap - Parsing C:\Users\Public\Dev\altair\texlive\dvips\pslatex\pcrr8rn.map...
2015-11-21 23:09:43,041+0100 INFO  mkfntmap - Parsing C:\Users\Public\Dev\altair\texlive\fonts\map\dvips\psnfss\psnfss.map...
2015-11-21 23:09:43,042+0100 INFO  mkfntmap - Parsing C:\Users\Public\Dev\altair\texlive\fonts\map\dvips\avantgar\uag.map...
2015-11-21 23:09:43,043+0100 INFO  mkfntmap - Parsing C:\Users\Public\Dev\altair\texlive\fonts\map\dvips\bookman\ubk.map...
2015-11-21 23:09:43,043+0100 INFO  mkfntmap - Parsing C:\Users\Public\Dev\altair\texlive\fonts\map\dvips\courier\ucr.map...
2015-11-21 23:09:43,043+0100 INFO  mkfntmap - Parsing C:\Users\Public\Dev\altair\texlive\fonts\map\dvips\helvetic\uhv.map...
2015-11-21 23:09:43,044+0100 INFO  mkfntmap - Parsing C:\Users\Public\Dev\altair\texlive\fonts\map\dvips\ncntrsbk\unc.map...
2015-11-21 23:09:43,044+0100 INFO  mkfntmap - Parsing C:\Users\Public\Dev\altair\texlive\fonts\map\dvips\palatino\upl.map...
2015-11-21 23:09:43,044+0100 INFO  mkfntmap - Parsing C:\Users\Public\Dev\altair\texlive\fonts\map\dvips\times\utm.map...
2015-11-21 23:09:43,044+0100 INFO  mkfntmap - Parsing C:\Users\Public\Dev\altair\texlive\fonts\map\dvips\psnfss\utopia.map...
2015-11-21 23:09:43,045+0100 INFO  mkfntmap - Parsing C:\Users\Public\Dev\altair\texlive\fonts\map\dvips\zapfchan\uzc.map...
2015-11-21 23:09:43,045+0100 INFO  mkfntmap - Parsing C:\Users\Public\Dev\altair\texlive\fonts\map\dvips\zapfding\uzd.map...
2015-11-21 23:09:43,046+0100 INFO  mkfntmap - Writing C:\Users\Public\Dev\altair\texlive\dvips\config\ps2pk.map...
2015-11-21 23:09:43,051+0100 INFO  mkfntmap - Writing C:\Users\Public\Dev\altair\texlive\dvips\config\download35.map...
2015-11-21 23:09:43,054+0100 INFO  mkfntmap - Writing C:\Users\Public\Dev\altair\texlive\dvips\config\builtin35.map...
2015-11-21 23:09:43,056+0100 INFO  mkfntmap - Writing C:\Users\Public\Dev\altair\texlive\dvips\config\psfonts_t1.map...
2015-11-21 23:09:43,061+0100 INFO  mkfntmap - Writing C:\Users\Public\Dev\altair\texlive\dvips\config\psfonts_pk.map...
2015-11-21 23:09:43,067+0100 INFO  mkfntmap - Writing C:\Users\Public\Dev\altair\texlive\pdftex\config\pdftex_ndl14.map...
2015-11-21 23:09:43,072+0100 INFO  mkfntmap - Writing C:\Users\Public\Dev\altair\texlive\pdftex\config\pdftex_dl14.map...
2015-11-21 23:09:43,077+0100 INFO  mkfntmap - Writing C:\Users\Public\Dev\altair\texlive\dvipdfm\config\dvipdfm_dl14.map...
2015-11-21 23:09:43,081+0100 INFO  mkfntmap - Writing C:\Users\Public\Dev\altair\texlive\dvipdfm\config\dvipdfm_ndl14.map...
2015-11-21 23:09:43,085+0100 INFO  mkfntmap - Copying C:\Users\Public\Dev\altair\texlive\dvips\config\psfonts_t1.map
2015-11-21 23:09:43,085+0100 INFO  mkfntmap -      to C:\Users\Public\Dev\altair\texlive\dvips\config\psfonts.map...
2015-11-21 23:09:43,086+0100 INFO  mkfntmap - Copying C:\Users\Public\Dev\altair\texlive\dvipdfm\config\dvipdfm_dl14.map
2015-11-21 23:09:43,086+0100 INFO  mkfntmap -      to C:\Users\Public\Dev\altair\texlive\dvipdfm\config\dvipdfm.map...
2015-11-21 23:09:43,087+0100 INFO  mkfntmap - Copying C:\Users\Public\Dev\altair\texlive\pdftex\config\pdftex_dl14.map
2015-11-21 23:09:43,087+0100 INFO  mkfntmap -      to C:\Users\Public\Dev\altair\texlive\pdftex\config\pdftex.map...
2015-11-21 23:09:43,090+0100 INFO  mkfntmap - running: fc-cache 
2015-11-21 23:09:43,297+0100 INFO  mkfntmap - Unable to update the static FcBlanks: 0x0600
2015-11-21 23:09:43,297+0100 INFO  mkfntmap - Unable to update the static FcBlanks: 0x0601
2015-11-21 23:09:43,297+0100 INFO  mkfntmap - Unable to update the static FcBlanks: 0x0602
2015-11-21 23:09:43,297+0100 INFO  mkfntmap - Unable to update the static FcBlanks: 0x0603
2015-11-21 23:09:43,298+0100 INFO  mkfntmap - Unable to update the static FcBlanks: 0x06dd
2015-11-21 23:09:43,298+0100 INFO  mkfntmap - Unable to update the static FcBlanks: 0x070f
2015-11-21 23:09:43,298+0100 INFO  mkfntmap - Unable to update the static FcBlanks: 0x2028
2015-11-21 23:09:43,298+0100 INFO  mkfntmap - Unable to update the static FcBlanks: 0x2029
2015-11-21 23:09:43,298+0100 INFO  mkfntmap - Unable to update the static FcBlanks: 0xfff9
2015-11-21 23:09:43,298+0100 INFO  mkfntmap - Unable to update the static FcBlanks: 0xfffa
2015-11-21 23:09:43,298+0100 INFO  mkfntmap - Unable to update the static FcBlanks: 0xfffb
2015-11-21 23:09:45,273+0100 INFO  mkfntmap - starting: MiKTeX Fontmap Maintenance Utility 2.9.5700 (MiKTeX 2.9)
2015-11-21 23:09:45,274+0100 INFO  mkfntmap - Parsing config file C:\Users\Public\Dev\altair\texlive\miktex\config\updmap.cfg...
2015-11-21 23:09:45,275+0100 INFO  mkfntmap - Parsing C:\Users\Public\Dev\altair\texlive\fonts\map\dvips\tetex\dvips35.map...
2015-11-21 23:09:45,276+0100 INFO  mkfntmap - Parsing C:\Users\Public\Dev\altair\texlive\fonts\map\dvips\tetex\pdftex35.map...
2015-11-21 23:09:45,277+0100 INFO  mkfntmap - Parsing C:\Users\Public\Dev\altair\texlive\fonts\map\dvips\tetex\dvipdfm35.map...
2015-11-21 23:09:45,278+0100 INFO  mkfntmap - Parsing C:\Users\Public\Dev\altair\texlive\fonts\map\dvips\tetex\ps2pk35.map...
2015-11-21 23:09:45,280+0100 INFO  mkfntmap - Parsing C:\Users\Public\Dev\altair\texlive\fonts\map\dvips\amsfonts\cm.map...
2015-11-21 23:09:45,281+0100 INFO  mkfntmap - Parsing C:\Users\Public\Dev\altair\texlive\fonts\map\dvips\amsfonts\cmextra.map...
2015-11-21 23:09:45,281+0100 INFO  mkfntmap - Parsing C:\Users\Public\Dev\altair\texlive\fonts\map\dvips\amsfonts\cyrillic.map...
2015-11-21 23:09:45,282+0100 INFO  mkfntmap - Parsing C:\Users\Public\Dev\altair\texlive\fonts\map\dvips\amsfonts\euler.map...
2015-11-21 23:09:45,282+0100 INFO  mkfntmap - Parsing C:\Users\Public\Dev\altair\texlive\dvips\eurosym\eurosym.map...
2015-11-21 23:09:45,283+0100 INFO  mkfntmap - Parsing C:\Users\Public\Dev\altair\texlive\fonts\map\dvips\amsfonts\latxfont.map...
2015-11-21 23:09:45,284+0100 INFO  mkfntmap - Parsing C:\Users\Public\Dev\altair\texlive\fonts\map\dvips\rsfs\rsfs.map...
2015-11-21 23:09:45,284+0100 INFO  mkfntmap - Parsing C:\Users\Public\Dev\altair\texlive\fonts\map\dvips\amsfonts\symbols.map...
2015-11-21 23:09:45,285+0100 INFO  mkfntmap - Parsing C:\Users\Public\Dev\altair\texlive\fonts\map\dvips\xypic\xypic.map...
2015-11-21 23:09:45,289+0100 INFO  mkfntmap - Parsing C:\Users\Public\Dev\altair\texlive\fonts\map\dvips\psnfss\charter.map...
2015-11-21 23:09:45,291+0100 INFO  mkfntmap - Parsing C:\Users\Public\Dev\altair\texlive\fonts\map\dvips\psnfss\fpls.map...
2015-11-21 23:09:45,293+0100 INFO  mkfntmap - Parsing C:\Users\Public\Dev\altair\texlive\fonts\map\dvips\lm\lm.map...
2015-11-21 23:09:45,297+0100 INFO  mkfntmap - Parsing C:\Users\Public\Dev\altair\texlive\fonts\map\dvips\obsolete\mathpi.map...
2015-11-21 23:09:45,297+0100 INFO  mkfntmap - Parsing C:\Users\Public\Dev\altair\texlive\fonts\map\dvips\obsolete\mathpple-ext.map...
2015-11-21 23:09:45,299+0100 INFO  mkfntmap - Parsing C:\Users\Public\Dev\altair\texlive\fonts\map\dvips\psnfss\pazo.map...
2015-11-21 23:09:45,299+0100 INFO  mkfntmap - Parsing C:\Users\Public\Dev\altair\texlive\dvips\pslatex\pcrr8rn.map...
2015-11-21 23:09:45,300+0100 INFO  mkfntmap - Parsing C:\Users\Public\Dev\altair\texlive\fonts\map\dvips\psnfss\psnfss.map...
2015-11-21 23:09:45,301+0100 INFO  mkfntmap - Parsing C:\Users\Public\Dev\altair\texlive\fonts\map\dvips\avantgar\uag.map...
2015-11-21 23:09:45,302+0100 INFO  mkfntmap - Parsing C:\Users\Public\Dev\altair\texlive\fonts\map\dvips\bookman\ubk.map...
2015-11-21 23:09:45,302+0100 INFO  mkfntmap - Parsing C:\Users\Public\Dev\altair\texlive\fonts\map\dvips\courier\ucr.map...
2015-11-21 23:09:45,302+0100 INFO  mkfntmap - Parsing C:\Users\Public\Dev\altair\texlive\fonts\map\dvips\helvetic\uhv.map...
2015-11-21 23:09:45,303+0100 INFO  mkfntmap - Parsing C:\Users\Public\Dev\altair\texlive\fonts\map\dvips\ncntrsbk\unc.map...
2015-11-21 23:09:45,303+0100 INFO  mkfntmap - Parsing C:\Users\Public\Dev\altair\texlive\fonts\map\dvips\palatino\upl.map...
2015-11-21 23:09:45,303+0100 INFO  mkfntmap - Parsing C:\Users\Public\Dev\altair\texlive\fonts\map\dvips\times\utm.map...
2015-11-21 23:09:45,303+0100 INFO  mkfntmap - Parsing C:\Users\Public\Dev\altair\texlive\fonts\map\dvips\psnfss\utopia.map...
2015-11-21 23:09:45,304+0100 INFO  mkfntmap - Parsing C:\Users\Public\Dev\altair\texlive\fonts\map\dvips\zapfchan\uzc.map...
2015-11-21 23:09:45,304+0100 INFO  mkfntmap - Parsing C:\Users\Public\Dev\altair\texlive\fonts\map\dvips\zapfding\uzd.map...
2015-11-21 23:09:45,305+0100 INFO  mkfntmap - Writing C:\Users\Public\Dev\altair\texlive\dvips\config\ps2pk.map...
2015-11-21 23:09:45,310+0100 INFO  mkfntmap - Writing C:\Users\Public\Dev\altair\texlive\dvips\config\download35.map...
2015-11-21 23:09:45,313+0100 INFO  mkfntmap - Writing C:\Users\Public\Dev\altair\texlive\dvips\config\builtin35.map...
2015-11-21 23:09:45,315+0100 INFO  mkfntmap - Writing C:\Users\Public\Dev\altair\texlive\dvips\config\psfonts_t1.map...
2015-11-21 23:09:45,320+0100 INFO  mkfntmap - Writing C:\Users\Public\Dev\altair\texlive\dvips\config\psfonts_pk.map...
2015-11-21 23:09:45,326+0100 INFO  mkfntmap - Writing C:\Users\Public\Dev\altair\texlive\pdftex\config\pdftex_ndl14.map...
2015-11-21 23:09:45,331+0100 INFO  mkfntmap - Writing C:\Users\Public\Dev\altair\texlive\pdftex\config\pdftex_dl14.map...
2015-11-21 23:09:45,336+0100 INFO  mkfntmap - Writing C:\Users\Public\Dev\altair\texlive\dvipdfm\config\dvipdfm_dl14.map...
2015-11-21 23:09:45,340+0100 INFO  mkfntmap - Writing C:\Users\Public\Dev\altair\texlive\dvipdfm\config\dvipdfm_ndl14.map...
2015-11-21 23:09:45,344+0100 INFO  mkfntmap - Copying C:\Users\Public\Dev\altair\texlive\dvips\config\psfonts_t1.map
2015-11-21 23:09:45,344+0100 INFO  mkfntmap -      to C:\Users\Public\Dev\altair\texlive\dvips\config\psfonts.map...
2015-11-21 23:09:45,345+0100 INFO  mkfntmap - Copying C:\Users\Public\Dev\altair\texlive\dvipdfm\config\dvipdfm_dl14.map
2015-11-21 23:09:45,345+0100 INFO  mkfntmap -      to C:\Users\Public\Dev\altair\texlive\dvipdfm\config\dvipdfm.map...
2015-11-21 23:09:45,346+0100 INFO  mkfntmap - Copying C:\Users\Public\Dev\altair\texlive\pdftex\config\pdftex_dl14.map
2015-11-21 23:09:45,346+0100 INFO  mkfntmap -      to C:\Users\Public\Dev\altair\texlive\pdftex\config\pdftex.map...
2015-11-21 23:09:45,348+0100 INFO  mkfntmap - running: fc-cache 
2015-11-21 23:09:45,555+0100 INFO  mkfntmap - Unable to update the static FcBlanks: 0x0600
2015-11-21 23:09:45,555+0100 INFO  mkfntmap - Unable to update the static FcBlanks: 0x0601
2015-11-21 23:09:45,555+0100 INFO  mkfntmap - Unable to update the static FcBlanks: 0x0602
2015-11-21 23:09:45,555+0100 INFO  mkfntmap - Unable to update the static FcBlanks: 0x0603
2015-11-21 23:09:45,555+0100 INFO  mkfntmap - Unable to update the static FcBlanks: 0x06dd
2015-11-21 23:09:45,555+0100 INFO  mkfntmap - Unable to update the static FcBlanks: 0x070f
2015-11-21 23:09:45,555+0100 INFO  mkfntmap - Unable to update the static FcBlanks: 0x2028
2015-11-21 23:09:45,555+0100 INFO  mkfntmap - Unable to update the static FcBlanks: 0x2029
2015-11-21 23:09:45,555+0100 INFO  mkfntmap - Unable to update the static FcBlanks: 0xfff9
2015-11-21 23:09:45,556+0100 INFO  mkfntmap - Unable to update the static FcBlanks: 0xfffa
2015-11-21 23:09:45,556+0100 INFO  mkfntmap - Unable to update the static FcBlanks: 0xfffb
2015-11-21 23:09:46,845+0100 INFO  mkfntmap - starting: MiKTeX Fontmap Maintenance Utility 2.9.5700 (MiKTeX 2.9)
2015-11-21 23:09:46,846+0100 INFO  mkfntmap - Parsing config file C:\Users\Public\Dev\altair\texlive\miktex\config\updmap.cfg...
2015-11-21 23:09:46,847+0100 INFO  mkfntmap - Parsing C:\Users\Public\Dev\altair\texlive\fonts\map\dvips\tetex\dvips35.map...
2015-11-21 23:09:46,848+0100 INFO  mkfntmap - Parsing C:\Users\Public\Dev\altair\texlive\fonts\map\dvips\tetex\pdftex35.map...
2015-11-21 23:09:46,849+0100 INFO  mkfntmap - Parsing C:\Users\Public\Dev\altair\texlive\fonts\map\dvips\tetex\dvipdfm35.map...
2015-11-21 23:09:46,850+0100 INFO  mkfntmap - Parsing C:\Users\Public\Dev\altair\texlive\fonts\map\dvips\tetex\ps2pk35.map...
2015-11-21 23:09:46,852+0100 INFO  mkfntmap - Parsing C:\Users\Public\Dev\altair\texlive\fonts\map\dvips\amsfonts\cm.map...
2015-11-21 23:09:46,853+0100 INFO  mkfntmap - Parsing C:\Users\Public\Dev\altair\texlive\fonts\map\dvips\amsfonts\cmextra.map...
2015-11-21 23:09:46,853+0100 INFO  mkfntmap - Parsing C:\Users\Public\Dev\altair\texlive\fonts\map\dvips\amsfonts\cyrillic.map...
2015-11-21 23:09:46,854+0100 INFO  mkfntmap - Parsing C:\Users\Public\Dev\altair\texlive\fonts\map\dvips\amsfonts\euler.map...
2015-11-21 23:09:46,854+0100 INFO  mkfntmap - Parsing C:\Users\Public\Dev\altair\texlive\dvips\eurosym\eurosym.map...
2015-11-21 23:09:46,855+0100 INFO  mkfntmap - Parsing C:\Users\Public\Dev\altair\texlive\fonts\map\dvips\amsfonts\latxfont.map...
2015-11-21 23:09:46,855+0100 INFO  mkfntmap - Parsing C:\Users\Public\Dev\altair\texlive\fonts\map\dvips\rsfs\rsfs.map...
2015-11-21 23:09:46,856+0100 INFO  mkfntmap - Parsing C:\Users\Public\Dev\altair\texlive\fonts\map\dvips\amsfonts\symbols.map...
2015-11-21 23:09:46,857+0100 INFO  mkfntmap - Parsing C:\Users\Public\Dev\altair\texlive\fonts\map\dvips\xypic\xypic.map...
2015-11-21 23:09:46,861+0100 INFO  mkfntmap - Parsing C:\Users\Public\Dev\altair\texlive\fonts\map\dvips\psnfss\charter.map...
2015-11-21 23:09:46,863+0100 INFO  mkfntmap - Parsing C:\Users\Public\Dev\altair\texlive\fonts\map\dvips\psnfss\fpls.map...
2015-11-21 23:09:46,865+0100 INFO  mkfntmap - Parsing C:\Users\Public\Dev\altair\texlive\fonts\map\dvips\lm\lm.map...
2015-11-21 23:09:46,869+0100 INFO  mkfntmap - Parsing C:\Users\Public\Dev\altair\texlive\fonts\map\dvips\obsolete\mathpi.map...
2015-11-21 23:09:46,869+0100 INFO  mkfntmap - Parsing C:\Users\Public\Dev\altair\texlive\fonts\map\dvips\obsolete\mathpple-ext.map...
2015-11-21 23:09:46,871+0100 INFO  mkfntmap - Parsing C:\Users\Public\Dev\altair\texlive\fonts\map\dvips\psnfss\pazo.map...
2015-11-21 23:09:46,871+0100 INFO  mkfntmap - Parsing C:\Users\Public\Dev\altair\texlive\dvips\pslatex\pcrr8rn.map...
2015-11-21 23:09:46,871+0100 INFO  mkfntmap - Parsing C:\Users\Public\Dev\altair\texlive\fonts\map\dvips\psnfss\psnfss.map...
2015-11-21 23:09:46,873+0100 INFO  mkfntmap - Parsing C:\Users\Public\Dev\altair\texlive\fonts\map\dvips\avantgar\uag.map...
2015-11-21 23:09:46,874+0100 INFO  mkfntmap - Parsing C:\Users\Public\Dev\altair\texlive\fonts\map\dvips\bookman\ubk.map...
2015-11-21 23:09:46,874+0100 INFO  mkfntmap - Parsing C:\Users\Public\Dev\altair\texlive\fonts\map\dvips\courier\ucr.map...
2015-11-21 23:09:46,874+0100 INFO  mkfntmap - Parsing C:\Users\Public\Dev\altair\texlive\fonts\map\dvips\helvetic\uhv.map...
2015-11-21 23:09:46,874+0100 INFO  mkfntmap - Parsing C:\Users\Public\Dev\altair\texlive\fonts\map\dvips\ncntrsbk\unc.map...
2015-11-21 23:09:46,875+0100 INFO  mkfntmap - Parsing C:\Users\Public\Dev\altair\texlive\fonts\map\dvips\palatino\upl.map...
2015-11-21 23:09:46,875+0100 INFO  mkfntmap - Parsing C:\Users\Public\Dev\altair\texlive\fonts\map\dvips\times\utm.map...
2015-11-21 23:09:46,875+0100 INFO  mkfntmap - Parsing C:\Users\Public\Dev\altair\texlive\fonts\map\dvips\psnfss\utopia.map...
2015-11-21 23:09:46,875+0100 INFO  mkfntmap - Parsing C:\Users\Public\Dev\altair\texlive\fonts\map\dvips\zapfchan\uzc.map...
2015-11-21 23:09:46,876+0100 INFO  mkfntmap - Parsing C:\Users\Public\Dev\altair\texlive\fonts\map\dvips\zapfding\uzd.map...
2015-11-21 23:09:46,877+0100 INFO  mkfntmap - Writing C:\Users\Public\Dev\altair\texlive\dvips\config\ps2pk.map...
2015-11-21 23:09:46,882+0100 INFO  mkfntmap - Writing C:\Users\Public\Dev\altair\texlive\dvips\config\download35.map...
2015-11-21 23:09:46,885+0100 INFO  mkfntmap - Writing C:\Users\Public\Dev\altair\texlive\dvips\config\builtin35.map...
2015-11-21 23:09:46,887+0100 INFO  mkfntmap - Writing C:\Users\Public\Dev\altair\texlive\dvips\config\psfonts_t1.map...
2015-11-21 23:09:46,891+0100 INFO  mkfntmap - Writing C:\Users\Public\Dev\altair\texlive\dvips\config\psfonts_pk.map...
2015-11-21 23:09:46,898+0100 INFO  mkfntmap - Writing C:\Users\Public\Dev\altair\texlive\pdftex\config\pdftex_ndl14.map...
2015-11-21 23:09:46,903+0100 INFO  mkfntmap - Writing C:\Users\Public\Dev\altair\texlive\pdftex\config\pdftex_dl14.map...
2015-11-21 23:09:46,908+0100 INFO  mkfntmap - Writing C:\Users\Public\Dev\altair\texlive\dvipdfm\config\dvipdfm_dl14.map...
2015-11-21 23:09:46,912+0100 INFO  mkfntmap - Writing C:\Users\Public\Dev\altair\texlive\dvipdfm\config\dvipdfm_ndl14.map...
2015-11-21 23:09:46,916+0100 INFO  mkfntmap - Copying C:\Users\Public\Dev\altair\texlive\dvips\config\psfonts_t1.map
2015-11-21 23:09:46,916+0100 INFO  mkfntmap -      to C:\Users\Public\Dev\altair\texlive\dvips\config\psfonts.map...
2015-11-21 23:09:46,917+0100 INFO  mkfntmap - Copying C:\Users\Public\Dev\altair\texlive\dvipdfm\config\dvipdfm_dl14.map
2015-11-21 23:09:46,917+0100 INFO  mkfntmap -      to C:\Users\Public\Dev\altair\texlive\dvipdfm\config\dvipdfm.map...
2015-11-21 23:09:46,918+0100 INFO  mkfntmap - Copying C:\Users\Public\Dev\altair\texlive\pdftex\config\pdftex_dl14.map
2015-11-21 23:09:46,918+0100 INFO  mkfntmap -      to C:\Users\Public\Dev\altair\texlive\pdftex\config\pdftex.map...
2015-11-21 23:09:46,920+0100 INFO  mkfntmap - running: fc-cache 
2015-11-21 23:09:47,116+0100 INFO  mkfntmap - Unable to update the static FcBlanks: 0x0600
2015-11-21 23:09:47,116+0100 INFO  mkfntmap - Unable to update the static FcBlanks: 0x0601
2015-11-21 23:09:47,116+0100 INFO  mkfntmap - Unable to update the static FcBlanks: 0x0602
2015-11-21 23:09:47,116+0100 INFO  mkfntmap - Unable to update the static FcBlanks: 0x0603
2015-11-21 23:09:47,116+0100 INFO  mkfntmap - Unable to update the static FcBlanks: 0x06dd
2015-11-21 23:09:47,116+0100 INFO  mkfntmap - Unable to update the static FcBlanks: 0x070f
2015-11-21 23:09:47,117+0100 INFO  mkfntmap - Unable to update the static FcBlanks: 0x2028
2015-11-21 23:09:47,117+0100 INFO  mkfntmap - Unable to update the static FcBlanks: 0x2029
2015-11-21 23:09:47,117+0100 INFO  mkfntmap - Unable to update the static FcBlanks: 0xfff9
2015-11-21 23:09:47,117+0100 INFO  mkfntmap - Unable to update the static FcBlanks: 0xfffa
2015-11-21 23:09:47,117+0100 INFO  mkfntmap - Unable to update the static FcBlanks: 0xfffb
2015-11-21 23:09:48,182+0100 INFO  mkfntmap - starting: MiKTeX Fontmap Maintenance Utility 2.9.5700 (MiKTeX 2.9)
2015-11-21 23:09:48,182+0100 INFO  mkfntmap - Parsing config file C:\Users\Public\Dev\altair\texlive\miktex\config\updmap.cfg...
2015-11-21 23:09:48,183+0100 INFO  mkfntmap - Parsing C:\Users\Public\Dev\altair\texlive\fonts\map\dvips\tetex\dvips35.map...
2015-11-21 23:09:48,184+0100 INFO  mkfntmap - Parsing C:\Users\Public\Dev\altair\texlive\fonts\map\dvips\tetex\pdftex35.map...
2015-11-21 23:09:48,185+0100 INFO  mkfntmap - Parsing C:\Users\Public\Dev\altair\texlive\fonts\map\dvips\tetex\dvipdfm35.map...
2015-11-21 23:09:48,186+0100 INFO  mkfntmap - Parsing C:\Users\Public\Dev\altair\texlive\fonts\map\dvips\tetex\ps2pk35.map...
2015-11-21 23:09:48,189+0100 INFO  mkfntmap - Parsing C:\Users\Public\Dev\altair\texlive\fonts\map\dvips\amsfonts\cm.map...
2015-11-21 23:09:48,189+0100 INFO  mkfntmap - Parsing C:\Users\Public\Dev\altair\texlive\fonts\map\dvips\amsfonts\cmextra.map...
2015-11-21 23:09:48,190+0100 INFO  mkfntmap - Parsing C:\Users\Public\Dev\altair\texlive\fonts\map\dvips\amsfonts\cyrillic.map...
2015-11-21 23:09:48,190+0100 INFO  mkfntmap - Parsing C:\Users\Public\Dev\altair\texlive\fonts\map\dvips\amsfonts\euler.map...
2015-11-21 23:09:48,191+0100 INFO  mkfntmap - Parsing C:\Users\Public\Dev\altair\texlive\dvips\eurosym\eurosym.map...
2015-11-21 23:09:48,191+0100 INFO  mkfntmap - Parsing C:\Users\Public\Dev\altair\texlive\fonts\map\dvips\amsfonts\latxfont.map...
2015-11-21 23:09:48,192+0100 INFO  mkfntmap - Parsing C:\Users\Public\Dev\altair\texlive\fonts\map\dvips\rsfs\rsfs.map...
2015-11-21 23:09:48,193+0100 INFO  mkfntmap - Parsing C:\Users\Public\Dev\altair\texlive\fonts\map\dvips\amsfonts\symbols.map...
2015-11-21 23:09:48,193+0100 INFO  mkfntmap - Parsing C:\Users\Public\Dev\altair\texlive\fonts\map\dvips\xypic\xypic.map...
2015-11-21 23:09:48,198+0100 INFO  mkfntmap - Parsing C:\Users\Public\Dev\altair\texlive\fonts\map\dvips\psnfss\charter.map...
2015-11-21 23:09:48,200+0100 INFO  mkfntmap - Parsing C:\Users\Public\Dev\altair\texlive\fonts\map\dvips\psnfss\fpls.map...
2015-11-21 23:09:48,202+0100 INFO  mkfntmap - Parsing C:\Users\Public\Dev\altair\texlive\fonts\map\dvips\lm\lm.map...
2015-11-21 23:09:48,205+0100 INFO  mkfntmap - Parsing C:\Users\Public\Dev\altair\texlive\fonts\map\dvips\obsolete\mathpi.map...
2015-11-21 23:09:48,205+0100 INFO  mkfntmap - Parsing C:\Users\Public\Dev\altair\texlive\fonts\map\dvips\obsolete\mathpple-ext.map...
2015-11-21 23:09:48,207+0100 INFO  mkfntmap - Parsing C:\Users\Public\Dev\altair\texlive\fonts\map\dvips\psnfss\pazo.map...
2015-11-21 23:09:48,208+0100 INFO  mkfntmap - Parsing C:\Users\Public\Dev\altair\texlive\dvips\pslatex\pcrr8rn.map...
2015-11-21 23:09:48,208+0100 INFO  mkfntmap - Parsing C:\Users\Public\Dev\altair\texlive\fonts\map\dvips\psnfss\psnfss.map...
2015-11-21 23:09:48,210+0100 INFO  mkfntmap - Parsing C:\Users\Public\Dev\altair\texlive\fonts\map\dvips\avantgar\uag.map...
2015-11-21 23:09:48,210+0100 INFO  mkfntmap - Parsing C:\Users\Public\Dev\altair\texlive\fonts\map\dvips\bookman\ubk.map...
2015-11-21 23:09:48,210+0100 INFO  mkfntmap - Parsing C:\Users\Public\Dev\altair\texlive\fonts\map\dvips\courier\ucr.map...
2015-11-21 23:09:48,211+0100 INFO  mkfntmap - Parsing C:\Users\Public\Dev\altair\texlive\fonts\map\dvips\helvetic\uhv.map...
2015-11-21 23:09:48,211+0100 INFO  mkfntmap - Parsing C:\Users\Public\Dev\altair\texlive\fonts\map\dvips\ncntrsbk\unc.map...
2015-11-21 23:09:48,211+0100 INFO  mkfntmap - Parsing C:\Users\Public\Dev\altair\texlive\fonts\map\dvips\palatino\upl.map...
2015-11-21 23:09:48,212+0100 INFO  mkfntmap - Parsing C:\Users\Public\Dev\altair\texlive\fonts\map\dvips\times\utm.map...
2015-11-21 23:09:48,212+0100 INFO  mkfntmap - Parsing C:\Users\Public\Dev\altair\texlive\fonts\map\dvips\psnfss\utopia.map...
2015-11-21 23:09:48,212+0100 INFO  mkfntmap - Parsing C:\Users\Public\Dev\altair\texlive\fonts\map\dvips\zapfchan\uzc.map...
2015-11-21 23:09:48,212+0100 INFO  mkfntmap - Parsing C:\Users\Public\Dev\altair\texlive\fonts\map\dvips\zapfding\uzd.map...
2015-11-21 23:09:48,213+0100 INFO  mkfntmap - Writing C:\Users\Public\Dev\altair\texlive\dvips\config\ps2pk.map...
2015-11-21 23:09:48,218+0100 INFO  mkfntmap - Writing C:\Users\Public\Dev\altair\texlive\dvips\config\download35.map...
2015-11-21 23:09:48,221+0100 INFO  mkfntmap - Writing C:\Users\Public\Dev\altair\texlive\dvips\config\builtin35.map...
2015-11-21 23:09:48,223+0100 INFO  mkfntmap - Writing C:\Users\Public\Dev\altair\texlive\dvips\config\psfonts_t1.map...
2015-11-21 23:09:48,228+0100 INFO  mkfntmap - Writing C:\Users\Public\Dev\altair\texlive\dvips\config\psfonts_pk.map...
2015-11-21 23:09:48,233+0100 INFO  mkfntmap - Writing C:\Users\Public\Dev\altair\texlive\pdftex\config\pdftex_ndl14.map...
2015-11-21 23:09:48,238+0100 INFO  mkfntmap - Writing C:\Users\Public\Dev\altair\texlive\pdftex\config\pdftex_dl14.map...
2015-11-21 23:09:48,243+0100 INFO  mkfntmap - Writing C:\Users\Public\Dev\altair\texlive\dvipdfm\config\dvipdfm_dl14.map...
2015-11-21 23:09:48,247+0100 INFO  mkfntmap - Writing C:\Users\Public\Dev\altair\texlive\dvipdfm\config\dvipdfm_ndl14.map...
2015-11-21 23:09:48,251+0100 INFO  mkfntmap - Copying C:\Users\Public\Dev\altair\texlive\dvips\config\psfonts_t1.map
2015-11-21 23:09:48,251+0100 INFO  mkfntmap -      to C:\Users\Public\Dev\altair\texlive\dvips\config\psfonts.map...
2015-11-21 23:09:48,252+0100 INFO  mkfntmap - Copying C:\Users\Public\Dev\altair\texlive\dvipdfm\config\dvipdfm_dl14.map
2015-11-21 23:09:48,252+0100 INFO  mkfntmap -      to C:\Users\Public\Dev\altair\texlive\dvipdfm\config\dvipdfm.map...
2015-11-21 23:09:48,253+0100 INFO  mkfntmap - Copying C:\Users\Public\Dev\altair\texlive\pdftex\config\pdftex_dl14.map
2015-11-21 23:09:48,253+0100 INFO  mkfntmap -      to C:\Users\Public\Dev\altair\texlive\pdftex\config\pdftex.map...
2015-11-21 23:09:48,256+0100 INFO  mkfntmap - running: fc-cache 
2015-11-21 23:09:48,460+0100 INFO  mkfntmap - Unable to update the static FcBlanks: 0x0600
2015-11-21 23:09:48,460+0100 INFO  mkfntmap - Unable to update the static FcBlanks: 0x0601
2015-11-21 23:09:48,460+0100 INFO  mkfntmap - Unable to update the static FcBlanks: 0x0602
2015-11-21 23:09:48,460+0100 INFO  mkfntmap - Unable to update the static FcBlanks: 0x0603
2015-11-21 23:09:48,460+0100 INFO  mkfntmap - Unable to update the static FcBlanks: 0x06dd
2015-11-21 23:09:48,461+0100 INFO  mkfntmap - Unable to update the static FcBlanks: 0x070f
2015-11-21 23:09:48,461+0100 INFO  mkfntmap - Unable to update the static FcBlanks: 0x2028
2015-11-21 23:09:48,461+0100 INFO  mkfntmap - Unable to update the static FcBlanks: 0x2029
2015-11-21 23:09:48,461+0100 INFO  mkfntmap - Unable to update the static FcBlanks: 0xfff9
2015-11-21 23:09:48,461+0100 INFO  mkfntmap - Unable to update the static FcBlanks: 0xfffa
2015-11-21 23:09:48,461+0100 INFO  mkfntmap - Unable to update the static FcBlanks: 0xfffb
