2015-11-21 23:09:31,006+0100 INFO  pdflatex - installing package upquote triggered by tex\latex\upquote\upquote.sty
2015-11-21 23:09:31,092+0100 INFO  pdflatex - mpm: starting package maintenance...
2015-11-21 23:09:31,092+0100 INFO  pdflatex - mpm: installation directory: C:\Users\Public\Dev\altair\texlive
2015-11-21 23:09:31,092+0100 INFO  pdflatex - mpm: package repository: http://ctan.mines-albi.fr/systems/win32/miktex/tm/packages/
2015-11-21 23:09:31,247+0100 INFO  pdflatex - mpm: lightweight database digest: b6dda9a28d3f09bd04806e1f4058fb22
2015-11-21 23:09:31,247+0100 INFO  pdflatex - mpm: going to download 167179 bytes
2015-11-21 23:09:31,247+0100 INFO  pdflatex - mpm: going to install 5 file(s) (1 package(s))
2015-11-21 23:09:31,248+0100 INFO  pdflatex - mpm: downloading http://ctan.mines-albi.fr/systems/win32/miktex/tm/packages/upquote.tar.lzma...
2015-11-21 23:09:31,649+0100 INFO  pdflatex - mpm: 167179 bytes, 408.15 KB/Sec
2015-11-21 23:09:31,650+0100 INFO  pdflatex - mpm: extracting files from upquote.tar.lzma...
2015-11-21 23:09:38,302+0100 INFO  pdflatex - installing package microtype triggered by tex\latex\microtype\microtype.sty
2015-11-21 23:09:38,302+0100 INFO  pdflatex - mpm: starting package maintenance...
2015-11-21 23:09:38,302+0100 INFO  pdflatex - mpm: installation directory: C:\Users\Public\Dev\altair\texlive
2015-11-21 23:09:38,303+0100 INFO  pdflatex - mpm: package repository: http://ctan.mines-albi.fr/systems/win32/miktex/tm/packages/
2015-11-21 23:09:38,457+0100 INFO  pdflatex - mpm: lightweight database digest: b6dda9a28d3f09bd04806e1f4058fb22
2015-11-21 23:09:38,457+0100 INFO  pdflatex - mpm: going to download 1362027 bytes
2015-11-21 23:09:38,457+0100 INFO  pdflatex - mpm: going to install 31 file(s) (1 package(s))
2015-11-21 23:09:38,457+0100 INFO  pdflatex - mpm: downloading http://ctan.mines-albi.fr/systems/win32/miktex/tm/packages/microtype.tar.lzma...
2015-11-21 23:09:39,026+0100 INFO  pdflatex - mpm: 1362027 bytes, 2341.73 KB/Sec
2015-11-21 23:09:39,029+0100 INFO  pdflatex - mpm: extracting files from microtype.tar.lzma...
2015-11-21 23:09:42,655+0100 INFO  pdflatex - installing package booktabs triggered by tex\latex\booktabs\booktabs.sty
2015-11-21 23:09:42,655+0100 INFO  pdflatex - mpm: starting package maintenance...
2015-11-21 23:09:42,655+0100 INFO  pdflatex - mpm: installation directory: C:\Users\Public\Dev\altair\texlive
2015-11-21 23:09:42,655+0100 INFO  pdflatex - mpm: package repository: http://ctan.mines-albi.fr/systems/win32/miktex/tm/packages/
2015-11-21 23:09:42,812+0100 INFO  pdflatex - mpm: lightweight database digest: b6dda9a28d3f09bd04806e1f4058fb22
2015-11-21 23:09:42,812+0100 INFO  pdflatex - mpm: going to download 49201 bytes
2015-11-21 23:09:42,812+0100 INFO  pdflatex - mpm: going to install 6 file(s) (1 package(s))
2015-11-21 23:09:42,812+0100 INFO  pdflatex - mpm: downloading http://ctan.mines-albi.fr/systems/win32/miktex/tm/packages/booktabs.cab...
2015-11-21 23:09:42,877+0100 INFO  pdflatex - mpm: 49201 bytes, 739.20 KB/Sec
2015-11-21 23:09:42,877+0100 INFO  pdflatex - mpm: extracting files from booktabs.cab...
2015-11-21 23:09:44,847+0100 INFO  pdflatex - installing package url triggered by tex\latex\url\url.sty
2015-11-21 23:09:44,847+0100 INFO  pdflatex - mpm: starting package maintenance...
2015-11-21 23:09:44,847+0100 INFO  pdflatex - mpm: installation directory: C:\Users\Public\Dev\altair\texlive
2015-11-21 23:09:44,847+0100 INFO  pdflatex - mpm: package repository: http://ctan.mines-albi.fr/systems/win32/miktex/tm/packages/
2015-11-21 23:09:45,000+0100 INFO  pdflatex - mpm: lightweight database digest: b6dda9a28d3f09bd04806e1f4058fb22
2015-11-21 23:09:45,000+0100 INFO  pdflatex - mpm: going to download 273472 bytes
2015-11-21 23:09:45,000+0100 INFO  pdflatex - mpm: going to install 5 file(s) (1 package(s))
2015-11-21 23:09:45,000+0100 INFO  pdflatex - mpm: downloading http://ctan.mines-albi.fr/systems/win32/miktex/tm/packages/url.tar.lzma...
2015-11-21 23:09:45,096+0100 INFO  pdflatex - mpm: 273472 bytes, 2811.18 KB/Sec
2015-11-21 23:09:45,097+0100 INFO  pdflatex - mpm: extracting files from url.tar.lzma...
2015-11-21 23:09:46,366+0100 INFO  pdflatex - installing package titling triggered by tex\latex\titling\titling.sty
2015-11-21 23:09:46,367+0100 INFO  pdflatex - mpm: starting package maintenance...
2015-11-21 23:09:46,367+0100 INFO  pdflatex - mpm: installation directory: C:\Users\Public\Dev\altair\texlive
2015-11-21 23:09:46,367+0100 INFO  pdflatex - mpm: package repository: http://ctan.mines-albi.fr/systems/win32/miktex/tm/packages/
2015-11-21 23:09:46,519+0100 INFO  pdflatex - mpm: lightweight database digest: b6dda9a28d3f09bd04806e1f4058fb22
2015-11-21 23:09:46,519+0100 INFO  pdflatex - mpm: going to download 192166 bytes
2015-11-21 23:09:46,519+0100 INFO  pdflatex - mpm: going to install 5 file(s) (1 package(s))
2015-11-21 23:09:46,519+0100 INFO  pdflatex - mpm: downloading http://ctan.mines-albi.fr/systems/win32/miktex/tm/packages/titling.tar.lzma...
2015-11-21 23:09:46,594+0100 INFO  pdflatex - mpm: 192166 bytes, 2535.97 KB/Sec
2015-11-21 23:09:46,595+0100 INFO  pdflatex - mpm: extracting files from titling.tar.lzma...
2015-11-21 23:09:47,830+0100 INFO  pdflatex - installing package mptopdf triggered by tex\context\base\supp-pdf.mkii
2015-11-21 23:09:47,830+0100 INFO  pdflatex - mpm: starting package maintenance...
2015-11-21 23:09:47,830+0100 INFO  pdflatex - mpm: installation directory: C:\Users\Public\Dev\altair\texlive
2015-11-21 23:09:47,830+0100 INFO  pdflatex - mpm: package repository: http://ctan.mines-albi.fr/systems/win32/miktex/tm/packages/
2015-11-21 23:09:47,983+0100 INFO  pdflatex - mpm: lightweight database digest: b6dda9a28d3f09bd04806e1f4058fb22
2015-11-21 23:09:47,984+0100 INFO  pdflatex - mpm: going to download 37051 bytes
2015-11-21 23:09:47,984+0100 INFO  pdflatex - mpm: going to install 7 file(s) (1 package(s))
2015-11-21 23:09:47,984+0100 INFO  pdflatex - mpm: downloading http://ctan.mines-albi.fr/systems/win32/miktex/tm/packages/mptopdf.tar.lzma...
2015-11-21 23:09:48,046+0100 INFO  pdflatex - mpm: 37051 bytes, 583.59 KB/Sec
2015-11-21 23:09:48,046+0100 INFO  pdflatex - mpm: extracting files from mptopdf.tar.lzma...
2016-02-12 17:27:23,591+0100 FATAL pdflatex - Windows API error 1113: Il n’y a pas de caractère correspondant au caractère Unicode dans la page de codes multi-octet cible.

2016-02-12 17:27:23,602+0100 FATAL pdflatex - Info: 
2016-02-12 17:27:23,602+0100 FATAL pdflatex - Source: Libraries\MiKTeX\Core\win\win.cpp
2016-02-12 17:27:23,602+0100 FATAL pdflatex - Line: 3062
2016-02-12 17:27:24,288+0100 FATAL pdflatex - Windows API error 1113: Il n’y a pas de caractère correspondant au caractère Unicode dans la page de codes multi-octet cible.

2016-02-12 17:27:24,288+0100 FATAL pdflatex - Info: 
2016-02-12 17:27:24,288+0100 FATAL pdflatex - Source: Libraries\MiKTeX\Core\win\win.cpp
2016-02-12 17:27:24,288+0100 FATAL pdflatex - Line: 3062
2016-02-12 17:27:24,812+0100 FATAL pdflatex - Windows API error 1113: Il n’y a pas de caractère correspondant au caractère Unicode dans la page de codes multi-octet cible.

2016-02-12 17:27:24,812+0100 FATAL pdflatex - Info: 
2016-02-12 17:27:24,813+0100 FATAL pdflatex - Source: Libraries\MiKTeX\Core\win\win.cpp
2016-02-12 17:27:24,813+0100 FATAL pdflatex - Line: 3062
2016-02-12 17:29:14,690+0100 FATAL pdflatex - Windows API error 1113: Il n’y a pas de caractère correspondant au caractère Unicode dans la page de codes multi-octet cible.

2016-02-12 17:29:14,690+0100 FATAL pdflatex - Info: 
2016-02-12 17:29:14,690+0100 FATAL pdflatex - Source: Libraries\MiKTeX\Core\win\win.cpp
2016-02-12 17:29:14,691+0100 FATAL pdflatex - Line: 3062
2016-02-12 17:29:15,132+0100 FATAL pdflatex - Windows API error 1113: Il n’y a pas de caractère correspondant au caractère Unicode dans la page de codes multi-octet cible.

2016-02-12 17:29:15,132+0100 FATAL pdflatex - Info: 
2016-02-12 17:29:15,132+0100 FATAL pdflatex - Source: Libraries\MiKTeX\Core\win\win.cpp
2016-02-12 17:29:15,132+0100 FATAL pdflatex - Line: 3062
2016-02-12 17:29:15,579+0100 FATAL pdflatex - Windows API error 1113: Il n’y a pas de caractère correspondant au caractère Unicode dans la page de codes multi-octet cible.

2016-02-12 17:29:15,579+0100 FATAL pdflatex - Info: 
2016-02-12 17:29:15,579+0100 FATAL pdflatex - Source: Libraries\MiKTeX\Core\win\win.cpp
2016-02-12 17:29:15,579+0100 FATAL pdflatex - Line: 3062
2016-02-12 18:10:45,666+0100 FATAL pdflatex - Windows API error 1113: Il n’y a pas de caractère correspondant au caractère Unicode dans la page de codes multi-octet cible.

2016-02-12 18:10:45,687+0100 FATAL pdflatex - Info: 
2016-02-12 18:10:45,687+0100 FATAL pdflatex - Source: Libraries\MiKTeX\Core\win\win.cpp
2016-02-12 18:10:45,687+0100 FATAL pdflatex - Line: 3062
2016-02-12 18:10:46,210+0100 FATAL pdflatex - Windows API error 1113: Il n’y a pas de caractère correspondant au caractère Unicode dans la page de codes multi-octet cible.

2016-02-12 18:10:46,210+0100 FATAL pdflatex - Info: 
2016-02-12 18:10:46,210+0100 FATAL pdflatex - Source: Libraries\MiKTeX\Core\win\win.cpp
2016-02-12 18:10:46,210+0100 FATAL pdflatex - Line: 3062
2016-02-12 18:10:46,672+0100 FATAL pdflatex - Windows API error 1113: Il n’y a pas de caractère correspondant au caractère Unicode dans la page de codes multi-octet cible.

2016-02-12 18:10:46,672+0100 FATAL pdflatex - Info: 
2016-02-12 18:10:46,672+0100 FATAL pdflatex - Source: Libraries\MiKTeX\Core\win\win.cpp
2016-02-12 18:10:46,672+0100 FATAL pdflatex - Line: 3062
2016-02-12 18:12:55,128+0100 FATAL pdflatex - Windows API error 1113: Il n’y a pas de caractère correspondant au caractère Unicode dans la page de codes multi-octet cible.

2016-02-12 18:12:55,129+0100 FATAL pdflatex - Info: 
2016-02-12 18:12:55,129+0100 FATAL pdflatex - Source: Libraries\MiKTeX\Core\win\win.cpp
2016-02-12 18:12:55,129+0100 FATAL pdflatex - Line: 3062
2016-02-12 18:12:55,535+0100 FATAL pdflatex - Windows API error 1113: Il n’y a pas de caractère correspondant au caractère Unicode dans la page de codes multi-octet cible.

2016-02-12 18:12:55,535+0100 FATAL pdflatex - Info: 
2016-02-12 18:12:55,535+0100 FATAL pdflatex - Source: Libraries\MiKTeX\Core\win\win.cpp
2016-02-12 18:12:55,535+0100 FATAL pdflatex - Line: 3062
2016-02-12 18:12:55,998+0100 FATAL pdflatex - Windows API error 1113: Il n’y a pas de caractère correspondant au caractère Unicode dans la page de codes multi-octet cible.

2016-02-12 18:12:55,998+0100 FATAL pdflatex - Info: 
2016-02-12 18:12:55,999+0100 FATAL pdflatex - Source: Libraries\MiKTeX\Core\win\win.cpp
2016-02-12 18:12:55,999+0100 FATAL pdflatex - Line: 3062
2016-02-14 23:57:45,999+0100 INFO  pdflatex - installing package fancyvrb triggered by tex\latex\fancyvrb\fancyvrb.sty
2016-02-14 23:57:46,160+0100 INFO  pdflatex - mpm: starting package maintenance...
2016-02-14 23:57:46,161+0100 INFO  pdflatex - mpm: installation directory: C:\Users\Public\Dev\altair\texlive
2016-02-14 23:57:46,161+0100 INFO  pdflatex - mpm: package repository: http://ctan.mines-albi.fr/systems/win32/miktex/tm/packages/
2016-02-14 23:57:46,363+0100 INFO  pdflatex - mpm: lightweight database digest: b6dda9a28d3f09bd04806e1f4058fb22
2016-02-14 23:57:46,363+0100 INFO  pdflatex - mpm: going to download 661111 bytes
2016-02-14 23:57:46,363+0100 INFO  pdflatex - mpm: going to install 10 file(s) (1 package(s))
2016-02-14 23:57:46,363+0100 INFO  pdflatex - mpm: downloading http://ctan.mines-albi.fr/systems/win32/miktex/tm/packages/fancyvrb.tar.lzma...
2016-02-14 23:57:46,887+0100 INFO  pdflatex - mpm: 661111 bytes, 1248.77 KB/Sec
2016-02-14 23:57:46,889+0100 INFO  pdflatex - mpm: extracting files from fancyvrb.tar.lzma...
2016-02-14 23:58:24,388+0100 INFO  pdflatex - installing package framed triggered by tex\latex\framed\framed.sty
2016-02-14 23:58:24,388+0100 INFO  pdflatex - mpm: starting package maintenance...
2016-02-14 23:58:24,388+0100 INFO  pdflatex - mpm: installation directory: C:\Users\Public\Dev\altair\texlive
2016-02-14 23:58:24,388+0100 INFO  pdflatex - mpm: package repository: http://ctan.mines-albi.fr/systems/win32/miktex/tm/packages/
2016-02-14 23:58:24,545+0100 INFO  pdflatex - mpm: lightweight database digest: b6dda9a28d3f09bd04806e1f4058fb22
2016-02-14 23:58:24,545+0100 INFO  pdflatex - mpm: going to download 248224 bytes
2016-02-14 23:58:24,545+0100 INFO  pdflatex - mpm: going to install 4 file(s) (1 package(s))
2016-02-14 23:58:24,546+0100 INFO  pdflatex - mpm: downloading http://ctan.mines-albi.fr/systems/win32/miktex/tm/packages/framed.tar.lzma...
2016-02-14 23:58:25,132+0100 INFO  pdflatex - mpm: 248224 bytes, 414.37 KB/Sec
2016-02-14 23:58:25,133+0100 INFO  pdflatex - mpm: extracting files from framed.tar.lzma...
2016-02-15 00:48:27,092+0100 FATAL pdflatex - Windows API error 1113: Il n’y a pas de caractère correspondant au caractère Unicode dans la page de codes multi-octet cible.

2016-02-15 00:48:27,092+0100 FATAL pdflatex - Info: 
2016-02-15 00:48:27,092+0100 FATAL pdflatex - Source: Libraries\MiKTeX\Core\win\win.cpp
2016-02-15 00:48:27,092+0100 FATAL pdflatex - Line: 3062
2016-02-15 00:48:27,344+0100 FATAL pdflatex - Windows API error 1113: Il n’y a pas de caractère correspondant au caractère Unicode dans la page de codes multi-octet cible.

2016-02-15 00:48:27,344+0100 FATAL pdflatex - Info: 
2016-02-15 00:48:27,344+0100 FATAL pdflatex - Source: Libraries\MiKTeX\Core\win\win.cpp
2016-02-15 00:48:27,344+0100 FATAL pdflatex - Line: 3062
2016-02-15 00:48:27,672+0100 FATAL pdflatex - Windows API error 1113: Il n’y a pas de caractère correspondant au caractère Unicode dans la page de codes multi-octet cible.

2016-02-15 00:48:27,672+0100 FATAL pdflatex - Info: 
2016-02-15 00:48:27,672+0100 FATAL pdflatex - Source: Libraries\MiKTeX\Core\win\win.cpp
2016-02-15 00:48:27,672+0100 FATAL pdflatex - Line: 3062
2016-03-07 23:06:53,553+0100 INFO  pdflatex - installing package inconsolata triggered by tex\latex\inconsolata\zi4.sty
2016-03-07 23:06:53,694+0100 INFO  pdflatex - mpm: starting package maintenance...
2016-03-07 23:06:53,694+0100 INFO  pdflatex - mpm: installation directory: c:\Users\Public\Dev\altair\texlive
2016-03-07 23:06:53,694+0100 INFO  pdflatex - mpm: package repository: http://ctan.mines-albi.fr/systems/win32/miktex/tm/packages/
2016-03-07 23:06:53,845+0100 INFO  pdflatex - mpm: lightweight database digest: b6dda9a28d3f09bd04806e1f4058fb22
2016-03-07 23:06:53,845+0100 INFO  pdflatex - mpm: going to download 516872 bytes
2016-03-07 23:06:53,845+0100 INFO  pdflatex - mpm: going to install 121 file(s) (1 package(s))
2016-03-07 23:06:53,846+0100 INFO  pdflatex - mpm: downloading http://ctan.mines-albi.fr/systems/win32/miktex/tm/packages/inconsolata.tar.lzma...
2016-03-07 23:06:54,312+0100 INFO  pdflatex - mpm: 559379 bytes, 1200.59 KB/Sec
2016-03-07 23:06:54,316+0100 INFO  pdflatex - mpm: visiting repository http://ctan.mines-albi.fr/systems/win32/miktex/tm/packages/...
2016-03-07 23:06:54,316+0100 INFO  pdflatex - mpm: repository type: remote package repository
2016-03-07 23:06:54,317+0100 INFO  pdflatex - mpm: loading lightweight database...
2016-03-07 23:06:54,317+0100 INFO  pdflatex - mpm: downloading http://ctan.mines-albi.fr/systems/win32/miktex/tm/packages/miktex-zzdb1-2.9.tar.lzma...
2016-03-07 23:06:54,374+0100 INFO  pdflatex - mpm: 161005 bytes, 2758.45 KB/Sec
2016-03-07 23:06:54,553+0100 INFO  pdflatex - mpm: lightweight database digest: 3ffca9751ff8045ec1ad3838d8c2c4bf
2016-03-07 23:06:54,556+0100 INFO  pdflatex - mpm: extracting files from inconsolata.tar.lzma...
