2015-11-21 23:02:40,346+0100 INFO  Update - starting: Update Wizard 2.9.5700 (MiKTeX 2.9)
2015-11-21 23:03:38,438+0100 INFO  FileCopyPage - starting package maintenance...
2015-11-21 23:03:38,439+0100 INFO  FileCopyPage - installation directory: C:\Users\Public\Dev\altair\texlive
2015-11-21 23:03:38,439+0100 INFO  FileCopyPage - package repository: http://ctan.mines-albi.fr/systems/win32/miktex/tm/packages/
2015-11-21 23:03:38,597+0100 INFO  FileCopyPage - lightweight database digest: b6dda9a28d3f09bd04806e1f4058fb22
2015-11-21 23:03:38,597+0100 INFO  FileCopyPage - going to download 5910997 bytes
2015-11-21 23:03:38,599+0100 INFO  FileCopyPage - going to install 5 file(s) (1 package(s))
2015-11-21 23:03:38,600+0100 INFO  FileCopyPage - downloading http://ctan.mines-albi.fr/systems/win32/miktex/tm/packages/miktex-bin-2.9.tar.lzma...
2015-11-21 23:03:40,672+0100 INFO  FileCopyPage - 5910997 bytes, 2785.94 KB/Sec
2015-11-21 23:03:40,694+0100 INFO  FileCopyPage - extracting files from miktex-bin-2.9.tar.lzma...
2015-11-21 23:03:41,191+0100 INFO  FileCopyPage - running 'mpm --register-components --verbose'
2015-11-21 23:03:41,319+0100 INFO  FileCopyPage - configuring fontconfig\config\fonts.conf
2015-11-21 23:03:41,323+0100 INFO  FileCopyPage - running 'initexmf --update-fndb --verbose'
2015-11-21 23:03:42,454+0100 INFO  FileCopyPage - Creating fndb for common root directory (C:\Users\Public\Dev\altair\texlive)...
2015-11-21 23:03:42,457+0100 INFO  FileCopyPage - running 'initexmf --force --mklinks --verbose'
2015-11-21 23:03:42,711+0100 INFO  FileCopyPage - Making format links...
2015-11-21 23:03:42,711+0100 INFO  FileCopyPage - Making script links...
2015-11-21 23:03:42,711+0100 INFO  FileCopyPage -   C:\Users\Public\Dev\altair\texlive\miktex/bin\miktex-taskbar-icon.exe
2015-11-21 23:03:42,713+0100 INFO  FileCopyPage -   C:\Users\Public\Dev\altair\texlive\miktex/bin\miktex-update.exe
2015-11-21 23:03:42,716+0100 INFO  FileCopyPage - running 'initexmf --mkmaps --mklangs --verbose'
2015-11-21 23:03:42,833+0100 INFO  FileCopyPage - Parsing config file C:\Users\Public\Dev\altair\texlive\miktex\config\updmap.cfg...
2015-11-21 23:03:42,834+0100 INFO  FileCopyPage - Parsing C:\Users\Public\Dev\altair\texlive\fonts\map\dvips\tetex\dvips35.map...
2015-11-21 23:03:42,836+0100 INFO  FileCopyPage - Parsing C:\Users\Public\Dev\altair\texlive\fonts\map\dvips\tetex\pdftex35.map...
2015-11-21 23:03:42,837+0100 INFO  FileCopyPage - Parsing C:\Users\Public\Dev\altair\texlive\fonts\map\dvips\tetex\dvipdfm35.map...
2015-11-21 23:03:42,838+0100 INFO  FileCopyPage - Parsing C:\Users\Public\Dev\altair\texlive\fonts\map\dvips\tetex\ps2pk35.map...
2015-11-21 23:03:42,840+0100 INFO  FileCopyPage - Parsing C:\Users\Public\Dev\altair\texlive\fonts\map\dvips\amsfonts\cm.map...
2015-11-21 23:03:42,841+0100 INFO  FileCopyPage - Parsing C:\Users\Public\Dev\altair\texlive\fonts\map\dvips\amsfonts\cmextra.map...
2015-11-21 23:03:42,842+0100 INFO  FileCopyPage - Parsing C:\Users\Public\Dev\altair\texlive\fonts\map\dvips\amsfonts\cyrillic.map...
2015-11-21 23:03:42,842+0100 INFO  FileCopyPage - Parsing C:\Users\Public\Dev\altair\texlive\fonts\map\dvips\amsfonts\euler.map...
2015-11-21 23:03:42,844+0100 INFO  FileCopyPage - Parsing C:\Users\Public\Dev\altair\texlive\dvips\eurosym\eurosym.map...
2015-11-21 23:03:42,845+0100 INFO  FileCopyPage - Parsing C:\Users\Public\Dev\altair\texlive\fonts\map\dvips\amsfonts\latxfont.map...
2015-11-21 23:03:42,846+0100 INFO  FileCopyPage - Parsing C:\Users\Public\Dev\altair\texlive\fonts\map\dvips\rsfs\rsfs.map...
2015-11-21 23:03:42,848+0100 INFO  FileCopyPage - Parsing C:\Users\Public\Dev\altair\texlive\fonts\map\dvips\amsfonts\symbols.map...
2015-11-21 23:03:42,849+0100 INFO  FileCopyPage - Parsing C:\Users\Public\Dev\altair\texlive\fonts\map\dvips\xypic\xypic.map...
2015-11-21 23:03:42,851+0100 INFO  FileCopyPage - Parsing C:\Users\Public\Dev\altair\texlive\fonts\map\dvips\psnfss\charter.map...
2015-11-21 23:03:42,852+0100 INFO  FileCopyPage - Parsing C:\Users\Public\Dev\altair\texlive\fonts\map\dvips\psnfss\fpls.map...
2015-11-21 23:03:42,854+0100 INFO  FileCopyPage - Parsing C:\Users\Public\Dev\altair\texlive\fonts\map\dvips\lm\lm.map...
2015-11-21 23:03:42,855+0100 INFO  FileCopyPage - Parsing C:\Users\Public\Dev\altair\texlive\fonts\map\dvips\obsolete\mathpi.map...
2015-11-21 23:03:42,856+0100 INFO  FileCopyPage - Parsing C:\Users\Public\Dev\altair\texlive\fonts\map\dvips\obsolete\mathpple-ext.map...
2015-11-21 23:03:42,857+0100 INFO  FileCopyPage - Parsing C:\Users\Public\Dev\altair\texlive\fonts\map\dvips\psnfss\pazo.map...
2015-11-21 23:03:42,857+0100 INFO  FileCopyPage - Parsing C:\Users\Public\Dev\altair\texlive\dvips\pslatex\pcrr8rn.map...
2015-11-21 23:03:42,858+0100 INFO  FileCopyPage - Parsing C:\Users\Public\Dev\altair\texlive\fonts\map\dvips\psnfss\psnfss.map...
2015-11-21 23:03:42,860+0100 INFO  FileCopyPage - Parsing C:\Users\Public\Dev\altair\texlive\fonts\map\dvips\avantgar\uag.map...
2015-11-21 23:03:42,861+0100 INFO  FileCopyPage - Parsing C:\Users\Public\Dev\altair\texlive\fonts\map\dvips\bookman\ubk.map...
2015-11-21 23:03:42,863+0100 INFO  FileCopyPage - Parsing C:\Users\Public\Dev\altair\texlive\fonts\map\dvips\courier\ucr.map...
2015-11-21 23:03:42,863+0100 INFO  FileCopyPage - Parsing C:\Users\Public\Dev\altair\texlive\fonts\map\dvips\helvetic\uhv.map...
2015-11-21 23:03:42,864+0100 INFO  FileCopyPage - Parsing C:\Users\Public\Dev\altair\texlive\fonts\map\dvips\ncntrsbk\unc.map...
2015-11-21 23:03:42,866+0100 INFO  FileCopyPage - Parsing C:\Users\Public\Dev\altair\texlive\fonts\map\dvips\palatino\upl.map...
2015-11-21 23:03:42,866+0100 INFO  FileCopyPage - Parsing C:\Users\Public\Dev\altair\texlive\fonts\map\dvips\times\utm.map...
2015-11-21 23:03:42,868+0100 INFO  FileCopyPage - Parsing C:\Users\Public\Dev\altair\texlive\fonts\map\dvips\psnfss\utopia.map...
2015-11-21 23:03:42,869+0100 INFO  FileCopyPage - Parsing C:\Users\Public\Dev\altair\texlive\fonts\map\dvips\zapfchan\uzc.map...
2015-11-21 23:03:42,871+0100 INFO  FileCopyPage - Parsing C:\Users\Public\Dev\altair\texlive\fonts\map\dvips\zapfding\uzd.map...
2015-11-21 23:03:42,872+0100 INFO  FileCopyPage - Writing C:\Users\Public\Dev\altair\texlive\dvips\config\ps2pk.map...
2015-11-21 23:03:42,874+0100 INFO  FileCopyPage - Writing C:\Users\Public\Dev\altair\texlive\dvips\config\download35.map...
2015-11-21 23:03:42,876+0100 INFO  FileCopyPage - Writing C:\Users\Public\Dev\altair\texlive\dvips\config\builtin35.map...
2015-11-21 23:03:42,877+0100 INFO  FileCopyPage - Writing C:\Users\Public\Dev\altair\texlive\dvips\config\psfonts_t1.map...
2015-11-21 23:03:42,881+0100 INFO  FileCopyPage - Writing C:\Users\Public\Dev\altair\texlive\dvips\config\psfonts_pk.map...
2015-11-21 23:03:42,886+0100 INFO  FileCopyPage - Writing C:\Users\Public\Dev\altair\texlive\pdftex\config\pdftex_ndl14.map...
2015-11-21 23:03:42,891+0100 INFO  FileCopyPage - Writing C:\Users\Public\Dev\altair\texlive\pdftex\config\pdftex_dl14.map...
2015-11-21 23:03:42,896+0100 INFO  FileCopyPage - Writing C:\Users\Public\Dev\altair\texlive\dvipdfm\config\dvipdfm_dl14.map...
2015-11-21 23:03:42,901+0100 INFO  FileCopyPage - Writing C:\Users\Public\Dev\altair\texlive\dvipdfm\config\dvipdfm_ndl14.map...
2015-11-21 23:03:42,901+0100 INFO  FileCopyPage - Copying C:\Users\Public\Dev\altair\texlive\dvips\config\psfonts_t1.map
2015-11-21 23:03:42,903+0100 INFO  FileCopyPage -      to C:\Users\Public\Dev\altair\texlive\dvips\config\psfonts.map...
2015-11-21 23:03:42,905+0100 INFO  FileCopyPage - Copying C:\Users\Public\Dev\altair\texlive\dvipdfm\config\dvipdfm_dl14.map
2015-11-21 23:03:42,906+0100 INFO  FileCopyPage -      to C:\Users\Public\Dev\altair\texlive\dvipdfm\config\dvipdfm.map...
2015-11-21 23:03:42,908+0100 INFO  FileCopyPage - Copying C:\Users\Public\Dev\altair\texlive\pdftex\config\pdftex_dl14.map
2015-11-21 23:03:43,223+0100 INFO  FileCopyPage -      to C:\Users\Public\Dev\altair\texlive\pdftex\config\pdftex.map...
2015-11-21 23:03:43,225+0100 INFO  FileCopyPage - Creating language.dat, language.dat.lua and language.def...
