

MiKTeX Setup 2.9.5721 Report

Date: Sunday, November 15, 2015
Time: 05:03:52
OS version: Windows 10 Pro, 64-bit, build 10240
SystemAdmin: yes
PowerUser: false
SharedSetup: yes
Setup path: C:\Users\Fab\Downloads\basic-miktex-2.9.5721-x64.exe
UserRoots: <none specified>
UserData: <none specified>
UserConfig: <none specified>
CommonRoots: <none specified>
CommonData: <none specified>
CommonConfig: <none specified>

Installation: C:\Users\Public\Dev\altair\texlive
initializing setup service...
starting installer...
Loading package database...
starting package maintenance...
installation directory: C:\Users\Public\Dev\altair\texlive
package repository: C:\Users\Fab\AppData\Local\Temp\mik21510
visiting repository C:\Users\Fab\AppData\Local\Temp\mik21510...
repository type: local package repository
loading lightweight database...
lightweight database digest: fd7a40a42ed2f1e70be3b6bdb1baccf2
going to install 9844 file(s) (163 package(s))
problem: C:\Users\Public\Dev\altair\texlive\miktex/bin/x64\MiKTeX209-core-PS.dll does not exist
problem: C:\Users\Public\Dev\altair\texlive\miktex/bin/x64\MiKTeX209-core.dll does not exist
problem: C:\Users\Public\Dev\altair\texlive\miktex/bin/x64\MiKTeX209-packagemanager-PS.dll does not exist
problem: C:\Users\Public\Dev\altair\texlive\miktex/bin/x64\MiKTeX209-packagemanager.dll does not exist
extracting files from ae.tar.lzma...
extracting files from amscls.tar.lzma...
extracting files from amsfonts.tar.lzma...
extracting files from amsmath.tar.lzma...
extracting files from avantgar.cab...
extracting files from babel.tar.lzma...
extracting files from bidi.tar.lzma...
extracting files from bookman.cab...
extracting files from carlisle.tar.lzma...
extracting files from cbcoptic.tar.lzma...
extracting files from cm.tar.lzma...
extracting files from courier.tar.lzma...
extracting files from dehyph-exptl.tar.lzma...
extracting files from ec.tar.lzma...
extracting files from elhyphen.tar.lzma...
extracting files from enctex.tar.lzma...
extracting files from euenc.tar.lzma...
extracting files from eurosym.tar.lzma...
extracting files from float.cab...
extracting files from fontspec.tar.lzma...
extracting files from geometry.tar.lzma...
extracting files from graphics.tar.lzma...
extracting files from helvetic.cab...
extracting files from hyperref.tar.lzma...
extracting files from hyph-utf8.tar.lzma...
extracting files from ifxetex.tar.lzma...
extracting files from jknappen.cab...
extracting files from latex-fonts.tar.lzma...
extracting files from latex2e-help-texinfo.tar.lzma...
extracting files from lm.tar.lzma...
extracting files from ltxbase.tar.lzma...
extracting files from ltxmisc.tar.lzma...
extracting files from lua-alt-getopt.tar.lzma...
extracting files from luainputenc.tar.lzma...
extracting files from lualibs.tar.lzma...
extracting files from luamplib.tar.lzma...
extracting files from luaotfload.tar.lzma...
extracting files from luatexbase.tar.lzma...
extracting files from luatextra.tar.lzma...
extracting files from mflogo.tar.lzma...
extracting files from miktex-arctrl-bin-x64-2.9.tar.lzma...
extracting files from miktex-biber-bin-x64.tar.lzma...
extracting files from miktex-bibtex-base.cab...
extracting files from miktex-bibtex-bin-x64-2.9.tar.lzma...
extracting files from miktex-bibtex8bit-base.cab...
extracting files from miktex-bibtex8bit-bin-x64-2.9.tar.lzma...
extracting files from miktex-bin-x64-2.9.tar.lzma...
extracting files from miktex-cairo-bin-x64-2.9.tar.lzma...
extracting files from miktex-cjkutils-bin-x64-2.9.tar.lzma...
extracting files from miktex-config-2.9.tar.lzma...
extracting files from miktex-cweb-base.tar.lzma...
extracting files from miktex-cweb-bin-x64-2.9.tar.lzma...
extracting files from miktex-devnag-bin-x64-2.9.tar.lzma...
extracting files from miktex-dict-english.tar.lzma...
extracting files from miktex-dict-french.tar.lzma...
extracting files from miktex-dict-german.tar.lzma...
extracting files from miktex-doc-2.9.tar.lzma...
extracting files from miktex-dvicopy-bin-x64-2.9.tar.lzma...
extracting files from miktex-dvipdfm-base-2.7.tar.lzma...
extracting files from miktex-dvipdfmx-base-2.7.tar.lzma...
extracting files from miktex-dvipdfmx-bin-x64-2.9.tar.lzma...
extracting files from miktex-dvipng-bin-x64-2.9.tar.lzma...
extracting files from miktex-dvips-base.tar.lzma...
extracting files from miktex-dvips-bin-x64-2.9.tar.lzma...
extracting files from miktex-dvips-doc.cab...
extracting files from miktex-etex-base-2.9.tar.lzma...
extracting files from miktex-findtexmf-bin-x64-2.9.tar.lzma...
extracting files from miktex-fontconfig-base.tar.lzma...
extracting files from miktex-fontconfig-bin-x64-2.9.tar.lzma...
extracting files from miktex-fontname-base.tar.lzma...
extracting files from miktex-fonts-bin-x64-2.9.tar.lzma...
extracting files from miktex-freetype-base.tar.lzma...
extracting files from miktex-freetype2-bin-x64-2.9.tar.lzma...
extracting files from miktex-ghostscript-base-2.9.tar.lzma...
extracting files from miktex-ghostscript-bin-x64.tar.lzma...
extracting files from miktex-graphics-bin-x64-2.9.tar.lzma...
extracting files from miktex-graphite2-bin-x64-2.9.tar.lzma...
extracting files from miktex-gsf2pk-base.cab...
extracting files from miktex-gsf2pk-bin-x64-2.9.tar.lzma...
extracting files from miktex-hunspell-bin-x64-2.9.tar.lzma...
extracting files from miktex-hyph-french.tar.bz2...
extracting files from miktex-hyph-german.tar.bz2...
extracting files from miktex-hyph-usenglish.cab...
extracting files from miktex-icu-bin-x64.tar.lzma...
extracting files from miktex-int-bin-x64-2.9.tar.lzma...
extracting files from miktex-kpathsea-bin-x64-2.9.tar.lzma...
extracting files from miktex-latex-config-2.9.tar.lzma...
extracting files from miktex-log4cxx-bin-x64-2.9.tar.lzma...
extracting files from miktex-lua52-bin-x64-2.9.tar.lzma...
extracting files from miktex-luatex-base.tar.lzma...
extracting files from miktex-luatex-bin-x64-2.9.tar.lzma...
extracting files from miktex-makeindex-base.cab...
extracting files from miktex-makeindex-bin-x64-2.9.tar.lzma...
extracting files from miktex-metafont-base.cab...
extracting files from miktex-metafont-bin-x64-2.9.tar.lzma...
extracting files from miktex-metafont-misc.tar.lzma...
extracting files from miktex-metapost-base-2.7.tar.lzma...
extracting files from miktex-metapost-bin-x64-2.9.tar.lzma...
extracting files from miktex-mft-base.cab...
extracting files from miktex-mfware-bin-x64-2.9.tar.lzma...
extracting files from miktex-misc.tar.lzma...
extracting files from miktex-mkfntmap-bin-x64-2.9.tar.lzma...
extracting files from miktex-mktex-bin-x64-2.9.tar.lzma...
extracting files from miktex-mo-bin-x64-2.9.tar.lzma...
extracting files from miktex-mpm-bin-x64-2.9.tar.lzma...
extracting files from miktex-mpmcli-bin-x64-2.9.tar.lzma...
extracting files from miktex-mthelp-bin-x64-2.9.tar.lzma...
extracting files from miktex-mtprint-bin-x64-2.9.tar.lzma...
extracting files from miktex-omega-bin-x64-2.9.tar.lzma...
extracting files from miktex-pdftex-base-2.9.tar.lzma...
extracting files from miktex-pdftex-bin-x64-2.9.tar.lzma...
extracting files from miktex-pdftex-doc-2.6.tar.bz2...
extracting files from miktex-poppler-base.tar.lzma...
extracting files from miktex-poppler-bin-x64-2.9.tar.lzma...
extracting files from miktex-ps2pk-bin-x64-2.9.tar.lzma...
extracting files from miktex-psutils-base.cab...
extracting files from miktex-psutils-bin-x64-2.9.tar.lzma...
extracting files from miktex-qt5-bin-x64.tar.lzma...
extracting files from miktex-runtime-bin-x64-2.9.tar.lzma...
extracting files from miktex-teckit-bin-x64-2.9.tar.lzma...
extracting files from miktex-tex-base.tar.lzma...
extracting files from miktex-tex-bin-x64-2.9.tar.lzma...
extracting files from miktex-tex-misc.tar.lzma...
extracting files from miktex-tex2xindy-bin-x64-2.9.tar.lzma...
extracting files from miktex-tex4ht-bin-x64-2.9.tar.lzma...
extracting files from miktex-texify-bin-x64-2.9.tar.lzma...
extracting files from miktex-texinfo-base.tar.lzma...
extracting files from miktex-texware-bin-x64-2.9.tar.lzma...
extracting files from miktex-texworks-bin-x64-2.9.tar.lzma...
extracting files from miktex-texworks-doc-2.9.tar.lzma...
extracting files from miktex-vc120-bin-x64.tar.lzma...
extracting files from miktex-web-bin-x64-2.9.tar.lzma...
extracting files from miktex-xdvipdfmx-bin-x64-2.9.tar.lzma...
extracting files from miktex-xetex-base.tar.lzma...
extracting files from miktex-xetex-bin-x64-2.9.tar.lzma...
extracting files from miktex-xindy-base.tar.lzma...
extracting files from miktex-xindy-bin-x64.tar.lzma...
extracting files from miktex-yap-bin-x64-2.9.tar.lzma...
extracting files from miktex-zip-bin-x64.tar.lzma...
extracting files from multirow.cab...
extracting files from ncntrsbk.cab...
extracting files from oberdiek.tar.lzma...
extracting files from palatino.cab...
extracting files from pdftex-def.tar.lzma...
extracting files from pslatex.cab...
extracting files from psnfss.cab...
extracting files from pstricks.tar.lzma...
extracting files from rsfs.tar.lzma...
extracting files from ruhyphen.cab...
extracting files from tds.cab...
extracting files from thumbpdf.tar.lzma...
extracting files from times.cab...
extracting files from tools.tar.lzma...
extracting files from ukrhyph.cab...
extracting files from utopia.cab...
extracting files from xetexref.tar.lzma...
extracting files from xgreek.tar.lzma...
extracting files from xkeyval.tar.lzma...
extracting files from xltxtra.tar.lzma...
extracting files from xunicode.tar.lzma...
extracting files from xypic.tar.lzma...
extracting files from zapfchan.cab...
extracting files from zapfding.cab...
updating package definition directory (C:\Users\Public\Dev\altair\texlive\tpm\packages)...
installed 2906 package definition files
visiting repository C:\Users\Fab\AppData\Local\Temp\mik21510...
repository type: local package repository
loading lightweight database...
C:\Users\Public\Dev\altair\texlive\miktex/bin/x64\initexmf.exe --common-install=C:\Users\Public\Dev\altair\texlive --rmfndb --admin --log-file=C:\Users\Public\Dev\altair\texlive\miktex\config\uninst.log --verbose:
Registering root directories...
log4cxx: No appender could be found for logger (initexmf).
log4cxx: Please initialize the log4cxx system properly.
C:\Users\Public\Dev\altair\texlive\miktex/bin/x64\mpm.exe --register-components --admin --verbose:
configuring fontconfig\config\fonts.conf
registering C:\Users\Public\Dev\altair\texlive\miktex/bin/x64\MiKTeX209-core.dll
registering C:\Users\Public\Dev\altair\texlive\miktex/bin/x64\MiKTeX209-core-PS.dll
registering C:\Users\Public\Dev\altair\texlive\miktex/bin/x64\MiKTeX209-packagemanager.dll
registering C:\Users\Public\Dev\altair\texlive\miktex/bin/x64\MiKTeX209-packagemanager-PS.dll
C:\Users\Public\Dev\altair\texlive\miktex/bin/x64\initexmf.exe --update-fndb --admin --log-file=C:\Users\Public\Dev\altair\texlive\miktex\config\uninst.log --verbose:
Skipping user root directory (C:\Users\Fab\AppData\Roaming\MiKTeX\2.9)...
Skipping user root directory (C:\Users\Fab\AppData\Local\MiKTeX\2.9)...
Creating fndb for common root directory (C:\ProgramData\MiKTeX\2.9)...
Creating fndb for common root directory (C:\Users\Public\Dev\altair\texlive)...
C:\Users\Public\Dev\altair\texlive\miktex/bin/x64\initexmf.exe --force --mklinks --admin --log-file=C:\Users\Public\Dev\altair\texlive\miktex\config\uninst.log --verbose:
Making format links...
Making script links...
  C:\Users\Public\Dev\altair\texlive\miktex/bin/x64\miktex-taskbar-icon.exe
  C:\Users\Public\Dev\altair\texlive\miktex/bin/x64\miktex-update.exe
C:\Users\Public\Dev\altair\texlive\miktex/bin/x64\initexmf.exe --mkmaps --mklangs --admin --log-file=C:\Users\Public\Dev\altair\texlive\miktex\config\uninst.log --verbose:
Entering administrative mode...
Parsing config file C:\Users\Public\Dev\altair\texlive\miktex\config\updmap.cfg...
Parsing C:\Users\Public\Dev\altair\texlive\fonts\map\dvips\tetex\dvips35.map...
Parsing C:\Users\Public\Dev\altair\texlive\fonts\map\dvips\tetex\pdftex35.map...
Parsing C:\Users\Public\Dev\altair\texlive\fonts\map\dvips\tetex\dvipdfm35.map...
Parsing C:\Users\Public\Dev\altair\texlive\fonts\map\dvips\tetex\ps2pk35.map...
Parsing C:\Users\Public\Dev\altair\texlive\fonts\map\dvips\amsfonts\cm.map...
Parsing C:\Users\Public\Dev\altair\texlive\fonts\map\dvips\amsfonts\cmextra.map...
Parsing C:\Users\Public\Dev\altair\texlive\fonts\map\dvips\amsfonts\cyrillic.map...
Parsing C:\Users\Public\Dev\altair\texlive\fonts\map\dvips\amsfonts\euler.map...
Parsing C:\Users\Public\Dev\altair\texlive\dvips\eurosym\eurosym.map...
Parsing C:\Users\Public\Dev\altair\texlive\fonts\map\dvips\amsfonts\latxfont.map...
Parsing C:\Users\Public\Dev\altair\texlive\fonts\map\dvips\rsfs\rsfs.map...
Parsing C:\Users\Public\Dev\altair\texlive\fonts\map\dvips\amsfonts\symbols.map...
Parsing C:\Users\Public\Dev\altair\texlive\fonts\map\dvips\xypic\xypic.map...
Parsing C:\Users\Public\Dev\altair\texlive\fonts\map\dvips\psnfss\charter.map...
Parsing C:\Users\Public\Dev\altair\texlive\fonts\map\dvips\psnfss\fpls.map...
Parsing C:\Users\Public\Dev\altair\texlive\fonts\map\dvips\lm\lm.map...
Parsing C:\Users\Public\Dev\altair\texlive\fonts\map\dvips\obsolete\mathpi.map...
Parsing C:\Users\Public\Dev\altair\texlive\fonts\map\dvips\obsolete\mathpple-ext.map...
Parsing C:\Users\Public\Dev\altair\texlive\fonts\map\dvips\psnfss\pazo.map...
Parsing C:\Users\Public\Dev\altair\texlive\dvips\pslatex\pcrr8rn.map...
Parsing C:\Users\Public\Dev\altair\texlive\fonts\map\dvips\psnfss\psnfss.map...
Parsing C:\Users\Public\Dev\altair\texlive\fonts\map\dvips\avantgar\uag.map...
Parsing C:\Users\Public\Dev\altair\texlive\fonts\map\dvips\bookman\ubk.map...
Parsing C:\Users\Public\Dev\altair\texlive\fonts\map\dvips\courier\ucr.map...
Parsing C:\Users\Public\Dev\altair\texlive\fonts\map\dvips\helvetic\uhv.map...
Parsing C:\Users\Public\Dev\altair\texlive\fonts\map\dvips\ncntrsbk\unc.map...
Parsing C:\Users\Public\Dev\altair\texlive\fonts\map\dvips\palatino\upl.map...
Parsing C:\Users\Public\Dev\altair\texlive\fonts\map\dvips\times\utm.map...
Parsing C:\Users\Public\Dev\altair\texlive\fonts\map\dvips\psnfss\utopia.map...
Parsing C:\Users\Public\Dev\altair\texlive\fonts\map\dvips\zapfchan\uzc.map...
Parsing C:\Users\Public\Dev\altair\texlive\fonts\map\dvips\zapfding\uzd.map...
Writing C:\Users\Fab\AppData\Local\MiKTeX\2.9\dvips\config\ps2pk.map...
Writing C:\Users\Fab\AppData\Local\MiKTeX\2.9\dvips\config\download35.map...
Writing C:\Users\Fab\AppData\Local\MiKTeX\2.9\dvips\config\builtin35.map...
Writing C:\Users\Fab\AppData\Local\MiKTeX\2.9\dvips\config\psfonts_t1.map...
Writing C:\Users\Fab\AppData\Local\MiKTeX\2.9\dvips\config\psfonts_pk.map...
Writing C:\Users\Fab\AppData\Local\MiKTeX\2.9\pdftex\config\pdftex_ndl14.map...
Writing C:\Users\Fab\AppData\Local\MiKTeX\2.9\pdftex\config\pdftex_dl14.map...
Writing C:\Users\Fab\AppData\Local\MiKTeX\2.9\dvipdfm\config\dvipdfm_dl14.map...
Writing C:\Users\Fab\AppData\Local\MiKTeX\2.9\dvipdfm\config\dvipdfm_ndl14.map...
Copying C:\Users\Fab\AppData\Local\MiKTeX\2.9\dvips\config\psfonts_t1.map
     to C:\Users\Fab\AppData\Local\MiKTeX\2.9\dvips\config\psfonts.map...
Copying C:\Users\Fab\AppData\Local\MiKTeX\2.9\dvipdfm\config\dvipdfm_dl14.map
     to C:\Users\Fab\AppData\Local\MiKTeX\2.9\dvipdfm\config\dvipdfm.map...
Copying C:\Users\Fab\AppData\Local\MiKTeX\2.9\pdftex\config\pdftex_dl14.map
     to C:\Users\Fab\AppData\Local\MiKTeX\2.9\pdftex\config\pdftex.map...
log4cxx: No appender could be found for logger (mkfntmap).
log4cxx: Please initialize the log4cxx system properly.
Creating language.dat, language.dat.lua and language.def...
C:\Users\Public\Dev\altair\texlive\miktex/bin/x64\initexmf.exe --default-paper-size=A4size --admin --log-file=C:\Users\Public\Dev\altair\texlive\miktex\config\uninst.log --verbose:
C:\Users\Public\Dev\altair\texlive\miktex/bin/x64\initexmf.exe --set-config-value=[MPM]AutoInstall=2 --admin --log-file=C:\Users\Public\Dev\altair\texlive\miktex\config\uninst.log --verbose:
C:\Users\Public\Dev\altair\texlive\miktex/bin/x64\initexmf.exe --update-fndb --admin --log-file=C:\Users\Public\Dev\altair\texlive\miktex\config\uninst.log --verbose:
Skipping user root directory (C:\Users\Fab\AppData\Roaming\MiKTeX\2.9)...
Skipping user root directory (C:\Users\Fab\AppData\Local\MiKTeX\2.9)...
Creating fndb for common root directory (C:\ProgramData\MiKTeX\2.9)...
Creating fndb for common root directory (C:\Users\Public\Dev\altair\texlive)...
C:\Users\Public\Dev\altair\texlive\miktex/bin/x64\initexmf.exe --register-shell-file-types --admin --log-file=C:\Users\Public\Dev\altair\texlive\miktex\config\uninst.log --verbose:
C:\Users\Public\Dev\altair\texlive\miktex/bin/x64\initexmf.exe --modify-path --admin --log-file=C:\Users\Public\Dev\altair\texlive\miktex\config\uninst.log --verbose:
C:\Users\Public\Dev\altair\texlive\miktex/bin/x64\initexmf.exe --report --admin --log-file=C:\Users\Public\Dev\altair\texlive\miktex\config\uninst.log --verbose:
MiKTeX: 2.9
Invokers: .../explorer/chrome/basic-miktex-2.9.5721-x64
SystemAdmin: yes
PowerUser: no
OS: Windows 10 Pro, 64-bit, build 10240
Root 0: C:\Users\Fab\AppData\Roaming\MiKTeX\2.9
Root 1: C:\Users\Fab\AppData\Local\MiKTeX\2.9
Root 2: C:\ProgramData\MiKTeX\2.9
Root 3: C:\Users\Public\Dev\altair\texlive
UserInstall: C:\Users\Fab\AppData\Roaming\MiKTeX\2.9
UserData: C:\Users\Fab\AppData\Local\MiKTeX\2.9
UserConfig: C:\Users\Fab\AppData\Roaming\MiKTeX\2.9
CommonInstall: C:\Users\Public\Dev\altair\texlive
CommonData: C:\ProgramData\MiKTeX\2.9
CommonConfig: C:\ProgramData\MiKTeX\2.9
creating shell link "C:\ProgramData\Microsoft\Windows\Start Menu\Programs\MiKTeX 2.9\TeXworks.lnk"...
creating shell link "C:\ProgramData\Microsoft\Windows\Start Menu\Programs\MiKTeX 2.9\DVI Previewer (Yap).lnk"...
creating shell link "C:\ProgramData\Microsoft\Windows\Start Menu\Programs\MiKTeX 2.9\Maintenance\MiKTeX Settings.lnk"...
creating shell link "C:\ProgramData\Microsoft\Windows\Start Menu\Programs\MiKTeX 2.9\Maintenance\MiKTeX Update.lnk"...
creating shell link "C:\ProgramData\Microsoft\Windows\Start Menu\Programs\MiKTeX 2.9\Maintenance\MiKTeX Package Manager.lnk"...
creating shell link "C:\ProgramData\Microsoft\Windows\Start Menu\Programs\MiKTeX 2.9\Maintenance (Admin)\MiKTeX Settings (Admin).lnk"...
creating shell link "C:\ProgramData\Microsoft\Windows\Start Menu\Programs\MiKTeX 2.9\Maintenance (Admin)\MiKTeX Update (Admin).lnk"...
creating shell link "C:\ProgramData\Microsoft\Windows\Start Menu\Programs\MiKTeX 2.9\Maintenance (Admin)\MiKTeX Package Manager (Admin).lnk"...
creating shell link "C:\ProgramData\Microsoft\Windows\Start Menu\Programs\MiKTeX 2.9\Help\MiKTeX Manual.lnk"...
creating shell link "C:\ProgramData\Microsoft\Windows\Start Menu\Programs\MiKTeX 2.9\Help\MiKTeX FAQ.lnk"...
creating internet shortcut "C:\ProgramData\Microsoft\Windows\Start Menu\Programs\MiKTeX 2.9\MiKTeX on the Web\MiKTeX Project Page.url"...
creating internet shortcut "C:\ProgramData\Microsoft\Windows\Start Menu\Programs\MiKTeX 2.9\MiKTeX on the Web\MiKTeX Support.url"...
creating internet shortcut "C:\ProgramData\Microsoft\Windows\Start Menu\Programs\MiKTeX 2.9\MiKTeX on the Web\Give back.url"...
creating internet shortcut "C:\ProgramData\Microsoft\Windows\Start Menu\Programs\MiKTeX 2.9\MiKTeX on the Web\Known Issues.url"...
