

MiKTeX Setup 2.9.5700 Report

Date: Saturday, August 29, 2015
Time: 15:56:05
OS version: Windows Server 2008 R2 Server Datacenter (full installation), 64-bit, Service Pack 1, build 7601
SystemAdmin: yes
PowerUser: false
SharedSetup: yes
Setup path: C:\Jenkins\jobs\miktex-repository\workspace\basic-setup\basic-miktex-2.9.5719.exe
UserRoots: <none specified>
UserData: <none specified>
UserConfig: <none specified>
CommonRoots: <none specified>
CommonData: <none specified>
CommonConfig: <none specified>

Installation: C:\MiKTeXp
initializing setup service...
starting installer...
Loading package database...
starting package maintenance...
installation directory: C:\MiKTeXp
package repository: C:\Users\mik\AppData\Local\Temp\mik17022
visiting repository C:\Users\mik\AppData\Local\Temp\mik17022...
repository type: local package repository
loading lightweight database...
lightweight database digest: 2a55def48ddd605f3ac84361a931f865
going to install 9849 file(s) (165 package(s))
problem: C:\MiKTeXp\miktex/bin\MiKTeX209-core-PS.dll does not exist
problem: C:\MiKTeXp\miktex/bin\MiKTeX209-core.dll does not exist
problem: C:\MiKTeXp\miktex/bin\MiKTeX209-packagemanager-PS.dll does not exist
problem: C:\MiKTeXp\miktex/bin\MiKTeX209-packagemanager.dll does not exist
extracting files from ae.tar.lzma...
extracting files from amscls.tar.lzma...
extracting files from amsfonts.tar.lzma...
extracting files from amsmath.tar.lzma...
extracting files from avantgar.cab...
extracting files from babel.tar.lzma...
extracting files from bidi.tar.lzma...
extracting files from bookman.cab...
extracting files from carlisle.tar.lzma...
extracting files from cbcoptic.tar.lzma...
extracting files from cm.tar.lzma...
extracting files from courier.tar.lzma...
extracting files from dehyph-exptl.tar.lzma...
extracting files from ec.tar.lzma...
extracting files from elhyphen.tar.lzma...
extracting files from enctex.tar.lzma...
extracting files from euenc.tar.lzma...
extracting files from eurosym.tar.lzma...
extracting files from float.cab...
extracting files from fontspec.tar.lzma...
extracting files from geometry.tar.lzma...
extracting files from graphics.tar.lzma...
extracting files from helvetic.cab...
extracting files from hyperref.tar.lzma...
extracting files from hyph-utf8.tar.lzma...
extracting files from ifxetex.tar.lzma...
extracting files from jknappen.cab...
extracting files from latex-fonts.tar.lzma...
extracting files from latex2e-help-texinfo.tar.lzma...
extracting files from lm.tar.lzma...
extracting files from ltxbase.tar.lzma...
extracting files from ltxmisc.tar.lzma...
extracting files from lua-alt-getopt.tar.lzma...
extracting files from luainputenc.tar.lzma...
extracting files from lualibs.tar.lzma...
extracting files from luamplib.tar.lzma...
extracting files from luaotfload.tar.lzma...
extracting files from luatexbase.tar.lzma...
extracting files from luatextra.tar.lzma...
extracting files from mflogo.tar.lzma...
extracting files from miktex-arctrl-bin-2.9.tar.lzma...
extracting files from miktex-biber-bin.tar.lzma...
extracting files from miktex-bibtex-base.cab...
extracting files from miktex-bibtex-bin-2.9.tar.lzma...
extracting files from miktex-bibtex8bit-base.cab...
extracting files from miktex-bibtex8bit-bin-2.9.tar.lzma...
extracting files from miktex-bin-2.9.tar.lzma...
extracting files from miktex-cairo-bin-2.9.tar.lzma...
extracting files from miktex-cjkutils-bin-2.9.tar.lzma...
extracting files from miktex-config-2.9.tar.lzma...
extracting files from miktex-cweb-base.tar.lzma...
extracting files from miktex-cweb-bin-2.9.tar.lzma...
extracting files from miktex-devnag-bin-2.9.tar.lzma...
extracting files from miktex-dict-english.tar.lzma...
extracting files from miktex-dict-french.tar.lzma...
extracting files from miktex-dict-german.tar.lzma...
extracting files from miktex-doc-2.9.tar.lzma...
extracting files from miktex-dvicopy-bin-2.9.tar.lzma...
extracting files from miktex-dvipdfm-base-2.7.tar.lzma...
extracting files from miktex-dvipdfmx-base-2.7.tar.lzma...
extracting files from miktex-dvipdfmx-bin-2.9.tar.lzma...
extracting files from miktex-dvipng-bin-2.9.tar.lzma...
extracting files from miktex-dvips-base.tar.lzma...
extracting files from miktex-dvips-bin-2.9.tar.lzma...
extracting files from miktex-dvips-doc.cab...
extracting files from miktex-etex-base-2.9.tar.lzma...
extracting files from miktex-findtexmf-bin-2.9.tar.lzma...
extracting files from miktex-fontconfig-base.tar.lzma...
extracting files from miktex-fontconfig-bin-2.9.tar.lzma...
extracting files from miktex-fontname-base.tar.lzma...
extracting files from miktex-fonts-bin-2.9.tar.lzma...
extracting files from miktex-freetype-base.tar.lzma...
extracting files from miktex-freetype2-bin-2.9.tar.lzma...
extracting files from miktex-ghostscript-base-2.9.tar.lzma...
extracting files from miktex-ghostscript-bin-2.9.tar.lzma...
extracting files from miktex-graphics-bin-2.9.tar.lzma...
extracting files from miktex-graphite2-bin-2.9.tar.lzma...
extracting files from miktex-gsf2pk-base.cab...
extracting files from miktex-gsf2pk-bin-2.9.tar.lzma...
extracting files from miktex-hunspell-bin-2.9.tar.lzma...
extracting files from miktex-hyph-french.tar.bz2...
extracting files from miktex-hyph-german.tar.bz2...
extracting files from miktex-hyph-usenglish.cab...
extracting files from miktex-icu-bin-2.9.tar.lzma...
extracting files from miktex-int-bin-2.9.tar.lzma...
extracting files from miktex-kpathsea-bin-2.9.tar.lzma...
extracting files from miktex-latex-config-2.9.tar.lzma...
extracting files from miktex-log4cxx-bin-2.9.tar.lzma...
extracting files from miktex-lua52-bin-2.9.tar.lzma...
extracting files from miktex-luatex-base.tar.lzma...
extracting files from miktex-luatex-bin-2.9.tar.lzma...
extracting files from miktex-makeindex-base.cab...
extracting files from miktex-makeindex-bin-2.9.tar.lzma...
extracting files from miktex-metafont-base.cab...
extracting files from miktex-metafont-bin-2.9.tar.lzma...
extracting files from miktex-metafont-misc.tar.lzma...
extracting files from miktex-metapost-base-2.7.tar.lzma...
extracting files from miktex-metapost-bin-2.9.tar.lzma...
extracting files from miktex-mft-base.cab...
extracting files from miktex-mfware-bin-2.9.tar.lzma...
extracting files from miktex-misc.tar.lzma...
extracting files from miktex-mkfntmap-bin-2.9.tar.lzma...
extracting files from miktex-mktex-bin-2.9.tar.lzma...
extracting files from miktex-mo-bin-2.9.tar.lzma...
extracting files from miktex-mpm-bin-2.9.tar.lzma...
extracting files from miktex-mpmcli-bin-2.9.tar.lzma...
extracting files from miktex-mthelp-bin-2.9.tar.lzma...
extracting files from miktex-mtprint-bin-2.9.tar.lzma...
extracting files from miktex-mtx-bin.tar.lzma...
extracting files from miktex-omega-bin-2.9.tar.lzma...
extracting files from miktex-pdftex-base-2.9.tar.lzma...
extracting files from miktex-pdftex-bin-2.9.tar.lzma...
extracting files from miktex-pdftex-doc-2.6.tar.bz2...
extracting files from miktex-pmx-bin.tar.lzma...
extracting files from miktex-poppler-base.tar.lzma...
extracting files from miktex-poppler-bin-2.9.tar.lzma...
extracting files from miktex-ps2pk-bin-2.9.tar.lzma...
extracting files from miktex-psutils-base.cab...
extracting files from miktex-psutils-bin-2.9.tar.lzma...
extracting files from miktex-qt5-bin.tar.lzma...
extracting files from miktex-runtime-bin-2.9.tar.lzma...
extracting files from miktex-teckit-bin-2.9.tar.lzma...
extracting files from miktex-tex-base.tar.lzma...
extracting files from miktex-tex-bin-2.9.tar.lzma...
extracting files from miktex-tex-misc.tar.lzma...
extracting files from miktex-tex2xindy-bin-2.9.tar.lzma...
extracting files from miktex-tex4ht-bin-2.9.tar.lzma...
extracting files from miktex-texify-bin-2.9.tar.lzma...
extracting files from miktex-texinfo-base.tar.lzma...
extracting files from miktex-texware-bin-2.9.tar.lzma...
extracting files from miktex-texworks-bin-2.9.tar.lzma...
extracting files from miktex-texworks-doc-2.9.tar.lzma...
extracting files from miktex-vc120-bin.tar.lzma...
extracting files from miktex-web-bin-2.9.tar.lzma...
extracting files from miktex-xdvipdfmx-bin-2.9.tar.lzma...
extracting files from miktex-xetex-base.tar.lzma...
extracting files from miktex-xetex-bin-2.9.tar.lzma...
extracting files from miktex-xindy-base.tar.lzma...
extracting files from miktex-xindy-bin.tar.lzma...
extracting files from miktex-yap-bin-2.9.tar.lzma...
extracting files from miktex-zip-bin.tar.lzma...
extracting files from multirow.cab...
extracting files from ncntrsbk.cab...
extracting files from oberdiek.tar.lzma...
extracting files from palatino.cab...
extracting files from pdftex-def.tar.lzma...
extracting files from pslatex.cab...
extracting files from psnfss.cab...
extracting files from pstricks.tar.lzma...
extracting files from rsfs.tar.lzma...
extracting files from ruhyphen.cab...
extracting files from tds.cab...
extracting files from thumbpdf.tar.lzma...
extracting files from times.cab...
extracting files from tools.tar.lzma...
extracting files from ukrhyph.cab...
extracting files from utopia.cab...
extracting files from xetexref.tar.lzma...
extracting files from xgreek.tar.lzma...
extracting files from xkeyval.tar.lzma...
extracting files from xltxtra.tar.lzma...
extracting files from xunicode.tar.lzma...
extracting files from xypic.tar.lzma...
extracting files from zapfchan.cab...
extracting files from zapfding.cab...
updating package definition directory (C:\MiKTeXp\tpm\packages)...
installed 2904 package definition files
visiting repository C:\Users\mik\AppData\Local\Temp\mik17022...
repository type: local package repository
loading lightweight database...
C:\MiKTeXp\miktex/bin\initexmf.exe --portable=C:\MiKTeXp --rmfndb --admin --log-file=C:\MiKTeXp\miktex\config\uninst.log --verbose:
C:\MiKTeXp\miktex/bin\mpm.exe --register-components --admin --verbose:
configuring fontconfig\config\fonts.conf
C:\MiKTeXp\miktex/bin\initexmf.exe --update-fndb --admin --log-file=C:\MiKTeXp\miktex\config\uninst.log --verbose:
Creating fndb for common root directory (C:\MiKTeXp)...
C:\MiKTeXp\miktex/bin\initexmf.exe --force --mklinks --admin --log-file=C:\MiKTeXp\miktex\config\uninst.log --verbose:
Making format links...
Making script links...
  C:\MiKTeXp\miktex/bin\miktex-taskbar-icon.exe
  C:\MiKTeXp\miktex/bin\miktex-update.exe
C:\MiKTeXp\miktex/bin\initexmf.exe --mkmaps --mklangs --admin --log-file=C:\MiKTeXp\miktex\config\uninst.log --verbose:
Entering administrative mode...
Parsing config file C:\MiKTeXp\miktex\config\updmap.cfg...
Parsing C:\MiKTeXp\fonts\map\dvips\tetex\dvips35.map...
Parsing C:\MiKTeXp\fonts\map\dvips\tetex\pdftex35.map...
Parsing C:\MiKTeXp\fonts\map\dvips\tetex\dvipdfm35.map...
Parsing C:\MiKTeXp\fonts\map\dvips\tetex\ps2pk35.map...
Parsing C:\MiKTeXp\fonts\map\dvips\amsfonts\cm.map...
Parsing C:\MiKTeXp\fonts\map\dvips\amsfonts\cmextra.map...
Parsing C:\MiKTeXp\fonts\map\dvips\amsfonts\cyrillic.map...
Parsing C:\MiKTeXp\fonts\map\dvips\amsfonts\euler.map...
Parsing C:\MiKTeXp\dvips\eurosym\eurosym.map...
Parsing C:\MiKTeXp\fonts\map\dvips\amsfonts\latxfont.map...
Parsing C:\MiKTeXp\fonts\map\dvips\rsfs\rsfs.map...
Parsing C:\MiKTeXp\fonts\map\dvips\amsfonts\symbols.map...
Parsing C:\MiKTeXp\fonts\map\dvips\xypic\xypic.map...
Parsing C:\MiKTeXp\fonts\map\dvips\psnfss\charter.map...
Parsing C:\MiKTeXp\fonts\map\dvips\psnfss\fpls.map...
Parsing C:\MiKTeXp\fonts\map\dvips\lm\lm.map...
Parsing C:\MiKTeXp\fonts\map\dvips\obsolete\mathpi.map...
Parsing C:\MiKTeXp\fonts\map\dvips\obsolete\mathpple-ext.map...
Parsing C:\MiKTeXp\fonts\map\dvips\psnfss\pazo.map...
Parsing C:\MiKTeXp\dvips\pslatex\pcrr8rn.map...
Parsing C:\MiKTeXp\fonts\map\dvips\psnfss\psnfss.map...
Parsing C:\MiKTeXp\fonts\map\dvips\avantgar\uag.map...
Parsing C:\MiKTeXp\fonts\map\dvips\bookman\ubk.map...
Parsing C:\MiKTeXp\fonts\map\dvips\courier\ucr.map...
Parsing C:\MiKTeXp\fonts\map\dvips\helvetic\uhv.map...
Parsing C:\MiKTeXp\fonts\map\dvips\ncntrsbk\unc.map...
Parsing C:\MiKTeXp\fonts\map\dvips\palatino\upl.map...
Parsing C:\MiKTeXp\fonts\map\dvips\times\utm.map...
Parsing C:\MiKTeXp\fonts\map\dvips\psnfss\utopia.map...
Parsing C:\MiKTeXp\fonts\map\dvips\zapfchan\uzc.map...
Parsing C:\MiKTeXp\fonts\map\dvips\zapfding\uzd.map...
Writing C:\MiKTeXp\dvips\config\ps2pk.map...
Writing C:\MiKTeXp\dvips\config\download35.map...
Writing C:\MiKTeXp\dvips\config\builtin35.map...
Writing C:\MiKTeXp\dvips\config\psfonts_t1.map...
Writing C:\MiKTeXp\dvips\config\psfonts_pk.map...
Writing C:\MiKTeXp\pdftex\config\pdftex_ndl14.map...
Writing C:\MiKTeXp\pdftex\config\pdftex_dl14.map...
Writing C:\MiKTeXp\dvipdfm\config\dvipdfm_dl14.map...
Writing C:\MiKTeXp\dvipdfm\config\dvipdfm_ndl14.map...
Copying C:\MiKTeXp\dvips\config\psfonts_t1.map
     to C:\MiKTeXp\dvips\config\psfonts.map...
Copying C:\MiKTeXp\dvipdfm\config\dvipdfm_dl14.map
     to C:\MiKTeXp\dvipdfm\config\dvipdfm.map...
Copying C:\MiKTeXp\pdftex\config\pdftex_dl14.map
     to C:\MiKTeXp\pdftex\config\pdftex.map...
log4cxx: No appender could be found for logger (mkfntmap).
log4cxx: Please initialize the log4cxx system properly.
Creating language.dat, language.dat.lua and language.def...
C:\MiKTeXp\miktex/bin\initexmf.exe --default-paper-size=A4size --admin --log-file=C:\MiKTeXp\miktex\config\uninst.log --verbose:
C:\MiKTeXp\miktex/bin\initexmf.exe --set-config-value=[MPM]AutoInstall=2 --admin --log-file=C:\MiKTeXp\miktex\config\uninst.log --verbose:
C:\MiKTeXp\miktex/bin\initexmf.exe --update-fndb --admin --log-file=C:\MiKTeXp\miktex\config\uninst.log --verbose:
Creating fndb for common root directory (C:\MiKTeXp)...
C:\MiKTeXp\miktex/bin\initexmf.exe --report --admin --log-file=C:\MiKTeXp\miktex\config\uninst.log --verbose:
MiKTeX: 2.9
Invokers: explorer/cmd/basic-miktex-2.9.5719
SystemAdmin: yes
PowerUser: no
OS: Windows Server 2008 R2 Server Datacenter (full installation), 64-bit, Service Pack 1, build 7601
Root 0: C:\MiKTeXp
UserInstall: C:\MiKTeXp
UserData: C:\MiKTeXp
UserConfig: C:\MiKTeXp
CommonInstall: C:\MiKTeXp
CommonData: C:\MiKTeXp
CommonConfig: C:\MiKTeXp
