[files]
C:\MiKTeXp\miktex/bin\amstex.exe
C:\MiKTeXp\miktex/bin\pdfcsplain.exe
C:\MiKTeXp\miktex/bin\bagpipex.exe
C:\MiKTeXp\miktex/bin\bagpipe.exe
C:\MiKTeXp\miktex/bin\csplain.exe
C:\MiKTeXp\miktex/bin\pdfcslatex.exe
C:\MiKTeXp\miktex/bin\bplain.exe
C:\MiKTeXp\miktex/bin\pdfmex.exe
C:\MiKTeXp\miktex/bin\cslatex.exe
C:\MiKTeXp\miktex/bin\dvilualatex.exe
C:\MiKTeXp\miktex/bin\etex.exe
C:\MiKTeXp\miktex/bin\dviluatex.exe
C:\MiKTeXp\miktex/bin\jadetex.exe
C:\MiKTeXp\miktex/bin\lambda.exe
C:\MiKTeXp\miktex/bin\latex.exe
C:\MiKTeXp\miktex/bin\lualatex.exe
C:\MiKTeXp\miktex/bin\dvilollipop.exe
C:\MiKTeXp\miktex/bin\xmltex.exe
C:\MiKTeXp\miktex/bin\mex.exe
C:\MiKTeXp\miktex/bin\mllatex.exe
C:\MiKTeXp\miktex/bin\mltex.exe
C:\MiKTeXp\miktex/bin\dvilualollipop.exe
C:\MiKTeXp\miktex/bin\pdflatex.exe
C:\MiKTeXp\miktex/bin\pdfetex.exe
C:\MiKTeXp\miktex/bin\pdfjadetex.exe
C:\MiKTeXp\miktex/bin\pdfxmltex.exe
C:\MiKTeXp\miktex/bin\xelatex.exe
C:\MiKTeXp\miktex/bin\lollipop.exe
C:\MiKTeXp\miktex/bin\lualollipop.exe
C:\MiKTeXp\miktex/bin\utf8mex.exe
C:\MiKTeXp\miktex/bin\xindy.exe
C:\MiKTeXp\miktex/bin\mathspic.exe
C:\MiKTeXp\miktex/bin\texindy.exe
C:\MiKTeXp\miktex/bin\arlatex.exe
C:\MiKTeXp\miktex/bin\ltximg.exe
C:\MiKTeXp\miktex/bin\extractres.exe
C:\MiKTeXp\miktex/bin\psjoin.exe
C:\MiKTeXp\miktex/bin\creatdtx.exe
C:\MiKTeXp\miktex/bin\makedtx.exe
C:\MiKTeXp\miktex/bin\mptopdf.exe
C:\MiKTeXp\miktex/bin\xelatexdef.exe
C:\MiKTeXp\miktex/bin\findhyph.exe
C:\MiKTeXp\miktex/bin\bibhtml.exe
C:\MiKTeXp\miktex/bin\bibzbladd.exe
C:\MiKTeXp\miktex/bin\latexdiff-fast.exe
C:\MiKTeXp\miktex/bin\latexmk.exe
C:\MiKTeXp\miktex/bin\pkfix.exe
C:\MiKTeXp\miktex/bin\ltx2crossrefxml.exe
C:\MiKTeXp\miktex/bin\bibdoiadd.exe
C:\MiKTeXp\miktex/bin\utf8-to-dad.exe
C:\MiKTeXp\miktex/bin\dad-to-utf8.exe
C:\MiKTeXp\miktex/bin\csvtools.exe
C:\MiKTeXp\miktex/bin\biokey2html3.exe
C:\MiKTeXp\miktex/bin\bundledoc.exe
C:\MiKTeXp\miktex/bin\latexindent.exe
C:\MiKTeXp\miktex/bin\mf2pt1.exe
C:\MiKTeXp\miktex/bin\texdirflatten.exe
C:\MiKTeXp\miktex/bin\latexdiff-so.exe
C:\MiKTeXp\miktex/bin\latex-git-log.exe
C:\MiKTeXp\miktex/bin\pdfcrop.exe
C:\MiKTeXp\miktex/bin\ctanify.exe
C:\MiKTeXp\miktex/bin\ctanupload.exe
C:\MiKTeXp\miktex/bin\htcopy.exe
C:\MiKTeXp\miktex/bin\htmove.exe
C:\MiKTeXp\miktex/bin\mk4ht.exe
C:\MiKTeXp\miktex/bin\biokey2html2.exe
C:\MiKTeXp\miktex/bin\OOopict.exe
C:\MiKTeXp\miktex/bin\pedigree.exe
C:\MiKTeXp\miktex/bin\makejmlrbook.exe
C:\MiKTeXp\miktex/bin\luatexdef.exe
C:\MiKTeXp\miktex/bin\pn2pdf.exe
C:\MiKTeXp\miktex/bin\makeglossaries.exe
C:\MiKTeXp\miktex/bin\sty2dtx.exe
C:\MiKTeXp\miktex/bin\mathspic113.exe
C:\MiKTeXp\miktex/bin\pdfatfi.exe
C:\MiKTeXp\miktex/bin\pkfix-helper.exe
C:\MiKTeXp\miktex/bin\pfm2kpx.exe
C:\MiKTeXp\miktex/bin\mkt1font.exe
C:\MiKTeXp\miktex/bin\orderrefs.exe
C:\MiKTeXp\miktex/bin\vpl2vpl.exe
C:\MiKTeXp\miktex/bin\pdftexdef.exe
C:\MiKTeXp\miktex/bin\texdiff.exe
C:\MiKTeXp\miktex/bin\exceltex.exe
C:\MiKTeXp\miktex/bin\latexpand.exe
C:\MiKTeXp\miktex/bin\etexdef.exe
C:\MiKTeXp\miktex/bin\latexdiff-vc.exe
C:\MiKTeXp\miktex/bin\vpl2ovp.exe
C:\MiKTeXp\miktex/bin\mkjobtexmf.exe
C:\MiKTeXp\miktex/bin\pdflatexdef.exe
C:\MiKTeXp\miktex/bin\autoinst.exe
C:\MiKTeXp\miktex/bin\authorindex.exe
C:\MiKTeXp\miktex/bin\splitindex.exe
C:\MiKTeXp\miktex/bin\bib2xhtml.exe
C:\MiKTeXp\miktex/bin\birm.exe
C:\MiKTeXp\miktex/bin\feynmf.exe
C:\MiKTeXp\miktex/bin\urlbst.exe
C:\MiKTeXp\miktex/bin\perltex.exe
C:\MiKTeXp\miktex/bin\fig4latex.exe
C:\MiKTeXp\miktex/bin\rcsinfo.exe
C:\MiKTeXp\miktex/bin\texdef.exe
C:\MiKTeXp\miktex/bin\ot2kpx.exe
C:\MiKTeXp\miktex/bin\ibyhyph.exe
C:\MiKTeXp\miktex/bin\latexdiff.exe
C:\MiKTeXp\miktex/bin\latexrevise.exe
C:\MiKTeXp\miktex/bin\xdv2pdf_mergemarks.exe
C:\MiKTeXp\miktex/bin\pst2pdf.exe
C:\MiKTeXp\miktex/bin\biokey2html1.exe
C:\MiKTeXp\miktex/bin\svn-multi.exe
C:\MiKTeXp\miktex/bin\texcount.exe
C:\MiKTeXp\miktex/bin\thumbpdf.exe
C:\MiKTeXp\miktex/bin\fullref.exe
C:\MiKTeXp\miktex/bin\xetexdef.exe
C:\MiKTeXp\miktex/bin\latexdef.exe
C:\MiKTeXp\miktex/bin\lualatexdef.exe
C:\MiKTeXp\miktex/bin\afm2afm.exe
C:\MiKTeXp\miktex/bin\cmap2enc.exe
C:\MiKTeXp\miktex/bin\font2afm.exe
C:\MiKTeXp\miktex/bin\showglyphs.exe
C:\MiKTeXp\miktex/bin\dosepsbin.exe
C:\MiKTeXp\miktex/bin\vpe.exe
C:\MiKTeXp\miktex/bin\texfot.exe
C:\MiKTeXp\miktex/bin\htxetex.exe
C:\MiKTeXp\miktex/bin\htlatex.exe
C:\MiKTeXp\miktex/bin\gsbj.exe
C:\MiKTeXp\miktex/bin\eps2eps.exe
C:\MiKTeXp\miktex/bin\biokey2html.exe
C:\MiKTeXp\miktex/bin\dumphint.exe
C:\MiKTeXp\miktex/bin\pf2afm.exe
C:\MiKTeXp\miktex/bin\gsdj.exe
C:\MiKTeXp\miktex/bin\font2c.exe
C:\MiKTeXp\miktex/bin\gsndt.exe
C:\MiKTeXp\miktex/bin\gslj.exe
C:\MiKTeXp\miktex/bin\wmakebat.exe
C:\MiKTeXp\miktex/bin\gsdj500.exe
C:\MiKTeXp\miktex/bin\gslp.exe
C:\MiKTeXp\miktex/bin\gsnd.exe
C:\MiKTeXp\miktex/bin\gssetgs.exe
C:\MiKTeXp\miktex/bin\lpgs.exe
C:\MiKTeXp\miktex/bin\gst.exe
C:\MiKTeXp\miktex/bin\httexi.exe
C:\MiKTeXp\miktex/bin\ps2ps2.exe
C:\MiKTeXp\miktex/bin\gstt.exe
C:\MiKTeXp\miktex/bin\lp386.exe
C:\MiKTeXp\miktex/bin\lp386r2.exe
C:\MiKTeXp\miktex/bin\lpr2.exe
C:\MiKTeXp\miktex/bin\ps2epsi.exe
C:\MiKTeXp\miktex/bin\pdf2dsc.exe
C:\MiKTeXp\miktex/bin\ps2pdf.exe
C:\MiKTeXp\miktex/bin\pdf2ps.exe
C:\MiKTeXp\miktex/bin\pdfopt.exe
C:\MiKTeXp\miktex/bin\pfbtopfa.exe
C:\MiKTeXp\miktex/bin\pftogsf.exe
C:\MiKTeXp\miktex/bin\ps2ascii.exe
C:\MiKTeXp\miktex/bin\ps2pdf12.exe
C:\MiKTeXp\miktex/bin\ps2pdf13.exe
C:\MiKTeXp\miktex/bin\ps2pdf14.exe
C:\MiKTeXp\miktex/bin\ps2pdfxx.exe
C:\MiKTeXp\miktex/bin\ps2ps.exe
C:\MiKTeXp\miktex/bin\ps4pdf.exe
C:\MiKTeXp\miktex/bin\ht.exe
C:\MiKTeXp\miktex/bin\htcontext.exe
C:\MiKTeXp\miktex/bin\htmex.exe
C:\MiKTeXp\miktex/bin\httex.exe
C:\MiKTeXp\miktex/bin\htxelatex.exe
C:\MiKTeXp\miktex/bin\getmapdl.exe
C:\MiKTeXp\miktex/bin\luaotfload-tool.exe
C:\MiKTeXp\miktex/bin\make4ht.exe
C:\MiKTeXp\miktex/bin\tex4ebook.exe
C:\MiKTeXp\miktex/bin\mkluatexfontdb.exe
C:\MiKTeXp\miktex/bin\musixflx.exe
C:\MiKTeXp\miktex/bin\mkcharacters.exe
C:\MiKTeXp\miktex/bin\mkglyphlist.exe
C:\MiKTeXp\miktex/bin\musixtex.exe
C:\MiKTeXp\miktex/bin\pfarrei.exe
C:\MiKTeXp\miktex/bin\pmx2pdf.exe
C:\MiKTeXp\miktex/bin\checkcites.exe
C:\MiKTeXp\miktex/bin\m-tx.exe
C:\MiKTeXp\miktex/bin\a5toa4.exe
C:\MiKTeXp\miktex/bin\miktex-taskbar-icon.exe
C:\MiKTeXp\miktex/bin\miktex-update.exe
C:\MiKTeXp\miktex/bin\miktex-update_admin.exe
[files]
C:\MiKTeXp\miktex\config\uninst.log
