[files]
C:\Users\Public\Dev\altair\texlive2\texmfs\install\miktex/bin/x64\pdfclose.exe
C:\Users\Public\Dev\altair\texlive2\texmfs\install\miktex/bin/x64\pdfdde.exe
C:\Users\Public\Dev\altair\texlive2\texmfs\install\miktex/bin/x64\pdfopen.exe
C:\Users\Public\Dev\altair\texlive2\texmfs\install\miktex/bin/x64\bg5pluslatex.exe
C:\Users\Public\Dev\altair\texlive2\texmfs\install\miktex/bin/x64\bg5pluspdflatex.exe
C:\Users\Public\Dev\altair\texlive2\texmfs\install\miktex/bin/x64\bg5latex.exe
C:\Users\Public\Dev\altair\texlive2\texmfs\install\miktex/bin/x64\bg5pdflatex.exe
C:\Users\Public\Dev\altair\texlive2\texmfs\install\miktex/bin/x64\bg5platex.exe
C:\Users\Public\Dev\altair\texlive2\texmfs\install\miktex/bin/x64\bg5ppdflatex.exe
C:\Users\Public\Dev\altair\texlive2\texmfs\install\miktex/bin/x64\cef5latex.exe
C:\Users\Public\Dev\altair\texlive2\texmfs\install\miktex/bin/x64\cef5pdflatex.exe
C:\Users\Public\Dev\altair\texlive2\texmfs\install\miktex/bin/x64\ceflatex.exe
C:\Users\Public\Dev\altair\texlive2\texmfs\install\miktex/bin/x64\cefpdflatex.exe
C:\Users\Public\Dev\altair\texlive2\texmfs\install\miktex/bin/x64\cefslatex.exe
C:\Users\Public\Dev\altair\texlive2\texmfs\install\miktex/bin/x64\cefspdflatex.exe
C:\Users\Public\Dev\altair\texlive2\texmfs\install\miktex/bin/x64\gbklatex.exe
C:\Users\Public\Dev\altair\texlive2\texmfs\install\miktex/bin/x64\gbkpdflatex.exe
C:\Users\Public\Dev\altair\texlive2\texmfs\install\miktex/bin/x64\sjislatex.exe
C:\Users\Public\Dev\altair\texlive2\texmfs\install\miktex/bin/x64\sjispdflatex.exe
C:\Users\Public\Dev\altair\texlive2\texmfs\install\miktex/bin/x64\afm2tfm.exe
C:\Users\Public\Dev\altair\texlive2\texmfs\install\miktex/bin/x64\asy.exe
C:\Users\Public\Dev\altair\texlive2\texmfs\install\miktex/bin/x64\autosp.exe
C:\Users\Public\Dev\altair\texlive2\texmfs\install\miktex/bin/x64\axohelp.exe
C:\Users\Public\Dev\altair\texlive2\texmfs\install\miktex/bin/x64\bg5conv.exe
C:\Users\Public\Dev\altair\texlive2\texmfs\install\miktex/bin/x64\bibsort.exe
C:\Users\Public\Dev\altair\texlive2\texmfs\install\miktex/bin/x64\bibtex8.exe
C:\Users\Public\Dev\altair\texlive2\texmfs\install\miktex/bin/x64\bibtexu.exe
C:\Users\Public\Dev\altair\texlive2\texmfs\install\miktex/bin/x64\bibtex.exe
C:\Users\Public\Dev\altair\texlive2\texmfs\install\miktex/bin/x64\cef5conv.exe
C:\Users\Public\Dev\altair\texlive2\texmfs\install\miktex/bin/x64\cefconv.exe
C:\Users\Public\Dev\altair\texlive2\texmfs\install\miktex/bin/x64\cefsconv.exe
C:\Users\Public\Dev\altair\texlive2\texmfs\install\miktex/bin/x64\chktex.exe
C:\Users\Public\Dev\altair\texlive2\texmfs\install\miktex/bin/x64\ctangle.exe
C:\Users\Public\Dev\altair\texlive2\texmfs\install\miktex/bin/x64\cweave.exe
C:\Users\Public\Dev\altair\texlive2\texmfs\install\miktex/bin/x64\devnag.exe
C:\Users\Public\Dev\altair\texlive2\texmfs\install\miktex/bin/x64\dvicopy.exe
C:\Users\Public\Dev\altair\texlive2\texmfs\install\miktex/bin/x64\dvipdfm.exe
C:\Users\Public\Dev\altair\texlive2\texmfs\install\miktex/bin/x64\dvipdfmx.exe
C:\Users\Public\Dev\altair\texlive2\texmfs\install\miktex/bin/x64\ebb.exe
C:\Users\Public\Dev\altair\texlive2\texmfs\install\miktex/bin/x64\extractbb.exe
C:\Users\Public\Dev\altair\texlive2\texmfs\install\miktex/bin/x64\xbb.exe
C:\Users\Public\Dev\altair\texlive2\texmfs\install\miktex/bin/x64\xdvipdfmx.exe
C:\Users\Public\Dev\altair\texlive2\texmfs\install\miktex/bin/x64\miktex-xdvipdfmx.exe
C:\Users\Public\Dev\altair\texlive2\texmfs\install\miktex/bin/x64\dvipdft.exe
C:\Users\Public\Dev\altair\texlive2\texmfs\install\miktex/bin/x64\dvipng.exe
C:\Users\Public\Dev\altair\texlive2\texmfs\install\miktex/bin/x64\dvips.exe
C:\Users\Public\Dev\altair\texlive2\texmfs\install\miktex/bin/x64\dvisvgm.exe
C:\Users\Public\Dev\altair\texlive2\texmfs\install\miktex/bin/x64\dvitype.exe
C:\Users\Public\Dev\altair\texlive2\texmfs\install\miktex/bin/x64\epsffit.exe
C:\Users\Public\Dev\altair\texlive2\texmfs\install\miktex/bin/x64\epstopdf.exe
C:\Users\Public\Dev\altair\texlive2\texmfs\install\miktex/bin/x64\extconv.exe
C:\Users\Public\Dev\altair\texlive2\texmfs\install\miktex/bin/x64\fribidixetex.exe
C:\Users\Public\Dev\altair\texlive2\texmfs\install\miktex/bin/x64\gftodvi.exe
C:\Users\Public\Dev\altair\texlive2\texmfs\install\miktex/bin/x64\gftopk.exe
C:\Users\Public\Dev\altair\texlive2\texmfs\install\miktex/bin/x64\gftype.exe
C:\Users\Public\Dev\altair\texlive2\texmfs\install\miktex/bin/x64\gregorio.exe
C:\Users\Public\Dev\altair\texlive2\texmfs\install\miktex/bin/x64\hbf2gf.exe
C:\Users\Public\Dev\altair\texlive2\texmfs\install\miktex/bin/x64\lacheck.exe
C:\Users\Public\Dev\altair\texlive2\texmfs\install\miktex/bin/x64\makebase.exe
C:\Users\Public\Dev\altair\texlive2\texmfs\install\miktex/bin/x64\makefmt.exe
C:\Users\Public\Dev\altair\texlive2\texmfs\install\miktex/bin/x64\makeindex.exe
C:\Users\Public\Dev\altair\texlive2\texmfs\install\miktex/bin/x64\makepk.exe
C:\Users\Public\Dev\altair\texlive2\texmfs\install\miktex/bin/x64\maketfm.exe
C:\Users\Public\Dev\altair\texlive2\texmfs\install\miktex/bin/x64\mft.exe
C:\Users\Public\Dev\altair\texlive2\texmfs\install\miktex/bin/x64\mf.exe
C:\Users\Public\Dev\altair\texlive2\texmfs\install\miktex/bin/x64\inimf.exe
C:\Users\Public\Dev\altair\texlive2\texmfs\install\miktex/bin/x64\virmf.exe
C:\Users\Public\Dev\altair\texlive2\texmfs\install\miktex/bin/x64\mkocp.exe
C:\Users\Public\Dev\altair\texlive2\texmfs\install\miktex/bin/x64\dvitomp.exe
C:\Users\Public\Dev\altair\texlive2\texmfs\install\miktex/bin/x64\mpost.exe
C:\Users\Public\Dev\altair\texlive2\texmfs\install\miktex/bin/x64\odvicopy.exe
C:\Users\Public\Dev\altair\texlive2\texmfs\install\miktex/bin/x64\ofm2opl.exe
C:\Users\Public\Dev\altair\texlive2\texmfs\install\miktex/bin/x64\opl2ofm.exe
C:\Users\Public\Dev\altair\texlive2\texmfs\install\miktex/bin/x64\otp2ocp.exe
C:\Users\Public\Dev\altair\texlive2\texmfs\install\miktex/bin/x64\outocp.exe
C:\Users\Public\Dev\altair\texlive2\texmfs\install\miktex/bin/x64\ovf2ovp.exe
C:\Users\Public\Dev\altair\texlive2\texmfs\install\miktex/bin/x64\ovp2ovf.exe
C:\Users\Public\Dev\altair\texlive2\texmfs\install\miktex/bin/x64\patgen.exe
C:\Users\Public\Dev\altair\texlive2\texmfs\install\miktex/bin/x64\pdftex.exe
C:\Users\Public\Dev\altair\texlive2\texmfs\install\miktex/bin/x64\miktex-latex.exe
C:\Users\Public\Dev\altair\texlive2\texmfs\install\miktex/bin/x64\miktex-pdflatex.exe
C:\Users\Public\Dev\altair\texlive2\texmfs\install\miktex/bin/x64\pdftosrc.exe
C:\Users\Public\Dev\altair\texlive2\texmfs\install\miktex/bin/x64\pk2bm.exe
C:\Users\Public\Dev\altair\texlive2\texmfs\install\miktex/bin/x64\pltotf.exe
C:\Users\Public\Dev\altair\texlive2\texmfs\install\miktex/bin/x64\pmxab.exe
C:\Users\Public\Dev\altair\texlive2\texmfs\install\miktex/bin/x64\pooltype.exe
C:\Users\Public\Dev\altair\texlive2\texmfs\install\miktex/bin/x64\prepmx.exe
C:\Users\Public\Dev\altair\texlive2\texmfs\install\miktex/bin/x64\ps2pk.exe
C:\Users\Public\Dev\altair\texlive2\texmfs\install\miktex/bin/x64\psbook.exe
C:\Users\Public\Dev\altair\texlive2\texmfs\install\miktex/bin/x64\psnup.exe
C:\Users\Public\Dev\altair\texlive2\texmfs\install\miktex/bin/x64\psresize.exe
C:\Users\Public\Dev\altair\texlive2\texmfs\install\miktex/bin/x64\psselect.exe
C:\Users\Public\Dev\altair\texlive2\texmfs\install\miktex/bin/x64\pstops.exe
C:\Users\Public\Dev\altair\texlive2\texmfs\install\miktex/bin/x64\rebar.exe
C:\Users\Public\Dev\altair\texlive2\texmfs\install\miktex/bin/x64\scor2prt.exe
C:\Users\Public\Dev\altair\texlive2\texmfs\install\miktex/bin/x64\sjisconv.exe
C:\Users\Public\Dev\altair\texlive2\texmfs\install\miktex/bin/x64\synctex.exe
C:\Users\Public\Dev\altair\texlive2\texmfs\install\miktex/bin/x64\t4ht.exe
C:\Users\Public\Dev\altair\texlive2\texmfs\install\miktex/bin/x64\tangle.exe
C:\Users\Public\Dev\altair\texlive2\texmfs\install\miktex/bin/x64\tex2aspc.exe
C:\Users\Public\Dev\altair\texlive2\texmfs\install\miktex/bin/x64\tex4ht.exe
C:\Users\Public\Dev\altair\texlive2\texmfs\install\miktex/bin/x64\texworks.exe
C:\Users\Public\Dev\altair\texlive2\texmfs\install\miktex/bin/x64\tex.exe
C:\Users\Public\Dev\altair\texlive2\texmfs\install\miktex/bin/x64\initex.exe
C:\Users\Public\Dev\altair\texlive2\texmfs\install\miktex/bin/x64\virtex.exe
C:\Users\Public\Dev\altair\texlive2\texmfs\install\miktex/bin/x64\tftopl.exe
C:\Users\Public\Dev\altair\texlive2\texmfs\install\miktex/bin/x64\ttf2afm.exe
C:\Users\Public\Dev\altair\texlive2\texmfs\install\miktex/bin/x64\ttf2pk.exe
C:\Users\Public\Dev\altair\texlive2\texmfs\install\miktex/bin/x64\ttf2tfm.exe
C:\Users\Public\Dev\altair\texlive2\texmfs\install\miktex/bin/x64\upmendex.exe
C:\Users\Public\Dev\altair\texlive2\texmfs\install\miktex/bin/x64\vftovp.exe
C:\Users\Public\Dev\altair\texlive2\texmfs\install\miktex/bin/x64\vptovf.exe
C:\Users\Public\Dev\altair\texlive2\texmfs\install\miktex/bin/x64\weave.exe
C:\Users\Public\Dev\altair\texlive2\texmfs\install\miktex/bin/x64\xetex.exe
C:\Users\Public\Dev\altair\texlive2\texmfs\install\miktex/bin/x64\miktex-xelatex.exe
C:\Users\Public\Dev\altair\texlive2\texmfs\install\miktex/bin/x64\rungs.exe
C:\Users\Public\Dev\altair\texlive2\texmfs\install\miktex/bin/x64\kpsewhich.exe
C:\Users\Public\Dev\altair\texlive2\texmfs\install\miktex/bin/x64\mktexlsr.exe
C:\Users\Public\Dev\altair\texlive2\texmfs\install\miktex/bin/x64\texhash.exe
C:\Users\Public\Dev\altair\texlive2\texmfs\install\miktex/bin/x64\texlinks.exe
C:\Users\Public\Dev\altair\texlive2\texmfs\install\miktex/bin/x64\updmap.exe
C:\Users\Public\Dev\altair\texlive2\texmfs\install\miktex/bin/x64\texdoc.exe
C:\Users\Public\Dev\altair\texlive2\texmfs\install\miktex/bin/x64\pdfdetach.exe
C:\Users\Public\Dev\altair\texlive2\texmfs\install\miktex/bin/x64\pdffonts.exe
C:\Users\Public\Dev\altair\texlive2\texmfs\install\miktex/bin/x64\pdfimages.exe
C:\Users\Public\Dev\altair\texlive2\texmfs\install\miktex/bin/x64\pdfinfo.exe
C:\Users\Public\Dev\altair\texlive2\texmfs\install\miktex/bin/x64\pdfseparate.exe
C:\Users\Public\Dev\altair\texlive2\texmfs\install\miktex/bin/x64\pdftocairo.exe
C:\Users\Public\Dev\altair\texlive2\texmfs\install\miktex/bin/x64\pdftohtml.exe
C:\Users\Public\Dev\altair\texlive2\texmfs\install\miktex/bin/x64\pdftoppm.exe
C:\Users\Public\Dev\altair\texlive2\texmfs\install\miktex/bin/x64\pdftops.exe
C:\Users\Public\Dev\altair\texlive2\texmfs\install\miktex/bin/x64\pdftotext.exe
C:\Users\Public\Dev\altair\texlive2\texmfs\install\miktex/bin/x64\pdfunite.exe
C:\Users\Public\Dev\altair\texlive2\texmfs\install\miktex/bin/x64\fc-cache.exe
C:\Users\Public\Dev\altair\texlive2\texmfs\install\miktex/bin/x64\fc-cat.exe
C:\Users\Public\Dev\altair\texlive2\texmfs\install\miktex/bin/x64\fc-conflist.exe
C:\Users\Public\Dev\altair\texlive2\texmfs\install\miktex/bin/x64\fc-list.exe
C:\Users\Public\Dev\altair\texlive2\texmfs\install\miktex/bin/x64\fc-match.exe
C:\Users\Public\Dev\altair\texlive2\texmfs\install\miktex/bin/x64\fc-pattern.exe
C:\Users\Public\Dev\altair\texlive2\texmfs\install\miktex/bin/x64\fc-query.exe
C:\Users\Public\Dev\altair\texlive2\texmfs\install\miktex/bin/x64\fc-scan.exe
C:\Users\Public\Dev\altair\texlive2\texmfs\install\miktex/bin/x64\fc-validate.exe
C:\Users\Public\Dev\altair\texlive2\texmfs\install\miktex/bin/x64\cfftot1.exe
C:\Users\Public\Dev\altair\texlive2\texmfs\install\miktex/bin/x64\mmafm.exe
C:\Users\Public\Dev\altair\texlive2\texmfs\install\miktex/bin/x64\mmpfb.exe
C:\Users\Public\Dev\altair\texlive2\texmfs\install\miktex/bin/x64\otfinfo.exe
C:\Users\Public\Dev\altair\texlive2\texmfs\install\miktex/bin/x64\otftotfm.exe
C:\Users\Public\Dev\altair\texlive2\texmfs\install\miktex/bin/x64\t1dotlessj.exe
C:\Users\Public\Dev\altair\texlive2\texmfs\install\miktex/bin/x64\t1lint.exe
C:\Users\Public\Dev\altair\texlive2\texmfs\install\miktex/bin/x64\t1rawafm.exe
C:\Users\Public\Dev\altair\texlive2\texmfs\install\miktex/bin/x64\t1reencode.exe
C:\Users\Public\Dev\altair\texlive2\texmfs\install\miktex/bin/x64\t1testpage.exe
C:\Users\Public\Dev\altair\texlive2\texmfs\install\miktex/bin/x64\ttftotype42.exe
C:\Users\Public\Dev\altair\texlive2\texmfs\install\miktex/bin/x64\zip.exe
C:\Users\Public\Dev\altair\texlive2\texmfs\install\miktex/bin/x64\miktex-taskbar-icon.exe
C:\Users\Public\Dev\altair\texlive2\texmfs\install\miktex/bin/x64\miktex-update.exe
C:\Users\Public\Dev\altair\texlive2\texmfs\install\miktex/bin/x64\miktex-update_admin.exe
C:\Users\Public\Dev\altair\texlive2\texmfs\install\miktex/bin/x64\luahbtex.exe
C:\Users\Public\Dev\altair\texlive2\texmfs\install\miktex/bin/x64\miktex-lualatex.exe
C:\Users\Public\Dev\altair\texlive2\texmfs\install\miktex/bin/x64\miktex-texlua.exe
C:\Users\Public\Dev\altair\texlive2\texmfs\install\miktex/bin/x64\miktex-texluac.exe
C:\Users\Public\Dev\altair\texlive2\texmfs\install\miktex/bin/x64\luatex.exe
C:\Users\Public\Dev\altair\texlive2\texmfs\install\miktex/bin/x64\texlua.exe
C:\Users\Public\Dev\altair\texlive2\texmfs\install\miktex/bin/x64\texluac.exe
C:\Users\Public\Dev\altair\texlive2\texmfs\install\miktex/bin/x64\latex-dev.exe
C:\Users\Public\Dev\altair\texlive2\texmfs\install\miktex/bin/x64\amstex.exe
C:\Users\Public\Dev\altair\texlive2\texmfs\install\miktex/bin/x64\lualatex-dev.exe
C:\Users\Public\Dev\altair\texlive2\texmfs\install\miktex/bin/x64\pdfcslatex.exe
C:\Users\Public\Dev\altair\texlive2\texmfs\install\miktex/bin/x64\pdfcsplain.exe
C:\Users\Public\Dev\altair\texlive2\texmfs\install\miktex/bin/x64\dviluatex.exe
C:\Users\Public\Dev\altair\texlive2\texmfs\install\miktex/bin/x64\csplain.exe
C:\Users\Public\Dev\altair\texlive2\texmfs\install\miktex/bin/x64\cslatex.exe
C:\Users\Public\Dev\altair\texlive2\texmfs\install\miktex/bin/x64\mltex.exe
C:\Users\Public\Dev\altair\texlive2\texmfs\install\miktex/bin/x64\bagpipe.exe
C:\Users\Public\Dev\altair\texlive2\texmfs\install\miktex/bin/x64\lualatex.exe
C:\Users\Public\Dev\altair\texlive2\texmfs\install\miktex/bin/x64\bplain.exe
C:\Users\Public\Dev\altair\texlive2\texmfs\install\miktex/bin/x64\optex.exe
C:\Users\Public\Dev\altair\texlive2\texmfs\install\miktex/bin/x64\bagpipex.exe
C:\Users\Public\Dev\altair\texlive2\texmfs\install\miktex/bin/x64\dvilualatex.exe
C:\Users\Public\Dev\altair\texlive2\texmfs\install\miktex/bin/x64\etex.exe
C:\Users\Public\Dev\altair\texlive2\texmfs\install\miktex/bin/x64\jadetex.exe
C:\Users\Public\Dev\altair\texlive2\texmfs\install\miktex/bin/x64\latex.exe
C:\Users\Public\Dev\altair\texlive2\texmfs\install\miktex/bin/x64\luahblatex-dev.exe
C:\Users\Public\Dev\altair\texlive2\texmfs\install\miktex/bin/x64\luahblatex.exe
C:\Users\Public\Dev\altair\texlive2\texmfs\install\miktex/bin/x64\utf8mex.exe
C:\Users\Public\Dev\altair\texlive2\texmfs\install\miktex/bin/x64\luahbtex.exe
C:\Users\Public\Dev\altair\texlive2\texmfs\install\miktex/bin/x64\luatex.exe
C:\Users\Public\Dev\altair\texlive2\texmfs\install\miktex/bin/x64\mf.exe
C:\Users\Public\Dev\altair\texlive2\texmfs\install\miktex/bin/x64\mllatex.exe
C:\Users\Public\Dev\altair\texlive2\texmfs\install\miktex/bin/x64\pdfetex.exe
C:\Users\Public\Dev\altair\texlive2\texmfs\install\miktex/bin/x64\pdfjadetex.exe
C:\Users\Public\Dev\altair\texlive2\texmfs\install\miktex/bin/x64\pdflatex-dev.exe
C:\Users\Public\Dev\altair\texlive2\texmfs\install\miktex/bin/x64\dvilualollipop.exe
C:\Users\Public\Dev\altair\texlive2\texmfs\install\miktex/bin/x64\pdflatex.exe
C:\Users\Public\Dev\altair\texlive2\texmfs\install\miktex/bin/x64\lualollipop.exe
C:\Users\Public\Dev\altair\texlive2\texmfs\install\miktex/bin/x64\pdftex.exe
C:\Users\Public\Dev\altair\texlive2\texmfs\install\miktex/bin/x64\tex.exe
C:\Users\Public\Dev\altair\texlive2\texmfs\install\miktex/bin/x64\xmltex.exe
C:\Users\Public\Dev\altair\texlive2\texmfs\install\miktex/bin/x64\pdfxmltex.exe
C:\Users\Public\Dev\altair\texlive2\texmfs\install\miktex/bin/x64\xetex.exe
C:\Users\Public\Dev\altair\texlive2\texmfs\install\miktex/bin/x64\xelatex-dev.exe
C:\Users\Public\Dev\altair\texlive2\texmfs\install\miktex/bin/x64\xelatex.exe
C:\Users\Public\Dev\altair\texlive2\texmfs\install\miktex/bin/x64\dvilollipop.exe
C:\Users\Public\Dev\altair\texlive2\texmfs\install\miktex/bin/x64\lollipop.exe
C:\Users\Public\Dev\altair\texlive2\texmfs\install\miktex/bin/x64\a5toa4.exe
C:\Users\Public\Dev\altair\texlive2\texmfs\install\miktex/bin/x64\mkcharacters.exe
C:\Users\Public\Dev\altair\texlive2\texmfs\install\miktex/bin/x64\checkcites.exe
C:\Users\Public\Dev\altair\texlive2\texmfs\install\miktex/bin/x64\luamesh.exe
C:\Users\Public\Dev\altair\texlive2\texmfs\install\miktex/bin/x64\l3build.exe
C:\Users\Public\Dev\altair\texlive2\texmfs\install\miktex/bin/x64\cluttex.exe
C:\Users\Public\Dev\altair\texlive2\texmfs\install\miktex/bin/x64\ctanbib.exe
C:\Users\Public\Dev\altair\texlive2\texmfs\install\miktex/bin/x64\epspdf.exe
C:\Users\Public\Dev\altair\texlive2\texmfs\install\miktex/bin/x64\getmapdl.exe
C:\Users\Public\Dev\altair\texlive2\texmfs\install\miktex/bin/x64\luacolor.exe
C:\Users\Public\Dev\altair\texlive2\texmfs\install\miktex/bin/x64\luaotfload-tool.exe
C:\Users\Public\Dev\altair\texlive2\texmfs\install\miktex/bin/x64\lyluatex.exe
C:\Users\Public\Dev\altair\texlive2\texmfs\install\miktex/bin/x64\lwarpmk.exe
C:\Users\Public\Dev\altair\texlive2\texmfs\install\miktex/bin/x64\m-tx.exe
C:\Users\Public\Dev\altair\texlive2\texmfs\install\miktex/bin/x64\magicnum.exe
C:\Users\Public\Dev\altair\texlive2\texmfs\install\miktex/bin/x64\make4ht.exe
C:\Users\Public\Dev\altair\texlive2\texmfs\install\miktex/bin/x64\makeglossaries-lite.exe
C:\Users\Public\Dev\altair\texlive2\texmfs\install\miktex/bin/x64\xindex.exe
C:\Users\Public\Dev\altair\texlive2\texmfs\install\miktex/bin/x64\mkglyphlist.exe
C:\Users\Public\Dev\altair\texlive2\texmfs\install\miktex/bin/x64\mkluatexfontdb.exe
C:\Users\Public\Dev\altair\texlive2\texmfs\install\miktex/bin/x64\musixflx.exe
C:\Users\Public\Dev\altair\texlive2\texmfs\install\miktex/bin/x64\musixtex.exe
C:\Users\Public\Dev\altair\texlive2\texmfs\install\miktex/bin/x64\pfarrei.exe
C:\Users\Public\Dev\altair\texlive2\texmfs\install\miktex/bin/x64\ptex2pdf.exe
C:\Users\Public\Dev\altair\texlive2\texmfs\install\miktex/bin/x64\songidx.exe
C:\Users\Public\Dev\altair\texlive2\texmfs\install\miktex/bin/x64\tex4ebook.exe
C:\Users\Public\Dev\altair\texlive2\texmfs\install\miktex/bin/x64\latexpand.exe
C:\Users\Public\Dev\altair\texlive2\texmfs\install\miktex/bin/x64\authorindex.exe
C:\Users\Public\Dev\altair\texlive2\texmfs\install\miktex/bin/x64\ctan-o-mat.exe
C:\Users\Public\Dev\altair\texlive2\texmfs\install\miktex/bin/x64\arlatex.exe
C:\Users\Public\Dev\altair\texlive2\texmfs\install\miktex/bin/x64\abs2rel.exe
C:\Users\Public\Dev\altair\texlive2\texmfs\install\miktex/bin/x64\a2ping.exe
C:\Users\Public\Dev\altair\texlive2\texmfs\install\miktex/bin/x64\bib2xhtml.exe
C:\Users\Public\Dev\altair\texlive2\texmfs\install\miktex/bin/x64\komkindex.exe
C:\Users\Public\Dev\altair\texlive2\texmfs\install\miktex/bin/x64\findhyph.exe
C:\Users\Public\Dev\altair\texlive2\texmfs\install\miktex/bin/x64\ctanify.exe
C:\Users\Public\Dev\altair\texlive2\texmfs\install\miktex/bin/x64\afm2afm.exe
C:\Users\Public\Dev\altair\texlive2\texmfs\install\miktex/bin/x64\ltximg.exe
C:\Users\Public\Dev\altair\texlive2\texmfs\install\miktex/bin/x64\csvtools.exe
C:\Users\Public\Dev\altair\texlive2\texmfs\install\miktex/bin/x64\autoinst.exe
C:\Users\Public\Dev\altair\texlive2\texmfs\install\miktex/bin/x64\fullref.exe
C:\Users\Public\Dev\altair\texlive2\texmfs\install\miktex/bin/x64\bibdoiadd.exe
C:\Users\Public\Dev\altair\texlive2\texmfs\install\miktex/bin/x64\mf2pt1.exe
C:\Users\Public\Dev\altair\texlive2\texmfs\install\miktex/bin/x64\bibhtml.exe
C:\Users\Public\Dev\altair\texlive2\texmfs\install\miktex/bin/x64\bundledoc.exe
C:\Users\Public\Dev\altair\texlive2\texmfs\install\miktex/bin/x64\bibzbladd.exe
C:\Users\Public\Dev\altair\texlive2\texmfs\install\miktex/bin/x64\birm.exe
C:\Users\Public\Dev\altair\texlive2\texmfs\install\miktex/bin/x64\mfirstuc.exe
C:\Users\Public\Dev\altair\texlive2\texmfs\install\miktex/bin/x64\ibyhyph.exe
C:\Users\Public\Dev\altair\texlive2\texmfs\install\miktex/bin/x64\chklref.exe
C:\Users\Public\Dev\altair\texlive2\texmfs\install\miktex/bin/x64\cjk-gs-integrate.exe
C:\Users\Public\Dev\altair\texlive2\texmfs\install\miktex/bin/x64\creatdtx.exe
C:\Users\Public\Dev\altair\texlive2\texmfs\install\miktex/bin/x64\ctanupload.exe
C:\Users\Public\Dev\altair\texlive2\texmfs\install\miktex/bin/x64\htmove.exe
C:\Users\Public\Dev\altair\texlive2\texmfs\install\miktex/bin/x64\dad-to-utf8.exe
C:\Users\Public\Dev\altair\texlive2\texmfs\install\miktex/bin/x64\dosepsbin.exe
C:\Users\Public\Dev\altair\texlive2\texmfs\install\miktex/bin/x64\dviinfox.exe
C:\Users\Public\Dev\altair\texlive2\texmfs\install\miktex/bin/x64\htcopy.exe
C:\Users\Public\Dev\altair\texlive2\texmfs\install\miktex/bin/x64\etexdef.exe
C:\Users\Public\Dev\altair\texlive2\texmfs\install\miktex/bin/x64\latexindent.exe
C:\Users\Public\Dev\altair\texlive2\texmfs\install\miktex/bin/x64\latexdiff-fast.exe
C:\Users\Public\Dev\altair\texlive2\texmfs\install\miktex/bin/x64\exceltex.exe
C:\Users\Public\Dev\altair\texlive2\texmfs\install\miktex/bin/x64\extractres.exe
C:\Users\Public\Dev\altair\texlive2\texmfs\install\miktex/bin/x64\feynmf.exe
C:\Users\Public\Dev\altair\texlive2\texmfs\install\miktex/bin/x64\fig4latex.exe
C:\Users\Public\Dev\altair\texlive2\texmfs\install\miktex/bin/x64\ketcindy.exe
C:\Users\Public\Dev\altair\texlive2\texmfs\install\miktex/bin/x64\isi2bibtex.exe
C:\Users\Public\Dev\altair\texlive2\texmfs\install\miktex/bin/x64\jamo-normalize.exe
C:\Users\Public\Dev\altair\texlive2\texmfs\install\miktex/bin/x64\latexdiff.exe
C:\Users\Public\Dev\altair\texlive2\texmfs\install\miktex/bin/x64\jfmutil.exe
C:\Users\Public\Dev\altair\texlive2\texmfs\install\miktex/bin/x64\texdirflatten.exe
C:\Users\Public\Dev\altair\texlive2\texmfs\install\miktex/bin/x64\makejmlrbook.exe
C:\Users\Public\Dev\altair\texlive2\texmfs\install\miktex/bin/x64\luatexdef.exe
C:\Users\Public\Dev\altair\texlive2\texmfs\install\miktex/bin/x64\latex-git-log.exe
C:\Users\Public\Dev\altair\texlive2\texmfs\install\miktex/bin/x64\makedtx.exe
C:\Users\Public\Dev\altair\texlive2\texmfs\install\miktex/bin/x64\pdftexdef.exe
C:\Users\Public\Dev\altair\texlive2\texmfs\install\miktex/bin/x64\latex2man.exe
C:\Users\Public\Dev\altair\texlive2\texmfs\install\miktex/bin/x64\latexdef.exe
C:\Users\Public\Dev\altair\texlive2\texmfs\install\miktex/bin/x64\latexdiff-so.exe
C:\Users\Public\Dev\altair\texlive2\texmfs\install\miktex/bin/x64\latexdiff-vc.exe
C:\Users\Public\Dev\altair\texlive2\texmfs\install\miktex/bin/x64\mk4ht.exe
C:\Users\Public\Dev\altair\texlive2\texmfs\install\miktex/bin/x64\latexmk.exe
C:\Users\Public\Dev\altair\texlive2\texmfs\install\miktex/bin/x64\mathspic113.exe
C:\Users\Public\Dev\altair\texlive2\texmfs\install\miktex/bin/x64\makeglossaries.exe
C:\Users\Public\Dev\altair\texlive2\texmfs\install\miktex/bin/x64\latexrevise.exe
C:\Users\Public\Dev\altair\texlive2\texmfs\install\miktex/bin/x64\ltx2crossrefxml.exe
C:\Users\Public\Dev\altair\texlive2\texmfs\install\miktex/bin/x64\lualatexdef.exe
C:\Users\Public\Dev\altair\texlive2\texmfs\install\miktex/bin/x64\mathspic.exe
C:\Users\Public\Dev\altair\texlive2\texmfs\install\miktex/bin/x64\mkjobtexmf.exe
C:\Users\Public\Dev\altair\texlive2\texmfs\install\miktex/bin/x64\mkt1font.exe
C:\Users\Public\Dev\altair\texlive2\texmfs\install\miktex/bin/x64\mptopdf.exe
C:\Users\Public\Dev\altair\texlive2\texmfs\install\miktex/bin/x64\OOopict.exe
C:\Users\Public\Dev\altair\texlive2\texmfs\install\miktex/bin/x64\orderrefs.exe
C:\Users\Public\Dev\altair\texlive2\texmfs\install\miktex/bin/x64\ot2kpx.exe
C:\Users\Public\Dev\altair\texlive2\texmfs\install\miktex/bin/x64\pdfatfi.exe
C:\Users\Public\Dev\altair\texlive2\texmfs\install\miktex/bin/x64\pdfcrop.exe
C:\Users\Public\Dev\altair\texlive2\texmfs\install\miktex/bin/x64\pdflatexdef.exe
C:\Users\Public\Dev\altair\texlive2\texmfs\install\miktex/bin/x64\pdflatexpicscale.exe
C:\Users\Public\Dev\altair\texlive2\texmfs\install\miktex/bin/x64\pedigree.exe
C:\Users\Public\Dev\altair\texlive2\texmfs\install\miktex/bin/x64\perltex.exe
C:\Users\Public\Dev\altair\texlive2\texmfs\install\miktex/bin/x64\pkfix.exe
C:\Users\Public\Dev\altair\texlive2\texmfs\install\miktex/bin/x64\pkfix-helper.exe
C:\Users\Public\Dev\altair\texlive2\texmfs\install\miktex/bin/x64\pn2pdf.exe
C:\Users\Public\Dev\altair\texlive2\texmfs\install\miktex/bin/x64\psjoin.exe
C:\Users\Public\Dev\altair\texlive2\texmfs\install\miktex/bin/x64\pst2pdf.exe
C:\Users\Public\Dev\altair\texlive2\texmfs\install\miktex/bin/x64\rcsinfo.exe
C:\Users\Public\Dev\altair\texlive2\texmfs\install\miktex/bin/x64\rubikrotation.exe
C:\Users\Public\Dev\altair\texlive2\texmfs\install\miktex/bin/x64\splitindex.exe
C:\Users\Public\Dev\altair\texlive2\texmfs\install\miktex/bin/x64\srcredact.exe
C:\Users\Public\Dev\altair\texlive2\texmfs\install\miktex/bin/x64\sty2dtx.exe
C:\Users\Public\Dev\altair\texlive2\texmfs\install\miktex/bin/x64\svn-multi.exe
C:\Users\Public\Dev\altair\texlive2\texmfs\install\miktex/bin/x64\texcount.exe
C:\Users\Public\Dev\altair\texlive2\texmfs\install\miktex/bin/x64\texdef.exe
C:\Users\Public\Dev\altair\texlive2\texmfs\install\miktex/bin/x64\texdiff.exe
C:\Users\Public\Dev\altair\texlive2\texmfs\install\miktex/bin/x64\texfot.exe
C:\Users\Public\Dev\altair\texlive2\texmfs\install\miktex/bin/x64\texindy.exe
C:\Users\Public\Dev\altair\texlive2\texmfs\install\miktex/bin/x64\texloganalyser.exe
C:\Users\Public\Dev\altair\texlive2\texmfs\install\miktex/bin/x64\thumbpdf.exe
C:\Users\Public\Dev\altair\texlive2\texmfs\install\miktex/bin/x64\ttf2kotexfont.exe
C:\Users\Public\Dev\altair\texlive2\texmfs\install\miktex/bin/x64\txt2qq.exe
C:\Users\Public\Dev\altair\texlive2\texmfs\install\miktex/bin/x64\urlbst.exe
C:\Users\Public\Dev\altair\texlive2\texmfs\install\miktex/bin/x64\utf8-to-dad.exe
C:\Users\Public\Dev\altair\texlive2\texmfs\install\miktex/bin/x64\vpe.exe
C:\Users\Public\Dev\altair\texlive2\texmfs\install\miktex/bin/x64\vpl2ovp.exe
C:\Users\Public\Dev\altair\texlive2\texmfs\install\miktex/bin/x64\vpl2vpl.exe
C:\Users\Public\Dev\altair\texlive2\texmfs\install\miktex/bin/x64\xdv2pdf_mergemarks.exe
C:\Users\Public\Dev\altair\texlive2\texmfs\install\miktex/bin/x64\xelatexdef.exe
C:\Users\Public\Dev\altair\texlive2\texmfs\install\miktex/bin/x64\xetexdef.exe
C:\Users\Public\Dev\altair\texlive2\texmfs\install\miktex/bin/x64\xindy.exe
C:\Users\Public\Dev\altair\texlive2\texmfs\install\miktex/bin/x64\biokey2html.exe
C:\Users\Public\Dev\altair\texlive2\texmfs\install\miktex/bin/x64\dumphint.exe
C:\Users\Public\Dev\altair\texlive2\texmfs\install\miktex/bin/x64\ps2pdf14.exe
C:\Users\Public\Dev\altair\texlive2\texmfs\install\miktex/bin/x64\gsnd.exe
C:\Users\Public\Dev\altair\texlive2\texmfs\install\miktex/bin/x64\eps2eps.exe
C:\Users\Public\Dev\altair\texlive2\texmfs\install\miktex/bin/x64\ps2ps2.exe
C:\Users\Public\Dev\altair\texlive2\texmfs\install\miktex/bin/x64\gsbj.exe
C:\Users\Public\Dev\altair\texlive2\texmfs\install\miktex/bin/x64\gssetgs.exe
C:\Users\Public\Dev\altair\texlive2\texmfs\install\miktex/bin/x64\font2c.exe
C:\Users\Public\Dev\altair\texlive2\texmfs\install\miktex/bin/x64\ps2ascii.exe
C:\Users\Public\Dev\altair\texlive2\texmfs\install\miktex/bin/x64\gslj.exe
C:\Users\Public\Dev\altair\texlive2\texmfs\install\miktex/bin/x64\lpr2.exe
C:\Users\Public\Dev\altair\texlive2\texmfs\install\miktex/bin/x64\gst.exe
C:\Users\Public\Dev\altair\texlive2\texmfs\install\miktex/bin/x64\gsdj.exe
C:\Users\Public\Dev\altair\texlive2\texmfs\install\miktex/bin/x64\gsdj500.exe
C:\Users\Public\Dev\altair\texlive2\texmfs\install\miktex/bin/x64\gslp.exe
C:\Users\Public\Dev\altair\texlive2\texmfs\install\miktex/bin/x64\lpgs.exe
C:\Users\Public\Dev\altair\texlive2\texmfs\install\miktex/bin/x64\gsndt.exe
C:\Users\Public\Dev\altair\texlive2\texmfs\install\miktex/bin/x64\wmakebat.exe
C:\Users\Public\Dev\altair\texlive2\texmfs\install\miktex/bin/x64\pf2afm.exe
C:\Users\Public\Dev\altair\texlive2\texmfs\install\miktex/bin/x64\gstt.exe
C:\Users\Public\Dev\altair\texlive2\texmfs\install\miktex/bin/x64\httexi.exe
C:\Users\Public\Dev\altair\texlive2\texmfs\install\miktex/bin/x64\ht.exe
C:\Users\Public\Dev\altair\texlive2\texmfs\install\miktex/bin/x64\ps2pdf.exe
C:\Users\Public\Dev\altair\texlive2\texmfs\install\miktex/bin/x64\htcontext.exe
C:\Users\Public\Dev\altair\texlive2\texmfs\install\miktex/bin/x64\ps2ps.exe
C:\Users\Public\Dev\altair\texlive2\texmfs\install\miktex/bin/x64\htlatex.exe
C:\Users\Public\Dev\altair\texlive2\texmfs\install\miktex/bin/x64\pdf2dsc.exe
C:\Users\Public\Dev\altair\texlive2\texmfs\install\miktex/bin/x64\htmex.exe
C:\Users\Public\Dev\altair\texlive2\texmfs\install\miktex/bin/x64\httex.exe
C:\Users\Public\Dev\altair\texlive2\texmfs\install\miktex/bin/x64\htxelatex.exe
C:\Users\Public\Dev\altair\texlive2\texmfs\install\miktex/bin/x64\htxetex.exe
C:\Users\Public\Dev\altair\texlive2\texmfs\install\miktex/bin/x64\pdf2ps.exe
C:\Users\Public\Dev\altair\texlive2\texmfs\install\miktex/bin/x64\lp386.exe
C:\Users\Public\Dev\altair\texlive2\texmfs\install\miktex/bin/x64\lp386r2.exe
C:\Users\Public\Dev\altair\texlive2\texmfs\install\miktex/bin/x64\pdfopt.exe
C:\Users\Public\Dev\altair\texlive2\texmfs\install\miktex/bin/x64\pfbtopfa.exe
C:\Users\Public\Dev\altair\texlive2\texmfs\install\miktex/bin/x64\pftogsf.exe
C:\Users\Public\Dev\altair\texlive2\texmfs\install\miktex/bin/x64\ps2epsi.exe
C:\Users\Public\Dev\altair\texlive2\texmfs\install\miktex/bin/x64\ps2pdf12.exe
C:\Users\Public\Dev\altair\texlive2\texmfs\install\miktex/bin/x64\ps2pdf13.exe
C:\Users\Public\Dev\altair\texlive2\texmfs\install\miktex/bin/x64\ps2pdfxx.exe
C:\Users\Public\Dev\altair\texlive2\texmfs\install\miktex/bin/x64\ps4pdf.exe
C:\Users\Public\Dev\altair\texlive2\texmfs\install\miktex/bin/x64\latex-papersize.exe
C:\Users\Public\Dev\altair\texlive2\texmfs\install\miktex/bin/x64\depythontex.exe
C:\Users\Public\Dev\altair\texlive2\texmfs\install\miktex/bin/x64\dviasm.exe
C:\Users\Public\Dev\altair\texlive2\texmfs\install\miktex/bin/x64\merge-tex.exe
C:\Users\Public\Dev\altair\texlive2\texmfs\install\miktex/bin/x64\gfi-run.exe
C:\Users\Public\Dev\altair\texlive2\texmfs\install\miktex/bin/x64\pypostproc.exe
C:\Users\Public\Dev\altair\texlive2\texmfs\install\miktex/bin/x64\mgetmref.exe
C:\Users\Public\Dev\altair\texlive2\texmfs\install\miktex/bin/x64\pdfbook2.exe
C:\Users\Public\Dev\altair\texlive2\texmfs\install\miktex/bin/x64\pgfplots.exe
C:\Users\Public\Dev\altair\texlive2\texmfs\install\miktex/bin/x64\pypreproc.exe
C:\Users\Public\Dev\altair\texlive2\texmfs\install\miktex/bin/x64\pythontex.exe
C:\Users\Public\Dev\altair\texlive2\texmfs\install\miktex/bin/x64\webquiz.exe
C:\Users\Public\Dev\altair\texlive2\texmfs\install\miktex/bin/x64\biber.exe
C:\Users\Public\Dev\altair\texlive2\texmfs\install\miktex/bin/x64\latex2nemeth.exe
C:\Users\Public\Dev\altair\texlive2\texmfs\install\miktex/bin/x64\bib2gls.exe
C:\Users\Public\Dev\altair\texlive2\texmfs\install\miktex/bin/x64\arara.exe
C:\Users\Public\Dev\altair\texlive2\texmfs\install\miktex/bin/x64\bmeditor.exe
C:\Users\Public\Dev\altair\texlive2\texmfs\install\miktex/bin/x64\convertgls2bib.exe
C:\Users\Public\Dev\altair\texlive2\texmfs\install\miktex/bin/x64\texosquery.exe
C:\Users\Public\Dev\altair\texlive2\texmfs\install\miktex/bin/x64\texosquery-jre5.exe
C:\Users\Public\Dev\altair\texlive2\texmfs\install\miktex/bin/x64\texosquery-jre8.exe
C:\Users\Public\Dev\altair\texlive2\texmfs\install\miktex/bin/x64\texplate.exe
