Loading http://mirrors.ircam.fr/pub/CTAN/systems/texlive/tlnet/tlpkg/texlive.tlpdb
Installing TeX Live 2015 from: http://mirrors.ircam.fr/pub/CTAN/systems/texlive/tlnet
Platform: win32 => 'Windows'
Distribution: net  (downloading)
Using URL: http://mirrors.ircam.fr/pub/CTAN/systems/texlive/tlnet
Directory for temporary files: C:/Users/Fab/AppData/Local/Temp
Installer revision: 37482
Database revision: 38835
Installing [01/57, time/total: ??:??/??:??]: amsfonts [3542k]
Installing [02/57, time/total: 00:02/00:19]: bibtex [13k]
Installing [03/57, time/total: 00:02/00:19]: bibtex.win32 [41k]
Installing [04/57, time/total: 00:02/00:19]: cm [234k]
Installing [05/57, time/total: 00:03/00:27]: collection-basic [1k]
Installing [06/57, time/total: 00:03/00:27]: collection-wintools [1k]
Installing [07/57, time/total: 00:03/00:27]: dviout.win32 [2183k]
Installing [08/57, time/total: 00:04/00:23]: dvipdfmx [27k]
Installing [09/57, time/total: 00:05/00:29]: dvipdfmx-def [4k]
Installing [10/57, time/total: 00:05/00:28]: dvipdfmx.win32 [290k]
Installing [11/57, time/total: 00:05/00:27]: dvips [157k]
Installing [12/57, time/total: 00:06/00:32]: dvips.win32 [88k]
Installing [13/57, time/total: 00:06/00:31]: enctex [24k]
Installing [14/57, time/total: 00:06/00:31]: etex [12k]
Installing [15/57, time/total: 00:06/00:31]: etex-pkg [6k]
Installing [16/57, time/total: 00:06/00:31]: glyphlist [25k]
Installing [17/57, time/total: 00:06/00:31]: gsftopk [4k]
Installing [18/57, time/total: 00:07/00:36]: gsftopk.win32 [13k]
Installing [19/57, time/total: 00:07/00:36]: hyph-utf8 [1000k]
Installing [20/57, time/total: 00:08/00:36]: hyphen-base [22k]
Installing [21/57, time/total: 00:08/00:36]: ifluatex [3k]
Installing [22/57, time/total: 00:08/00:36]: ifxetex [2k]
Installing [23/57, time/total: 00:08/00:36]: knuth-lib [30k]
Installing [24/57, time/total: 00:09/00:40]: knuth-local [23k]
Installing [25/57, time/total: 00:09/00:40]: kpathsea [30k]
Installing [26/57, time/total: 00:09/00:40]: kpathsea.win32 [381k]
Installing [27/57, time/total: 00:09/00:38]: lua-alt-getopt [2k]
Installing [28/57, time/total: 00:09/00:38]: luatex [13k]
Installing [29/57, time/total: 00:10/00:42]: luatex.win32 [3041k]
Installing [30/57, time/total: 00:11/00:34]: makeindex [5k]
Installing [31/57, time/total: 00:11/00:34]: makeindex.win32 [18k]
Installing [32/57, time/total: 00:11/00:34]: metafont [33k]
Installing [33/57, time/total: 00:11/00:34]: metafont.win32 [139k]
Installing [34/57, time/total: 00:11/00:33]: mflogo [2k]
Installing [35/57, time/total: 00:12/00:36]: mfware [4k]
Installing [36/57, time/total: 00:12/00:36]: mfware.win32 [58k]
Installing [37/57, time/total: 00:12/00:36]: pdftex [156k]
Installing [38/57, time/total: 00:12/00:36]: pdftex.win32 [656k]
Installing [39/57, time/total: 00:13/00:37]: plain [59k]
Installing [40/57, time/total: 00:13/00:36]: tetex [57k]
Installing [41/57, time/total: 00:13/00:36]: tetex.win32 [1k]
Installing [42/57, time/total: 00:13/00:36]: tex [1k]
Installing [43/57, time/total: 00:13/00:36]: tex.win32 [130k]
Installing [44/57, time/total: 00:14/00:39]: texconfig [13k]
Installing [45/57, time/total: 00:14/00:39]: texlive-common [1k]
Installing [46/57, time/total: 00:14/00:39]: texlive-docindex [108k]
Installing [47/57, time/total: 00:14/00:38]: texlive-en [1k]
Installing [48/57, time/total: 00:14/00:38]: texlive-msg-translations [110k]
Installing [49/57, time/total: 00:14/00:38]: texlive-scripts [64k]
Installing [50/57, time/total: 00:15/00:41]: texlive-scripts.win32 [18k]
Installing [51/57, time/total: 00:15/00:40]: texlive.infra [208k]
Installing [52/57, time/total: 00:15/00:40]: texlive.infra.win32 [839k]
Installing [53/57, time/total: 00:16/00:40]: tlgs.win32 [10193k]
Installing [54/57, time/total: 00:18/00:26]: tlperl.win32 [7311k]
Installing [55/57, time/total: 00:24/00:26]: tlpsv.win32 [1411k]
Installing [56/57, time/total: 00:25/00:26]: wintools.win32 [2254k]
Installing [57/57, time/total: 00:26/00:26]: xdvi [7k]
Time used for installing the packages: 00:26
running mktexlsr C:/users/Public/Dev/altair/texlive/texmf-dist ...
writing fmtutil.cnf to C:/users/Public/Dev/altair/texlive/texmf-dist/web2c/fmtutil.cnf
writing updmap.cfg to C:/users/Public/Dev/altair/texlive/texmf-dist/web2c/updmap.cfg
writing language.dat to C:/users/Public/Dev/altair/texlive/texmf-var/tex/generic/config/language.dat
writing language.def to C:/users/Public/Dev/altair/texlive/texmf-var/tex/generic/config/language.def
writing language.dat.lua to C:/users/Public/Dev/altair/texlive/texmf-var/tex/generic/config/language.dat.lua
running mktexlsr C:/users/Public/Dev/altair/texlive/texmf-var C:/users/Public/Dev/altair/texlive/texmf-config C:/users/Public/Dev/altair/texlive/texmf-dist ...
running updmap-sys --nohash ...done
updmap will read the following updmap.cfg files (in precedence order):
  c:/users/public/dev/altair/texlive/texmf-dist/web2c/updmap.cfg
updmap may write changes to the following updmap.cfg file:
  c:/users/public/dev/altair/texlive/texmf-config/web2c/updmap.cfg
dvips output dir: "c:/users/public/dev/altair/texlive/texmf-var/fonts/map/dvips/updmap"
pdftex output dir: "c:/users/public/dev/altair/texlive/texmf-var/fonts/map/pdftex/updmap"
dvipdfmx output dir: "c:/users/public/dev/altair/texlive/texmf-var/fonts/map/dvipdfmx/updmap"

updmap is creating new map files
using the following configuration:
  LW35 font names                  : URWkb (c:/users/public/dev/altair/texlive/texmf-dist/web2c/updmap.cfg)
  prefer outlines                  : true (c:/users/public/dev/altair/texlive/texmf-dist/web2c/updmap.cfg)
  texhash enabled                  : false
  download standard fonts (dvips)  : true (c:/users/public/dev/altair/texlive/texmf-dist/web2c/updmap.cfg)
  download standard fonts (pdftex) : true (c:/users/public/dev/altair/texlive/texmf-dist/web2c/updmap.cfg)
  kanjiEmbed replacement string    : noEmbed (c:/users/public/dev/altair/texlive/texmf-dist/web2c/updmap.cfg)
  kanjiVariant replacement string  :  (default)
  create a mapfile for pxdvi       : false (default)

Scanning for LW35 support files  [  3 files]
Scanning for MixedMap entries    [  6 files]
Scanning for KanjiMap entries    [  0 files]
Scanning for Map entries         [  3 files]

Generating output for dvipdfmx...
Generating output for ps2pk...
Generating output for dvips...
Generating output for pdftex...

Files generated:
  c:/users/public/dev/altair/texlive/texmf-var/fonts/map/dvips/updmap:
       16075 2015-11-14 19:00:25 builtin35.map
       21549 2015-11-14 19:00:25 download35.map
       22714 2015-11-14 19:00:25 psfonts_pk.map
       26715 2015-11-14 19:00:25 psfonts_t1.map
       26710 2015-11-14 19:00:25 ps2pk.map
       26715 2015-11-14 19:00:25 psfonts.map = psfonts_t1.map
  c:/users/public/dev/altair/texlive/texmf-var/fonts/map/pdftex/updmap:
       26717 2015-11-14 19:00:25 pdftex_dl14.map
       25052 2015-11-14 19:00:25 pdftex_ndl14.map
       26717 2015-11-14 19:00:25 pdftex.map = pdftex_dl14.map
  c:/users/public/dev/altair/texlive/texmf-var/fonts/map/dvipdfmx/updmap:
         347 2015-11-14 19:00:25 kanjix.map

Transcript written on "c:/users/public/dev/altair/texlive/texmf-var/web2c/updmap.log".
re-running mktexlsr C:/users/Public/Dev/altair/texlive/texmf-var C:/users/Public/Dev/altair/texlive/texmf-config ...
pre-generating all format files, be patient...
running fmtutil-sys --no-error-if-no-engine=luajittex --all ...done
fmtutil: fmtutil is using the following fmtutil.cnf files (in precedence order):
fmtutil:   c:/users/public/dev/altair/texlive/texmf-dist/web2c/fmtutil.cnf
fmtutil: fmtutil is using the following fmtutil.cnf file for writing changes:
fmtutil:   c:/users/public/dev/altair/texlive/texmf-config/web2c/fmtutil.cnf
fmtutil: running `luajittex -ini  -jobname=luajittex -progname=luajittex luatex.ini' ...
This is LuajitTeX, Version beta-0.80.0 (TeX Live 2015/W32TeX) (rev 5238)  (INITEX)
 restricted \write18 enabled.
(c:/Users/Public/Dev/altair/texlive/texmf-dist/tex/plain/config/luatex.ini
(c:/Users/Public/Dev/altair/texlive/texmf-dist/tex/generic/config/luatexiniconf
ig.tex)
(c:/Users/Public/Dev/altair/texlive/texmf-dist/tex/generic/config/luatex-unicod
e-letters.tex loading Unicode properties)
(c:/Users/Public/Dev/altair/texlive/texmf-dist/tex/plain/config/pdfetex.ini
(c:/Users/Public/Dev/altair/texlive/texmf-dist/tex/generic/config/pdftexconfig.
tex)
(c:/Users/Public/Dev/altair/texlive/texmf-dist/tex/luatex/hyph-utf8/etex.src
(c:/Users/Public/Dev/altair/texlive/texmf-dist/tex/plain/base/plain.tex
Preloading the plain format: codes, registers, parameters, fonts, more fonts,
macros, math definitions, output routines, hyphenation
(c:/Users/Public/Dev/altair/texlive/texmf-dist/tex/generic/hyphen/hyphen.tex
[skipping from \patterns to end-of-file...]))
(c:/Users/Public/Dev/altair/texlive/texmf-dist/tex/plain/etex/etexdefs.lib
Skipping module "grouptypes"; Loading module "interactionmodes";
Skipping module "nodetypes"; Skipping module "iftypes";)
(c:/Users/Public/Dev/altair/texlive/texmf-var/tex/generic/config/language.def
(c:/Users/Public/Dev/altair/texlive/texmf-dist/tex/generic/hyphen/hyphen.tex))
Augmenting the Plain TeX definitions: \tracingall;
Adding new e-TeX definitions: \eTeX, \loggingall, \tracingnone,
register allocation; extended register allocation; 
Recycling: \addlanguage, \@nswer (not defined), \@sk, \b@dresponsetrue,
\b@dresponsefalse, \ch@ckforyn, \mayber@cycle, \et@xabort, \et@xbuf,
\et@xfmtsrc, \et@xfilehdr, \et@xinf, \et@xpatterns, \l@ngdefnfile, \n@xt,
\p@rse (not defined), \pr@mpt (not defined), \pr@mptloop (not defined),
\forcer@cycle, \usef@llback, \usef@llbacktrue, \usef@llbackfalse, 
Retaining: \et@xerr, \et@xinput, \et@xlibhdr, \et@xmsg, \et@xtoks, \et@xwarn,
\et@xl@@d, \et@xl@ad, \et@xload, \et@xlang, \et@xhash, \eTeX, \etexhdrchk,
\etexstatus, \module, \uselanguage, \r@tain, \r@cycle,)
(c:/Users/Public/Dev/altair/texlive/texmf-dist/tex/plain/config/pdftexmagfix.te
x)))
Beginning to dump on file luajittex.fmt
 (format=luajittex 2015.11.14)
3114 strings using 9622 bytes
68807 memory locations dumped; current usage is 103&7731
1712 multiletter control sequences
\font\nullfont=nullfont
\font\tenrm=cmr10
\font\preloaded=cmr9
\font\preloaded=cmr8
\font\sevenrm=cmr7
\font\preloaded=cmr6
\font\fiverm=cmr5
\font\teni=cmmi10
\font\preloaded=cmmi9
\font\preloaded=cmmi8
\font\seveni=cmmi7
\font\preloaded=cmmi6
\font\fivei=cmmi5
\font\tensy=cmsy10
\font\preloaded=cmsy9
\font\preloaded=cmsy8
\font\sevensy=cmsy7
\font\preloaded=cmsy6
\font\fivesy=cmsy5
\font\tenex=cmex10
\font\preloaded=cmss10
\font\preloaded=cmssq8
\font\preloaded=cmssi10
\font\preloaded=cmssqi8
\font\tenbf=cmbx10
\font\preloaded=cmbx9
\font\preloaded=cmbx8
\font\sevenbf=cmbx7
\font\preloaded=cmbx6
\font\fivebf=cmbx5
\font\tentt=cmtt10
\font\preloaded=cmtt9
\font\preloaded=cmtt8
\font\preloaded=cmsltt10
\font\tensl=cmsl10
\font\preloaded=cmsl9
\font\preloaded=cmsl8
\font\tenit=cmti10
\font\preloaded=cmti9
\font\preloaded=cmti8
\font\preloaded=cmti7
\font\preloaded=cmu10
\font\preloaded=cmmib10
\font\preloaded=cmbsy10
\font\preloaded=cmcsc10
\font\preloaded=cmssbx10
\font\preloaded=cmdunh10
\font\preloaded=cmr7 at 14.51799pt
\font\preloaded=cmtt10 at 14.4pt
\font\preloaded=cmssbx10 at 14.4pt
\font\preloaded=manfnt
50 preloaded fonts
0 words of pdf memory
0 indirect objects
No pages of output.
Transcript written on luajittex.log.
fmtutil [INFO]: c:/users/public/dev/altair/texlive/texmf-var/web2c/luajittex/luajittex.fmt installed.
fmtutil: running `tex -ini  -jobname=tex -progname=tex tex.ini' ...
This is TeX, Version 3.14159265 (TeX Live 2015/W32TeX) (INITEX)
(c:/Users/Public/Dev/altair/texlive/texmf-dist/tex/plain/config/tex.ini
(c:/Users/Public/Dev/altair/texlive/texmf-dist/tex/plain/base/plain.tex
Preloading the plain format: codes, registers, parameters, fonts, more fonts,
macros, math definitions, output routines, hyphenation
(c:/Users/Public/Dev/altair/texlive/texmf-dist/tex/generic/hyphen/hyphen.tex)) 
)
Beginning to dump on file tex.fmt
 (preloaded format=tex 2015.11.14)
2027 strings of total length 29441
4990 memory locations dumped; current usage is 110&4877
926 multiletter control sequences
\font\nullfont=nullfont
\font\tenrm=cmr10
\font\preloaded=cmr9
\font\preloaded=cmr8
\font\sevenrm=cmr7
\font\preloaded=cmr6
\font\fiverm=cmr5
\font\teni=cmmi10
\font\preloaded=cmmi9
\font\preloaded=cmmi8
\font\seveni=cmmi7
\font\preloaded=cmmi6
\font\fivei=cmmi5
\font\tensy=cmsy10
\font\preloaded=cmsy9
\font\preloaded=cmsy8
\font\sevensy=cmsy7
\font\preloaded=cmsy6
\font\fivesy=cmsy5
\font\tenex=cmex10
\font\preloaded=cmss10
\font\preloaded=cmssq8
\font\preloaded=cmssi10
\font\preloaded=cmssqi8
\font\tenbf=cmbx10
\font\preloaded=cmbx9
\font\preloaded=cmbx8
\font\sevenbf=cmbx7
\font\preloaded=cmbx6
\font\fivebf=cmbx5
\font\tentt=cmtt10
\font\preloaded=cmtt9
\font\preloaded=cmtt8
\font\preloaded=cmsltt10
\font\tensl=cmsl10
\font\preloaded=cmsl9
\font\preloaded=cmsl8
\font\tenit=cmti10
\font\preloaded=cmti9
\font\preloaded=cmti8
\font\preloaded=cmti7
\font\preloaded=cmu10
\font\preloaded=cmmib10
\font\preloaded=cmbsy10
\font\preloaded=cmcsc10
\font\preloaded=cmssbx10
\font\preloaded=cmdunh10
\font\preloaded=cmr7 at 14.51799pt
\font\preloaded=cmtt10 at 14.4pt
\font\preloaded=cmssbx10 at 14.4pt
\font\preloaded=manfnt
14787 words of font info for 50 preloaded fonts
14 hyphenation exceptions
Hyphenation trie of length 6075 has 181 ops out of 35111
  181 for language 0
No pages of output.
Transcript written on tex.log.
fmtutil [INFO]: c:/users/public/dev/altair/texlive/texmf-var/web2c/tex/tex.fmt installed.
fmtutil: running `luatex -ini  -jobname=luatex -progname=luatex luatex.ini' ...
This is LuaTeX, Version beta-0.80.0 (TeX Live 2015/W32TeX) (rev 5238)  (INITEX)
 restricted \write18 enabled.
(c:/Users/Public/Dev/altair/texlive/texmf-dist/tex/plain/config/luatex.ini
(c:/Users/Public/Dev/altair/texlive/texmf-dist/tex/generic/config/luatexiniconf
ig.tex)
(c:/Users/Public/Dev/altair/texlive/texmf-dist/tex/generic/config/luatex-unicod
e-letters.tex loading Unicode properties)
(c:/Users/Public/Dev/altair/texlive/texmf-dist/tex/plain/config/pdfetex.ini
(c:/Users/Public/Dev/altair/texlive/texmf-dist/tex/generic/config/pdftexconfig.
tex)
(c:/Users/Public/Dev/altair/texlive/texmf-dist/tex/luatex/hyph-utf8/etex.src
(c:/Users/Public/Dev/altair/texlive/texmf-dist/tex/plain/base/plain.tex
Preloading the plain format: codes, registers, parameters, fonts, more fonts,
macros, math definitions, output routines, hyphenation
(c:/Users/Public/Dev/altair/texlive/texmf-dist/tex/generic/hyphen/hyphen.tex
[skipping from \patterns to end-of-file...]))
(c:/Users/Public/Dev/altair/texlive/texmf-dist/tex/plain/etex/etexdefs.lib
Skipping module "grouptypes"; Loading module "interactionmodes";
Skipping module "nodetypes"; Skipping module "iftypes";)
(c:/Users/Public/Dev/altair/texlive/texmf-var/tex/generic/config/language.def
(c:/Users/Public/Dev/altair/texlive/texmf-dist/tex/generic/hyphen/hyphen.tex))
Augmenting the Plain TeX definitions: \tracingall;
Adding new e-TeX definitions: \eTeX, \loggingall, \tracingnone,
register allocation; extended register allocation; 
Recycling: \addlanguage, \@nswer (not defined), \@sk, \b@dresponsetrue,
\b@dresponsefalse, \ch@ckforyn, \mayber@cycle, \et@xabort, \et@xbuf,
\et@xfmtsrc, \et@xfilehdr, \et@xinf, \et@xpatterns, \l@ngdefnfile, \n@xt,
\p@rse (not defined), \pr@mpt (not defined), \pr@mptloop (not defined),
\forcer@cycle, \usef@llback, \usef@llbacktrue, \usef@llbackfalse, 
Retaining: \et@xerr, \et@xinput, \et@xlibhdr, \et@xmsg, \et@xtoks, \et@xwarn,
\et@xl@@d, \et@xl@ad, \et@xload, \et@xlang, \et@xhash, \eTeX, \etexhdrchk,
\etexstatus, \module, \uselanguage, \r@tain, \r@cycle,)
(c:/Users/Public/Dev/altair/texlive/texmf-dist/tex/plain/config/pdftexmagfix.te
x)))
Beginning to dump on file luatex.fmt
 (format=luatex 2015.11.14)
3114 strings using 9616 bytes
68807 memory locations dumped; current usage is 103&7731
1712 multiletter control sequences
\font\nullfont=nullfont
\font\tenrm=cmr10
\font\preloaded=cmr9
\font\preloaded=cmr8
\font\sevenrm=cmr7
\font\preloaded=cmr6
\font\fiverm=cmr5
\font\teni=cmmi10
\font\preloaded=cmmi9
\font\preloaded=cmmi8
\font\seveni=cmmi7
\font\preloaded=cmmi6
\font\fivei=cmmi5
\font\tensy=cmsy10
\font\preloaded=cmsy9
\font\preloaded=cmsy8
\font\sevensy=cmsy7
\font\preloaded=cmsy6
\font\fivesy=cmsy5
\font\tenex=cmex10
\font\preloaded=cmss10
\font\preloaded=cmssq8
\font\preloaded=cmssi10
\font\preloaded=cmssqi8
\font\tenbf=cmbx10
\font\preloaded=cmbx9
\font\preloaded=cmbx8
\font\sevenbf=cmbx7
\font\preloaded=cmbx6
\font\fivebf=cmbx5
\font\tentt=cmtt10
\font\preloaded=cmtt9
\font\preloaded=cmtt8
\font\preloaded=cmsltt10
\font\tensl=cmsl10
\font\preloaded=cmsl9
\font\preloaded=cmsl8
\font\tenit=cmti10
\font\preloaded=cmti9
\font\preloaded=cmti8
\font\preloaded=cmti7
\font\preloaded=cmu10
\font\preloaded=cmmib10
\font\preloaded=cmbsy10
\font\preloaded=cmcsc10
\font\preloaded=cmssbx10
\font\preloaded=cmdunh10
\font\preloaded=cmr7 at 14.51799pt
\font\preloaded=cmtt10 at 14.4pt
\font\preloaded=cmssbx10 at 14.4pt
\font\preloaded=manfnt
50 preloaded fonts
0 words of pdf memory
0 indirect objects
No pages of output.
Transcript written on luatex.log.
fmtutil [INFO]: c:/users/public/dev/altair/texlive/texmf-var/web2c/luatex/luatex.fmt installed.
fmtutil: running `pdftex -ini  -jobname=pdftex -progname=pdftex -translate-file=cp227.tcx *pdfetex.ini' ...
This is pdfTeX, Version 3.14159265-2.6-1.40.16 (TeX Live 2015/W32TeX) (INITEX)
 restricted \write18 enabled.
 (c:/Users/Public/Dev/altair/texlive/texmf-dist/web2c/cp227.tcx)
entering extended mode
(c:/Users/Public/Dev/altair/texlive/texmf-dist/tex/plain/config/pdfetex.ini
(c:/Users/Public/Dev/altair/texlive/texmf-dist/tex/generic/config/pdftexconfig.
tex) (c:/Users/Public/Dev/altair/texlive/texmf-dist/tex/plain/etex/etex.src
(c:/Users/Public/Dev/altair/texlive/texmf-dist/tex/plain/base/plain.tex
Preloading the plain format: codes, registers, parameters, fonts, more fonts,
macros, math definitions, output routines, hyphenation
(c:/Users/Public/Dev/altair/texlive/texmf-dist/tex/generic/hyphen/hyphen.tex
[skipping from \patterns to end-of-file...]))
(c:/Users/Public/Dev/altair/texlive/texmf-dist/tex/plain/etex/etexdefs.lib
Skipping module "grouptypes"; Loading module "interactionmodes";
Skipping module "nodetypes"; Skipping module "iftypes";)
(c:/Users/Public/Dev/altair/texlive/texmf-var/tex/generic/config/language.def
(c:/Users/Public/Dev/altair/texlive/texmf-dist/tex/generic/hyphen/hyphen.tex))
Augmenting the Plain TeX definitions: \tracingall;
Adding new e-TeX definitions: \eTeX, \loggingall, \tracingnone,
register allocation; extended register allocation; 
Recycling: \addlanguage, \@nswer (not defined), \@sk, \b@dresponsetrue,
\b@dresponsefalse, \ch@ckforyn, \mayber@cycle, \et@xabort, \et@xbuf,
\et@xfmtsrc, \et@xfilehdr, \et@xinf, \et@xpatterns, \l@ngdefnfile, \n@xt,
\p@rse (not defined), \pr@mpt (not defined), \pr@mptloop (not defined),
\forcer@cycle, \usef@llback, \usef@llbacktrue, \usef@llbackfalse, 
Retaining: \et@xerr, \et@xinput, \et@xlibhdr, \et@xmsg, \et@xtoks, \et@xwarn,
\et@xl@@d, \et@xl@ad, \et@xload, \et@xlang, \et@xhash, \eTeX, \etexhdrchk,
\etexstatus, \module, \uselanguage, \r@tain, \r@cycle,)
(c:/Users/Public/Dev/altair/texlive/texmf-dist/tex/plain/config/pdftexmagfix.te
x) )
Beginning to dump on file pdftex.fmt
 (preloaded format=pdftex 2015.11.14)
2890 strings of total length 43495
7960 memory locations dumped; current usage is 203&7321
1260 multiletter control sequences
\font\nullfont=nullfont
\font\tenrm=cmr10
\font\preloaded=cmr9
\font\preloaded=cmr8
\font\sevenrm=cmr7
\font\preloaded=cmr6
\font\fiverm=cmr5
\font\teni=cmmi10
\font\preloaded=cmmi9
\font\preloaded=cmmi8
\font\seveni=cmmi7
\font\preloaded=cmmi6
\font\fivei=cmmi5
\font\tensy=cmsy10
\font\preloaded=cmsy9
\font\preloaded=cmsy8
\font\sevensy=cmsy7
\font\preloaded=cmsy6
\font\fivesy=cmsy5
\font\tenex=cmex10
\font\preloaded=cmss10
\font\preloaded=cmssq8
\font\preloaded=cmssi10
\font\preloaded=cmssqi8
\font\tenbf=cmbx10
\font\preloaded=cmbx9
\font\preloaded=cmbx8
\font\sevenbf=cmbx7
\font\preloaded=cmbx6
\font\fivebf=cmbx5
\font\tentt=cmtt10
\font\preloaded=cmtt9
\font\preloaded=cmtt8
\font\preloaded=cmsltt10
\font\tensl=cmsl10
\font\preloaded=cmsl9
\font\preloaded=cmsl8
\font\tenit=cmti10
\font\preloaded=cmti9
\font\preloaded=cmti8
\font\preloaded=cmti7
\font\preloaded=cmu10
\font\preloaded=cmmib10
\font\preloaded=cmbsy10
\font\preloaded=cmcsc10
\font\preloaded=cmssbx10
\font\preloaded=cmdunh10
\font\preloaded=cmr7 at 14.51799pt
\font\preloaded=cmtt10 at 14.4pt
\font\preloaded=cmssbx10 at 14.4pt
\font\preloaded=manfnt
14787 words of font info for 50 preloaded fonts
14 hyphenation exceptions
Hyphenation trie of length 6075 has 181 ops out of 35111
  181 for language 0
0 words of pdfTeX memory
0 indirect objects
No pages of output.
Transcript written on pdftex.log.
fmtutil [INFO]: c:/users/public/dev/altair/texlive/texmf-var/web2c/pdftex/pdftex.fmt installed.
fmtutil: running `luatex -ini  -jobname=dviluatex -progname=dviluatex dviluatex.ini' ...
This is LuaTeX, Version beta-0.80.0 (TeX Live 2015/W32TeX) (rev 5238)  (INITEX)
 restricted \write18 enabled.
(c:/Users/Public/Dev/altair/texlive/texmf-dist/tex/plain/config/dviluatex.ini
(c:/Users/Public/Dev/altair/texlive/texmf-dist/tex/generic/config/luatexiniconf
ig.tex)
(c:/Users/Public/Dev/altair/texlive/texmf-dist/tex/generic/config/luatex-unicod
e-letters.tex loading Unicode properties)
(c:/Users/Public/Dev/altair/texlive/texmf-dist/tex/plain/config/etex.ini
(c:/Users/Public/Dev/altair/texlive/texmf-dist/tex/luatex/hyph-utf8/etex.src
(c:/Users/Public/Dev/altair/texlive/texmf-dist/tex/plain/base/plain.tex
Preloading the plain format: codes, registers, parameters, fonts, more fonts,
macros, math definitions, output routines, hyphenation
(c:/Users/Public/Dev/altair/texlive/texmf-dist/tex/generic/hyphen/hyphen.tex
[skipping from \patterns to end-of-file...]))
(c:/Users/Public/Dev/altair/texlive/texmf-dist/tex/plain/etex/etexdefs.lib
Skipping module "grouptypes"; Loading module "interactionmodes";
Skipping module "nodetypes"; Skipping module "iftypes";)
(c:/Users/Public/Dev/altair/texlive/texmf-var/tex/generic/config/language.def
(c:/Users/Public/Dev/altair/texlive/texmf-dist/tex/generic/hyphen/hyphen.tex))
Augmenting the Plain TeX definitions: \tracingall;
Adding new e-TeX definitions: \eTeX, \loggingall, \tracingnone,
register allocation; extended register allocation; 
Recycling: \addlanguage, \@nswer (not defined), \@sk, \b@dresponsetrue,
\b@dresponsefalse, \ch@ckforyn, \mayber@cycle, \et@xabort, \et@xbuf,
\et@xfmtsrc, \et@xfilehdr, \et@xinf, \et@xpatterns, \l@ngdefnfile, \n@xt,
\p@rse (not defined), \pr@mpt (not defined), \pr@mptloop (not defined),
\forcer@cycle, \usef@llback, \usef@llbacktrue, \usef@llbackfalse, 
Retaining: \et@xerr, \et@xinput, \et@xlibhdr, \et@xmsg, \et@xtoks, \et@xwarn,
\et@xl@@d, \et@xl@ad, \et@xload, \et@xlang, \et@xhash, \eTeX, \etexhdrchk,
\etexstatus, \module, \uselanguage, \r@tain, \r@cycle,)))
Beginning to dump on file dviluatex.fmt
 (format=dviluatex 2015.11.14)
3102 strings using 9561 bytes
68807 memory locations dumped; current usage is 103&7700
1710 multiletter control sequences
\font\nullfont=nullfont
\font\tenrm=cmr10
\font\preloaded=cmr9
\font\preloaded=cmr8
\font\sevenrm=cmr7
\font\preloaded=cmr6
\font\fiverm=cmr5
\font\teni=cmmi10
\font\preloaded=cmmi9
\font\preloaded=cmmi8
\font\seveni=cmmi7
\font\preloaded=cmmi6
\font\fivei=cmmi5
\font\tensy=cmsy10
\font\preloaded=cmsy9
\font\preloaded=cmsy8
\font\sevensy=cmsy7
\font\preloaded=cmsy6
\font\fivesy=cmsy5
\font\tenex=cmex10
\font\preloaded=cmss10
\font\preloaded=cmssq8
\font\preloaded=cmssi10
\font\preloaded=cmssqi8
\font\tenbf=cmbx10
\font\preloaded=cmbx9
\font\preloaded=cmbx8
\font\sevenbf=cmbx7
\font\preloaded=cmbx6
\font\fivebf=cmbx5
\font\tentt=cmtt10
\font\preloaded=cmtt9
\font\preloaded=cmtt8
\font\preloaded=cmsltt10
\font\tensl=cmsl10
\font\preloaded=cmsl9
\font\preloaded=cmsl8
\font\tenit=cmti10
\font\preloaded=cmti9
\font\preloaded=cmti8
\font\preloaded=cmti7
\font\preloaded=cmu10
\font\preloaded=cmmib10
\font\preloaded=cmbsy10
\font\preloaded=cmcsc10
\font\preloaded=cmssbx10
\font\preloaded=cmdunh10
\font\preloaded=cmr7 at 14.51799pt
\font\preloaded=cmtt10 at 14.4pt
\font\preloaded=cmssbx10 at 14.4pt
\font\preloaded=manfnt
50 preloaded fonts
0 words of pdf memory
0 indirect objects
No pages of output.
Transcript written on dviluatex.log.
fmtutil [INFO]: c:/users/public/dev/altair/texlive/texmf-var/web2c/luatex/dviluatex.fmt installed.
fmtutil: running `pdftex -ini  -jobname=etex -progname=etex -translate-file=cp227.tcx *etex.ini' ...
This is pdfTeX, Version 3.14159265-2.6-1.40.16 (TeX Live 2015/W32TeX) (INITEX)
 restricted \write18 enabled.
 (c:/Users/Public/Dev/altair/texlive/texmf-dist/web2c/cp227.tcx)
entering extended mode
(c:/Users/Public/Dev/altair/texlive/texmf-dist/tex/plain/config/etex.ini
(c:/Users/Public/Dev/altair/texlive/texmf-dist/tex/plain/etex/etex.src
(c:/Users/Public/Dev/altair/texlive/texmf-dist/tex/plain/base/plain.tex
Preloading the plain format: codes, registers, parameters, fonts, more fonts,
macros, math definitions, output routines, hyphenation
(c:/Users/Public/Dev/altair/texlive/texmf-dist/tex/generic/hyphen/hyphen.tex
[skipping from \patterns to end-of-file...]))
(c:/Users/Public/Dev/altair/texlive/texmf-dist/tex/plain/etex/etexdefs.lib
Skipping module "grouptypes"; Loading module "interactionmodes";
Skipping module "nodetypes"; Skipping module "iftypes";)
(c:/Users/Public/Dev/altair/texlive/texmf-var/tex/generic/config/language.def
(c:/Users/Public/Dev/altair/texlive/texmf-dist/tex/generic/hyphen/hyphen.tex))
Augmenting the Plain TeX definitions: \tracingall;
Adding new e-TeX definitions: \eTeX, \loggingall, \tracingnone,
register allocation; extended register allocation; 
Recycling: \addlanguage, \@nswer (not defined), \@sk, \b@dresponsetrue,
\b@dresponsefalse, \ch@ckforyn, \mayber@cycle, \et@xabort, \et@xbuf,
\et@xfmtsrc, \et@xfilehdr, \et@xinf, \et@xpatterns, \l@ngdefnfile, \n@xt,
\p@rse (not defined), \pr@mpt (not defined), \pr@mptloop (not defined),
\forcer@cycle, \usef@llback, \usef@llbacktrue, \usef@llbackfalse, 
Retaining: \et@xerr, \et@xinput, \et@xlibhdr, \et@xmsg, \et@xtoks, \et@xwarn,
\et@xl@@d, \et@xl@ad, \et@xload, \et@xlang, \et@xhash, \eTeX, \etexhdrchk,
\etexstatus, \module, \uselanguage, \r@tain, \r@cycle,) )
Beginning to dump on file etex.fmt
 (preloaded format=etex 2015.11.14)
2880 strings of total length 43038
7960 memory locations dumped; current usage is 203&7290
1258 multiletter control sequences
\font\nullfont=nullfont
\font\tenrm=cmr10
\font\preloaded=cmr9
\font\preloaded=cmr8
\font\sevenrm=cmr7
\font\preloaded=cmr6
\font\fiverm=cmr5
\font\teni=cmmi10
\font\preloaded=cmmi9
\font\preloaded=cmmi8
\font\seveni=cmmi7
\font\preloaded=cmmi6
\font\fivei=cmmi5
\font\tensy=cmsy10
\font\preloaded=cmsy9
\font\preloaded=cmsy8
\font\sevensy=cmsy7
\font\preloaded=cmsy6
\font\fivesy=cmsy5
\font\tenex=cmex10
\font\preloaded=cmss10
\font\preloaded=cmssq8
\font\preloaded=cmssi10
\font\preloaded=cmssqi8
\font\tenbf=cmbx10
\font\preloaded=cmbx9
\font\preloaded=cmbx8
\font\sevenbf=cmbx7
\font\preloaded=cmbx6
\font\fivebf=cmbx5
\font\tentt=cmtt10
\font\preloaded=cmtt9
\font\preloaded=cmtt8
\font\preloaded=cmsltt10
\font\tensl=cmsl10
\font\preloaded=cmsl9
\font\preloaded=cmsl8
\font\tenit=cmti10
\font\preloaded=cmti9
\font\preloaded=cmti8
\font\preloaded=cmti7
\font\preloaded=cmu10
\font\preloaded=cmmib10
\font\preloaded=cmbsy10
\font\preloaded=cmcsc10
\font\preloaded=cmssbx10
\font\preloaded=cmdunh10
\font\preloaded=cmr7 at 14.51799pt
\font\preloaded=cmtt10 at 14.4pt
\font\preloaded=cmssbx10 at 14.4pt
\font\preloaded=manfnt
14787 words of font info for 50 preloaded fonts
14 hyphenation exceptions
Hyphenation trie of length 6075 has 181 ops out of 35111
  181 for language 0
0 words of pdfTeX memory
0 indirect objects
No pages of output.
Transcript written on etex.log.
fmtutil [INFO]: c:/users/public/dev/altair/texlive/texmf-var/web2c/pdftex/etex.fmt installed.
fmtutil: running `pdftex -ini  -jobname=pdfetex -progname=pdfetex -translate-file=cp227.tcx *pdfetex.ini' ...
This is pdfTeX, Version 3.14159265-2.6-1.40.16 (TeX Live 2015/W32TeX) (INITEX)
 restricted \write18 enabled.
 (c:/Users/Public/Dev/altair/texlive/texmf-dist/web2c/cp227.tcx)
entering extended mode
(c:/Users/Public/Dev/altair/texlive/texmf-dist/tex/plain/config/pdfetex.ini
(c:/Users/Public/Dev/altair/texlive/texmf-dist/tex/generic/config/pdftexconfig.
tex) (c:/Users/Public/Dev/altair/texlive/texmf-dist/tex/plain/etex/etex.src
(c:/Users/Public/Dev/altair/texlive/texmf-dist/tex/plain/base/plain.tex
Preloading the plain format: codes, registers, parameters, fonts, more fonts,
macros, math definitions, output routines, hyphenation
(c:/Users/Public/Dev/altair/texlive/texmf-dist/tex/generic/hyphen/hyphen.tex
[skipping from \patterns to end-of-file...]))
(c:/Users/Public/Dev/altair/texlive/texmf-dist/tex/plain/etex/etexdefs.lib
Skipping module "grouptypes"; Loading module "interactionmodes";
Skipping module "nodetypes"; Skipping module "iftypes";)
(c:/Users/Public/Dev/altair/texlive/texmf-var/tex/generic/config/language.def
(c:/Users/Public/Dev/altair/texlive/texmf-dist/tex/generic/hyphen/hyphen.tex))
Augmenting the Plain TeX definitions: \tracingall;
Adding new e-TeX definitions: \eTeX, \loggingall, \tracingnone,
register allocation; extended register allocation; 
Recycling: \addlanguage, \@nswer (not defined), \@sk, \b@dresponsetrue,
\b@dresponsefalse, \ch@ckforyn, \mayber@cycle, \et@xabort, \et@xbuf,
\et@xfmtsrc, \et@xfilehdr, \et@xinf, \et@xpatterns, \l@ngdefnfile, \n@xt,
\p@rse (not defined), \pr@mpt (not defined), \pr@mptloop (not defined),
\forcer@cycle, \usef@llback, \usef@llbacktrue, \usef@llbackfalse, 
Retaining: \et@xerr, \et@xinput, \et@xlibhdr, \et@xmsg, \et@xtoks, \et@xwarn,
\et@xl@@d, \et@xl@ad, \et@xload, \et@xlang, \et@xhash, \eTeX, \etexhdrchk,
\etexstatus, \module, \uselanguage, \r@tain, \r@cycle,)
(c:/Users/Public/Dev/altair/texlive/texmf-dist/tex/plain/config/pdftexmagfix.te
x) )
Beginning to dump on file pdfetex.fmt
 (preloaded format=pdfetex 2015.11.14)
2890 strings of total length 43498
7960 memory locations dumped; current usage is 203&7321
1260 multiletter control sequences
\font\nullfont=nullfont
\font\tenrm=cmr10
\font\preloaded=cmr9
\font\preloaded=cmr8
\font\sevenrm=cmr7
\font\preloaded=cmr6
\font\fiverm=cmr5
\font\teni=cmmi10
\font\preloaded=cmmi9
\font\preloaded=cmmi8
\font\seveni=cmmi7
\font\preloaded=cmmi6
\font\fivei=cmmi5
\font\tensy=cmsy10
\font\preloaded=cmsy9
\font\preloaded=cmsy8
\font\sevensy=cmsy7
\font\preloaded=cmsy6
\font\fivesy=cmsy5
\font\tenex=cmex10
\font\preloaded=cmss10
\font\preloaded=cmssq8
\font\preloaded=cmssi10
\font\preloaded=cmssqi8
\font\tenbf=cmbx10
\font\preloaded=cmbx9
\font\preloaded=cmbx8
\font\sevenbf=cmbx7
\font\preloaded=cmbx6
\font\fivebf=cmbx5
\font\tentt=cmtt10
\font\preloaded=cmtt9
\font\preloaded=cmtt8
\font\preloaded=cmsltt10
\font\tensl=cmsl10
\font\preloaded=cmsl9
\font\preloaded=cmsl8
\font\tenit=cmti10
\font\preloaded=cmti9
\font\preloaded=cmti8
\font\preloaded=cmti7
\font\preloaded=cmu10
\font\preloaded=cmmib10
\font\preloaded=cmbsy10
\font\preloaded=cmcsc10
\font\preloaded=cmssbx10
\font\preloaded=cmdunh10
\font\preloaded=cmr7 at 14.51799pt
\font\preloaded=cmtt10 at 14.4pt
\font\preloaded=cmssbx10 at 14.4pt
\font\preloaded=manfnt
14787 words of font info for 50 preloaded fonts
14 hyphenation exceptions
Hyphenation trie of length 6075 has 181 ops out of 35111
  181 for language 0
0 words of pdfTeX memory
0 indirect objects
No pages of output.
Transcript written on pdfetex.log.
fmtutil [INFO]: c:/users/public/dev/altair/texlive/texmf-var/web2c/pdftex/pdfetex.fmt installed.
fmtutil: running `mf-nowin -ini  -jobname=mf -progname=mf -translate-file=cp227.tcx mf.ini' ...
This is METAFONT, Version 2.7182818 (TeX Live 2015/W32TeX) (INIMF)
(c:/Users/Public/Dev/altair/texlive/texmf-dist/web2c/cp227.tcx)
(c:/Users/Public/Dev/altair/texlive/texmf-dist/metafont/config/mf.ini
(c:/Users/Public/Dev/altair/texlive/texmf-dist/metafont/base/plain.mf
Preloading the plain base, version 2.71: preliminaries,
 basic constants and mathematical macros,
 macros for converting from device-independent units to pixels,
 macros and tables for various modes of operation,
 macros for drawing and filling,
 macros for proof labels and rules,
 macros for character and font administration,
and a few last-minute items.)
(c:/Users/Public/Dev/altair/texlive/texmf-dist/metafont/misc/modes.mf) )
Beginning to dump on file mf.base
 (preloaded base=mf 2015.11.14)
2227 strings of total length 30184
11855 memory locations dumped; current usage is 3651&7844
1004 symbolic tokens
Transcript written on mf.log.
fmtutil [INFO]: c:/users/public/dev/altair/texlive/texmf-var/web2c/metafont/mf.base installed.
fmtutil [INFO]: Successfully rebuild formats: 8
running package-specific postactions
postaction install shortcut for dviout.win32
postaction install fileassoc for dviout.win32: .dvi, TL.DVIOUT.view.2015
postaction install script for dvipdfmx: perl C:/Users/Public/Dev/altair/texlive/tlpkg/tlpostcode/dvipdfmx.pl
postaction install shortcut for texlive-common
postaction install shortcut for texlive-scripts
postaction install shortcut for texlive.infra
postaction install shortcut for tlpsv.win32
postaction install fileassoc for tlpsv.win32: .eps, TL.PSView.view.2015
postaction install fileassoc for tlpsv.win32: .ps, TL.PSView.view.2015
postaction install fileassoc for tlpsv.win32: .pdf, TL.PSView.view.2015
finished with package-specific postactions
Settings:
  TEXDIR: "C:/users/Public/Dev/altair/texlive"
  TEXMFCONFIG: "$TEXMFSYSCONFIG"
  TEXMFHOME: "$TEXMFLOCAL"
  TEXMFLOCAL: "C:/users/Public/Dev/altair/texlive/texmf-local"
  TEXMFSYSCONFIG: "C:/users/Public/Dev/altair/texlive/texmf-config"
  TEXMFSYSVAR: "C:/users/Public/Dev/altair/texlive/texmf-var"
  TEXMFVAR: "$TEXMFSYSVAR"
  binary_alpha-linux: "0"
  binary_amd64-freebsd: "0"
  binary_amd64-netbsd: "0"
  binary_armel-linux: "0"
  binary_armhf-linux: "0"
  binary_i386-cygwin: "0"
  binary_i386-freebsd: "0"
  binary_i386-linux: "0"
  binary_i386-netbsd: "0"
  binary_i386-solaris: "0"
  binary_mipsel-linux: "0"
  binary_powerpc-linux: "0"
  binary_sparc-solaris: "0"
  binary_universal-darwin: "0"
  binary_win32: "1"
  binary_x86_64-cygwin: "0"
  binary_x86_64-darwin: "0"
  binary_x86_64-linux: "0"
  binary_x86_64-solaris: "0"
  collection-basic: "1"
  collection-bibtexextra: "0"
  collection-binextra: "0"
  collection-context: "0"
  collection-fontsextra: "0"
  collection-fontsrecommended: "0"
  collection-fontutils: "0"
  collection-formatsextra: "0"
  collection-games: "0"
  collection-genericextra: "0"
  collection-genericrecommended: "0"
  collection-htmlxml: "0"
  collection-humanities: "0"
  collection-langafrican: "0"
  collection-langarabic: "0"
  collection-langchinese: "0"
  collection-langcjk: "0"
  collection-langcyrillic: "0"
  collection-langczechslovak: "0"
  collection-langenglish: "0"
  collection-langeuropean: "0"
  collection-langfrench: "0"
  collection-langgerman: "0"
  collection-langgreek: "0"
  collection-langindic: "0"
  collection-langitalian: "0"
  collection-langjapanese: "0"
  collection-langkorean: "0"
  collection-langother: "0"
  collection-langpolish: "0"
  collection-langportuguese: "0"
  collection-langspanish: "0"
  collection-latex: "0"
  collection-latexextra: "0"
  collection-latexrecommended: "0"
  collection-luatex: "0"
  collection-mathextra: "0"
  collection-metapost: "0"
  collection-music: "0"
  collection-omega: "0"
  collection-pictures: "0"
  collection-plainextra: "0"
  collection-pstricks: "0"
  collection-publishers: "0"
  collection-science: "0"
  collection-texworks: "0"
  collection-wintools: "1"
  collection-xetex: "0"
  doc_splitting_supported: "1"
  in_place: "0"
  inst_platform: "win32"
  n_collections_available: "48"
  n_collections_selected: "2"
  n_systems_available: "19"
  n_systems_selected: "1"
  option_adjustrepo: "1"
  option_autobackup: "1"
  option_backupdir: "tlpkg/backups"
  option_desktop_integration: "0"
  option_doc: "0"
  option_file_assocs: "0"
  option_fmt: "1"
  option_letter: "0"
  option_menu_integration: "1"
  option_path: "0"
  option_post_code: "1"
  option_src: "0"
  option_sys_bin: "/usr/local/bin"
  option_sys_info: "/usr/local/share/info"
  option_sys_man: "/usr/local/share/man"
  option_w32_multi_user: "0"
  option_write18_restricted: "1"
  portable: "1"
  scheme-basic: "0"
  scheme-context: "0"
  scheme-full: "1"
  scheme-gust: "0"
  scheme-medium: "0"
  scheme-minimal: "0"
  scheme-small: "0"
  scheme-tetex: "0"
  scheme-xml: "0"
  selected_scheme: "scheme-minimal"
  src_splitting_supported: "1"
  this_platform: "win32"
  total_size: "140"
