c:\dev\altair\lhx\msvs2013\lhx_msvs2013\x64\release\copyfile.obj
c:\dev\altair\lhx\msvs2013\lhx_msvs2013\x64\release\fonctions_auxiliaires.obj
c:\dev\altair\lhx\msvs2013\lhx_msvs2013\x64\release\main.obj
c:\dev\altair\lhx\msvs2013\lhx_msvs2013\x64\release\table.obj
c:\dev\altair\lhx\msvs2013\lhx_msvs2013\x64\release\validator.obj
c:\dev\altair\lhx\msvs2013\x64\release\lhx_msvs2013.exe
c:\dev\altair\lhx\msvs2013\x64\release\lhx_msvs2013.exe.manifest
c:\dev\altair\lhx\msvs2013\x64\release\lhx_msvs2013.pdb
c:\dev\altair\lhx\msvs2013\lhx_msvs2013\x64\release\lhx_msvs2013.tlog\icl-mcpcom.read.1.tlog
c:\dev\altair\lhx\msvs2013\lhx_msvs2013\x64\release\lhx_msvs2013.tlog\icl-mcpcom.write.1.tlog
c:\dev\altair\lhx\msvs2013\lhx_msvs2013\x64\release\lhx_msvs2013.tlog\icl.command.1.tlog
c:\dev\altair\lhx\msvs2013\lhx_msvs2013\x64\release\lhx_msvs2013.tlog\icl.read.1.tlog
c:\dev\altair\lhx\msvs2013\lhx_msvs2013\x64\release\lhx_msvs2013.tlog\icl.read.5.tlog
c:\dev\altair\lhx\msvs2013\lhx_msvs2013\x64\release\lhx_msvs2013.tlog\icl.write.1.tlog
c:\dev\altair\lhx\msvs2013\lhx_msvs2013\x64\release\lhx_msvs2013.tlog\xilink-link.read.1.tlog
c:\dev\altair\lhx\msvs2013\lhx_msvs2013\x64\release\lhx_msvs2013.tlog\xilink-link.write.1.tlog
c:\dev\altair\lhx\msvs2013\lhx_msvs2013\x64\release\lhx_msvs2013.tlog\xilink-mcpcom.read.1.tlog
c:\dev\altair\lhx\msvs2013\lhx_msvs2013\x64\release\lhx_msvs2013.tlog\xilink-mcpcom.write.1.tlog
c:\dev\altair\lhx\msvs2013\lhx_msvs2013\x64\release\lhx_msvs2013.tlog\xilink.command.1.tlog
c:\dev\altair\lhx\msvs2013\lhx_msvs2013\x64\release\lhx_msvs2013.tlog\xilink.read.1.tlog
c:\dev\altair\lhx\msvs2013\lhx_msvs2013\x64\release\lhx_msvs2013.tlog\xilink.write.1.tlog
